------------------------------------------------------------------------------------------------------------------------

[2020-03-15 00:27:27 #1 store] 
Database 'C:\Users\Jorge\eclipse-workspace\IS1\Trabajo_Carreras\Races\resources\bets.temp' is opened by 12756@LAPTOP-CAMHNDK2

[2020-03-15 00:27:27 #2 type.registry] 
New type domain.Driver

[2020-03-15 00:27:27 #3 type] 
Type domain.Driver is not enhanced.

[2020-03-15 00:27:27 #4 type.registry] 
New type domain.Event

[2020-03-15 00:27:27 #5 type] 
Type domain.Event is not enhanced.

[2020-03-15 00:27:27 #6 type.registry] 
New type java.util.Vector<domain.Driver>

[2020-03-15 00:27:27 #7 type.registry] 
New type java.util.Vector<java.lang.Object>

------------------------------------------------------------------------------------------------------------------------

[2020-03-15 00:30:24 #1 store] 
Database 'C:\Users\Jorge\eclipse-workspace\IS1\Trabajo_Carreras\Races\resources\bets.temp' is opened by 5160@LAPTOP-CAMHNDK2

[2020-03-15 00:30:25 #2 type.registry] 
New type domain.Driver

[2020-03-15 00:30:25 #3 type] 
Type domain.Driver is not enhanced.

[2020-03-15 00:30:25 #4 type.registry] 
New type domain.Event

[2020-03-15 00:30:25 #5 type] 
Type domain.Event is not enhanced.

[2020-03-15 00:30:25 #6 type.registry] 
New type java.util.Vector<domain.Driver>

[2020-03-15 00:30:25 #7 type.registry] 
New type java.util.Vector<java.lang.Object>

------------------------------------------------------------------------------------------------------------------------

[2020-03-15 00:30:34 #1 store] 
Database 'C:\Users\Jorge\eclipse-workspace\IS1\Trabajo_Carreras\Races\resources\bets.temp' is opened by 14120@LAPTOP-CAMHNDK2

[2020-03-15 00:30:35 #2 type.registry] 
New type domain.Driver

[2020-03-15 00:30:35 #3 type] 
Type domain.Driver is not enhanced.

[2020-03-15 00:30:35 #4 type.registry] 
New type domain.Event

[2020-03-15 00:30:35 #5 type] 
Type domain.Event is not enhanced.

[2020-03-15 00:30:35 #6 type.registry] 
New type java.util.Vector<domain.Driver>

[2020-03-15 00:30:35 #7 type.registry] 
New type java.util.Vector<java.lang.Object>

------------------------------------------------------------------------------------------------------------------------

[2020-03-15 00:37:24 #1 store] 
Database 'C:\Users\Jorge\eclipse-workspace\IS1\Trabajo_Carreras\Races\resources\bets.temp' is opened by 12412@LAPTOP-CAMHNDK2

[2020-03-15 00:37:24 #2 type.registry] 
New type domain.Driver

[2020-03-15 00:37:24 #3 type] 
Type domain.Driver is not enhanced.

[2020-03-15 00:37:24 #4 type.registry] 
New type domain.Event

[2020-03-15 00:37:24 #5 type] 
Type domain.Event is not enhanced.

[2020-03-15 00:37:24 #6 type.registry] 
New type java.util.Vector<domain.Driver>

[2020-03-15 00:37:24 #7 type.registry] 
New type java.util.Vector<java.lang.Object>

------------------------------------------------------------------------------------------------------------------------

[2020-03-15 00:56:39 #1 store] 
Database 'C:\Users\Jorge\eclipse-workspace\IS1\Trabajo_Carreras\Races\resources\bets.temp' is opened by 4480@LAPTOP-CAMHNDK2

[2020-03-15 00:56:39 #2 type.registry] 
New type domain.Driver

[2020-03-15 00:56:39 #3 type] 
Type domain.Driver is not enhanced.

[2020-03-15 00:56:39 #4 type.registry] 
New type domain.Event

[2020-03-15 00:56:39 #5 type] 
Type domain.Event is not enhanced.

[2020-03-15 00:56:39 #6 type.registry] 
New type java.util.Vector<domain.Driver>

[2020-03-15 00:56:39 #7 type.registry] 
New type java.util.Vector<java.lang.Object>

------------------------------------------------------------------------------------------------------------------------

[2020-03-15 00:57:05 #1 store] 
Database 'C:\Users\Jorge\eclipse-workspace\IS1\Trabajo_Carreras\Races\resources\bets.temp' is opened by 1580@LAPTOP-CAMHNDK2

[2020-03-15 00:57:05 #2 type.registry] 
New type domain.Driver

[2020-03-15 00:57:05 #3 type] 
Type domain.Driver is not enhanced.

[2020-03-15 00:57:05 #4 type.registry] 
New type domain.Event

[2020-03-15 00:57:05 #5 type] 
Type domain.Event is not enhanced.

[2020-03-15 00:57:05 #6 type.registry] 
New type java.util.Vector<domain.Driver>

[2020-03-15 00:57:05 #7 type.registry] 
New type java.util.Vector<java.lang.Object>

------------------------------------------------------------------------------------------------------------------------

[2020-03-15 01:01:36 #1 store] 
Database 'C:\Users\Jorge\eclipse-workspace\IS1\Trabajo_Carreras\Races\resources\bets.temp' is opened by 7488@LAPTOP-CAMHNDK2

[2020-03-15 01:01:37 #2 type.registry] 
New type domain.Driver

[2020-03-15 01:01:37 #3 type] 
Type domain.Driver is not enhanced.

[2020-03-15 01:01:37 #4 type.registry] 
New type domain.Event

[2020-03-15 01:01:37 #5 type] 
Type domain.Event is not enhanced.

[2020-03-15 01:01:37 #6 type.registry] 
New type java.util.Vector<domain.Driver>

[2020-03-15 01:01:37 #7 type.registry] 
New type java.util.Vector<java.lang.Object>

------------------------------------------------------------------------------------------------------------------------

[2020-03-15 01:02:55 #1 store] 
Database 'C:\Users\Jorge\eclipse-workspace\IS1\Trabajo_Carreras\Races\resources\bets.temp' is opened by 11788@LAPTOP-CAMHNDK2

[2020-03-15 01:02:56 #2 type.registry] 
New type domain.Driver

[2020-03-15 01:02:56 #3 type] 
Type domain.Driver is not enhanced.

[2020-03-15 01:02:56 #4 type.registry] 
New type domain.Event

[2020-03-15 01:02:56 #5 type] 
Type domain.Event is not enhanced.

[2020-03-15 01:02:56 #6 type.registry] 
New type java.util.Vector<domain.Driver>

[2020-03-15 01:02:56 #7 type.registry] 
New type java.util.Vector<java.lang.Object>

------------------------------------------------------------------------------------------------------------------------

[2020-03-15 01:03:07 #1 store] 
Database 'C:\Users\Jorge\eclipse-workspace\IS1\Trabajo_Carreras\Races\resources\bets.temp' is opened by 9088@LAPTOP-CAMHNDK2

[2020-03-15 01:03:08 #2 type.registry] 
New type domain.Driver

[2020-03-15 01:03:08 #3 type] 
Type domain.Driver is not enhanced.

[2020-03-15 01:03:08 #4 type.registry] 
New type domain.Event

[2020-03-15 01:03:08 #5 type] 
Type domain.Event is not enhanced.

[2020-03-15 01:03:08 #6 type.registry] 
New type java.util.Vector<domain.Driver>

[2020-03-15 01:03:08 #7 type.registry] 
New type java.util.Vector<java.lang.Object>

------------------------------------------------------------------------------------------------------------------------

[2020-03-15 01:05:27 #1 store] 
Database 'C:\Users\Jorge\eclipse-workspace\IS1\Trabajo_Carreras\Races\resources\bets.temp' is opened by 3260@LAPTOP-CAMHNDK2

[2020-03-15 01:05:27 #2 type.registry] 
New type domain.Driver

[2020-03-15 01:05:27 #3 type] 
Type domain.Driver is not enhanced.

[2020-03-15 01:05:27 #4 type.registry] 
New type domain.Event

[2020-03-15 01:05:27 #5 type] 
Type domain.Event is not enhanced.

[2020-03-15 01:05:27 #6 type.registry] 
New type java.util.Vector<domain.Driver>

[2020-03-15 01:05:27 #7 type.registry] 
New type java.util.Vector<java.lang.Object>

------------------------------------------------------------------------------------------------------------------------

[2020-03-15 01:08:42 #1 store] 
Database 'C:\Users\Jorge\eclipse-workspace\IS1\Trabajo_Carreras\Races\resources\bets.temp' is opened by 17804@LAPTOP-CAMHNDK2

[2020-03-15 01:08:42 #2 type.registry] 
New type domain.Driver

[2020-03-15 01:08:42 #3 type] 
Type domain.Driver is not enhanced.

[2020-03-15 01:08:42 #4 type.registry] 
New type domain.Event

[2020-03-15 01:08:42 #5 type] 
Type domain.Event is not enhanced.

[2020-03-15 01:08:42 #6 type.registry] 
New type java.util.Vector<domain.Driver>

[2020-03-15 01:08:42 #7 type.registry] 
New type java.util.Vector<java.lang.Object>

------------------------------------------------------------------------------------------------------------------------

[2020-03-15 01:20:01 #1 store] 
Database 'C:\Users\Jorge\eclipse-workspace\IS1\Trabajo_Carreras\Races\resources\bets.temp' is opened by 7728@LAPTOP-CAMHNDK2

[2020-03-15 01:20:01 #2 type.registry] 
New type domain.Driver

[2020-03-15 01:20:01 #3 type] 
Type domain.Driver is not enhanced.

[2020-03-15 01:20:01 #4 type.registry] 
New type domain.Event

[2020-03-15 01:20:01 #5 type] 
Type domain.Event is not enhanced.

[2020-03-15 01:20:01 #6 type.registry] 
New type java.util.Vector<domain.Driver>

[2020-03-15 01:20:01 #7 type.registry] 
New type java.util.Vector<java.lang.Object>

------------------------------------------------------------------------------------------------------------------------

[2020-03-15 02:43:39 #1 store] 
Database 'C:\Users\Jorge\eclipse-workspace\IS1\Trabajo_Carreras\Races\resources\bets.temp' is opened by 16188@LAPTOP-CAMHNDK2

[2020-03-15 02:43:39 #2 type.registry] 
New type domain.Driver

[2020-03-15 02:43:39 #3 type] 
Type domain.Driver is not enhanced.

[2020-03-15 02:43:39 #4 type.registry] 
New type domain.Event

[2020-03-15 02:43:39 #5 type] 
Type domain.Event is not enhanced.

[2020-03-15 02:43:39 #6 type.registry] 
New type java.util.Vector<domain.Driver>

[2020-03-15 02:43:39 #7 type.registry] 
New type java.util.Vector<java.lang.Object>

------------------------------------------------------------------------------------------------------------------------

[2020-03-15 02:49:12 #1 store] 
Database 'C:\Users\Jorge\eclipse-workspace\IS1\Trabajo_Carreras\Races\resources\bets.temp' is opened by 14676@LAPTOP-CAMHNDK2

[2020-03-15 02:49:12 #2 type.registry] 
New type domain.Driver

[2020-03-15 02:49:12 #3 type] 
Type domain.Driver is not enhanced.

[2020-03-15 02:49:12 #4 type.registry] 
New type domain.Event

[2020-03-15 02:49:12 #5 type] 
Type domain.Event is not enhanced.

[2020-03-15 02:49:12 #6 type.registry] 
New type java.util.Vector<domain.Driver>

[2020-03-15 02:49:12 #7 type.registry] 
New type java.util.Vector<java.lang.Object>

------------------------------------------------------------------------------------------------------------------------

[2020-03-15 02:56:22 #1 store] 
Database 'C:\Users\Jorge\eclipse-workspace\IS1\Trabajo_Carreras\Races\resources\bets.temp' is opened by 17416@LAPTOP-CAMHNDK2

[2020-03-15 02:56:22 #2 type.registry] 
New type domain.Driver

[2020-03-15 02:56:22 #3 type] 
Type domain.Driver is not enhanced.

[2020-03-15 02:56:22 #4 type.registry] 
New type domain.Event

[2020-03-15 02:56:22 #5 type] 
Type domain.Event is not enhanced.

[2020-03-15 02:56:22 #6 type.registry] 
New type java.util.Vector<domain.Driver>

[2020-03-15 02:56:22 #7 type.registry] 
New type java.util.Vector<java.lang.Object>

------------------------------------------------------------------------------------------------------------------------

[2020-03-15 02:56:58 #1 store] 
Database 'C:\Users\Jorge\eclipse-workspace\IS1\Trabajo_Carreras\Races\resources\bets.temp' is opened by 13316@LAPTOP-CAMHNDK2

[2020-03-15 02:56:58 #2 type.registry] 
New type domain.Driver

[2020-03-15 02:56:58 #3 type] 
Type domain.Driver is not enhanced.

[2020-03-15 02:56:58 #4 type.registry] 
New type domain.Event

[2020-03-15 02:56:58 #5 type] 
Type domain.Event is not enhanced.

[2020-03-15 02:56:58 #6 type.registry] 
New type java.util.Vector<domain.Driver>

[2020-03-15 02:56:58 #7 type.registry] 
New type java.util.Vector<java.lang.Object>

------------------------------------------------------------------------------------------------------------------------

[2020-03-15 03:07:45 #1 store] 
Database 'C:\Users\Jorge\eclipse-workspace\IS1\Trabajo_Carreras\Races\resources\bets.temp' is opened by 13972@LAPTOP-CAMHNDK2

[2020-03-15 03:07:46 #2 type.registry] 
New type domain.Driver

[2020-03-15 03:07:46 #3 type] 
Type domain.Driver is not enhanced.

[2020-03-15 03:07:46 #4 type.registry] 
New type domain.Event

[2020-03-15 03:07:46 #5 type] 
Type domain.Event is not enhanced.

[2020-03-15 03:07:46 #6 type.registry] 
New type java.util.Vector<domain.Driver>

[2020-03-15 03:07:46 #7 type.registry] 
New type java.util.Vector<java.lang.Object>

------------------------------------------------------------------------------------------------------------------------

[2020-03-15 03:09:06 #1 store] 
Database 'C:\Users\Jorge\eclipse-workspace\IS1\Trabajo_Carreras\Races\resources\bets.temp' is opened by 18276@LAPTOP-CAMHNDK2

[2020-03-15 03:09:07 #2 type.registry] 
New type domain.Driver

[2020-03-15 03:09:07 #3 type] 
Type domain.Driver is not enhanced.

[2020-03-15 03:09:07 #4 type.registry] 
New type domain.Event

[2020-03-15 03:09:07 #5 type] 
Type domain.Event is not enhanced.

[2020-03-15 03:09:07 #6 type.registry] 
New type java.util.Vector<domain.Driver>

[2020-03-15 03:09:07 #7 type.registry] 
New type java.util.Vector<java.lang.Object>

------------------------------------------------------------------------------------------------------------------------

[2020-03-15 03:09:26 #1 store] 
Database 'C:\Users\Jorge\eclipse-workspace\IS1\Trabajo_Carreras\Races\resources\bets.temp' is opened by 10156@LAPTOP-CAMHNDK2

[2020-03-15 03:09:27 #2 type.registry] 
New type domain.Driver

[2020-03-15 03:09:27 #3 type] 
Type domain.Driver is not enhanced.

[2020-03-15 03:09:27 #4 type.registry] 
New type domain.Event

[2020-03-15 03:09:27 #5 type] 
Type domain.Event is not enhanced.

[2020-03-15 03:09:27 #6 type.registry] 
New type java.util.Vector<domain.Driver>

[2020-03-15 03:09:27 #7 type.registry] 
New type java.util.Vector<java.lang.Object>

------------------------------------------------------------------------------------------------------------------------

[2020-03-15 03:10:05 #1 store] 
Database 'C:\Users\Jorge\eclipse-workspace\IS1\Trabajo_Carreras\Races\resources\bets.temp' is opened by 5912@LAPTOP-CAMHNDK2

[2020-03-15 03:10:05 #2 type.registry] 
New type domain.Driver

[2020-03-15 03:10:05 #3 type] 
Type domain.Driver is not enhanced.

[2020-03-15 03:10:05 #4 type.registry] 
New type domain.Event

[2020-03-15 03:10:05 #5 type] 
Type domain.Event is not enhanced.

[2020-03-15 03:10:05 #6 type.registry] 
New type java.util.Vector<domain.Driver>

[2020-03-15 03:10:05 #7 type.registry] 
New type java.util.Vector<java.lang.Object>

------------------------------------------------------------------------------------------------------------------------

[2020-03-15 03:12:06 #1 store] 
Database 'C:\Users\Jorge\eclipse-workspace\IS1\Trabajo_Carreras\Races\resources\bets.temp' is opened by 3188@LAPTOP-CAMHNDK2

[2020-03-15 03:12:06 #2 type.registry] 
New type domain.Driver

[2020-03-15 03:12:06 #3 type] 
Type domain.Driver is not enhanced.

[2020-03-15 03:12:06 #4 type.registry] 
New type domain.Event

[2020-03-15 03:12:06 #5 type] 
Type domain.Event is not enhanced.

[2020-03-15 03:12:06 #6 type.registry] 
New type java.util.Vector<domain.Driver>

[2020-03-15 03:12:06 #7 type.registry] 
New type java.util.Vector<java.lang.Object>

------------------------------------------------------------------------------------------------------------------------

[2020-03-15 03:13:23 #1 store] 
Database 'C:\Users\Jorge\eclipse-workspace\IS1\Trabajo_Carreras\Races\resources\bets.temp' is opened by 16240@LAPTOP-CAMHNDK2

[2020-03-15 03:13:23 #2 type.registry] 
New type domain.Driver

[2020-03-15 03:13:23 #3 type] 
Type domain.Driver is not enhanced.

[2020-03-15 03:13:23 #4 type.registry] 
New type domain.Event

[2020-03-15 03:13:23 #5 type] 
Type domain.Event is not enhanced.

[2020-03-15 03:13:23 #6 type.registry] 
New type java.util.Vector<domain.Driver>

[2020-03-15 03:13:23 #7 type.registry] 
New type java.util.Vector<java.lang.Object>

------------------------------------------------------------------------------------------------------------------------

[2020-03-15 03:20:04 #1 store] 
Database 'C:\Users\Jorge\eclipse-workspace\IS1\Trabajo_Carreras\Races\resources\bets.temp' is opened by 3188@LAPTOP-CAMHNDK2

[2020-03-15 03:20:05 #2 type.registry] 
New type domain.Driver

[2020-03-15 03:20:05 #3 type] 
Type domain.Driver is not enhanced.

[2020-03-15 03:20:05 #4 type.registry] 
New type domain.Event

[2020-03-15 03:20:05 #5 type] 
Type domain.Event is not enhanced.

[2020-03-15 03:20:05 #6 type.registry] 
New type java.util.Vector<domain.Driver>

[2020-03-15 03:20:05 #7 type.registry] 
New type java.util.Vector<java.lang.Object>

------------------------------------------------------------------------------------------------------------------------

[2020-03-15 03:20:39 #1 store] 
Database 'C:\Users\Jorge\eclipse-workspace\IS1\Trabajo_Carreras\Races\resources\bets.temp' is opened by 12792@LAPTOP-CAMHNDK2

[2020-03-15 03:20:39 #2 type.registry] 
New type domain.Driver

[2020-03-15 03:20:39 #3 type] 
Type domain.Driver is not enhanced.

[2020-03-15 03:20:39 #4 type.registry] 
New type domain.Event

[2020-03-15 03:20:39 #5 type] 
Type domain.Event is not enhanced.

[2020-03-15 03:20:39 #6 type.registry] 
New type java.util.Vector<domain.Driver>

[2020-03-15 03:20:39 #7 type.registry] 
New type java.util.Vector<java.lang.Object>

------------------------------------------------------------------------------------------------------------------------

[2020-03-15 03:21:12 #1 store] 
Database 'C:\Users\Jorge\eclipse-workspace\IS1\Trabajo_Carreras\Races\resources\bets.temp' is opened by 14380@LAPTOP-CAMHNDK2

[2020-03-15 03:21:12 #2 type.registry] 
New type domain.Driver

[2020-03-15 03:21:12 #3 type] 
Type domain.Driver is not enhanced.

[2020-03-15 03:21:12 #4 type.registry] 
New type domain.Event

[2020-03-15 03:21:12 #5 type] 
Type domain.Event is not enhanced.

[2020-03-15 03:21:12 #6 type.registry] 
New type java.util.Vector<domain.Driver>

[2020-03-15 03:21:12 #7 type.registry] 
New type java.util.Vector<java.lang.Object>

------------------------------------------------------------------------------------------------------------------------

[2020-03-15 03:21:41 #1 store] 
Database 'C:\Users\Jorge\eclipse-workspace\IS1\Trabajo_Carreras\Races\resources\bets.temp' is opened by 17104@LAPTOP-CAMHNDK2

[2020-03-15 03:21:41 #2 type.registry] 
New type domain.Driver

[2020-03-15 03:21:41 #3 type] 
Type domain.Driver is not enhanced.

[2020-03-15 03:21:41 #4 type.registry] 
New type domain.Event

[2020-03-15 03:21:41 #5 type] 
Type domain.Event is not enhanced.

[2020-03-15 03:21:41 #6 type.registry] 
New type java.util.Vector<domain.Driver>

[2020-03-15 03:21:41 #7 type.registry] 
New type java.util.Vector<java.lang.Object>

------------------------------------------------------------------------------------------------------------------------

[2020-03-15 03:22:54 #1 store] 
Database 'C:\Users\Jorge\eclipse-workspace\IS1\Trabajo_Carreras\Races\resources\bets.temp' is opened by 18384@LAPTOP-CAMHNDK2

[2020-03-15 03:22:55 #2 type.registry] 
New type domain.Driver

[2020-03-15 03:22:55 #3 type] 
Type domain.Driver is not enhanced.

[2020-03-15 03:22:55 #4 type.registry] 
New type domain.Event

[2020-03-15 03:22:55 #5 type] 
Type domain.Event is not enhanced.

[2020-03-15 03:22:55 #6 type.registry] 
New type java.util.Vector<domain.Driver>

[2020-03-15 03:22:55 #7 type.registry] 
New type java.util.Vector<java.lang.Object>

------------------------------------------------------------------------------------------------------------------------

[2020-03-15 03:26:00 #1 store] 
Database 'C:\Users\Jorge\eclipse-workspace\IS1\Trabajo_Carreras\Races\resources\bets.temp' is opened by 7768@LAPTOP-CAMHNDK2

[2020-03-15 03:26:00 #2 type.registry] 
New type domain.Driver

[2020-03-15 03:26:00 #3 type] 
Type domain.Driver is not enhanced.

[2020-03-15 03:26:00 #4 type.registry] 
New type domain.Event

[2020-03-15 03:26:00 #5 type] 
Type domain.Event is not enhanced.

[2020-03-15 03:26:00 #6 type.registry] 
New type java.util.Vector<domain.Driver>

[2020-03-15 03:26:00 #7 type.registry] 
New type java.util.Vector<java.lang.Object>

------------------------------------------------------------------------------------------------------------------------

[2020-03-15 03:26:24 #1 store] 
Database 'C:\Users\Jorge\eclipse-workspace\IS1\Trabajo_Carreras\Races\resources\bets.temp' is opened by 3160@LAPTOP-CAMHNDK2

[2020-03-15 03:26:25 #2 type.registry] 
New type domain.Driver

[2020-03-15 03:26:25 #3 type] 
Type domain.Driver is not enhanced.

[2020-03-15 03:26:25 #4 type.registry] 
New type domain.Event

[2020-03-15 03:26:25 #5 type] 
Type domain.Event is not enhanced.

[2020-03-15 03:26:25 #6 type.registry] 
New type java.util.Vector<domain.Driver>

[2020-03-15 03:26:25 #7 type.registry] 
New type java.util.Vector<java.lang.Object>

------------------------------------------------------------------------------------------------------------------------

[2020-03-15 03:26:59 #1 store] 
Database 'C:\Users\Jorge\eclipse-workspace\IS1\Trabajo_Carreras\Races\resources\bets.temp' is opened by 5756@LAPTOP-CAMHNDK2

[2020-03-15 03:26:59 #2 type.registry] 
New type domain.Driver

[2020-03-15 03:26:59 #3 type] 
Type domain.Driver is not enhanced.

[2020-03-15 03:26:59 #4 type.registry] 
New type domain.Event

[2020-03-15 03:26:59 #5 type] 
Type domain.Event is not enhanced.

[2020-03-15 03:26:59 #6 type.registry] 
New type java.util.Vector<domain.Driver>

[2020-03-15 03:26:59 #7 type.registry] 
New type java.util.Vector<java.lang.Object>

------------------------------------------------------------------------------------------------------------------------

[2020-03-15 03:27:16 #1 store] 
Database 'C:\Users\Jorge\eclipse-workspace\IS1\Trabajo_Carreras\Races\resources\bets.temp' is opened by 12376@LAPTOP-CAMHNDK2

[2020-03-15 03:27:16 #2 type.registry] 
New type domain.Driver

[2020-03-15 03:27:16 #3 type] 
Type domain.Driver is not enhanced.

[2020-03-15 03:27:16 #4 type.registry] 
New type domain.Event

[2020-03-15 03:27:16 #5 type] 
Type domain.Event is not enhanced.

[2020-03-15 03:27:16 #6 type.registry] 
New type java.util.Vector<domain.Driver>

[2020-03-15 03:27:16 #7 type.registry] 
New type java.util.Vector<java.lang.Object>

------------------------------------------------------------------------------------------------------------------------

[2020-03-15 03:36:09 #1 store] 
Database 'C:\Users\Jorge\eclipse-workspace\IS1\Trabajo_Carreras\Races\resources\bets.temp' is opened by 8200@LAPTOP-CAMHNDK2

[2020-03-15 03:36:09 #2 type.registry] 
New type domain.Driver

[2020-03-15 03:36:09 #3 type] 
Type domain.Driver is not enhanced.

[2020-03-15 03:36:09 #4 type.registry] 
New type domain.Event

[2020-03-15 03:36:09 #5 type] 
Type domain.Event is not enhanced.

[2020-03-15 03:36:09 #6 type.registry] 
New type java.util.Vector<domain.Driver>

[2020-03-15 03:36:09 #7 type.registry] 
New type java.util.Vector<java.lang.Object>

------------------------------------------------------------------------------------------------------------------------

[2020-03-15 03:45:54 #1 store] 
Database 'C:\Users\Jorge\eclipse-workspace\IS1\Trabajo_Carreras\Races\resources\bets.temp' is opened by 17900@LAPTOP-CAMHNDK2

[2020-03-15 03:45:55 #2 type.registry] 
New type domain.Driver

[2020-03-15 03:45:55 #3 type] 
Type domain.Driver is not enhanced.

[2020-03-15 03:45:55 #4 type.registry] 
New type domain.Event

[2020-03-15 03:45:55 #5 type] 
Type domain.Event is not enhanced.

[2020-03-15 03:45:55 #6 type.registry] 
New type java.util.Vector<domain.Driver>

[2020-03-15 03:45:55 #7 type.registry] 
New type java.util.Vector<java.lang.Object>

------------------------------------------------------------------------------------------------------------------------

[2020-03-15 03:52:45 #1 store] 
Database 'C:\Users\Jorge\eclipse-workspace\IS1\Trabajo_Carreras\Races\resources\bets.temp' is opened by 9636@LAPTOP-CAMHNDK2

[2020-03-15 03:52:45 #2 type.registry] 
New type domain.Driver

[2020-03-15 03:52:45 #3 type] 
Type domain.Driver is not enhanced.

[2020-03-15 03:52:45 #4 type.registry] 
New type domain.Event

[2020-03-15 03:52:45 #5 type] 
Type domain.Event is not enhanced.

[2020-03-15 03:52:45 #6 type.registry] 
New type java.util.Vector<domain.Driver>

[2020-03-15 03:52:45 #7 type.registry] 
New type java.util.Vector<java.lang.Object>

------------------------------------------------------------------------------------------------------------------------

[2020-03-15 03:53:16 #1 store] 
Database 'C:\Users\Jorge\eclipse-workspace\IS1\Trabajo_Carreras\Races\resources\bets.temp' is opened by 4224@LAPTOP-CAMHNDK2

[2020-03-15 03:53:16 #2 type.registry] 
New type domain.Driver

[2020-03-15 03:53:16 #3 type] 
Type domain.Driver is not enhanced.

[2020-03-15 03:53:16 #4 type.registry] 
New type domain.Event

[2020-03-15 03:53:16 #5 type] 
Type domain.Event is not enhanced.

[2020-03-15 03:53:16 #6 type.registry] 
New type java.util.Vector<domain.Driver>

[2020-03-15 03:53:16 #7 type.registry] 
New type java.util.Vector<java.lang.Object>

------------------------------------------------------------------------------------------------------------------------

[2020-03-15 03:54:54 #1 store] 
Database 'C:\Users\Jorge\eclipse-workspace\IS1\Trabajo_Carreras\Races\resources\bets.temp' is opened by 14152@LAPTOP-CAMHNDK2

[2020-03-15 03:54:54 #2 type.registry] 
New type domain.Driver

[2020-03-15 03:54:54 #3 type] 
Type domain.Driver is not enhanced.

[2020-03-15 03:54:54 #4 type.registry] 
New type domain.Event

[2020-03-15 03:54:54 #5 type] 
Type domain.Event is not enhanced.

[2020-03-15 03:54:54 #6 type.registry] 
New type java.util.Vector<domain.Driver>

[2020-03-15 03:54:54 #7 type.registry] 
New type java.util.Vector<java.lang.Object>

------------------------------------------------------------------------------------------------------------------------

[2020-03-15 03:56:53 #1 store] 
Database 'C:\Users\Jorge\eclipse-workspace\IS1\Trabajo_Carreras\Races\resources\bets.temp' is opened by 8520@LAPTOP-CAMHNDK2

[2020-03-15 03:56:54 #2 type.registry] 
New type domain.Driver

[2020-03-15 03:56:54 #3 type] 
Type domain.Driver is not enhanced.

[2020-03-15 03:56:54 #4 type.registry] 
New type domain.Event

[2020-03-15 03:56:54 #5 type] 
Type domain.Event is not enhanced.

[2020-03-15 03:56:54 #6 type.registry] 
New type java.util.Vector<domain.Driver>

[2020-03-15 03:56:54 #7 type.registry] 
New type java.util.Vector<java.lang.Object>

------------------------------------------------------------------------------------------------------------------------

[2020-03-15 04:01:45 #1 store] 
Database 'C:\Users\Jorge\eclipse-workspace\IS1\Trabajo_Carreras\Races\resources\bets.temp' is opened by 11148@LAPTOP-CAMHNDK2

[2020-03-15 04:01:45 #2 type.registry] 
New type domain.Driver

[2020-03-15 04:01:45 #3 type] 
Type domain.Driver is not enhanced.

[2020-03-15 04:01:45 #4 type.registry] 
New type domain.Event

[2020-03-15 04:01:45 #5 type] 
Type domain.Event is not enhanced.

[2020-03-15 04:01:45 #6 type.registry] 
New type java.util.Vector<domain.Driver>

[2020-03-15 04:01:45 #7 type.registry] 
New type java.util.Vector<java.lang.Object>

------------------------------------------------------------------------------------------------------------------------

[2020-03-15 04:25:41 #1 store] 
Database 'C:\Users\Jorge\eclipse-workspace\IS1\Trabajo_Carreras\Races\resources\bets.temp' is opened by 2228@LAPTOP-CAMHNDK2

[2020-03-15 04:25:41 #2 type.registry] 
New type domain.Driver

[2020-03-15 04:25:41 #3 type] 
Type domain.Driver is not enhanced.

[2020-03-15 04:25:41 #4 type.registry] 
New type domain.Event

[2020-03-15 04:25:41 #5 type] 
Type domain.Event is not enhanced.

[2020-03-15 04:25:41 #6 type.registry] 
New type java.util.Vector<domain.Driver>

[2020-03-15 04:25:41 #7 type.registry] 
New type java.util.Vector<java.lang.Object>

------------------------------------------------------------------------------------------------------------------------

[2020-03-15 04:30:20 #1 store] 
Database 'C:\Users\Jorge\eclipse-workspace\IS1\Trabajo_Carreras\Races\resources\bets.temp' is opened by 15076@LAPTOP-CAMHNDK2

[2020-03-15 04:30:20 #2 type.registry] 
New type domain.Driver

[2020-03-15 04:30:20 #3 type] 
Type domain.Driver is not enhanced.

[2020-03-15 04:30:20 #4 type.registry] 
New type domain.Event

[2020-03-15 04:30:20 #5 type] 
Type domain.Event is not enhanced.

[2020-03-15 04:30:20 #6 type.registry] 
New type java.util.Vector<domain.Driver>

[2020-03-15 04:30:20 #7 type.registry] 
New type java.util.Vector<java.lang.Object>

------------------------------------------------------------------------------------------------------------------------

[2020-03-15 04:33:05 #1 store] 
Database 'C:\Users\Jorge\eclipse-workspace\IS1\Trabajo_Carreras\Races\resources\bets.temp' is opened by 12188@LAPTOP-CAMHNDK2

[2020-03-15 04:33:06 #2 type.registry] 
New type domain.Driver

[2020-03-15 04:33:06 #3 type] 
Type domain.Driver is not enhanced.

[2020-03-15 04:33:06 #4 type.registry] 
New type domain.Event

[2020-03-15 04:33:06 #5 type] 
Type domain.Event is not enhanced.

[2020-03-15 04:33:06 #6 type.registry] 
New type java.util.Vector<domain.Driver>

[2020-03-15 04:33:06 #7 type.registry] 
New type java.util.Vector<java.lang.Object>

------------------------------------------------------------------------------------------------------------------------

[2020-03-15 04:34:48 #1 store] 
Database 'C:\Users\Jorge\eclipse-workspace\IS1\Trabajo_Carreras\Races\resources\bets.temp' is opened by 9976@LAPTOP-CAMHNDK2

[2020-03-15 04:34:48 #2 type.registry] 
New type domain.Driver

[2020-03-15 04:34:48 #3 type] 
Type domain.Driver is not enhanced.

[2020-03-15 04:34:48 #4 type.registry] 
New type domain.Event

[2020-03-15 04:34:48 #5 type] 
Type domain.Event is not enhanced.

[2020-03-15 04:34:48 #6 type.registry] 
New type java.util.Vector<domain.Driver>

[2020-03-15 04:34:48 #7 type.registry] 
New type java.util.Vector<java.lang.Object>

------------------------------------------------------------------------------------------------------------------------

[2020-03-15 04:35:33 #1 store] 
Database 'C:\Users\Jorge\eclipse-workspace\IS1\Trabajo_Carreras\Races\resources\bets.temp' is opened by 15684@LAPTOP-CAMHNDK2

[2020-03-15 04:35:33 #2 type.registry] 
New type domain.Driver

[2020-03-15 04:35:33 #3 type] 
Type domain.Driver is not enhanced.

[2020-03-15 04:35:33 #4 type.registry] 
New type domain.Event

[2020-03-15 04:35:33 #5 type] 
Type domain.Event is not enhanced.

[2020-03-15 04:35:33 #6 type.registry] 
New type java.util.Vector<domain.Driver>

[2020-03-15 04:35:33 #7 type.registry] 
New type java.util.Vector<java.lang.Object>

------------------------------------------------------------------------------------------------------------------------

[2020-03-15 04:37:38 #1 store] 
Database 'C:\Users\Jorge\eclipse-workspace\IS1\Trabajo_Carreras\Races\resources\bets.temp' is opened by 1140@LAPTOP-CAMHNDK2

[2020-03-15 04:37:38 #2 type.registry] 
New type domain.Driver

[2020-03-15 04:37:38 #3 type] 
Type domain.Driver is not enhanced.

[2020-03-15 04:37:38 #4 type.registry] 
New type domain.Event

[2020-03-15 04:37:38 #5 type] 
Type domain.Event is not enhanced.

[2020-03-15 04:37:38 #6 type.registry] 
New type java.util.Vector<domain.Driver>

[2020-03-15 04:37:38 #7 type.registry] 
New type java.util.Vector<java.lang.Object>

------------------------------------------------------------------------------------------------------------------------

[2020-03-15 04:43:42 #1 store] 
Database 'C:\Users\Jorge\eclipse-workspace\IS1\Trabajo_Carreras\Races\resources\bets.temp' is opened by 18040@LAPTOP-CAMHNDK2

[2020-03-15 04:43:42 #2 type.registry] 
New type domain.Driver

[2020-03-15 04:43:42 #3 type] 
Type domain.Driver is not enhanced.

[2020-03-15 04:43:42 #4 type.registry] 
New type domain.Event

[2020-03-15 04:43:42 #5 type] 
Type domain.Event is not enhanced.

[2020-03-15 04:43:42 #6 type.registry] 
New type java.util.Vector<domain.Driver>

[2020-03-15 04:43:42 #7 type.registry] 
New type java.util.Vector<java.lang.Object>

------------------------------------------------------------------------------------------------------------------------

[2020-03-15 04:44:39 #1 store] 
Database 'C:\Users\Jorge\eclipse-workspace\IS1\Trabajo_Carreras\Races\resources\bets.temp' is opened by 16876@LAPTOP-CAMHNDK2

[2020-03-15 04:44:39 #2 type.registry] 
New type domain.Driver

[2020-03-15 04:44:39 #3 type] 
Type domain.Driver is not enhanced.

[2020-03-15 04:44:40 #4 type.registry] 
New type domain.Event

[2020-03-15 04:44:40 #5 type] 
Type domain.Event is not enhanced.

[2020-03-15 04:44:40 #6 type.registry] 
New type java.util.Vector<domain.Driver>

[2020-03-15 04:44:40 #7 type.registry] 
New type java.util.Vector<java.lang.Object>

------------------------------------------------------------------------------------------------------------------------

[2020-03-15 04:48:30 #1 store] 
Database 'C:\Users\Jorge\eclipse-workspace\IS1\Trabajo_Carreras\Races\resources\bets.temp' is opened by 11504@LAPTOP-CAMHNDK2

[2020-03-15 04:48:30 #2 type.registry] 
New type domain.Driver

[2020-03-15 04:48:30 #3 type] 
Type domain.Driver is not enhanced.

[2020-03-15 04:48:30 #4 type.registry] 
New type domain.Event

[2020-03-15 04:48:30 #5 type] 
Type domain.Event is not enhanced.

[2020-03-15 04:48:30 #6 type.registry] 
New type java.util.Vector<domain.Driver>

[2020-03-15 04:48:30 #7 type.registry] 
New type java.util.Vector<java.lang.Object>

------------------------------------------------------------------------------------------------------------------------

[2020-03-15 06:22:54 #1 store] 
Database 'C:\Users\Jorge\eclipse-workspace\IS1\Trabajo_Carreras\Races\resources\bets.temp' is opened by 5312@LAPTOP-CAMHNDK2

[2020-03-15 06:22:54 #2 type.registry] 
New type domain.Driver

[2020-03-15 06:22:54 #3 type] 
Type domain.Driver is not enhanced.

[2020-03-15 06:22:54 #4 type.registry] 
New type domain.Event

[2020-03-15 06:22:54 #5 type] 
Type domain.Event is not enhanced.

[2020-03-15 06:22:54 #6 type.registry] 
New type java.util.Vector<domain.Driver>

[2020-03-15 06:22:54 #7 type.registry] 
New type java.util.Vector<java.lang.Object>

------------------------------------------------------------------------------------------------------------------------

[2020-03-15 06:24:06 #1 store] 
Database 'C:\Users\Jorge\eclipse-workspace\IS1\Trabajo_Carreras\Races\resources\bets.temp' is opened by 6912@LAPTOP-CAMHNDK2

[2020-03-15 06:24:06 #2 type.registry] 
New type domain.Driver

[2020-03-15 06:24:06 #3 type] 
Type domain.Driver is not enhanced.

[2020-03-15 06:24:06 #4 type.registry] 
New type domain.Event

[2020-03-15 06:24:06 #5 type] 
Type domain.Event is not enhanced.

[2020-03-15 06:24:06 #6 type.registry] 
New type java.util.Vector<domain.Driver>

[2020-03-15 06:24:06 #7 type.registry] 
New type java.util.Vector<java.lang.Object>

------------------------------------------------------------------------------------------------------------------------

[2020-03-15 06:29:11 #1 store] 
Database 'C:\Users\Jorge\eclipse-workspace\IS1\Trabajo_Carreras\Races\resources\bets.temp' is opened by 7396@LAPTOP-CAMHNDK2

[2020-03-15 06:29:11 #2 type.registry] 
New type domain.Driver

[2020-03-15 06:29:11 #3 type] 
Type domain.Driver is not enhanced.

[2020-03-15 06:29:11 #4 type.registry] 
New type domain.Event

[2020-03-15 06:29:11 #5 type] 
Type domain.Event is not enhanced.

[2020-03-15 06:29:11 #6 type.registry] 
New type java.util.Vector<domain.Driver>

[2020-03-15 06:29:11 #7 type.registry] 
New type java.util.Vector<java.lang.Object>

------------------------------------------------------------------------------------------------------------------------

[2020-03-15 06:30:19 #1 store] 
Database 'C:\Users\Jorge\eclipse-workspace\IS1\Trabajo_Carreras\Races\resources\bets.temp' is opened by 11048@LAPTOP-CAMHNDK2

[2020-03-15 06:30:20 #2 type.registry] 
New type domain.Driver

[2020-03-15 06:30:20 #3 type] 
Type domain.Driver is not enhanced.

[2020-03-15 06:30:20 #4 type.registry] 
New type domain.Event

[2020-03-15 06:30:20 #5 type] 
Type domain.Event is not enhanced.

[2020-03-15 06:30:20 #6 type.registry] 
New type java.util.Vector<domain.Driver>

[2020-03-15 06:30:20 #7 type.registry] 
New type java.util.Vector<java.lang.Object>

------------------------------------------------------------------------------------------------------------------------

[2020-03-15 06:51:03 #1 store] 
Database 'C:\Users\Jorge\eclipse-workspace\IS1\Trabajo_Carreras\Races2\resources\bets.temp' is opened by 9640@LAPTOP-CAMHNDK2

[2020-03-15 06:51:03 #2 type.registry] 
New type domain.Driver

[2020-03-15 06:51:03 #3 type] 
Type domain.Driver is not enhanced.

[2020-03-15 06:51:03 #4 type.registry] 
New type domain.Event

[2020-03-15 06:51:03 #5 type] 
Type domain.Event is not enhanced.

[2020-03-15 06:51:03 #6 type.registry] 
New type java.util.Vector<domain.Driver>

[2020-03-15 06:51:03 #7 type.registry] 
New type java.util.Vector<java.lang.Object>

------------------------------------------------------------------------------------------------------------------------

[2020-03-15 06:51:31 #1 store] 
Database 'C:\Users\Jorge\eclipse-workspace\IS1\Trabajo_Carreras\Races2\resources\bets.temp' is opened by 8704@LAPTOP-CAMHNDK2

[2020-03-15 06:51:31 #2 type.registry] 
New type domain.Driver

[2020-03-15 06:51:31 #3 type] 
Type domain.Driver is not enhanced.

[2020-03-15 06:51:31 #4 type.registry] 
New type domain.Event

[2020-03-15 06:51:31 #5 type] 
Type domain.Event is not enhanced.

[2020-03-15 06:51:31 #6 type.registry] 
New type java.util.Vector<domain.Driver>

[2020-03-15 06:51:31 #7 type.registry] 
New type java.util.Vector<java.lang.Object>

------------------------------------------------------------------------------------------------------------------------

[2020-03-15 06:54:18 #1 store] 
Database 'C:\Users\Jorge\eclipse-workspace\IS1\Trabajo_Carreras\Races2\resources\bets.temp' is opened by 16896@LAPTOP-CAMHNDK2

[2020-03-15 06:54:19 #2 type.registry] 
New type domain.Driver

[2020-03-15 06:54:19 #3 type] 
Type domain.Driver is not enhanced.

[2020-03-15 06:54:19 #4 type.registry] 
New type domain.Event

[2020-03-15 06:54:19 #5 type] 
Type domain.Event is not enhanced.

[2020-03-15 06:54:19 #6 type.registry] 
New type java.util.Vector<domain.Driver>

[2020-03-15 06:54:19 #7 type.registry] 
New type java.util.Vector<java.lang.Object>

------------------------------------------------------------------------------------------------------------------------

[2020-03-15 06:55:03 #1 store] 
Database 'C:\Users\Jorge\eclipse-workspace\IS1\Trabajo_Carreras\Races2\resources\bets.temp' is opened by 16124@LAPTOP-CAMHNDK2

[2020-03-15 06:55:04 #2 type.registry] 
New type domain.Driver

[2020-03-15 06:55:04 #3 type] 
Type domain.Driver is not enhanced.

[2020-03-15 06:55:04 #4 type.registry] 
New type domain.Event

[2020-03-15 06:55:04 #5 type] 
Type domain.Event is not enhanced.

[2020-03-15 06:55:04 #6 type.registry] 
New type java.util.Vector<domain.Driver>

[2020-03-15 06:55:04 #7 type.registry] 
New type java.util.Vector<java.lang.Object>

------------------------------------------------------------------------------------------------------------------------

[2020-03-15 06:56:40 #1 store] 
Database 'C:\Users\Jorge\eclipse-workspace\IS1\Trabajo_Carreras\Races2\resources\bets.temp' is opened by 17044@LAPTOP-CAMHNDK2

[2020-03-15 06:56:40 #2 type.registry] 
New type domain.Driver

[2020-03-15 06:56:40 #3 type] 
Type domain.Driver is not enhanced.

[2020-03-15 06:56:40 #4 type.registry] 
New type domain.Event

[2020-03-15 06:56:40 #5 type] 
Type domain.Event is not enhanced.

[2020-03-15 06:56:40 #6 type.registry] 
New type java.util.Vector<domain.Driver>

[2020-03-15 06:56:40 #7 type.registry] 
New type java.util.Vector<java.lang.Object>

------------------------------------------------------------------------------------------------------------------------

[2020-03-15 18:08:17 #1 store] 
Database 'C:\Users\Jorge\eclipse-workspace\IS1\Trabajo_Carreras\Races\resources\bets.temp' is opened by 12696@LAPTOP-CAMHNDK2

[2020-03-15 18:08:17 #2 type.registry] 
New type domain.Driver

[2020-03-15 18:08:17 #3 type] 
Type domain.Driver is not enhanced.

[2020-03-15 18:08:17 #4 type.registry] 
New type domain.Event

[2020-03-15 18:08:17 #5 type] 
Type domain.Event is not enhanced.

[2020-03-15 18:08:17 #6 type.registry] 
New type java.util.Vector<domain.Driver>

[2020-03-15 18:08:17 #7 type.registry] 
New type java.util.Vector<java.lang.Object>

------------------------------------------------------------------------------------------------------------------------

[2020-03-15 18:11:35 #1 store] 
Database 'C:\Users\Jorge\eclipse-workspace\IS1\Trabajo_Carreras\Races\resources\bets.temp' is opened by 924@LAPTOP-CAMHNDK2

[2020-03-15 18:11:36 #2 type.registry] 
New type domain.Driver

[2020-03-15 18:11:36 #3 type] 
Type domain.Driver is not enhanced.

[2020-03-15 18:11:36 #4 type.registry] 
New type domain.Event

[2020-03-15 18:11:36 #5 type] 
Type domain.Event is not enhanced.

[2020-03-15 18:11:36 #6 type.registry] 
New type java.util.Vector<domain.Driver>

[2020-03-15 18:11:36 #7 type.registry] 
New type java.util.Vector<java.lang.Object>

------------------------------------------------------------------------------------------------------------------------

[2020-03-15 18:54:48 #1 store] 
Database 'C:\Users\Jorge\eclipse-workspace\IS1\Trabajo_Carreras\Races\resources\bets.temp' is opened by 16124@LAPTOP-CAMHNDK2

[2020-03-15 18:54:48 #2 type.registry] 
New type domain.Driver

[2020-03-15 18:54:48 #3 type] 
Type domain.Driver is not enhanced.

[2020-03-15 18:54:48 #4 type.registry] 
New type domain.Event

[2020-03-15 18:54:48 #5 type] 
Type domain.Event is not enhanced.

[2020-03-15 18:54:48 #6 type.registry] 
New type java.util.Vector<domain.Driver>

[2020-03-15 18:54:48 #7 type.registry] 
New type java.util.Vector<java.lang.Object>

------------------------------------------------------------------------------------------------------------------------

[2020-03-15 18:56:31 #1 store] 
Database 'C:\Users\Jorge\eclipse-workspace\IS1\Trabajo_Carreras\Races\resources\bets.temp' is opened by 12728@LAPTOP-CAMHNDK2

[2020-03-15 18:56:31 #2 type.registry] 
New type domain.Driver

[2020-03-15 18:56:31 #3 type] 
Type domain.Driver is not enhanced.

[2020-03-15 18:56:31 #4 type.registry] 
New type domain.Event

[2020-03-15 18:56:31 #5 type] 
Type domain.Event is not enhanced.

[2020-03-15 18:56:31 #6 type.registry] 
New type java.util.Vector<domain.Driver>

[2020-03-15 18:56:31 #7 type.registry] 
New type java.util.Vector<java.lang.Object>

------------------------------------------------------------------------------------------------------------------------

[2020-03-15 18:56:43 #1 store] 
Database 'C:\Users\Jorge\eclipse-workspace\IS1\Trabajo_Carreras\Races\resources\bets.temp' is opened by 11588@LAPTOP-CAMHNDK2

[2020-03-15 18:56:43 #2 type.registry] 
New type domain.Driver

[2020-03-15 18:56:43 #3 type] 
Type domain.Driver is not enhanced.

[2020-03-15 18:56:43 #4 type.registry] 
New type domain.Event

[2020-03-15 18:56:43 #5 type] 
Type domain.Event is not enhanced.

[2020-03-15 18:56:43 #6 type.registry] 
New type java.util.Vector<domain.Driver>

[2020-03-15 18:56:43 #7 type.registry] 
New type java.util.Vector<java.lang.Object>

------------------------------------------------------------------------------------------------------------------------

[2020-03-15 18:57:59 #1 store] 
Database 'C:\Users\Jorge\eclipse-workspace\IS1\Trabajo_Carreras\Races\resources\bets.temp' is opened by 2456@LAPTOP-CAMHNDK2

[2020-03-15 18:57:59 #2 type.registry] 
New type domain.Driver

[2020-03-15 18:57:59 #3 type] 
Type domain.Driver is not enhanced.

[2020-03-15 18:57:59 #4 type.registry] 
New type domain.Event

[2020-03-15 18:57:59 #5 type] 
Type domain.Event is not enhanced.

[2020-03-15 18:57:59 #6 type.registry] 
New type java.util.Vector<domain.Driver>

[2020-03-15 18:57:59 #7 type.registry] 
New type java.util.Vector<java.lang.Object>

------------------------------------------------------------------------------------------------------------------------

[2020-03-15 18:59:12 #1 store] 
Database 'C:\Users\Jorge\eclipse-workspace\IS1\Trabajo_Carreras\Races\resources\bets.temp' is opened by 12652@LAPTOP-CAMHNDK2

[2020-03-15 18:59:13 #2 type.registry] 
New type domain.Driver

[2020-03-15 18:59:13 #3 type] 
Type domain.Driver is not enhanced.

[2020-03-15 18:59:13 #4 type.registry] 
New type domain.Event

[2020-03-15 18:59:13 #5 type] 
Type domain.Event is not enhanced.

[2020-03-15 18:59:13 #6 type.registry] 
New type java.util.Vector<domain.Driver>

[2020-03-15 18:59:13 #7 type.registry] 
New type java.util.Vector<java.lang.Object>

------------------------------------------------------------------------------------------------------------------------

[2020-03-15 19:00:07 #1 store] 
Database 'C:\Users\Jorge\eclipse-workspace\IS1\Trabajo_Carreras\Races\resources\bets.temp' is opened by 16124@LAPTOP-CAMHNDK2

[2020-03-15 19:00:07 #2 type.registry] 
New type domain.Driver

[2020-03-15 19:00:07 #3 type] 
Type domain.Driver is not enhanced.

[2020-03-15 19:00:07 #4 type.registry] 
New type domain.Event

[2020-03-15 19:00:07 #5 type] 
Type domain.Event is not enhanced.

[2020-03-15 19:00:07 #6 type.registry] 
New type java.util.Vector<domain.Driver>

[2020-03-15 19:00:07 #7 type.registry] 
New type java.util.Vector<java.lang.Object>

------------------------------------------------------------------------------------------------------------------------

[2020-03-15 19:01:45 #1 store] 
Database 'C:\Users\Jorge\eclipse-workspace\IS1\Trabajo_Carreras\Races\resources\bets.temp' is opened by 4916@LAPTOP-CAMHNDK2

[2020-03-15 19:01:45 #2 type.registry] 
New type domain.Driver

[2020-03-15 19:01:45 #3 type] 
Type domain.Driver is not enhanced.

[2020-03-15 19:01:45 #4 type.registry] 
New type domain.Event

[2020-03-15 19:01:45 #5 type] 
Type domain.Event is not enhanced.

[2020-03-15 19:01:45 #6 type.registry] 
New type java.util.Vector<domain.Driver>

[2020-03-15 19:01:45 #7 type.registry] 
New type java.util.Vector<java.lang.Object>

------------------------------------------------------------------------------------------------------------------------

[2020-03-15 19:04:28 #1 store] 
Database 'C:\Users\Jorge\eclipse-workspace\IS1\Trabajo_Carreras\Races\resources\bets.temp' is opened by 14668@LAPTOP-CAMHNDK2

[2020-03-15 19:04:28 #2 type.registry] 
New type domain.Driver

[2020-03-15 19:04:28 #3 type] 
Type domain.Driver is not enhanced.

[2020-03-15 19:04:28 #4 type.registry] 
New type domain.Event

[2020-03-15 19:04:28 #5 type] 
Type domain.Event is not enhanced.

[2020-03-15 19:04:28 #6 type.registry] 
New type java.util.Vector<domain.Driver>

[2020-03-15 19:04:28 #7 type.registry] 
New type java.util.Vector<java.lang.Object>

------------------------------------------------------------------------------------------------------------------------

[2020-03-15 19:05:58 #1 store] 
Database 'C:\Users\Jorge\eclipse-workspace\IS1\Trabajo_Carreras\Races\resources\bets.temp' is opened by 9472@LAPTOP-CAMHNDK2

[2020-03-15 19:05:58 #2 type.registry] 
New type domain.Driver

[2020-03-15 19:05:58 #3 type] 
Type domain.Driver is not enhanced.

[2020-03-15 19:05:58 #4 type.registry] 
New type domain.Event

[2020-03-15 19:05:58 #5 type] 
Type domain.Event is not enhanced.

[2020-03-15 19:05:59 #6 type.registry] 
New type java.util.Vector<domain.Driver>

[2020-03-15 19:05:59 #7 type.registry] 
New type java.util.Vector<java.lang.Object>

------------------------------------------------------------------------------------------------------------------------

[2020-03-15 19:12:01 #1 store] 
Database 'C:\Users\Jorge\eclipse-workspace\IS1\Trabajo_Carreras\Races\resources\bets.temp' is opened by 11880@LAPTOP-CAMHNDK2

[2020-03-15 19:12:01 #2 type.registry] 
New type domain.Driver

[2020-03-15 19:12:01 #3 type] 
Type domain.Driver is not enhanced.

[2020-03-15 19:12:01 #4 type.registry] 
New type domain.Event

[2020-03-15 19:12:01 #5 type] 
Type domain.Event is not enhanced.

[2020-03-15 19:12:01 #6 type.registry] 
New type java.util.Vector<domain.Driver>

[2020-03-15 19:12:01 #7 type.registry] 
New type java.util.Vector<java.lang.Object>

------------------------------------------------------------------------------------------------------------------------

[2020-03-15 19:13:49 #1 store] 
Database 'C:\Users\Jorge\eclipse-workspace\IS1\Trabajo_Carreras\Races\resources\bets.temp' is opened by 11200@LAPTOP-CAMHNDK2

[2020-03-15 19:13:49 #2 type.registry] 
New type domain.Driver

[2020-03-15 19:13:49 #3 type] 
Type domain.Driver is not enhanced.

[2020-03-15 19:13:49 #4 type.registry] 
New type domain.Event

[2020-03-15 19:13:49 #5 type] 
Type domain.Event is not enhanced.

[2020-03-15 19:13:49 #6 type.registry] 
New type java.util.Vector<domain.Driver>

[2020-03-15 19:13:49 #7 type.registry] 
New type java.util.Vector<java.lang.Object>

------------------------------------------------------------------------------------------------------------------------

[2020-03-15 19:24:44 #1 store] 
Database 'C:\Users\Jorge\eclipse-workspace\IS1\Trabajo_Carreras\Races\resources\bets.temp' is opened by 17496@LAPTOP-CAMHNDK2

[2020-03-15 19:24:44 #2 type.registry] 
New type domain.Driver

[2020-03-15 19:24:44 #3 type] 
Type domain.Driver is not enhanced.

[2020-03-15 19:24:44 #4 type.registry] 
New type domain.Event

[2020-03-15 19:24:44 #5 type] 
Type domain.Event is not enhanced.

[2020-03-15 19:24:44 #6 type.registry] 
New type java.util.Vector<domain.Driver>

[2020-03-15 19:24:44 #7 type.registry] 
New type java.util.Vector<java.lang.Object>

------------------------------------------------------------------------------------------------------------------------

[2020-03-15 19:25:24 #1 store] 
Database 'C:\Users\Jorge\eclipse-workspace\IS1\Trabajo_Carreras\Races\resources\bets.temp' is opened by 7628@LAPTOP-CAMHNDK2

[2020-03-15 19:25:24 #2 type.registry] 
New type domain.Driver

[2020-03-15 19:25:24 #3 type] 
Type domain.Driver is not enhanced.

[2020-03-15 19:25:24 #4 type.registry] 
New type domain.Event

[2020-03-15 19:25:24 #5 type] 
Type domain.Event is not enhanced.

[2020-03-15 19:25:24 #6 type.registry] 
New type java.util.Vector<domain.Driver>

[2020-03-15 19:25:24 #7 type.registry] 
New type java.util.Vector<java.lang.Object>

------------------------------------------------------------------------------------------------------------------------

[2020-03-15 19:26:13 #1 store] 
Database 'C:\Users\Jorge\eclipse-workspace\IS1\Trabajo_Carreras\Races\resources\bets.temp' is opened by 10296@LAPTOP-CAMHNDK2

[2020-03-15 19:26:14 #2 type.registry] 
New type domain.Driver

[2020-03-15 19:26:14 #3 type] 
Type domain.Driver is not enhanced.

[2020-03-15 19:26:14 #4 type.registry] 
New type domain.Event

[2020-03-15 19:26:14 #5 type] 
Type domain.Event is not enhanced.

[2020-03-15 19:26:14 #6 type.registry] 
New type java.util.Vector<domain.Driver>

[2020-03-15 19:26:14 #7 type.registry] 
New type java.util.Vector<java.lang.Object>

------------------------------------------------------------------------------------------------------------------------

[2020-03-15 19:29:41 #1 store] 
Database 'C:\Users\Jorge\eclipse-workspace\IS1\Trabajo_Carreras\Races\resources\bets.temp' is opened by 8676@LAPTOP-CAMHNDK2

[2020-03-15 19:29:41 #2 type.registry] 
New type domain.Driver

[2020-03-15 19:29:41 #3 type] 
Type domain.Driver is not enhanced.

[2020-03-15 19:29:41 #4 type.registry] 
New type domain.Event

[2020-03-15 19:29:41 #5 type] 
Type domain.Event is not enhanced.

[2020-03-15 19:29:41 #6 type.registry] 
New type java.util.Vector<domain.Driver>

[2020-03-15 19:29:41 #7 type.registry] 
New type java.util.Vector<java.lang.Object>

------------------------------------------------------------------------------------------------------------------------

[2020-03-15 19:33:26 #1 store] 
Database 'C:\Users\Jorge\eclipse-workspace\IS1\Trabajo_Carreras\Races\resources\bets.temp' is opened by 13956@LAPTOP-CAMHNDK2

[2020-03-15 19:33:26 #2 type.registry] 
New type domain.Driver

[2020-03-15 19:33:26 #3 type] 
Type domain.Driver is not enhanced.

[2020-03-15 19:33:26 #4 type.registry] 
New type domain.Event

[2020-03-15 19:33:26 #5 type] 
Type domain.Event is not enhanced.

[2020-03-15 19:33:26 #6 type.registry] 
New type java.util.Vector<domain.Driver>

[2020-03-15 19:33:26 #7 type.registry] 
New type java.util.Vector<java.lang.Object>

------------------------------------------------------------------------------------------------------------------------

[2020-03-15 19:37:39 #1 store] 
Database 'C:\Users\Jorge\eclipse-workspace\IS1\Trabajo_Carreras\Races\resources\bets.temp' is opened by 8624@LAPTOP-CAMHNDK2

[2020-03-15 19:37:39 #2 type.registry] 
New type domain.Driver

[2020-03-15 19:37:39 #3 type] 
Type domain.Driver is not enhanced.

[2020-03-15 19:37:39 #4 type.registry] 
New type domain.Event

[2020-03-15 19:37:39 #5 type] 
Type domain.Event is not enhanced.

[2020-03-15 19:37:39 #6 type.registry] 
New type java.util.Vector<domain.Driver>

[2020-03-15 19:37:39 #7 type.registry] 
New type java.util.Vector<java.lang.Object>

------------------------------------------------------------------------------------------------------------------------

[2020-03-15 19:39:34 #1 store] 
Database 'C:\Users\Jorge\eclipse-workspace\IS1\Trabajo_Carreras\Races\resources\bets.temp' is opened by 13876@LAPTOP-CAMHNDK2

[2020-03-15 19:39:34 #2 type.registry] 
New type domain.Driver

[2020-03-15 19:39:34 #3 type] 
Type domain.Driver is not enhanced.

[2020-03-15 19:39:34 #4 type.registry] 
New type domain.Event

[2020-03-15 19:39:34 #5 type] 
Type domain.Event is not enhanced.

[2020-03-15 19:39:34 #6 type.registry] 
New type java.util.Vector<domain.Driver>

[2020-03-15 19:39:34 #7 type.registry] 
New type java.util.Vector<java.lang.Object>

------------------------------------------------------------------------------------------------------------------------

[2020-03-15 19:40:13 #1 store] 
Database 'C:\Users\Jorge\eclipse-workspace\IS1\Trabajo_Carreras\Races\resources\bets.temp' is opened by 13136@LAPTOP-CAMHNDK2

[2020-03-15 19:40:14 #2 type.registry] 
New type domain.Driver

[2020-03-15 19:40:14 #3 type] 
Type domain.Driver is not enhanced.

[2020-03-15 19:40:14 #4 type.registry] 
New type domain.Event

[2020-03-15 19:40:14 #5 type] 
Type domain.Event is not enhanced.

[2020-03-15 19:40:14 #6 type.registry] 
New type java.util.Vector<domain.Driver>

[2020-03-15 19:40:14 #7 type.registry] 
New type java.util.Vector<java.lang.Object>

------------------------------------------------------------------------------------------------------------------------

[2020-03-15 19:41:13 #1 store] 
Database 'C:\Users\Jorge\eclipse-workspace\IS1\Trabajo_Carreras\Races\resources\bets.temp' is opened by 7792@LAPTOP-CAMHNDK2

[2020-03-15 19:41:13 #2 type.registry] 
New type domain.Driver

[2020-03-15 19:41:13 #3 type] 
Type domain.Driver is not enhanced.

[2020-03-15 19:41:13 #4 type.registry] 
New type domain.Event

[2020-03-15 19:41:13 #5 type] 
Type domain.Event is not enhanced.

[2020-03-15 19:41:13 #6 type.registry] 
New type java.util.Vector<domain.Driver>

[2020-03-15 19:41:13 #7 type.registry] 
New type java.util.Vector<java.lang.Object>

------------------------------------------------------------------------------------------------------------------------

[2020-03-15 19:41:46 #1 store] 
Database 'C:\Users\Jorge\eclipse-workspace\IS1\Trabajo_Carreras\Races\resources\bets.temp' is opened by 11540@LAPTOP-CAMHNDK2

[2020-03-15 19:41:46 #2 type.registry] 
New type domain.Driver

[2020-03-15 19:41:46 #3 type] 
Type domain.Driver is not enhanced.

[2020-03-15 19:41:46 #4 type.registry] 
New type domain.Event

[2020-03-15 19:41:46 #5 type] 
Type domain.Event is not enhanced.

[2020-03-15 19:41:46 #6 type.registry] 
New type java.util.Vector<domain.Driver>

[2020-03-15 19:41:46 #7 type.registry] 
New type java.util.Vector<java.lang.Object>

------------------------------------------------------------------------------------------------------------------------

[2020-03-15 19:44:42 #1 store] 
Database 'C:\Users\Jorge\eclipse-workspace\IS1\Trabajo_Carreras\Races\resources\bets.temp' is opened by 4912@LAPTOP-CAMHNDK2

[2020-03-15 19:44:43 #2 type.registry] 
New type domain.Driver

[2020-03-15 19:44:43 #3 type] 
Type domain.Driver is not enhanced.

[2020-03-15 19:44:43 #4 type.registry] 
New type domain.Event

[2020-03-15 19:44:43 #5 type] 
Type domain.Event is not enhanced.

[2020-03-15 19:44:43 #6 type.registry] 
New type java.util.Vector<domain.Driver>

[2020-03-15 19:44:43 #7 type.registry] 
New type java.util.Vector<java.lang.Object>

------------------------------------------------------------------------------------------------------------------------

[2020-03-15 19:45:40 #1 store] 
Database 'C:\Users\Jorge\eclipse-workspace\IS1\Trabajo_Carreras\Races\resources\bets.temp' is opened by 17364@LAPTOP-CAMHNDK2

[2020-03-15 19:45:40 #2 type.registry] 
New type domain.Driver

[2020-03-15 19:45:40 #3 type] 
Type domain.Driver is not enhanced.

[2020-03-15 19:45:40 #4 type.registry] 
New type domain.Event

[2020-03-15 19:45:40 #5 type] 
Type domain.Event is not enhanced.

[2020-03-15 19:45:40 #6 type.registry] 
New type java.util.Vector<domain.Driver>

[2020-03-15 19:45:40 #7 type.registry] 
New type java.util.Vector<java.lang.Object>

------------------------------------------------------------------------------------------------------------------------

[2020-03-15 19:50:12 #1 store] 
Database 'C:\Users\Jorge\eclipse-workspace\IS1\Trabajo_Carreras\Races\resources\bets.temp' is opened by 3132@LAPTOP-CAMHNDK2

[2020-03-15 19:50:12 #2 type.registry] 
New type domain.Driver

[2020-03-15 19:50:12 #3 type] 
Type domain.Driver is not enhanced.

[2020-03-15 19:50:12 #4 type.registry] 
New type domain.Event

[2020-03-15 19:50:12 #5 type] 
Type domain.Event is not enhanced.

[2020-03-15 19:50:12 #6 type.registry] 
New type java.util.Vector<domain.Driver>

[2020-03-15 19:50:12 #7 type.registry] 
New type java.util.Vector<java.lang.Object>

------------------------------------------------------------------------------------------------------------------------

[2020-03-15 19:53:27 #1 store] 
Database 'C:\Users\Jorge\eclipse-workspace\IS1\Trabajo_Carreras\Races\resources\bets.temp' is opened by 1748@LAPTOP-CAMHNDK2

[2020-03-15 19:53:27 #2 type.registry] 
New type domain.Driver

[2020-03-15 19:53:27 #3 type] 
Type domain.Driver is not enhanced.

[2020-03-15 19:53:27 #4 type.registry] 
New type domain.Event

[2020-03-15 19:53:27 #5 type] 
Type domain.Event is not enhanced.

[2020-03-15 19:53:27 #6 type.registry] 
New type java.util.Vector<domain.Driver>

[2020-03-15 19:53:27 #7 type.registry] 
New type java.util.Vector<java.lang.Object>

------------------------------------------------------------------------------------------------------------------------

[2020-03-15 19:54:05 #1 store] 
Database 'C:\Users\Jorge\eclipse-workspace\IS1\Trabajo_Carreras\Races\resources\bets.temp' is opened by 1236@LAPTOP-CAMHNDK2

[2020-03-15 19:54:05 #2 type.registry] 
New type domain.Driver

[2020-03-15 19:54:05 #3 type] 
Type domain.Driver is not enhanced.

[2020-03-15 19:54:05 #4 type.registry] 
New type domain.Event

[2020-03-15 19:54:05 #5 type] 
Type domain.Event is not enhanced.

[2020-03-15 19:54:05 #6 type.registry] 
New type java.util.Vector<domain.Driver>

[2020-03-15 19:54:05 #7 type.registry] 
New type java.util.Vector<java.lang.Object>

------------------------------------------------------------------------------------------------------------------------

[2020-03-15 19:54:58 #1 store] 
Database 'C:\Users\Jorge\eclipse-workspace\IS1\Trabajo_Carreras\Races\resources\bets.temp' is opened by 17636@LAPTOP-CAMHNDK2

[2020-03-15 19:54:58 #2 type.registry] 
New type domain.Driver

[2020-03-15 19:54:58 #3 type] 
Type domain.Driver is not enhanced.

[2020-03-15 19:54:58 #4 type.registry] 
New type domain.Event

[2020-03-15 19:54:58 #5 type] 
Type domain.Event is not enhanced.

[2020-03-15 19:54:59 #6 type.registry] 
New type java.util.Vector<domain.Driver>

[2020-03-15 19:54:59 #7 type.registry] 
New type java.util.Vector<java.lang.Object>

------------------------------------------------------------------------------------------------------------------------

[2020-03-15 19:56:08 #1 store] 
Database 'C:\Users\Jorge\eclipse-workspace\IS1\Trabajo_Carreras\Races\resources\bets.temp' is opened by 14604@LAPTOP-CAMHNDK2

[2020-03-15 19:56:08 #2 type.registry] 
New type domain.Driver

[2020-03-15 19:56:08 #3 type] 
Type domain.Driver is not enhanced.

[2020-03-15 19:56:08 #4 type.registry] 
New type domain.Event

[2020-03-15 19:56:08 #5 type] 
Type domain.Event is not enhanced.

[2020-03-15 19:56:08 #6 type.registry] 
New type java.util.Vector<domain.Driver>

[2020-03-15 19:56:08 #7 type.registry] 
New type java.util.Vector<java.lang.Object>

------------------------------------------------------------------------------------------------------------------------

[2020-03-15 19:56:41 #1 store] 
Database 'C:\Users\Jorge\eclipse-workspace\IS1\Trabajo_Carreras\Races\resources\bets.temp' is opened by 10164@LAPTOP-CAMHNDK2

[2020-03-15 19:56:41 #2 type.registry] 
New type domain.Driver

[2020-03-15 19:56:41 #3 type] 
Type domain.Driver is not enhanced.

[2020-03-15 19:56:41 #4 type.registry] 
New type domain.Event

[2020-03-15 19:56:41 #5 type] 
Type domain.Event is not enhanced.

[2020-03-15 19:56:41 #6 type.registry] 
New type java.util.Vector<domain.Driver>

[2020-03-15 19:56:41 #7 type.registry] 
New type java.util.Vector<java.lang.Object>

------------------------------------------------------------------------------------------------------------------------

[2020-03-15 19:58:12 #1 store] 
Database 'C:\Users\Jorge\eclipse-workspace\IS1\Trabajo_Carreras\Races\resources\bets.temp' is opened by 14632@LAPTOP-CAMHNDK2

[2020-03-15 19:58:12 #2 type.registry] 
New type domain.Driver

[2020-03-15 19:58:12 #3 type] 
Type domain.Driver is not enhanced.

[2020-03-15 19:58:12 #4 type.registry] 
New type domain.Event

[2020-03-15 19:58:12 #5 type] 
Type domain.Event is not enhanced.

[2020-03-15 19:58:12 #6 type.registry] 
New type java.util.Vector<domain.Driver>

[2020-03-15 19:58:12 #7 type.registry] 
New type java.util.Vector<java.lang.Object>

------------------------------------------------------------------------------------------------------------------------

[2020-03-15 20:02:06 #1 store] 
Database 'C:\Users\Jorge\eclipse-workspace\IS1\Trabajo_Carreras\Races\resources\bets.temp' is opened by 10364@LAPTOP-CAMHNDK2

[2020-03-15 20:02:06 #2 type.registry] 
New type domain.Driver

[2020-03-15 20:02:06 #3 type] 
Type domain.Driver is not enhanced.

[2020-03-15 20:02:06 #4 type.registry] 
New type domain.Event

[2020-03-15 20:02:06 #5 type] 
Type domain.Event is not enhanced.

[2020-03-15 20:02:06 #6 type.registry] 
New type java.util.Vector<domain.Driver>

[2020-03-15 20:02:06 #7 type.registry] 
New type java.util.Vector<java.lang.Object>

------------------------------------------------------------------------------------------------------------------------

[2020-03-15 20:09:39 #1 store] 
Database 'C:\Users\Jorge\eclipse-workspace\IS1\Trabajo_Carreras\Races\resources\bets.temp' is opened by 4492@LAPTOP-CAMHNDK2

[2020-03-15 20:09:39 #2 type.registry] 
New type domain.Driver

[2020-03-15 20:09:39 #3 type] 
Type domain.Driver is not enhanced.

[2020-03-15 20:09:39 #4 type.registry] 
New type domain.Event

[2020-03-15 20:09:39 #5 type] 
Type domain.Event is not enhanced.

[2020-03-15 20:09:39 #6 type.registry] 
New type java.util.Vector<domain.Driver>

[2020-03-15 20:09:39 #7 type.registry] 
New type java.util.Vector<java.lang.Object>

------------------------------------------------------------------------------------------------------------------------

[2020-03-15 20:48:22 #1 store] 
Database 'C:\Users\Jorge\eclipse-workspace\IS1\Trabajo_Carreras\Races\resources\bets.temp' is opened by 6676@LAPTOP-CAMHNDK2

[2020-03-15 20:48:22 #2 type.registry] 
New type domain.Driver

[2020-03-15 20:48:22 #3 type] 
Type domain.Driver is not enhanced.

[2020-03-15 20:48:22 #4 type.registry] 
New type domain.Event

[2020-03-15 20:48:22 #5 type] 
Type domain.Event is not enhanced.

[2020-03-15 20:48:22 #6 type.registry] 
New type java.util.Vector<domain.Driver>

[2020-03-15 20:48:22 #7 type.registry] 
New type java.util.Vector<java.lang.Object>

------------------------------------------------------------------------------------------------------------------------

[2020-03-15 20:51:58 #1 store] 
Database 'C:\Users\Jorge\eclipse-workspace\IS1\Trabajo_Carreras\Races\resources\bets.temp' is opened by 8712@LAPTOP-CAMHNDK2

[2020-03-15 20:51:58 #2 type.registry] 
New type domain.Driver

[2020-03-15 20:51:58 #3 type] 
Type domain.Driver is not enhanced.

[2020-03-15 20:51:58 #4 type.registry] 
New type domain.Event

[2020-03-15 20:51:58 #5 type] 
Type domain.Event is not enhanced.

[2020-03-15 20:51:58 #6 type.registry] 
New type java.util.Vector<domain.Driver>

[2020-03-15 20:51:58 #7 type.registry] 
New type java.util.Vector<java.lang.Object>

------------------------------------------------------------------------------------------------------------------------

[2020-03-15 20:52:46 #1 store] 
Database 'C:\Users\Jorge\eclipse-workspace\IS1\Trabajo_Carreras\Races\resources\bets.temp' is opened by 12760@LAPTOP-CAMHNDK2

[2020-03-15 20:52:47 #2 type.registry] 
New type domain.Driver

[2020-03-15 20:52:47 #3 type] 
Type domain.Driver is not enhanced.

[2020-03-15 20:52:47 #4 type.registry] 
New type domain.Event

[2020-03-15 20:52:47 #5 type] 
Type domain.Event is not enhanced.

[2020-03-15 20:52:47 #6 type.registry] 
New type java.util.Vector<domain.Driver>

[2020-03-15 20:52:47 #7 type.registry] 
New type java.util.Vector<java.lang.Object>

------------------------------------------------------------------------------------------------------------------------

[2020-03-15 21:01:51 #1 store] 
Database 'C:\Users\Jorge\eclipse-workspace\IS1\Trabajo_Carreras\Races\resources\bets.temp' is opened by 16788@LAPTOP-CAMHNDK2

[2020-03-15 21:01:51 #2 type.registry] 
New type domain.Apuesta

[2020-03-15 21:01:51 #3 type] 
Type domain.Apuesta is not enhanced.

[2020-03-15 21:01:51 #4 type.registry] 
New type domain.Driver

[2020-03-15 21:01:51 #5 type] 
Type domain.Driver is not enhanced.

[2020-03-15 21:01:51 #6 type.registry] 
New type domain.Event

[2020-03-15 21:01:51 #7 type] 
Type domain.Event is not enhanced.

[2020-03-15 21:01:51 #8 type.registry] 
New type java.util.Vector<domain.Driver>

[2020-03-15 21:01:51 #9 type.registry] 
New type java.util.Vector<java.lang.Object>

------------------------------------------------------------------------------------------------------------------------

[2020-03-15 21:04:28 #1 store] 
Database 'C:\Users\Jorge\eclipse-workspace\IS1\Trabajo_Carreras\Races\resources\bets.temp' is opened by 15956@LAPTOP-CAMHNDK2

[2020-03-15 21:04:28 #2 type.registry] 
New type domain.Apuesta

[2020-03-15 21:04:28 #3 type] 
Type domain.Apuesta is not enhanced.

[2020-03-15 21:04:28 #4 type.registry] 
New type domain.Driver

[2020-03-15 21:04:28 #5 type] 
Type domain.Driver is not enhanced.

[2020-03-15 21:04:28 #6 type.registry] 
New type domain.Event

[2020-03-15 21:04:28 #7 type] 
Type domain.Event is not enhanced.

[2020-03-15 21:04:28 #8 type.registry] 
New type java.util.Vector<domain.Driver>

[2020-03-15 21:04:28 #9 type.registry] 
New type java.util.Vector<java.lang.Object>

------------------------------------------------------------------------------------------------------------------------

[2020-03-15 21:24:18 #1 store] 
Database 'C:\Users\Jorge\eclipse-workspace\IS1\Trabajo_Carreras\Races\resources\bets.temp' is opened by 2088@LAPTOP-CAMHNDK2

[2020-03-15 21:24:18 #2 type.registry] 
New type domain.Apuesta

[2020-03-15 21:24:18 #3 type] 
Type domain.Apuesta is not enhanced.

[2020-03-15 21:24:18 #4 type.registry] 
New type domain.Driver

[2020-03-15 21:24:18 #5 type] 
Type domain.Driver is not enhanced.

[2020-03-15 21:24:18 #6 type.registry] 
New type domain.Event

[2020-03-15 21:24:18 #7 type] 
Type domain.Event is not enhanced.

[2020-03-15 21:24:18 #8 type.registry] 
New type java.util.Vector<domain.Driver>

[2020-03-15 21:24:18 #9 type.registry] 
New type java.util.Vector<java.lang.Object>

------------------------------------------------------------------------------------------------------------------------

[2020-03-15 22:03:04 #1 store] 
Database 'C:\Users\Jorge\eclipse-workspace\IS1\Trabajo_Carreras\Races\resources\bets.temp' is opened by 8200@LAPTOP-CAMHNDK2

[2020-03-15 22:03:05 #2 type.registry] 
New type domain.Apuesta

[2020-03-15 22:03:05 #3 type] 
Type domain.Apuesta is not enhanced.

[2020-03-15 22:03:05 #4 type.registry] 
New type domain.Driver

[2020-03-15 22:03:05 #5 type] 
Type domain.Driver is not enhanced.

[2020-03-15 22:03:05 #6 type.registry] 
New type domain.Event

[2020-03-15 22:03:05 #7 type] 
Type domain.Event is not enhanced.

[2020-03-15 22:03:05 #8 type.registry] 
New type java.util.Vector<domain.Driver>

[2020-03-15 22:03:05 #9 type.registry] 
New type java.util.Vector<java.lang.Object>

