------------------------------------------------------------------------------------------------------------------------

[2020-03-21 17:06:11 #1 store] 
Database 'C:\Users\Jorge\eclipse-workspace\IS1\Trabajo_Carreras\Races2\resources\bets.temp' is opened by 18136@LAPTOP-CAMHNDK2

[2020-03-21 17:06:11 #2 type.registry] 
New type domain.Driver

[2020-03-21 17:06:11 #3 type] 
Type domain.Driver is not enhanced.

[2020-03-21 17:06:11 #4 type.registry] 
New type domain.Apuesta

[2020-03-21 17:06:11 #5 type.registry] 
New type java.util.Vector<domain.Apuesta>

[2020-03-21 17:06:11 #6 type.registry] 
New type domain.Event

[2020-03-21 17:06:11 #7 type.registry] 
New type java.util.Vector<domain.Event>

[2020-03-21 17:06:11 #8 type] 
Type domain.Apuesta is not enhanced.

[2020-03-21 17:06:11 #9 type] 
Type domain.Event is not enhanced.

[2020-03-21 17:06:11 #10 type.registry] 
New type java.util.Vector<domain.Driver>

------------------------------------------------------------------------------------------------------------------------

[2020-03-21 17:52:30 #1 store] 
Database 'C:\Users\Jorge\eclipse-workspace\IS1\Trabajo_Carreras\Races2\resources\bets.temp' is opened by 17340@LAPTOP-CAMHNDK2

------------------------------------------------------------------------------------------------------------------------

[2020-03-21 18:23:04 #1 store] 
Database 'C:\Users\Jorge\eclipse-workspace\IS1\Trabajo_Carreras\Races2\resources\bets.temp' is opened by 8340@LAPTOP-CAMHNDK2

[2020-03-21 18:23:04 #2 type.registry] 
New type domain.Piloto

[2020-03-21 18:23:04 #3 type] 
Type domain.Piloto is not enhanced.

[2020-03-21 18:23:04 #4 type.registry] 
New type domain.PilotoEnCarrera

[2020-03-21 18:23:04 #5 type.registry] 
New type java.util.ArrayList<domain.PilotoEnCarrera>

[2020-03-21 18:23:04 #6 type] 
Type domain.PilotoEnCarrera is not enhanced.

[2020-03-21 18:23:04 #7 type.registry] 
New type domain.Apuesta

[2020-03-21 18:23:04 #8 type.registry] 
New type java.util.ArrayList<domain.Apuesta>

[2020-03-21 18:23:04 #9 type.registry] 
New type domain.Carrera

[2020-03-21 18:23:04 #10 type] 
Type domain.Apuesta is not enhanced.

[2020-03-21 18:23:04 #11 type] 
Type domain.Carrera is not enhanced.

[2020-03-21 18:23:04 #12 type.registry] 
New type java.util.ArrayList<java.lang.Object>

------------------------------------------------------------------------------------------------------------------------

[2020-03-21 18:25:43 #1 store] 
Database 'C:\Users\Jorge\eclipse-workspace\IS1\Trabajo_Carreras\Races2\resources\bets.temp' is opened by 16964@LAPTOP-CAMHNDK2

[2020-03-21 18:25:43 #2 type.registry] 
New type domain.Piloto

[2020-03-21 18:25:43 #3 type] 
Type domain.Piloto is not enhanced.

[2020-03-21 18:25:43 #4 type.registry] 
New type domain.PilotoEnCarrera

[2020-03-21 18:25:43 #5 type.registry] 
New type java.util.ArrayList<domain.PilotoEnCarrera>

[2020-03-21 18:25:43 #6 type] 
Type domain.PilotoEnCarrera is not enhanced.

[2020-03-21 18:25:43 #7 type.registry] 
New type domain.Apuesta

[2020-03-21 18:25:43 #8 type.registry] 
New type java.util.ArrayList<domain.Apuesta>

[2020-03-21 18:25:43 #9 type.registry] 
New type domain.Carrera

[2020-03-21 18:25:43 #10 type] 
Type domain.Apuesta is not enhanced.

[2020-03-21 18:25:43 #11 type] 
Type domain.Carrera is not enhanced.

[2020-03-21 18:25:43 #12 type.registry] 
New type java.util.ArrayList<java.lang.Object>

------------------------------------------------------------------------------------------------------------------------

[2020-03-21 18:26:02 #1 store] 
Database 'C:\Users\Jorge\eclipse-workspace\IS1\Trabajo_Carreras\Races2\resources\bets.temp' is opened by 20644@LAPTOP-CAMHNDK2

[2020-03-21 18:26:03 #2 type.registry] 
New type domain.Piloto

[2020-03-21 18:26:03 #3 type] 
Type domain.Piloto is not enhanced.

[2020-03-21 18:26:03 #4 type.registry] 
New type domain.PilotoEnCarrera

[2020-03-21 18:26:03 #5 type.registry] 
New type java.util.ArrayList<domain.PilotoEnCarrera>

[2020-03-21 18:26:03 #6 type] 
Type domain.PilotoEnCarrera is not enhanced.

[2020-03-21 18:26:03 #7 type.registry] 
New type domain.Apuesta

[2020-03-21 18:26:03 #8 type.registry] 
New type java.util.ArrayList<domain.Apuesta>

[2020-03-21 18:26:03 #9 type.registry] 
New type domain.Carrera

[2020-03-21 18:26:03 #10 type] 
Type domain.Apuesta is not enhanced.

[2020-03-21 18:26:03 #11 type] 
Type domain.Carrera is not enhanced.

[2020-03-21 18:26:03 #12 type.registry] 
New type java.util.ArrayList<java.lang.Object>

------------------------------------------------------------------------------------------------------------------------

[2020-03-21 18:29:17 #1 store] 
Database 'C:\Users\Jorge\eclipse-workspace\IS1\Trabajo_Carreras\Races2\resources\bets.temp' is opened by 9448@LAPTOP-CAMHNDK2

[2020-03-21 18:29:17 #2 type.registry] 
New type domain.Piloto

[2020-03-21 18:29:17 #3 type] 
Type domain.Piloto is not enhanced.

[2020-03-21 18:29:17 #4 type.registry] 
New type domain.PilotoEnCarrera

[2020-03-21 18:29:17 #5 type.registry] 
New type java.util.ArrayList<domain.PilotoEnCarrera>

[2020-03-21 18:29:17 #6 type] 
Type domain.PilotoEnCarrera is not enhanced.

[2020-03-21 18:29:17 #7 type.registry] 
New type domain.Apuesta

[2020-03-21 18:29:17 #8 type.registry] 
New type java.util.ArrayList<domain.Apuesta>

[2020-03-21 18:29:17 #9 type.registry] 
New type domain.Carrera

[2020-03-21 18:29:17 #10 type] 
Type domain.Apuesta is not enhanced.

[2020-03-21 18:29:17 #11 type] 
Type domain.Carrera is not enhanced.

[2020-03-21 18:29:17 #12 type.registry] 
New type java.util.ArrayList<java.lang.Object>

------------------------------------------------------------------------------------------------------------------------

[2020-03-21 18:31:10 #1 store] 
Database 'C:\Users\Jorge\eclipse-workspace\IS1\Trabajo_Carreras\Races2\resources\bets.temp' is opened by 3296@LAPTOP-CAMHNDK2

[2020-03-21 18:31:10 #2 type.registry] 
New type domain.Piloto

[2020-03-21 18:31:10 #3 type] 
Type domain.Piloto is not enhanced.

[2020-03-21 18:31:10 #4 type.registry] 
New type domain.PilotoEnCarrera

[2020-03-21 18:31:11 #5 type.registry] 
New type java.util.ArrayList<domain.PilotoEnCarrera>

[2020-03-21 18:31:11 #6 type] 
Type domain.PilotoEnCarrera is not enhanced.

[2020-03-21 18:31:11 #7 type.registry] 
New type domain.Apuesta

[2020-03-21 18:31:11 #8 type.registry] 
New type java.util.ArrayList<domain.Apuesta>

[2020-03-21 18:31:11 #9 type.registry] 
New type domain.Carrera

[2020-03-21 18:31:11 #10 type] 
Type domain.Apuesta is not enhanced.

[2020-03-21 18:31:11 #11 type] 
Type domain.Carrera is not enhanced.

[2020-03-21 18:31:11 #12 type.registry] 
New type java.util.ArrayList<java.lang.Object>

------------------------------------------------------------------------------------------------------------------------

[2020-03-21 18:32:06 #1 store] 
Database 'C:\Users\Jorge\eclipse-workspace\IS1\Trabajo_Carreras\Races2\resources\bets.temp' is opened by 20312@LAPTOP-CAMHNDK2

[2020-03-21 18:32:07 #2 type.registry] 
New type domain.Piloto

[2020-03-21 18:32:07 #3 type] 
Type domain.Piloto is not enhanced.

[2020-03-21 18:32:07 #4 type.registry] 
New type domain.PilotoEnCarrera

[2020-03-21 18:32:07 #5 type.registry] 
New type java.util.ArrayList<domain.PilotoEnCarrera>

[2020-03-21 18:32:07 #6 type] 
Type domain.PilotoEnCarrera is not enhanced.

[2020-03-21 18:32:07 #7 type.registry] 
New type domain.Apuesta

[2020-03-21 18:32:07 #8 type.registry] 
New type java.util.ArrayList<domain.Apuesta>

[2020-03-21 18:32:07 #9 type.registry] 
New type domain.Carrera

[2020-03-21 18:32:07 #10 type] 
Type domain.Apuesta is not enhanced.

[2020-03-21 18:32:07 #11 type] 
Type domain.Carrera is not enhanced.

[2020-03-21 18:32:07 #12 type.registry] 
New type java.util.ArrayList<java.lang.Object>

