------------------------------------------------------------------------------------------------------------------------

[2020-04-30 00:00:57 #1 store] 
Database 'C:\Users\Jorge\eclipse-workspace\IS1\Trabajo_Carreras\Races2\resources\bets.temp' is opened by 4744@LAPTOP-CAMHNDK2

[2020-04-30 00:00:57 #2 type.registry] 
New type domain.Usuario

[2020-04-30 00:00:57 #3 type.registry] 
New type domain.Admin

[2020-04-30 00:00:57 #4 type] 
Type domain.Usuario is not enhanced.

[2020-04-30 00:00:57 #5 type] 
Type domain.Admin is not enhanced.

[2020-04-30 00:00:57 #6 type.registry] 
New type domain.Cliente

[2020-04-30 00:00:57 #7 type] 
Type domain.Cliente is not enhanced.

[2020-04-30 00:00:57 #8 type.registry] 
New type domain.Apuesta

[2020-04-30 00:00:57 #9 type.registry] 
New type java.util.Vector<domain.Apuesta>

[2020-04-30 00:00:57 #10 type] 
Type domain.Apuesta is not enhanced.

[2020-04-30 00:00:57 #11 type.registry] 
New type domain.ParrillaDeSalida

[2020-04-30 00:00:57 #12 type] 
Type domain.ParrillaDeSalida is not enhanced.

[2020-04-30 00:00:57 #13 type.registry] 
New type java.util.ArrayList<domain.Apuesta>

[2020-04-30 00:00:57 #14 type.registry] 
New type domain.Piloto

[2020-04-30 00:00:57 #15 type.registry] 
New type domain.Carrera

[2020-04-30 00:00:57 #16 type] 
Type domain.Piloto is not enhanced.

[2020-04-30 00:00:57 #17 type.registry] 
New type java.util.ArrayList<domain.ParrillaDeSalida>

[2020-04-30 00:00:57 #18 type.registry] 
New type domain.Coche

[2020-04-30 00:00:57 #19 type.registry] 
New type domain.Escuderia

[2020-04-30 00:00:57 #20 type] 
Type domain.Carrera is not enhanced.

[2020-04-30 00:00:57 #21 type] 
Type domain.Coche is not enhanced.

[2020-04-30 00:00:57 #22 type] 
Type domain.Escuderia is not enhanced.

[2020-04-30 00:00:57 #23 type.registry] 
New type java.util.ArrayList<domain.Piloto>

[2020-04-30 00:00:57 #24 type.registry] 
New type java.util.ArrayList<domain.Coche>

[2020-04-30 00:00:57 #25 type.registry] 
New type java.util.ArrayList<java.lang.Object>

[2020-04-30 00:00:57 #26 type.registry] 
New type java.util.Vector<java.lang.Object>

------------------------------------------------------------------------------------------------------------------------

[2020-04-30 00:14:35 #1 store] 
Database 'C:\Users\Jorge\eclipse-workspace\IS1\Trabajo_Carreras\Races2\resources\bets.temp' is opened by 7900@LAPTOP-CAMHNDK2

[2020-04-30 00:14:35 #2 type.registry] 
New type domain.Usuario

[2020-04-30 00:14:35 #3 type.registry] 
New type domain.Admin

[2020-04-30 00:14:35 #4 type] 
Type domain.Usuario is not enhanced.

[2020-04-30 00:14:35 #5 type] 
Type domain.Admin is not enhanced.

[2020-04-30 00:14:35 #6 type.registry] 
New type domain.Cliente

[2020-04-30 00:14:35 #7 type] 
Type domain.Cliente is not enhanced.

[2020-04-30 00:14:35 #8 type.registry] 
New type domain.Apuesta

[2020-04-30 00:14:35 #9 type.registry] 
New type java.util.Vector<domain.Apuesta>

[2020-04-30 00:14:35 #10 type] 
Type domain.Apuesta is not enhanced.

[2020-04-30 00:14:35 #11 type.registry] 
New type domain.ParrillaDeSalida

[2020-04-30 00:14:35 #12 type] 
Type domain.ParrillaDeSalida is not enhanced.

[2020-04-30 00:14:35 #13 type.registry] 
New type java.util.ArrayList<domain.Apuesta>

[2020-04-30 00:14:35 #14 type.registry] 
New type domain.Piloto

[2020-04-30 00:14:35 #15 type.registry] 
New type domain.Carrera

[2020-04-30 00:14:35 #16 type] 
Type domain.Piloto is not enhanced.

[2020-04-30 00:14:35 #17 type.registry] 
New type java.util.ArrayList<domain.ParrillaDeSalida>

[2020-04-30 00:14:35 #18 type.registry] 
New type domain.Coche

[2020-04-30 00:14:35 #19 type.registry] 
New type domain.Escuderia

[2020-04-30 00:14:35 #20 type] 
Type domain.Carrera is not enhanced.

[2020-04-30 00:14:35 #21 type] 
Type domain.Coche is not enhanced.

[2020-04-30 00:14:35 #22 type] 
Type domain.Escuderia is not enhanced.

[2020-04-30 00:14:35 #23 type.registry] 
New type java.util.ArrayList<domain.Piloto>

[2020-04-30 00:14:35 #24 type.registry] 
New type java.util.ArrayList<domain.Coche>

[2020-04-30 00:14:35 #25 type.registry] 
New type java.util.ArrayList<java.lang.Object>

[2020-04-30 00:14:35 #26 type.registry] 
New type java.util.Vector<java.lang.Object>

------------------------------------------------------------------------------------------------------------------------

[2020-04-30 00:25:03 #1 store] 
Database 'C:\Users\Jorge\eclipse-workspace\IS1\Trabajo_Carreras\Races2\resources\bets.temp' is opened by 17056@LAPTOP-CAMHNDK2

[2020-04-30 00:25:03 #2 type.registry] 
New type domain.Usuario

[2020-04-30 00:25:03 #3 type.registry] 
New type domain.Admin

[2020-04-30 00:25:03 #4 type] 
Type domain.Usuario is not enhanced.

[2020-04-30 00:25:03 #5 type] 
Type domain.Admin is not enhanced.

[2020-04-30 00:25:03 #6 type.registry] 
New type domain.Cliente

[2020-04-30 00:25:03 #7 type] 
Type domain.Cliente is not enhanced.

[2020-04-30 00:25:03 #8 type.registry] 
New type domain.Apuesta

[2020-04-30 00:25:03 #9 type.registry] 
New type java.util.Vector<domain.Apuesta>

[2020-04-30 00:25:03 #10 type] 
Type domain.Apuesta is not enhanced.

[2020-04-30 00:25:03 #11 type.registry] 
New type domain.ParrillaDeSalida

[2020-04-30 00:25:03 #12 type] 
Type domain.ParrillaDeSalida is not enhanced.

[2020-04-30 00:25:03 #13 type.registry] 
New type java.util.ArrayList<domain.Apuesta>

[2020-04-30 00:25:03 #14 type.registry] 
New type domain.Piloto

[2020-04-30 00:25:03 #15 type.registry] 
New type domain.Carrera

[2020-04-30 00:25:03 #16 type] 
Type domain.Piloto is not enhanced.

[2020-04-30 00:25:03 #17 type.registry] 
New type java.util.ArrayList<domain.ParrillaDeSalida>

[2020-04-30 00:25:03 #18 type.registry] 
New type domain.Coche

[2020-04-30 00:25:03 #19 type.registry] 
New type domain.Escuderia

[2020-04-30 00:25:03 #20 type] 
Type domain.Carrera is not enhanced.

[2020-04-30 00:25:03 #21 type] 
Type domain.Coche is not enhanced.

[2020-04-30 00:25:03 #22 type] 
Type domain.Escuderia is not enhanced.

[2020-04-30 00:25:03 #23 type.registry] 
New type java.util.ArrayList<domain.Piloto>

[2020-04-30 00:25:03 #24 type.registry] 
New type java.util.ArrayList<domain.Coche>

[2020-04-30 00:25:03 #25 type.registry] 
New type java.util.ArrayList<java.lang.Object>

[2020-04-30 00:25:03 #26 type.registry] 
New type java.util.Vector<java.lang.Object>

------------------------------------------------------------------------------------------------------------------------

[2020-04-30 00:26:09 #1 store] 
Database 'C:\Users\Jorge\eclipse-workspace\IS1\Trabajo_Carreras\Races2\resources\bets.temp' is opened by 14100@LAPTOP-CAMHNDK2

------------------------------------------------------------------------------------------------------------------------

[2020-04-30 00:26:19 #1 store] 
Database 'C:\Users\Jorge\eclipse-workspace\IS1\Trabajo_Carreras\Races2\resources\bets.temp' is opened by 17396@LAPTOP-CAMHNDK2

------------------------------------------------------------------------------------------------------------------------

[2020-04-30 00:26:40 #1 store] 
Database 'C:\Users\Jorge\eclipse-workspace\IS1\Trabajo_Carreras\Races2\resources\bets.temp' is opened by 7780@LAPTOP-CAMHNDK2

[2020-04-30 00:26:40 #2 type.registry] 
New type domain.Usuario

[2020-04-30 00:26:40 #3 type.registry] 
New type domain.Admin

[2020-04-30 00:26:40 #4 type] 
Type domain.Usuario is not enhanced.

[2020-04-30 00:26:40 #5 type] 
Type domain.Admin is not enhanced.

[2020-04-30 00:26:41 #6 type.registry] 
New type domain.Cliente

[2020-04-30 00:26:41 #7 type] 
Type domain.Cliente is not enhanced.

[2020-04-30 00:26:41 #8 type.registry] 
New type domain.Apuesta

[2020-04-30 00:26:41 #9 type.registry] 
New type java.util.Vector<domain.Apuesta>

[2020-04-30 00:26:41 #10 type] 
Type domain.Apuesta is not enhanced.

[2020-04-30 00:26:41 #11 type.registry] 
New type domain.ParrillaDeSalida

[2020-04-30 00:26:41 #12 type] 
Type domain.ParrillaDeSalida is not enhanced.

[2020-04-30 00:26:41 #13 type.registry] 
New type java.util.ArrayList<domain.Apuesta>

[2020-04-30 00:26:41 #14 type.registry] 
New type domain.Piloto

[2020-04-30 00:26:41 #15 type.registry] 
New type domain.Carrera

[2020-04-30 00:26:41 #16 type] 
Type domain.Piloto is not enhanced.

[2020-04-30 00:26:41 #17 type.registry] 
New type java.util.ArrayList<domain.ParrillaDeSalida>

[2020-04-30 00:26:41 #18 type.registry] 
New type domain.Coche

[2020-04-30 00:26:41 #19 type.registry] 
New type domain.Escuderia

[2020-04-30 00:26:41 #20 type] 
Type domain.Carrera is not enhanced.

[2020-04-30 00:26:41 #21 type] 
Type domain.Coche is not enhanced.

[2020-04-30 00:26:41 #22 type] 
Type domain.Escuderia is not enhanced.

[2020-04-30 00:26:41 #23 type.registry] 
New type java.util.ArrayList<domain.Piloto>

[2020-04-30 00:26:41 #24 type.registry] 
New type java.util.ArrayList<domain.Coche>

[2020-04-30 00:26:41 #25 type.registry] 
New type java.util.ArrayList<java.lang.Object>

[2020-04-30 00:26:41 #26 type.registry] 
New type java.util.Vector<java.lang.Object>

------------------------------------------------------------------------------------------------------------------------

[2020-04-30 00:29:02 #1 store] 
Database 'C:\Users\Jorge\eclipse-workspace\IS1\Trabajo_Carreras\Races2\resources\bets.temp' is opened by 9552@LAPTOP-CAMHNDK2

[2020-04-30 00:29:02 #2 type.registry] 
New type domain.Usuario

[2020-04-30 00:29:02 #3 type.registry] 
New type domain.Admin

[2020-04-30 00:29:02 #4 type] 
Type domain.Usuario is not enhanced.

[2020-04-30 00:29:02 #5 type] 
Type domain.Admin is not enhanced.

[2020-04-30 00:29:02 #6 type.registry] 
New type domain.Cliente

[2020-04-30 00:29:02 #7 type] 
Type domain.Cliente is not enhanced.

[2020-04-30 00:29:02 #8 type.registry] 
New type domain.Apuesta

[2020-04-30 00:29:02 #9 type.registry] 
New type java.util.Vector<domain.Apuesta>

[2020-04-30 00:29:02 #10 type] 
Type domain.Apuesta is not enhanced.

[2020-04-30 00:29:02 #11 type.registry] 
New type domain.ParrillaDeSalida

[2020-04-30 00:29:02 #12 type] 
Type domain.ParrillaDeSalida is not enhanced.

[2020-04-30 00:29:02 #13 type.registry] 
New type java.util.ArrayList<domain.Apuesta>

[2020-04-30 00:29:02 #14 type.registry] 
New type domain.Piloto

[2020-04-30 00:29:02 #15 type.registry] 
New type domain.Carrera

[2020-04-30 00:29:02 #16 type] 
Type domain.Piloto is not enhanced.

[2020-04-30 00:29:02 #17 type.registry] 
New type java.util.ArrayList<domain.ParrillaDeSalida>

[2020-04-30 00:29:02 #18 type.registry] 
New type domain.Coche

[2020-04-30 00:29:02 #19 type.registry] 
New type domain.Escuderia

[2020-04-30 00:29:02 #20 type] 
Type domain.Carrera is not enhanced.

[2020-04-30 00:29:02 #21 type] 
Type domain.Coche is not enhanced.

[2020-04-30 00:29:02 #22 type] 
Type domain.Escuderia is not enhanced.

[2020-04-30 00:29:02 #23 type.registry] 
New type java.util.ArrayList<domain.Piloto>

[2020-04-30 00:29:02 #24 type.registry] 
New type java.util.ArrayList<domain.Coche>

[2020-04-30 00:29:02 #25 type.registry] 
New type java.util.ArrayList<java.lang.Object>

[2020-04-30 00:29:02 #26 type.registry] 
New type java.util.Vector<java.lang.Object>

------------------------------------------------------------------------------------------------------------------------

[2020-04-30 00:40:54 #1 store] 
Database 'C:\Users\Jorge\eclipse-workspace\IS1\Trabajo_Carreras\Races2\resources\bets.temp' is opened by 17936@LAPTOP-CAMHNDK2

[2020-04-30 00:40:54 #2 type.registry] 
New type domain.Usuario

[2020-04-30 00:40:54 #3 type.registry] 
New type domain.Admin

[2020-04-30 00:40:54 #4 type] 
Type domain.Usuario is not enhanced.

[2020-04-30 00:40:54 #5 type] 
Type domain.Admin is not enhanced.

[2020-04-30 00:40:54 #6 type.registry] 
New type domain.Cliente

[2020-04-30 00:40:54 #7 type] 
Type domain.Cliente is not enhanced.

[2020-04-30 00:40:54 #8 type.registry] 
New type domain.Apuesta

[2020-04-30 00:40:54 #9 type.registry] 
New type java.util.Vector<domain.Apuesta>

[2020-04-30 00:40:54 #10 type] 
Type domain.Apuesta is not enhanced.

[2020-04-30 00:40:54 #11 type.registry] 
New type domain.ParrillaDeSalida

[2020-04-30 00:40:54 #12 type] 
Type domain.ParrillaDeSalida is not enhanced.

[2020-04-30 00:40:54 #13 type.registry] 
New type java.util.ArrayList<domain.Apuesta>

[2020-04-30 00:40:54 #14 type.registry] 
New type domain.Piloto

[2020-04-30 00:40:54 #15 type.registry] 
New type domain.Carrera

[2020-04-30 00:40:54 #16 type] 
Type domain.Piloto is not enhanced.

[2020-04-30 00:40:54 #17 type.registry] 
New type java.util.ArrayList<domain.ParrillaDeSalida>

[2020-04-30 00:40:54 #18 type.registry] 
New type domain.Coche

[2020-04-30 00:40:54 #19 type.registry] 
New type domain.Escuderia

[2020-04-30 00:40:54 #20 type] 
Type domain.Carrera is not enhanced.

[2020-04-30 00:40:54 #21 type] 
Type domain.Coche is not enhanced.

[2020-04-30 00:40:54 #22 type] 
Type domain.Escuderia is not enhanced.

[2020-04-30 00:40:54 #23 type.registry] 
New type java.util.ArrayList<domain.Piloto>

[2020-04-30 00:40:54 #24 type.registry] 
New type java.util.ArrayList<domain.Coche>

[2020-04-30 00:40:54 #25 type.registry] 
New type java.util.ArrayList<java.lang.Object>

[2020-04-30 00:40:54 #26 type.registry] 
New type java.util.Vector<java.lang.Object>

------------------------------------------------------------------------------------------------------------------------

[2020-04-30 00:41:02 #1 store] 
Database 'C:\Users\Jorge\eclipse-workspace\IS1\Trabajo_Carreras\Races2\resources\bets.temp' is opened by 14420@LAPTOP-CAMHNDK2

[2020-04-30 00:41:03 #2 type.registry] 
New type domain.Usuario

[2020-04-30 00:41:03 #3 type.registry] 
New type domain.Admin

[2020-04-30 00:41:03 #4 type] 
Type domain.Usuario is not enhanced.

[2020-04-30 00:41:03 #5 type] 
Type domain.Admin is not enhanced.

[2020-04-30 00:41:03 #6 type.registry] 
New type domain.Cliente

[2020-04-30 00:41:03 #7 type] 
Type domain.Cliente is not enhanced.

[2020-04-30 00:41:03 #8 type.registry] 
New type domain.Apuesta

[2020-04-30 00:41:03 #9 type.registry] 
New type java.util.Vector<domain.Apuesta>

[2020-04-30 00:41:03 #10 type] 
Type domain.Apuesta is not enhanced.

[2020-04-30 00:41:03 #11 type.registry] 
New type domain.ParrillaDeSalida

[2020-04-30 00:41:03 #12 type] 
Type domain.ParrillaDeSalida is not enhanced.

[2020-04-30 00:41:03 #13 type.registry] 
New type java.util.ArrayList<domain.Apuesta>

[2020-04-30 00:41:03 #14 type.registry] 
New type domain.Piloto

[2020-04-30 00:41:03 #15 type.registry] 
New type domain.Carrera

[2020-04-30 00:41:03 #16 type] 
Type domain.Piloto is not enhanced.

[2020-04-30 00:41:03 #17 type.registry] 
New type java.util.ArrayList<domain.ParrillaDeSalida>

[2020-04-30 00:41:03 #18 type.registry] 
New type domain.Coche

[2020-04-30 00:41:03 #19 type.registry] 
New type domain.Escuderia

[2020-04-30 00:41:03 #20 type] 
Type domain.Carrera is not enhanced.

[2020-04-30 00:41:03 #21 type] 
Type domain.Coche is not enhanced.

[2020-04-30 00:41:03 #22 type] 
Type domain.Escuderia is not enhanced.

[2020-04-30 00:41:03 #23 type.registry] 
New type java.util.ArrayList<domain.Piloto>

[2020-04-30 00:41:03 #24 type.registry] 
New type java.util.ArrayList<domain.Coche>

[2020-04-30 00:41:03 #25 type.registry] 
New type java.util.ArrayList<java.lang.Object>

[2020-04-30 00:41:03 #26 type.registry] 
New type java.util.Vector<java.lang.Object>

------------------------------------------------------------------------------------------------------------------------

[2020-04-30 00:42:45 #1 store] 
Database 'C:\Users\Jorge\eclipse-workspace\IS1\Trabajo_Carreras\Races2\resources\bets.temp' is opened by 6380@LAPTOP-CAMHNDK2

[2020-04-30 00:42:45 #2 type.registry] 
New type domain.Usuario

[2020-04-30 00:42:45 #3 type.registry] 
New type domain.Admin

[2020-04-30 00:42:45 #4 type] 
Type domain.Usuario is not enhanced.

[2020-04-30 00:42:45 #5 type] 
Type domain.Admin is not enhanced.

[2020-04-30 00:42:45 #6 type.registry] 
New type domain.Cliente

[2020-04-30 00:42:45 #7 type] 
Type domain.Cliente is not enhanced.

[2020-04-30 00:42:45 #8 type.registry] 
New type domain.Apuesta

[2020-04-30 00:42:45 #9 type.registry] 
New type java.util.Vector<domain.Apuesta>

[2020-04-30 00:42:45 #10 type] 
Type domain.Apuesta is not enhanced.

[2020-04-30 00:42:46 #11 type.registry] 
New type domain.ParrillaDeSalida

[2020-04-30 00:42:46 #12 type] 
Type domain.ParrillaDeSalida is not enhanced.

[2020-04-30 00:42:46 #13 type.registry] 
New type java.util.ArrayList<domain.Apuesta>

[2020-04-30 00:42:46 #14 type.registry] 
New type domain.Piloto

[2020-04-30 00:42:46 #15 type.registry] 
New type domain.Carrera

[2020-04-30 00:42:46 #16 type] 
Type domain.Piloto is not enhanced.

[2020-04-30 00:42:46 #17 type.registry] 
New type java.util.ArrayList<domain.ParrillaDeSalida>

[2020-04-30 00:42:46 #18 type.registry] 
New type domain.Coche

[2020-04-30 00:42:46 #19 type.registry] 
New type domain.Escuderia

[2020-04-30 00:42:46 #20 type] 
Type domain.Carrera is not enhanced.

[2020-04-30 00:42:46 #21 type] 
Type domain.Coche is not enhanced.

[2020-04-30 00:42:46 #22 type] 
Type domain.Escuderia is not enhanced.

[2020-04-30 00:42:46 #23 type.registry] 
New type java.util.ArrayList<domain.Piloto>

[2020-04-30 00:42:46 #24 type.registry] 
New type java.util.ArrayList<domain.Coche>

[2020-04-30 00:42:46 #25 type.registry] 
New type java.util.ArrayList<java.lang.Object>

[2020-04-30 00:42:46 #26 type.registry] 
New type java.util.Vector<java.lang.Object>

------------------------------------------------------------------------------------------------------------------------

[2020-04-30 00:45:45 #1 store] 
Database 'C:\Users\Jorge\eclipse-workspace\IS1\Trabajo_Carreras\Races2\resources\bets.temp' is opened by 12864@LAPTOP-CAMHNDK2

[2020-04-30 00:45:45 #2 type.registry] 
New type domain.Usuario

[2020-04-30 00:45:45 #3 type.registry] 
New type domain.Admin

[2020-04-30 00:45:45 #4 type] 
Type domain.Usuario is not enhanced.

[2020-04-30 00:45:45 #5 type] 
Type domain.Admin is not enhanced.

[2020-04-30 00:45:45 #6 type.registry] 
New type domain.Cliente

[2020-04-30 00:45:45 #7 type] 
Type domain.Cliente is not enhanced.

[2020-04-30 00:45:45 #8 type.registry] 
New type domain.Apuesta

[2020-04-30 00:45:45 #9 type.registry] 
New type java.util.Vector<domain.Apuesta>

[2020-04-30 00:45:45 #10 type] 
Type domain.Apuesta is not enhanced.

[2020-04-30 00:45:45 #11 type.registry] 
New type domain.ParrillaDeSalida

[2020-04-30 00:45:45 #12 type] 
Type domain.ParrillaDeSalida is not enhanced.

[2020-04-30 00:45:45 #13 type.registry] 
New type java.util.ArrayList<domain.Apuesta>

[2020-04-30 00:45:45 #14 type.registry] 
New type domain.Piloto

[2020-04-30 00:45:45 #15 type.registry] 
New type domain.Carrera

[2020-04-30 00:45:45 #16 type] 
Type domain.Piloto is not enhanced.

[2020-04-30 00:45:45 #17 type.registry] 
New type java.util.ArrayList<domain.ParrillaDeSalida>

[2020-04-30 00:45:45 #18 type.registry] 
New type domain.Coche

[2020-04-30 00:45:45 #19 type.registry] 
New type domain.Escuderia

[2020-04-30 00:45:45 #20 type] 
Type domain.Carrera is not enhanced.

[2020-04-30 00:45:45 #21 type] 
Type domain.Coche is not enhanced.

[2020-04-30 00:45:45 #22 type] 
Type domain.Escuderia is not enhanced.

[2020-04-30 00:45:45 #23 type.registry] 
New type java.util.ArrayList<domain.Piloto>

[2020-04-30 00:45:45 #24 type.registry] 
New type java.util.ArrayList<domain.Coche>

[2020-04-30 00:45:45 #25 type.registry] 
New type java.util.ArrayList<java.lang.Object>

[2020-04-30 00:45:45 #26 type.registry] 
New type java.util.Vector<java.lang.Object>

------------------------------------------------------------------------------------------------------------------------

[2020-04-30 00:47:31 #1 store] 
Database 'C:\Users\Jorge\eclipse-workspace\IS1\Trabajo_Carreras\Races2\resources\bets.temp' is opened by 8068@LAPTOP-CAMHNDK2

[2020-04-30 00:47:32 #2 type.registry] 
New type domain.Usuario

[2020-04-30 00:47:32 #3 type.registry] 
New type domain.Admin

[2020-04-30 00:47:32 #4 type] 
Type domain.Usuario is not enhanced.

[2020-04-30 00:47:32 #5 type] 
Type domain.Admin is not enhanced.

[2020-04-30 00:47:32 #6 type.registry] 
New type domain.Cliente

[2020-04-30 00:47:32 #7 type] 
Type domain.Cliente is not enhanced.

[2020-04-30 00:47:32 #8 type.registry] 
New type domain.Apuesta

[2020-04-30 00:47:32 #9 type.registry] 
New type java.util.Vector<domain.Apuesta>

[2020-04-30 00:47:32 #10 type] 
Type domain.Apuesta is not enhanced.

[2020-04-30 00:47:32 #11 type.registry] 
New type domain.ParrillaDeSalida

[2020-04-30 00:47:32 #12 type] 
Type domain.ParrillaDeSalida is not enhanced.

[2020-04-30 00:47:32 #13 type.registry] 
New type java.util.ArrayList<domain.Apuesta>

[2020-04-30 00:47:32 #14 type.registry] 
New type domain.Piloto

[2020-04-30 00:47:32 #15 type.registry] 
New type domain.Carrera

[2020-04-30 00:47:32 #16 type] 
Type domain.Piloto is not enhanced.

[2020-04-30 00:47:32 #17 type.registry] 
New type java.util.ArrayList<domain.ParrillaDeSalida>

[2020-04-30 00:47:32 #18 type.registry] 
New type domain.Coche

[2020-04-30 00:47:32 #19 type.registry] 
New type domain.Escuderia

[2020-04-30 00:47:32 #20 type] 
Type domain.Carrera is not enhanced.

[2020-04-30 00:47:32 #21 type] 
Type domain.Coche is not enhanced.

[2020-04-30 00:47:32 #22 type] 
Type domain.Escuderia is not enhanced.

[2020-04-30 00:47:32 #23 type.registry] 
New type java.util.ArrayList<domain.Piloto>

[2020-04-30 00:47:32 #24 type.registry] 
New type java.util.ArrayList<domain.Coche>

[2020-04-30 00:47:32 #25 type.registry] 
New type java.util.ArrayList<java.lang.Object>

[2020-04-30 00:47:32 #26 type.registry] 
New type java.util.Vector<java.lang.Object>

------------------------------------------------------------------------------------------------------------------------

[2020-04-30 00:50:14 #1 store] 
Database 'C:\Users\Jorge\eclipse-workspace\IS1\Trabajo_Carreras\Races2\resources\bets.temp' is opened by 10604@LAPTOP-CAMHNDK2

[2020-04-30 00:50:14 #2 type.registry] 
New type domain.Usuario

[2020-04-30 00:50:14 #3 type.registry] 
New type domain.Admin

[2020-04-30 00:50:14 #4 type] 
Type domain.Usuario is not enhanced.

[2020-04-30 00:50:14 #5 type] 
Type domain.Admin is not enhanced.

[2020-04-30 00:50:14 #6 type.registry] 
New type domain.Cliente

[2020-04-30 00:50:14 #7 type] 
Type domain.Cliente is not enhanced.

[2020-04-30 00:50:14 #8 type.registry] 
New type domain.Apuesta

[2020-04-30 00:50:14 #9 type.registry] 
New type java.util.Vector<domain.Apuesta>

[2020-04-30 00:50:14 #10 type] 
Type domain.Apuesta is not enhanced.

[2020-04-30 00:50:14 #11 type.registry] 
New type domain.ParrillaDeSalida

[2020-04-30 00:50:14 #12 type] 
Type domain.ParrillaDeSalida is not enhanced.

[2020-04-30 00:50:14 #13 type.registry] 
New type java.util.ArrayList<domain.Apuesta>

[2020-04-30 00:50:14 #14 type.registry] 
New type domain.Piloto

[2020-04-30 00:50:14 #15 type.registry] 
New type domain.Carrera

[2020-04-30 00:50:14 #16 type] 
Type domain.Piloto is not enhanced.

[2020-04-30 00:50:14 #17 type.registry] 
New type java.util.ArrayList<domain.ParrillaDeSalida>

[2020-04-30 00:50:14 #18 type.registry] 
New type domain.Coche

[2020-04-30 00:50:14 #19 type.registry] 
New type domain.Escuderia

[2020-04-30 00:50:14 #20 type] 
Type domain.Carrera is not enhanced.

[2020-04-30 00:50:14 #21 type] 
Type domain.Coche is not enhanced.

[2020-04-30 00:50:14 #22 type] 
Type domain.Escuderia is not enhanced.

[2020-04-30 00:50:14 #23 type.registry] 
New type java.util.ArrayList<domain.Piloto>

[2020-04-30 00:50:14 #24 type.registry] 
New type java.util.ArrayList<domain.Coche>

[2020-04-30 00:50:14 #25 type.registry] 
New type java.util.ArrayList<java.lang.Object>

[2020-04-30 00:50:14 #26 type.registry] 
New type java.util.Vector<java.lang.Object>

------------------------------------------------------------------------------------------------------------------------

[2020-04-30 01:39:03 #1 store] 
Database 'C:\Users\Jorge\eclipse-workspace\IS1\Trabajo_Carreras\Races2\resources\bets.temp' is opened by 17440@LAPTOP-CAMHNDK2

[2020-04-30 01:39:03 #2 type.registry] 
New type domain.Usuario

[2020-04-30 01:39:03 #3 type.registry] 
New type domain.Admin

[2020-04-30 01:39:03 #4 type] 
Type domain.Usuario is not enhanced.

[2020-04-30 01:39:03 #5 type] 
Type domain.Admin is not enhanced.

[2020-04-30 01:39:03 #6 type.registry] 
New type domain.Cliente

[2020-04-30 01:39:03 #7 type] 
Type domain.Cliente is not enhanced.

[2020-04-30 01:39:03 #8 type.registry] 
New type domain.Apuesta

[2020-04-30 01:39:03 #9 type.registry] 
New type java.util.Vector<domain.Apuesta>

[2020-04-30 01:39:03 #10 type] 
Type domain.Apuesta is not enhanced.

[2020-04-30 01:39:03 #11 type.registry] 
New type domain.ParrillaDeSalida

[2020-04-30 01:39:03 #12 type] 
Type domain.ParrillaDeSalida is not enhanced.

[2020-04-30 01:39:03 #13 type.registry] 
New type java.util.ArrayList<domain.Apuesta>

[2020-04-30 01:39:03 #14 type.registry] 
New type domain.Piloto

[2020-04-30 01:39:03 #15 type.registry] 
New type domain.Carrera

[2020-04-30 01:39:03 #16 type] 
Type domain.Piloto is not enhanced.

[2020-04-30 01:39:03 #17 type.registry] 
New type java.util.ArrayList<domain.ParrillaDeSalida>

[2020-04-30 01:39:03 #18 type.registry] 
New type domain.Coche

[2020-04-30 01:39:03 #19 type.registry] 
New type domain.Escuderia

[2020-04-30 01:39:03 #20 type] 
Type domain.Carrera is not enhanced.

[2020-04-30 01:39:03 #21 type] 
Type domain.Coche is not enhanced.

[2020-04-30 01:39:03 #22 type] 
Type domain.Escuderia is not enhanced.

[2020-04-30 01:39:03 #23 type.registry] 
New type java.util.ArrayList<domain.Piloto>

[2020-04-30 01:39:03 #24 type.registry] 
New type java.util.ArrayList<domain.Coche>

[2020-04-30 01:39:03 #25 type.registry] 
New type java.util.ArrayList<java.lang.Object>

[2020-04-30 01:39:03 #26 type.registry] 
New type java.util.Vector<java.lang.Object>

------------------------------------------------------------------------------------------------------------------------

[2020-04-30 01:43:07 #1 store] 
Database 'C:\Users\Jorge\eclipse-workspace\IS1\Trabajo_Carreras\Races2\resources\bets.temp' is opened by 3716@LAPTOP-CAMHNDK2

[2020-04-30 01:43:07 #2 type.registry] 
New type domain.Usuario

[2020-04-30 01:43:07 #3 type.registry] 
New type domain.Admin

[2020-04-30 01:43:07 #4 type] 
Type domain.Usuario is not enhanced.

[2020-04-30 01:43:07 #5 type] 
Type domain.Admin is not enhanced.

[2020-04-30 01:43:07 #6 type.registry] 
New type domain.Cliente

[2020-04-30 01:43:07 #7 type] 
Type domain.Cliente is not enhanced.

[2020-04-30 01:43:07 #8 type.registry] 
New type domain.Apuesta

[2020-04-30 01:43:07 #9 type.registry] 
New type java.util.Vector<domain.Apuesta>

[2020-04-30 01:43:07 #10 type] 
Type domain.Apuesta is not enhanced.

[2020-04-30 01:43:07 #11 type.registry] 
New type domain.ParrillaDeSalida

[2020-04-30 01:43:07 #12 type] 
Type domain.ParrillaDeSalida is not enhanced.

[2020-04-30 01:43:07 #13 type.registry] 
New type java.util.ArrayList<domain.Apuesta>

[2020-04-30 01:43:07 #14 type.registry] 
New type domain.Piloto

[2020-04-30 01:43:07 #15 type.registry] 
New type domain.Carrera

[2020-04-30 01:43:07 #16 type] 
Type domain.Piloto is not enhanced.

[2020-04-30 01:43:07 #17 type.registry] 
New type java.util.ArrayList<domain.ParrillaDeSalida>

[2020-04-30 01:43:07 #18 type.registry] 
New type domain.Coche

[2020-04-30 01:43:07 #19 type.registry] 
New type domain.Escuderia

[2020-04-30 01:43:07 #20 type] 
Type domain.Carrera is not enhanced.

[2020-04-30 01:43:07 #21 type] 
Type domain.Coche is not enhanced.

[2020-04-30 01:43:07 #22 type] 
Type domain.Escuderia is not enhanced.

[2020-04-30 01:43:07 #23 type.registry] 
New type java.util.ArrayList<domain.Piloto>

[2020-04-30 01:43:07 #24 type.registry] 
New type java.util.ArrayList<domain.Coche>

[2020-04-30 01:43:07 #25 type.registry] 
New type java.util.ArrayList<java.lang.Object>

[2020-04-30 01:43:07 #26 type.registry] 
New type java.util.Vector<java.lang.Object>

------------------------------------------------------------------------------------------------------------------------

[2020-04-30 01:49:55 #1 store] 
Database 'C:\Users\Jorge\eclipse-workspace\IS1\Trabajo_Carreras\Races2\resources\bets.temp' is opened by 9472@LAPTOP-CAMHNDK2

[2020-04-30 01:49:55 #2 type.registry] 
New type domain.Usuario

[2020-04-30 01:49:55 #3 type.registry] 
New type domain.Admin

[2020-04-30 01:49:55 #4 type] 
Type domain.Usuario is not enhanced.

[2020-04-30 01:49:55 #5 type] 
Type domain.Admin is not enhanced.

[2020-04-30 01:49:55 #6 type.registry] 
New type domain.Cliente

[2020-04-30 01:49:55 #7 type] 
Type domain.Cliente is not enhanced.

[2020-04-30 01:49:55 #8 type.registry] 
New type domain.Apuesta

[2020-04-30 01:49:55 #9 type.registry] 
New type java.util.Vector<domain.Apuesta>

[2020-04-30 01:49:55 #10 type] 
Type domain.Apuesta is not enhanced.

[2020-04-30 01:49:55 #11 type.registry] 
New type domain.ParrillaDeSalida

[2020-04-30 01:49:55 #12 type] 
Type domain.ParrillaDeSalida is not enhanced.

[2020-04-30 01:49:55 #13 type.registry] 
New type java.util.ArrayList<domain.Apuesta>

[2020-04-30 01:49:55 #14 type.registry] 
New type domain.Piloto

[2020-04-30 01:49:55 #15 type.registry] 
New type domain.Carrera

[2020-04-30 01:49:55 #16 type] 
Type domain.Piloto is not enhanced.

[2020-04-30 01:49:55 #17 type.registry] 
New type java.util.ArrayList<domain.ParrillaDeSalida>

[2020-04-30 01:49:55 #18 type.registry] 
New type domain.Coche

[2020-04-30 01:49:55 #19 type.registry] 
New type domain.Escuderia

[2020-04-30 01:49:55 #20 type] 
Type domain.Carrera is not enhanced.

[2020-04-30 01:49:55 #21 type] 
Type domain.Coche is not enhanced.

[2020-04-30 01:49:55 #22 type] 
Type domain.Escuderia is not enhanced.

[2020-04-30 01:49:55 #23 type.registry] 
New type java.util.ArrayList<domain.Piloto>

[2020-04-30 01:49:55 #24 type.registry] 
New type java.util.ArrayList<domain.Coche>

[2020-04-30 01:49:55 #25 type.registry] 
New type java.util.ArrayList<java.lang.Object>

[2020-04-30 01:49:55 #26 type.registry] 
New type java.util.Vector<java.lang.Object>

------------------------------------------------------------------------------------------------------------------------

[2020-04-30 01:58:01 #1 store] 
Database 'C:\Users\Jorge\eclipse-workspace\IS1\Trabajo_Carreras\Races2\resources\bets.temp' is opened by 7252@LAPTOP-CAMHNDK2

[2020-04-30 01:58:01 #2 type.registry] 
New type domain.Usuario

[2020-04-30 01:58:01 #3 type.registry] 
New type domain.Admin

[2020-04-30 01:58:01 #4 type] 
Type domain.Usuario is not enhanced.

[2020-04-30 01:58:01 #5 type] 
Type domain.Admin is not enhanced.

[2020-04-30 01:58:01 #6 type.registry] 
New type domain.Cliente

[2020-04-30 01:58:01 #7 type] 
Type domain.Cliente is not enhanced.

[2020-04-30 01:58:01 #8 type.registry] 
New type domain.Apuesta

[2020-04-30 01:58:01 #9 type.registry] 
New type java.util.Vector<domain.Apuesta>

[2020-04-30 01:58:01 #10 type] 
Type domain.Apuesta is not enhanced.

[2020-04-30 01:58:01 #11 type.registry] 
New type domain.ParrillaDeSalida

[2020-04-30 01:58:01 #12 type] 
Type domain.ParrillaDeSalida is not enhanced.

[2020-04-30 01:58:01 #13 type.registry] 
New type java.util.ArrayList<domain.Apuesta>

[2020-04-30 01:58:01 #14 type.registry] 
New type domain.Piloto

[2020-04-30 01:58:01 #15 type.registry] 
New type domain.Carrera

[2020-04-30 01:58:01 #16 type] 
Type domain.Piloto is not enhanced.

[2020-04-30 01:58:01 #17 type.registry] 
New type java.util.ArrayList<domain.ParrillaDeSalida>

[2020-04-30 01:58:01 #18 type.registry] 
New type domain.Coche

[2020-04-30 01:58:01 #19 type.registry] 
New type domain.Escuderia

[2020-04-30 01:58:01 #20 type] 
Type domain.Carrera is not enhanced.

[2020-04-30 01:58:01 #21 type] 
Type domain.Coche is not enhanced.

[2020-04-30 01:58:01 #22 type] 
Type domain.Escuderia is not enhanced.

[2020-04-30 01:58:01 #23 type.registry] 
New type java.util.ArrayList<domain.Piloto>

[2020-04-30 01:58:01 #24 type.registry] 
New type java.util.ArrayList<domain.Coche>

[2020-04-30 01:58:01 #25 type.registry] 
New type java.util.ArrayList<java.lang.Object>

[2020-04-30 01:58:01 #26 type.registry] 
New type java.util.Vector<java.lang.Object>

------------------------------------------------------------------------------------------------------------------------

[2020-04-30 02:16:50 #1 store] 
Database 'C:\Users\Jorge\eclipse-workspace\IS1\Trabajo_Carreras\Races2\resources\bets.temp' is opened by 3556@LAPTOP-CAMHNDK2

[2020-04-30 02:16:50 #2 type.registry] 
New type domain.Usuario

[2020-04-30 02:16:50 #3 type.registry] 
New type domain.Admin

[2020-04-30 02:16:50 #4 type] 
Type domain.Usuario is not enhanced.

[2020-04-30 02:16:50 #5 type] 
Type domain.Admin is not enhanced.

[2020-04-30 02:16:50 #6 type.registry] 
New type domain.Cliente

[2020-04-30 02:16:50 #7 type] 
Type domain.Cliente is not enhanced.

[2020-04-30 02:16:50 #8 type.registry] 
New type domain.Apuesta

[2020-04-30 02:16:50 #9 type.registry] 
New type java.util.Vector<domain.Apuesta>

[2020-04-30 02:16:50 #10 type] 
Type domain.Apuesta is not enhanced.

[2020-04-30 02:16:50 #11 type.registry] 
New type domain.ParrillaDeSalida

[2020-04-30 02:16:50 #12 type] 
Type domain.ParrillaDeSalida is not enhanced.

[2020-04-30 02:16:50 #13 type.registry] 
New type java.util.ArrayList<domain.Apuesta>

[2020-04-30 02:16:50 #14 type.registry] 
New type domain.Piloto

[2020-04-30 02:16:50 #15 type.registry] 
New type domain.Carrera

[2020-04-30 02:16:50 #16 type] 
Type domain.Piloto is not enhanced.

[2020-04-30 02:16:50 #17 type.registry] 
New type java.util.ArrayList<domain.ParrillaDeSalida>

[2020-04-30 02:16:50 #18 type.registry] 
New type domain.Coche

[2020-04-30 02:16:50 #19 type.registry] 
New type domain.Escuderia

[2020-04-30 02:16:50 #20 type] 
Type domain.Carrera is not enhanced.

[2020-04-30 02:16:50 #21 type] 
Type domain.Coche is not enhanced.

[2020-04-30 02:16:50 #22 type] 
Type domain.Escuderia is not enhanced.

[2020-04-30 02:16:50 #23 type.registry] 
New type java.util.ArrayList<domain.Piloto>

[2020-04-30 02:16:50 #24 type.registry] 
New type java.util.ArrayList<domain.Coche>

[2020-04-30 02:16:50 #25 type.registry] 
New type java.util.ArrayList<java.lang.Object>

[2020-04-30 02:16:51 #26 type.registry] 
New type java.util.Vector<java.lang.Object>

------------------------------------------------------------------------------------------------------------------------

[2020-04-30 02:20:44 #1 store] 
Database 'C:\Users\Jorge\eclipse-workspace\IS1\Trabajo_Carreras\Races2\resources\bets.temp' is opened by 10632@LAPTOP-CAMHNDK2

[2020-04-30 02:20:44 #2 type.registry] 
New type domain.Usuario

[2020-04-30 02:20:44 #3 type.registry] 
New type domain.Admin

[2020-04-30 02:20:44 #4 type] 
Type domain.Usuario is not enhanced.

[2020-04-30 02:20:44 #5 type] 
Type domain.Admin is not enhanced.

[2020-04-30 02:20:44 #6 type.registry] 
New type domain.Cliente

[2020-04-30 02:20:44 #7 type] 
Type domain.Cliente is not enhanced.

[2020-04-30 02:20:44 #8 type.registry] 
New type domain.Apuesta

[2020-04-30 02:20:44 #9 type.registry] 
New type java.util.Vector<domain.Apuesta>

[2020-04-30 02:20:44 #10 type] 
Type domain.Apuesta is not enhanced.

[2020-04-30 02:20:44 #11 type.registry] 
New type domain.ParrillaDeSalida

[2020-04-30 02:20:44 #12 type] 
Type domain.ParrillaDeSalida is not enhanced.

[2020-04-30 02:20:44 #13 type.registry] 
New type java.util.ArrayList<domain.Apuesta>

[2020-04-30 02:20:44 #14 type.registry] 
New type domain.Piloto

[2020-04-30 02:20:44 #15 type.registry] 
New type domain.Carrera

[2020-04-30 02:20:44 #16 type] 
Type domain.Piloto is not enhanced.

[2020-04-30 02:20:44 #17 type.registry] 
New type java.util.ArrayList<domain.ParrillaDeSalida>

[2020-04-30 02:20:44 #18 type.registry] 
New type domain.Coche

[2020-04-30 02:20:44 #19 type.registry] 
New type domain.Escuderia

[2020-04-30 02:20:44 #20 type] 
Type domain.Carrera is not enhanced.

[2020-04-30 02:20:44 #21 type] 
Type domain.Coche is not enhanced.

[2020-04-30 02:20:44 #22 type] 
Type domain.Escuderia is not enhanced.

[2020-04-30 02:20:44 #23 type.registry] 
New type java.util.ArrayList<domain.Piloto>

[2020-04-30 02:20:44 #24 type.registry] 
New type java.util.ArrayList<domain.Coche>

[2020-04-30 02:20:44 #25 type.registry] 
New type java.util.ArrayList<java.lang.Object>

[2020-04-30 02:20:44 #26 type.registry] 
New type java.util.Vector<java.lang.Object>

------------------------------------------------------------------------------------------------------------------------

[2020-04-30 02:24:30 #1 store] 
Database 'C:\Users\Jorge\eclipse-workspace\IS1\Trabajo_Carreras\Races2\resources\bets.temp' is opened by 12444@LAPTOP-CAMHNDK2

[2020-04-30 02:24:30 #2 type.registry] 
New type domain.Usuario

[2020-04-30 02:24:30 #3 type.registry] 
New type domain.Admin

[2020-04-30 02:24:30 #4 type] 
Type domain.Usuario is not enhanced.

[2020-04-30 02:24:30 #5 type] 
Type domain.Admin is not enhanced.

[2020-04-30 02:24:30 #6 type.registry] 
New type domain.Cliente

[2020-04-30 02:24:30 #7 type] 
Type domain.Cliente is not enhanced.

[2020-04-30 02:24:30 #8 type.registry] 
New type domain.Apuesta

[2020-04-30 02:24:30 #9 type.registry] 
New type java.util.Vector<domain.Apuesta>

[2020-04-30 02:24:30 #10 type] 
Type domain.Apuesta is not enhanced.

[2020-04-30 02:24:30 #11 type.registry] 
New type domain.ParrillaDeSalida

[2020-04-30 02:24:30 #12 type] 
Type domain.ParrillaDeSalida is not enhanced.

[2020-04-30 02:24:30 #13 type.registry] 
New type java.util.ArrayList<domain.Apuesta>

[2020-04-30 02:24:30 #14 type.registry] 
New type domain.Piloto

[2020-04-30 02:24:30 #15 type.registry] 
New type domain.Carrera

[2020-04-30 02:24:30 #16 type] 
Type domain.Piloto is not enhanced.

[2020-04-30 02:24:30 #17 type.registry] 
New type java.util.ArrayList<domain.ParrillaDeSalida>

[2020-04-30 02:24:30 #18 type.registry] 
New type domain.Coche

[2020-04-30 02:24:30 #19 type.registry] 
New type domain.Escuderia

[2020-04-30 02:24:30 #20 type] 
Type domain.Carrera is not enhanced.

[2020-04-30 02:24:30 #21 type] 
Type domain.Coche is not enhanced.

[2020-04-30 02:24:30 #22 type] 
Type domain.Escuderia is not enhanced.

[2020-04-30 02:24:30 #23 type.registry] 
New type java.util.ArrayList<domain.Piloto>

[2020-04-30 02:24:30 #24 type.registry] 
New type java.util.ArrayList<domain.Coche>

[2020-04-30 02:24:30 #25 type.registry] 
New type java.util.ArrayList<java.lang.Object>

[2020-04-30 02:24:30 #26 type.registry] 
New type java.util.Vector<java.lang.Object>

