------------------------------------------------------------------------------------------------------------------------

[2020-04-12 00:38:23 #1 store] 
Database 'C:\Users\Jorge\eclipse-workspace\IS1\Trabajo_Carreras\Races2\resources\bets.temp' is opened by 6440@LAPTOP-CAMHNDK2

[2020-04-12 00:38:23 #2 type.registry] 
New type domain.Carrera

[2020-04-12 00:38:23 #3 type] 
Type domain.Carrera is not enhanced.

[2020-04-12 00:38:23 #4 type.registry] 
New type domain.ParrillaDeSalida

[2020-04-12 00:38:23 #5 type.registry] 
New type java.util.ArrayList<domain.ParrillaDeSalida>

[2020-04-12 00:38:23 #6 type] 
Type domain.ParrillaDeSalida is not enhanced.

[2020-04-12 00:38:23 #7 type.registry] 
New type domain.Apuesta

[2020-04-12 00:38:23 #8 type.registry] 
New type java.util.ArrayList<domain.Apuesta>

[2020-04-12 00:38:23 #9 type.registry] 
New type domain.Piloto

[2020-04-12 00:38:23 #10 type] 
Type domain.Apuesta is not enhanced.

[2020-04-12 00:38:23 #11 type] 
Type domain.Piloto is not enhanced.

[2020-04-12 00:38:23 #12 type.registry] 
New type domain.Escuderia

[2020-04-12 00:38:23 #13 type] 
Type domain.Escuderia is not enhanced.

[2020-04-12 00:38:23 #14 type.registry] 
New type java.util.ArrayList<domain.Piloto>

[2020-04-12 00:38:23 #15 type.registry] 
New type domain.Coche

[2020-04-12 00:38:23 #16 type.registry] 
New type java.util.ArrayList<domain.Coche>

[2020-04-12 00:38:23 #17 type] 
Type domain.Coche is not enhanced.

[2020-04-12 00:38:23 #18 type.registry] 
New type java.util.ArrayList<java.lang.Object>

