------------------------------------------------------------------------------------------------------------------------

[2020-05-04 15:55:48 #1 store] 
Database 'C:\Users\Jorge\eclipse-workspace\IS1\Trabajo_Carreras\Races2\resources\bets.temp' is opened by 9768@LAPTOP-CAMHNDK2

[2020-05-04 15:55:49 #2 type.registry] 
New type domain.Usuario

[2020-05-04 15:55:49 #3 type.registry] 
New type domain.Cliente

[2020-05-04 15:55:49 #4 type] 
Type domain.Usuario is not enhanced.

[2020-05-04 15:55:49 #5 type] 
Type domain.Cliente is not enhanced.

[2020-05-04 15:55:49 #6 type.registry] 
New type domain.Apuesta

[2020-05-04 15:55:49 #7 type.registry] 
New type java.util.Vector<domain.Apuesta>

[2020-05-04 15:55:49 #8 type] 
Type domain.Apuesta is not enhanced.

[2020-05-04 15:55:49 #9 type.registry] 
New type domain.ParrillaDeSalida

[2020-05-04 15:55:49 #10 type] 
Type domain.ParrillaDeSalida is not enhanced.

[2020-05-04 15:55:49 #11 type.registry] 
New type java.util.ArrayList<domain.Apuesta>

[2020-05-04 15:55:49 #12 type.registry] 
New type domain.Piloto

[2020-05-04 15:55:49 #13 type.registry] 
New type domain.Carrera

[2020-05-04 15:55:49 #14 type] 
Type domain.Piloto is not enhanced.

[2020-05-04 15:55:49 #15 type.registry] 
New type java.util.ArrayList<domain.ParrillaDeSalida>

[2020-05-04 15:55:49 #16 type.registry] 
New type domain.Coche

[2020-05-04 15:55:49 #17 type.registry] 
New type domain.Escuderia

[2020-05-04 15:55:49 #18 type] 
Type domain.Carrera is not enhanced.

[2020-05-04 15:55:49 #19 type] 
Type domain.Coche is not enhanced.

[2020-05-04 15:55:49 #20 type] 
Type domain.Escuderia is not enhanced.

[2020-05-04 15:55:49 #21 type.registry] 
New type java.util.ArrayList<domain.Piloto>

[2020-05-04 15:55:49 #22 type.registry] 
New type java.util.ArrayList<domain.Coche>

[2020-05-04 15:55:49 #23 type.registry] 
New type domain.Admin

[2020-05-04 15:55:49 #24 type] 
Type domain.Admin is not enhanced.

[2020-05-04 15:55:49 #25 type.registry] 
New type java.util.ArrayList<java.lang.Object>

[2020-05-04 15:55:49 #26 type.registry] 
New type java.util.Vector<java.lang.Object>

------------------------------------------------------------------------------------------------------------------------

[2020-05-04 15:56:08 #1 store] 
Database 'C:\Users\Jorge\eclipse-workspace\IS1\Trabajo_Carreras\Races2\resources\bets.temp' is opened by 440@LAPTOP-CAMHNDK2

[2020-05-04 15:56:08 #2 type.registry] 
New type domain.Usuario

[2020-05-04 15:56:08 #3 type.registry] 
New type domain.Cliente

[2020-05-04 15:56:08 #4 type] 
Type domain.Usuario is not enhanced.

[2020-05-04 15:56:08 #5 type] 
Type domain.Cliente is not enhanced.

[2020-05-04 15:56:08 #6 type.registry] 
New type domain.Apuesta

[2020-05-04 15:56:08 #7 type.registry] 
New type java.util.Vector<domain.Apuesta>

[2020-05-04 15:56:08 #8 type] 
Type domain.Apuesta is not enhanced.

[2020-05-04 15:56:08 #9 type.registry] 
New type domain.ParrillaDeSalida

[2020-05-04 15:56:08 #10 type] 
Type domain.ParrillaDeSalida is not enhanced.

[2020-05-04 15:56:08 #11 type.registry] 
New type java.util.ArrayList<domain.Apuesta>

[2020-05-04 15:56:08 #12 type.registry] 
New type domain.Piloto

[2020-05-04 15:56:08 #13 type.registry] 
New type domain.Carrera

[2020-05-04 15:56:08 #14 type] 
Type domain.Piloto is not enhanced.

[2020-05-04 15:56:08 #15 type.registry] 
New type java.util.ArrayList<domain.ParrillaDeSalida>

[2020-05-04 15:56:08 #16 type.registry] 
New type domain.Coche

[2020-05-04 15:56:08 #17 type.registry] 
New type domain.Escuderia

[2020-05-04 15:56:08 #18 type] 
Type domain.Carrera is not enhanced.

[2020-05-04 15:56:08 #19 type] 
Type domain.Coche is not enhanced.

[2020-05-04 15:56:08 #20 type] 
Type domain.Escuderia is not enhanced.

[2020-05-04 15:56:08 #21 type.registry] 
New type java.util.ArrayList<domain.Piloto>

[2020-05-04 15:56:08 #22 type.registry] 
New type java.util.ArrayList<domain.Coche>

[2020-05-04 15:56:08 #23 type.registry] 
New type domain.Admin

[2020-05-04 15:56:08 #24 type] 
Type domain.Admin is not enhanced.

[2020-05-04 15:56:08 #25 type.registry] 
New type java.util.ArrayList<java.lang.Object>

[2020-05-04 15:56:09 #26 type.registry] 
New type java.util.Vector<java.lang.Object>

