------------------------------------------------------------------------------------------------------------------------

[2020-04-19 07:49:56 #1 store] 
Database 'C:\Users\Jorge\eclipse-workspace\IS1\Trabajo_Carreras\Races2\resources\bets.temp' is opened by 13528@LAPTOP-CAMHNDK2

[2020-04-19 07:49:56 #2 type.registry] 
New type domain.Usuario

[2020-04-19 07:49:56 #3 type.registry] 
New type domain.Admin

[2020-04-19 07:49:56 #4 type] 
Type domain.Usuario is not enhanced.

[2020-04-19 07:49:56 #5 type] 
Type domain.Admin is not enhanced.

[2020-04-19 07:49:56 #6 type.registry] 
New type domain.Cliente

[2020-04-19 07:49:56 #7 type] 
Type domain.Cliente is not enhanced.

[2020-04-19 07:49:56 #8 type.registry] 
New type domain.Apuesta

[2020-04-19 07:49:57 #9 type.registry] 
New type java.util.Vector<domain.Apuesta>

[2020-04-19 07:49:57 #10 type] 
Type domain.Apuesta is not enhanced.

[2020-04-19 07:49:57 #11 type.registry] 
New type domain.ParrillaDeSalida

[2020-04-19 07:49:57 #12 type] 
Type domain.ParrillaDeSalida is not enhanced.

[2020-04-19 07:49:57 #13 type.registry] 
New type java.util.ArrayList<domain.Apuesta>

[2020-04-19 07:49:57 #14 type.registry] 
New type domain.Piloto

[2020-04-19 07:49:57 #15 type.registry] 
New type domain.Carrera

[2020-04-19 07:49:57 #16 type] 
Type domain.Piloto is not enhanced.

[2020-04-19 07:49:57 #17 type.registry] 
New type java.util.ArrayList<domain.ParrillaDeSalida>

[2020-04-19 07:49:57 #18 type.registry] 
New type domain.Coche

[2020-04-19 07:49:57 #19 type.registry] 
New type domain.Escuderia

[2020-04-19 07:49:57 #20 type] 
Type domain.Carrera is not enhanced.

[2020-04-19 07:49:57 #21 type] 
Type domain.Coche is not enhanced.

[2020-04-19 07:49:57 #22 type] 
Type domain.Escuderia is not enhanced.

[2020-04-19 07:49:57 #23 type.registry] 
New type java.util.ArrayList<domain.Piloto>

[2020-04-19 07:49:57 #24 type.registry] 
New type java.util.ArrayList<domain.Coche>

[2020-04-19 07:49:57 #25 type.registry] 
New type java.util.Vector<java.lang.Object>

[2020-04-19 07:49:57 #26 type.registry] 
New type java.util.ArrayList<java.lang.Object>

------------------------------------------------------------------------------------------------------------------------

[2020-04-19 07:55:41 #1 store] 
Database 'C:\Users\Jorge\eclipse-workspace\IS1\Trabajo_Carreras\Races2\resources\bets.temp' is opened by 11452@LAPTOP-CAMHNDK2

[2020-04-19 07:55:41 #2 type.registry] 
New type domain.Usuario

[2020-04-19 07:55:41 #3 type.registry] 
New type domain.Admin

[2020-04-19 07:55:41 #4 type] 
Type domain.Usuario is not enhanced.

[2020-04-19 07:55:41 #5 type] 
Type domain.Admin is not enhanced.

[2020-04-19 07:55:41 #6 type.registry] 
New type domain.Cliente

[2020-04-19 07:55:41 #7 type] 
Type domain.Cliente is not enhanced.

[2020-04-19 07:55:41 #8 type.registry] 
New type domain.Apuesta

[2020-04-19 07:55:41 #9 type.registry] 
New type java.util.Vector<domain.Apuesta>

[2020-04-19 07:55:41 #10 type] 
Type domain.Apuesta is not enhanced.

[2020-04-19 07:55:41 #11 type.registry] 
New type domain.ParrillaDeSalida

[2020-04-19 07:55:41 #12 type] 
Type domain.ParrillaDeSalida is not enhanced.

[2020-04-19 07:55:41 #13 type.registry] 
New type java.util.ArrayList<domain.Apuesta>

[2020-04-19 07:55:41 #14 type.registry] 
New type domain.Piloto

[2020-04-19 07:55:41 #15 type.registry] 
New type domain.Carrera

[2020-04-19 07:55:41 #16 type] 
Type domain.Piloto is not enhanced.

[2020-04-19 07:55:41 #17 type.registry] 
New type java.util.ArrayList<domain.ParrillaDeSalida>

[2020-04-19 07:55:41 #18 type.registry] 
New type domain.Coche

[2020-04-19 07:55:41 #19 type.registry] 
New type domain.Escuderia

[2020-04-19 07:55:41 #20 type] 
Type domain.Carrera is not enhanced.

[2020-04-19 07:55:41 #21 type] 
Type domain.Coche is not enhanced.

[2020-04-19 07:55:41 #22 type] 
Type domain.Escuderia is not enhanced.

[2020-04-19 07:55:41 #23 type.registry] 
New type java.util.ArrayList<domain.Piloto>

[2020-04-19 07:55:41 #24 type.registry] 
New type java.util.ArrayList<domain.Coche>

[2020-04-19 07:55:41 #25 type.registry] 
New type java.util.Vector<java.lang.Object>

[2020-04-19 07:55:41 #26 type.registry] 
New type java.util.ArrayList<java.lang.Object>

------------------------------------------------------------------------------------------------------------------------

[2020-04-19 07:59:33 #1 store] 
Database 'C:\Users\Jorge\eclipse-workspace\IS1\Trabajo_Carreras\Races2\resources\bets.temp' is opened by 13456@LAPTOP-CAMHNDK2

[2020-04-19 07:59:34 #2 type.registry] 
New type domain.Usuario

[2020-04-19 07:59:34 #3 type.registry] 
New type domain.Admin

[2020-04-19 07:59:34 #4 type] 
Type domain.Usuario is not enhanced.

[2020-04-19 07:59:34 #5 type] 
Type domain.Admin is not enhanced.

[2020-04-19 07:59:34 #6 type.registry] 
New type domain.Cliente

[2020-04-19 07:59:34 #7 type] 
Type domain.Cliente is not enhanced.

[2020-04-19 07:59:34 #8 type.registry] 
New type domain.Apuesta

[2020-04-19 07:59:34 #9 type.registry] 
New type java.util.Vector<domain.Apuesta>

[2020-04-19 07:59:34 #10 type] 
Type domain.Apuesta is not enhanced.

[2020-04-19 07:59:34 #11 type.registry] 
New type domain.ParrillaDeSalida

[2020-04-19 07:59:34 #12 type] 
Type domain.ParrillaDeSalida is not enhanced.

[2020-04-19 07:59:34 #13 type.registry] 
New type java.util.ArrayList<domain.Apuesta>

[2020-04-19 07:59:34 #14 type.registry] 
New type domain.Piloto

[2020-04-19 07:59:34 #15 type.registry] 
New type domain.Carrera

[2020-04-19 07:59:34 #16 type] 
Type domain.Piloto is not enhanced.

[2020-04-19 07:59:34 #17 type.registry] 
New type java.util.ArrayList<domain.ParrillaDeSalida>

[2020-04-19 07:59:34 #18 type.registry] 
New type domain.Coche

[2020-04-19 07:59:34 #19 type.registry] 
New type domain.Escuderia

[2020-04-19 07:59:34 #20 type] 
Type domain.Carrera is not enhanced.

[2020-04-19 07:59:34 #21 type] 
Type domain.Coche is not enhanced.

[2020-04-19 07:59:34 #22 type] 
Type domain.Escuderia is not enhanced.

[2020-04-19 07:59:34 #23 type.registry] 
New type java.util.ArrayList<domain.Piloto>

[2020-04-19 07:59:34 #24 type.registry] 
New type java.util.ArrayList<domain.Coche>

[2020-04-19 07:59:34 #25 type.registry] 
New type java.util.ArrayList<java.lang.Object>

[2020-04-19 07:59:34 #26 type.registry] 
New type java.util.Vector<java.lang.Object>

------------------------------------------------------------------------------------------------------------------------

[2020-04-19 08:01:12 #1 store] 
Database 'C:\Users\Jorge\eclipse-workspace\IS1\Trabajo_Carreras\Races2\resources\bets.temp' is opened by 9956@LAPTOP-CAMHNDK2

[2020-04-19 08:01:12 #2 type.registry] 
New type domain.Usuario

[2020-04-19 08:01:12 #3 type.registry] 
New type domain.Admin

[2020-04-19 08:01:12 #4 type] 
Type domain.Usuario is not enhanced.

[2020-04-19 08:01:12 #5 type] 
Type domain.Admin is not enhanced.

[2020-04-19 08:01:12 #6 type.registry] 
New type domain.Cliente

[2020-04-19 08:01:12 #7 type] 
Type domain.Cliente is not enhanced.

[2020-04-19 08:01:12 #8 type.registry] 
New type domain.Apuesta

[2020-04-19 08:01:12 #9 type.registry] 
New type java.util.Vector<domain.Apuesta>

[2020-04-19 08:01:12 #10 type] 
Type domain.Apuesta is not enhanced.

[2020-04-19 08:01:12 #11 type.registry] 
New type domain.ParrillaDeSalida

[2020-04-19 08:01:12 #12 type] 
Type domain.ParrillaDeSalida is not enhanced.

[2020-04-19 08:01:12 #13 type.registry] 
New type java.util.ArrayList<domain.Apuesta>

[2020-04-19 08:01:12 #14 type.registry] 
New type domain.Piloto

[2020-04-19 08:01:12 #15 type.registry] 
New type domain.Carrera

[2020-04-19 08:01:12 #16 type] 
Type domain.Piloto is not enhanced.

[2020-04-19 08:01:12 #17 type.registry] 
New type java.util.ArrayList<domain.ParrillaDeSalida>

[2020-04-19 08:01:12 #18 type.registry] 
New type domain.Coche

[2020-04-19 08:01:12 #19 type.registry] 
New type domain.Escuderia

[2020-04-19 08:01:12 #20 type] 
Type domain.Carrera is not enhanced.

[2020-04-19 08:01:12 #21 type] 
Type domain.Coche is not enhanced.

[2020-04-19 08:01:12 #22 type] 
Type domain.Escuderia is not enhanced.

[2020-04-19 08:01:12 #23 type.registry] 
New type java.util.ArrayList<domain.Piloto>

[2020-04-19 08:01:12 #24 type.registry] 
New type java.util.ArrayList<domain.Coche>

[2020-04-19 08:01:12 #25 type.registry] 
New type java.util.ArrayList<java.lang.Object>

[2020-04-19 08:01:12 #26 type.registry] 
New type java.util.Vector<java.lang.Object>

------------------------------------------------------------------------------------------------------------------------

[2020-04-19 08:33:05 #1 store] 
Database 'C:\Users\Jorge\eclipse-workspace\IS1\Trabajo_Carreras\Races2\resources\bets.temp' is opened by 13440@LAPTOP-CAMHNDK2

[2020-04-19 08:33:05 #2 type.registry] 
New type domain.Usuario

[2020-04-19 08:33:05 #3 type.registry] 
New type domain.Admin

[2020-04-19 08:33:05 #4 type] 
Type domain.Usuario is not enhanced.

[2020-04-19 08:33:05 #5 type] 
Type domain.Admin is not enhanced.

[2020-04-19 08:33:05 #6 type.registry] 
New type domain.Cliente

[2020-04-19 08:33:05 #7 type] 
Type domain.Cliente is not enhanced.

[2020-04-19 08:33:05 #8 type.registry] 
New type domain.Apuesta

[2020-04-19 08:33:05 #9 type.registry] 
New type java.util.Vector<domain.Apuesta>

[2020-04-19 08:33:05 #10 type] 
Type domain.Apuesta is not enhanced.

[2020-04-19 08:33:06 #11 type.registry] 
New type domain.ParrillaDeSalida

[2020-04-19 08:33:06 #12 type] 
Type domain.ParrillaDeSalida is not enhanced.

[2020-04-19 08:33:06 #13 type.registry] 
New type java.util.ArrayList<domain.Apuesta>

[2020-04-19 08:33:06 #14 type.registry] 
New type domain.Piloto

[2020-04-19 08:33:06 #15 type.registry] 
New type domain.Carrera

[2020-04-19 08:33:06 #16 type] 
Type domain.Piloto is not enhanced.

[2020-04-19 08:33:06 #17 type.registry] 
New type java.util.ArrayList<domain.ParrillaDeSalida>

[2020-04-19 08:33:06 #18 type.registry] 
New type domain.Coche

[2020-04-19 08:33:06 #19 type.registry] 
New type domain.Escuderia

[2020-04-19 08:33:06 #20 type] 
Type domain.Carrera is not enhanced.

[2020-04-19 08:33:06 #21 type] 
Type domain.Coche is not enhanced.

[2020-04-19 08:33:06 #22 type] 
Type domain.Escuderia is not enhanced.

[2020-04-19 08:33:06 #23 type.registry] 
New type java.util.ArrayList<domain.Piloto>

[2020-04-19 08:33:06 #24 type.registry] 
New type java.util.ArrayList<domain.Coche>

[2020-04-19 08:33:06 #25 type.registry] 
New type java.util.ArrayList<java.lang.Object>

[2020-04-19 08:33:06 #26 type.registry] 
New type java.util.Vector<java.lang.Object>

------------------------------------------------------------------------------------------------------------------------

[2020-04-19 08:34:57 #1 store] 
Database 'C:\Users\Jorge\eclipse-workspace\IS1\Trabajo_Carreras\Races2\resources\bets.temp' is opened by 2748@LAPTOP-CAMHNDK2

[2020-04-19 08:34:58 #2 type.registry] 
New type domain.Usuario

[2020-04-19 08:34:58 #3 type.registry] 
New type domain.Admin

[2020-04-19 08:34:58 #4 type] 
Type domain.Usuario is not enhanced.

[2020-04-19 08:34:58 #5 type] 
Type domain.Admin is not enhanced.

[2020-04-19 08:34:58 #6 type.registry] 
New type domain.Cliente

[2020-04-19 08:34:58 #7 type] 
Type domain.Cliente is not enhanced.

[2020-04-19 08:34:58 #8 type.registry] 
New type domain.Apuesta

[2020-04-19 08:34:58 #9 type.registry] 
New type java.util.Vector<domain.Apuesta>

[2020-04-19 08:34:58 #10 type] 
Type domain.Apuesta is not enhanced.

[2020-04-19 08:34:58 #11 type.registry] 
New type domain.ParrillaDeSalida

[2020-04-19 08:34:58 #12 type] 
Type domain.ParrillaDeSalida is not enhanced.

[2020-04-19 08:34:58 #13 type.registry] 
New type java.util.ArrayList<domain.Apuesta>

[2020-04-19 08:34:58 #14 type.registry] 
New type domain.Piloto

[2020-04-19 08:34:58 #15 type.registry] 
New type domain.Carrera

[2020-04-19 08:34:58 #16 type] 
Type domain.Piloto is not enhanced.

[2020-04-19 08:34:58 #17 type.registry] 
New type java.util.ArrayList<domain.ParrillaDeSalida>

[2020-04-19 08:34:58 #18 type.registry] 
New type domain.Coche

[2020-04-19 08:34:58 #19 type.registry] 
New type domain.Escuderia

[2020-04-19 08:34:58 #20 type] 
Type domain.Carrera is not enhanced.

[2020-04-19 08:34:58 #21 type] 
Type domain.Coche is not enhanced.

[2020-04-19 08:34:58 #22 type] 
Type domain.Escuderia is not enhanced.

[2020-04-19 08:34:58 #23 type.registry] 
New type java.util.ArrayList<domain.Piloto>

[2020-04-19 08:34:58 #24 type.registry] 
New type java.util.ArrayList<domain.Coche>

[2020-04-19 08:34:58 #25 type.registry] 
New type java.util.ArrayList<java.lang.Object>

[2020-04-19 08:34:58 #26 type.registry] 
New type java.util.Vector<java.lang.Object>

------------------------------------------------------------------------------------------------------------------------

[2020-04-19 08:40:58 #1 store] 
Database 'C:\Users\Jorge\eclipse-workspace\IS1\Trabajo_Carreras\Races2\resources\bets.temp' is opened by 9524@LAPTOP-CAMHNDK2

[2020-04-19 08:40:58 #2 type.registry] 
New type domain.Usuario

[2020-04-19 08:40:58 #3 type.registry] 
New type domain.Admin

[2020-04-19 08:40:58 #4 type] 
Type domain.Usuario is not enhanced.

[2020-04-19 08:40:58 #5 type] 
Type domain.Admin is not enhanced.

[2020-04-19 08:40:58 #6 type.registry] 
New type domain.Cliente

[2020-04-19 08:40:58 #7 type] 
Type domain.Cliente is not enhanced.

[2020-04-19 08:40:58 #8 type.registry] 
New type domain.Apuesta

[2020-04-19 08:40:58 #9 type.registry] 
New type java.util.Vector<domain.Apuesta>

[2020-04-19 08:40:58 #10 type] 
Type domain.Apuesta is not enhanced.

[2020-04-19 08:40:58 #11 type.registry] 
New type domain.ParrillaDeSalida

[2020-04-19 08:40:58 #12 type] 
Type domain.ParrillaDeSalida is not enhanced.

[2020-04-19 08:40:58 #13 type.registry] 
New type java.util.ArrayList<domain.Apuesta>

[2020-04-19 08:40:58 #14 type.registry] 
New type domain.Piloto

[2020-04-19 08:40:58 #15 type.registry] 
New type domain.Carrera

[2020-04-19 08:40:58 #16 type] 
Type domain.Piloto is not enhanced.

[2020-04-19 08:40:58 #17 type.registry] 
New type java.util.ArrayList<domain.ParrillaDeSalida>

[2020-04-19 08:40:58 #18 type.registry] 
New type domain.Coche

[2020-04-19 08:40:58 #19 type.registry] 
New type domain.Escuderia

[2020-04-19 08:40:58 #20 type] 
Type domain.Carrera is not enhanced.

[2020-04-19 08:40:58 #21 type] 
Type domain.Coche is not enhanced.

[2020-04-19 08:40:58 #22 type] 
Type domain.Escuderia is not enhanced.

[2020-04-19 08:40:58 #23 type.registry] 
New type java.util.ArrayList<domain.Piloto>

[2020-04-19 08:40:58 #24 type.registry] 
New type java.util.ArrayList<domain.Coche>

[2020-04-19 08:40:58 #25 type.registry] 
New type java.util.ArrayList<java.lang.Object>

[2020-04-19 08:40:58 #26 type.registry] 
New type java.util.Vector<java.lang.Object>

------------------------------------------------------------------------------------------------------------------------

[2020-04-19 08:42:42 #1 store] 
Database 'C:\Users\Jorge\eclipse-workspace\IS1\Trabajo_Carreras\Races2\resources\bets.temp' is opened by 13924@LAPTOP-CAMHNDK2

[2020-04-19 08:42:42 #2 type.registry] 
New type domain.Usuario

[2020-04-19 08:42:42 #3 type.registry] 
New type domain.Admin

[2020-04-19 08:42:42 #4 type] 
Type domain.Usuario is not enhanced.

[2020-04-19 08:42:42 #5 type] 
Type domain.Admin is not enhanced.

[2020-04-19 08:42:42 #6 type.registry] 
New type domain.Cliente

[2020-04-19 08:42:42 #7 type] 
Type domain.Cliente is not enhanced.

[2020-04-19 08:42:42 #8 type.registry] 
New type domain.Apuesta

[2020-04-19 08:42:42 #9 type.registry] 
New type java.util.Vector<domain.Apuesta>

[2020-04-19 08:42:42 #10 type] 
Type domain.Apuesta is not enhanced.

[2020-04-19 08:42:42 #11 type.registry] 
New type domain.ParrillaDeSalida

[2020-04-19 08:42:42 #12 type] 
Type domain.ParrillaDeSalida is not enhanced.

[2020-04-19 08:42:42 #13 type.registry] 
New type java.util.ArrayList<domain.Apuesta>

[2020-04-19 08:42:42 #14 type.registry] 
New type domain.Piloto

[2020-04-19 08:42:42 #15 type.registry] 
New type domain.Carrera

[2020-04-19 08:42:42 #16 type] 
Type domain.Piloto is not enhanced.

[2020-04-19 08:42:42 #17 type.registry] 
New type java.util.ArrayList<domain.ParrillaDeSalida>

[2020-04-19 08:42:42 #18 type.registry] 
New type domain.Coche

[2020-04-19 08:42:42 #19 type.registry] 
New type domain.Escuderia

[2020-04-19 08:42:42 #20 type] 
Type domain.Carrera is not enhanced.

[2020-04-19 08:42:42 #21 type] 
Type domain.Coche is not enhanced.

[2020-04-19 08:42:42 #22 type] 
Type domain.Escuderia is not enhanced.

[2020-04-19 08:42:42 #23 type.registry] 
New type java.util.ArrayList<domain.Piloto>

[2020-04-19 08:42:42 #24 type.registry] 
New type java.util.ArrayList<domain.Coche>

[2020-04-19 08:42:42 #25 type.registry] 
New type java.util.ArrayList<java.lang.Object>

[2020-04-19 08:42:42 #26 type.registry] 
New type java.util.Vector<java.lang.Object>

------------------------------------------------------------------------------------------------------------------------

[2020-04-19 08:42:53 #1 store] 
Database 'C:\Users\Jorge\eclipse-workspace\IS1\Trabajo_Carreras\Races2\resources\bets.temp' is opened by 2364@LAPTOP-CAMHNDK2

[2020-04-19 08:42:53 #2 type.registry] 
New type domain.Usuario

[2020-04-19 08:42:53 #3 type.registry] 
New type domain.Admin

[2020-04-19 08:42:53 #4 type] 
Type domain.Usuario is not enhanced.

[2020-04-19 08:42:53 #5 type] 
Type domain.Admin is not enhanced.

[2020-04-19 08:42:53 #6 type.registry] 
New type domain.Cliente

[2020-04-19 08:42:53 #7 type] 
Type domain.Cliente is not enhanced.

[2020-04-19 08:42:53 #8 type.registry] 
New type domain.Apuesta

[2020-04-19 08:42:53 #9 type.registry] 
New type java.util.Vector<domain.Apuesta>

[2020-04-19 08:42:53 #10 type] 
Type domain.Apuesta is not enhanced.

[2020-04-19 08:42:53 #11 type.registry] 
New type domain.ParrillaDeSalida

[2020-04-19 08:42:53 #12 type] 
Type domain.ParrillaDeSalida is not enhanced.

[2020-04-19 08:42:53 #13 type.registry] 
New type java.util.ArrayList<domain.Apuesta>

[2020-04-19 08:42:53 #14 type.registry] 
New type domain.Piloto

[2020-04-19 08:42:53 #15 type.registry] 
New type domain.Carrera

[2020-04-19 08:42:53 #16 type] 
Type domain.Piloto is not enhanced.

[2020-04-19 08:42:53 #17 type.registry] 
New type java.util.ArrayList<domain.ParrillaDeSalida>

[2020-04-19 08:42:53 #18 type.registry] 
New type domain.Coche

[2020-04-19 08:42:53 #19 type.registry] 
New type domain.Escuderia

[2020-04-19 08:42:53 #20 type] 
Type domain.Carrera is not enhanced.

[2020-04-19 08:42:53 #21 type] 
Type domain.Coche is not enhanced.

[2020-04-19 08:42:53 #22 type] 
Type domain.Escuderia is not enhanced.

[2020-04-19 08:42:53 #23 type.registry] 
New type java.util.ArrayList<domain.Piloto>

[2020-04-19 08:42:53 #24 type.registry] 
New type java.util.ArrayList<domain.Coche>

[2020-04-19 08:42:53 #25 type.registry] 
New type java.util.ArrayList<java.lang.Object>

[2020-04-19 08:42:53 #26 type.registry] 
New type java.util.Vector<java.lang.Object>

------------------------------------------------------------------------------------------------------------------------

[2020-04-19 17:18:29 #1 store] 
Database 'C:\Users\Jorge\eclipse-workspace\IS1\Trabajo_Carreras\Races2\resources\bets.temp' is opened by 4944@LAPTOP-CAMHNDK2

[2020-04-19 17:18:30 #2 type.registry] 
New type domain.Usuario

[2020-04-19 17:18:30 #3 type.registry] 
New type domain.Admin

[2020-04-19 17:18:30 #4 type] 
Type domain.Usuario is not enhanced.

[2020-04-19 17:18:30 #5 type] 
Type domain.Admin is not enhanced.

[2020-04-19 17:18:30 #6 type.registry] 
New type domain.Cliente

[2020-04-19 17:18:30 #7 type] 
Type domain.Cliente is not enhanced.

[2020-04-19 17:18:30 #8 type.registry] 
New type domain.Apuesta

[2020-04-19 17:18:30 #9 type.registry] 
New type java.util.Vector<domain.Apuesta>

[2020-04-19 17:18:30 #10 type] 
Type domain.Apuesta is not enhanced.

[2020-04-19 17:18:30 #11 type.registry] 
New type domain.ParrillaDeSalida

[2020-04-19 17:18:30 #12 type] 
Type domain.ParrillaDeSalida is not enhanced.

[2020-04-19 17:18:30 #13 type.registry] 
New type java.util.ArrayList<domain.Apuesta>

[2020-04-19 17:18:30 #14 type.registry] 
New type domain.Piloto

[2020-04-19 17:18:30 #15 type.registry] 
New type domain.Carrera

[2020-04-19 17:18:30 #16 type] 
Type domain.Piloto is not enhanced.

[2020-04-19 17:18:30 #17 type.registry] 
New type java.util.ArrayList<domain.ParrillaDeSalida>

[2020-04-19 17:18:30 #18 type.registry] 
New type domain.Coche

[2020-04-19 17:18:30 #19 type.registry] 
New type domain.Escuderia

[2020-04-19 17:18:30 #20 type] 
Type domain.Carrera is not enhanced.

[2020-04-19 17:18:30 #21 type] 
Type domain.Coche is not enhanced.

[2020-04-19 17:18:30 #22 type] 
Type domain.Escuderia is not enhanced.

[2020-04-19 17:18:30 #23 type.registry] 
New type java.util.ArrayList<domain.Piloto>

[2020-04-19 17:18:30 #24 type.registry] 
New type java.util.ArrayList<domain.Coche>

[2020-04-19 17:18:30 #25 type.registry] 
New type java.util.ArrayList<java.lang.Object>

[2020-04-19 17:18:30 #26 type.registry] 
New type java.util.Vector<java.lang.Object>

