------------------------------------------------------------------------------------------------------------------------

[2020-03-18 22:45:40 #1 store] 
Database '/Users/ldeniz/eclipse-workspace/Races2/resources/bets.temp' is opened by 47150@MacBook-Pro-de-Leroy.local

[2020-03-18 22:45:41 #2 type.registry] 
New type domain.Driver

[2020-03-18 22:45:41 #3 type] 
Type domain.Driver is not enhanced.

[2020-03-18 22:45:41 #4 type.registry] 
New type domain.Apuesta

[2020-03-18 22:45:41 #5 type.registry] 
New type java.util.Vector<domain.Apuesta>

[2020-03-18 22:45:41 #6 type.registry] 
New type domain.Event

[2020-03-18 22:45:41 #7 type.registry] 
New type java.util.Vector<domain.Event>

[2020-03-18 22:45:41 #8 type] 
Type domain.Apuesta is not enhanced.

[2020-03-18 22:45:41 #9 type] 
Type domain.Event is not enhanced.

[2020-03-18 22:45:41 #10 type.registry] 
New type java.util.Vector<domain.Driver>

------------------------------------------------------------------------------------------------------------------------

[2020-03-18 22:50:33 #1 store] 
Database '/Users/ldeniz/eclipse-workspace/Races2/resources/bets.temp' is opened by 47186@MacBook-Pro-de-Leroy.local

[2020-03-18 22:50:33 #2 type.registry] 
New type domain.Driver

[2020-03-18 22:50:33 #3 type] 
Type domain.Driver is not enhanced.

[2020-03-18 22:50:33 #4 type.registry] 
New type domain.Apuesta

[2020-03-18 22:50:33 #5 type.registry] 
New type java.util.Vector<domain.Apuesta>

[2020-03-18 22:50:33 #6 type.registry] 
New type domain.Event

[2020-03-18 22:50:33 #7 type.registry] 
New type java.util.Vector<domain.Event>

[2020-03-18 22:50:33 #8 type] 
Type domain.Apuesta is not enhanced.

[2020-03-18 22:50:33 #9 type] 
Type domain.Event is not enhanced.

[2020-03-18 22:50:33 #10 type.registry] 
New type java.util.Vector<domain.Driver>

------------------------------------------------------------------------------------------------------------------------

[2020-03-18 22:52:16 #1 store] 
Database '/Users/ldeniz/eclipse-workspace/Races2/resources/bets.temp' is opened by 47198@MacBook-Pro-de-Leroy.local

[2020-03-18 22:52:16 #2 type.registry] 
New type domain.Driver

[2020-03-18 22:52:16 #3 type] 
Type domain.Driver is not enhanced.

[2020-03-18 22:52:16 #4 type.registry] 
New type domain.Apuesta

[2020-03-18 22:52:17 #5 type.registry] 
New type java.util.Vector<domain.Apuesta>

[2020-03-18 22:52:17 #6 type.registry] 
New type domain.Event

[2020-03-18 22:52:17 #7 type.registry] 
New type java.util.Vector<domain.Event>

[2020-03-18 22:52:17 #8 type] 
Type domain.Apuesta is not enhanced.

[2020-03-18 22:52:17 #9 type] 
Type domain.Event is not enhanced.

[2020-03-18 22:52:17 #10 type.registry] 
New type java.util.Vector<domain.Driver>

------------------------------------------------------------------------------------------------------------------------

[2020-03-18 22:53:26 #1 store] 
Database '/Users/ldeniz/eclipse-workspace/Races2/resources/bets.temp' is opened by 47209@MacBook-Pro-de-Leroy.local

[2020-03-18 22:53:26 #2 type.registry] 
New type domain.Driver

[2020-03-18 22:53:26 #3 type] 
Type domain.Driver is not enhanced.

[2020-03-18 22:53:26 #4 type.registry] 
New type domain.Apuesta

[2020-03-18 22:53:26 #5 type.registry] 
New type java.util.Vector<domain.Apuesta>

[2020-03-18 22:53:26 #6 type.registry] 
New type domain.Event

[2020-03-18 22:53:26 #7 type.registry] 
New type java.util.Vector<domain.Event>

[2020-03-18 22:53:26 #8 type] 
Type domain.Apuesta is not enhanced.

[2020-03-18 22:53:26 #9 type] 
Type domain.Event is not enhanced.

[2020-03-18 22:53:26 #10 type.registry] 
New type java.util.Vector<domain.Driver>

------------------------------------------------------------------------------------------------------------------------

[2020-03-18 22:55:23 #1 store] 
Database '/Users/ldeniz/eclipse-workspace/Races2/resources/bets.temp' is opened by 47228@MacBook-Pro-de-Leroy.local

[2020-03-18 22:55:24 #2 type.registry] 
New type domain.Driver

[2020-03-18 22:55:24 #3 type] 
Type domain.Driver is not enhanced.

[2020-03-18 22:55:24 #4 type.registry] 
New type domain.Apuesta

[2020-03-18 22:55:24 #5 type.registry] 
New type java.util.Vector<domain.Apuesta>

[2020-03-18 22:55:24 #6 type.registry] 
New type domain.Event

[2020-03-18 22:55:24 #7 type.registry] 
New type java.util.Vector<domain.Event>

[2020-03-18 22:55:24 #8 type] 
Type domain.Apuesta is not enhanced.

[2020-03-18 22:55:24 #9 type] 
Type domain.Event is not enhanced.

[2020-03-18 22:55:24 #10 type.registry] 
New type java.util.Vector<domain.Driver>

------------------------------------------------------------------------------------------------------------------------

[2020-03-18 22:56:54 #1 store] 
Database '/Users/ldeniz/eclipse-workspace/Races2/resources/bets.temp' is opened by 47239@MacBook-Pro-de-Leroy.local

[2020-03-18 22:56:54 #2 type.registry] 
New type domain.Driver

[2020-03-18 22:56:54 #3 type] 
Type domain.Driver is not enhanced.

[2020-03-18 22:56:54 #4 type.registry] 
New type domain.Apuesta

[2020-03-18 22:56:54 #5 type.registry] 
New type java.util.Vector<domain.Apuesta>

[2020-03-18 22:56:54 #6 type.registry] 
New type domain.Event

[2020-03-18 22:56:54 #7 type.registry] 
New type java.util.Vector<domain.Event>

[2020-03-18 22:56:54 #8 type] 
Type domain.Apuesta is not enhanced.

[2020-03-18 22:56:54 #9 type] 
Type domain.Event is not enhanced.

[2020-03-18 22:56:54 #10 type.registry] 
New type java.util.Vector<domain.Driver>

------------------------------------------------------------------------------------------------------------------------

[2020-03-18 23:03:35 #1 store] 
Database '/Users/ldeniz/eclipse-workspace/Races2/resources/bets.temp' is opened by 47281@MacBook-Pro-de-Leroy.local

[2020-03-18 23:03:35 #2 type.registry] 
New type domain.Driver

[2020-03-18 23:03:35 #3 type] 
Type domain.Driver is not enhanced.

[2020-03-18 23:03:35 #4 type.registry] 
New type domain.Apuesta

[2020-03-18 23:03:35 #5 type.registry] 
New type java.util.Vector<domain.Apuesta>

[2020-03-18 23:03:35 #6 type.registry] 
New type domain.Event

[2020-03-18 23:03:35 #7 type.registry] 
New type java.util.Vector<domain.Event>

[2020-03-18 23:03:35 #8 type] 
Type domain.Apuesta is not enhanced.

[2020-03-18 23:03:35 #9 type] 
Type domain.Event is not enhanced.

[2020-03-18 23:03:35 #10 type.registry] 
New type java.util.Vector<domain.Driver>

------------------------------------------------------------------------------------------------------------------------

[2020-03-18 23:06:04 #1 store] 
Database '/Users/ldeniz/eclipse-workspace/Races2/resources/bets.temp' is opened by 47298@MacBook-Pro-de-Leroy.local

[2020-03-18 23:06:04 #2 type.registry] 
New type domain.Driver

[2020-03-18 23:06:04 #3 type] 
Type domain.Driver is not enhanced.

[2020-03-18 23:06:04 #4 type.registry] 
New type domain.Apuesta

[2020-03-18 23:06:04 #5 type.registry] 
New type java.util.Vector<domain.Apuesta>

[2020-03-18 23:06:04 #6 type.registry] 
New type domain.Event

[2020-03-18 23:06:04 #7 type.registry] 
New type java.util.Vector<domain.Event>

[2020-03-18 23:06:04 #8 type] 
Type domain.Apuesta is not enhanced.

[2020-03-18 23:06:04 #9 type] 
Type domain.Event is not enhanced.

[2020-03-18 23:06:04 #10 type.registry] 
New type java.util.Vector<domain.Driver>

------------------------------------------------------------------------------------------------------------------------

[2020-03-18 23:08:39 #1 store] 
Database '/Users/ldeniz/eclipse-workspace/Races2/resources/bets.temp' is opened by 47315@MacBook-Pro-de-Leroy.local

[2020-03-18 23:08:39 #2 type.registry] 
New type domain.Driver

[2020-03-18 23:08:39 #3 type] 
Type domain.Driver is not enhanced.

[2020-03-18 23:08:39 #4 type.registry] 
New type domain.Apuesta

[2020-03-18 23:08:39 #5 type.registry] 
New type java.util.Vector<domain.Apuesta>

[2020-03-18 23:08:39 #6 type.registry] 
New type domain.Event

[2020-03-18 23:08:39 #7 type.registry] 
New type java.util.Vector<domain.Event>

[2020-03-18 23:08:39 #8 type] 
Type domain.Apuesta is not enhanced.

[2020-03-18 23:08:39 #9 type] 
Type domain.Event is not enhanced.

[2020-03-18 23:08:39 #10 type.registry] 
New type java.util.Vector<domain.Driver>

------------------------------------------------------------------------------------------------------------------------

[2020-03-18 23:09:35 #1 store] 
Database '/Users/ldeniz/eclipse-workspace/Races2/resources/bets.temp' is opened by 47325@MacBook-Pro-de-Leroy.local

[2020-03-18 23:09:35 #2 type.registry] 
New type domain.Driver

[2020-03-18 23:09:35 #3 type] 
Type domain.Driver is not enhanced.

[2020-03-18 23:09:35 #4 type.registry] 
New type domain.Apuesta

[2020-03-18 23:09:35 #5 type.registry] 
New type java.util.Vector<domain.Apuesta>

[2020-03-18 23:09:35 #6 type.registry] 
New type domain.Event

[2020-03-18 23:09:35 #7 type.registry] 
New type java.util.Vector<domain.Event>

[2020-03-18 23:09:35 #8 type] 
Type domain.Apuesta is not enhanced.

[2020-03-18 23:09:35 #9 type] 
Type domain.Event is not enhanced.

[2020-03-18 23:09:35 #10 type.registry] 
New type java.util.Vector<domain.Driver>

------------------------------------------------------------------------------------------------------------------------

[2020-03-18 23:12:34 #1 store] 
Database '/Users/ldeniz/eclipse-workspace/Races2/resources/bets.temp' is opened by 47345@MacBook-Pro-de-Leroy.local

[2020-03-18 23:12:34 #2 type.registry] 
New type domain.Driver

[2020-03-18 23:12:34 #3 type] 
Type domain.Driver is not enhanced.

[2020-03-18 23:12:34 #4 type.registry] 
New type domain.Apuesta

[2020-03-18 23:12:34 #5 type.registry] 
New type java.util.Vector<domain.Apuesta>

[2020-03-18 23:12:34 #6 type.registry] 
New type domain.Event

[2020-03-18 23:12:34 #7 type.registry] 
New type java.util.Vector<domain.Event>

[2020-03-18 23:12:34 #8 type] 
Type domain.Apuesta is not enhanced.

[2020-03-18 23:12:34 #9 type] 
Type domain.Event is not enhanced.

[2020-03-18 23:12:34 #10 type.registry] 
New type java.util.Vector<domain.Driver>

------------------------------------------------------------------------------------------------------------------------

[2020-03-18 23:15:46 #1 store] 
Database '/Users/ldeniz/eclipse-workspace/Races2/resources/bets.temp' is opened by 47366@MacBook-Pro-de-Leroy.local

[2020-03-18 23:15:47 #2 type.registry] 
New type domain.Driver

[2020-03-18 23:15:47 #3 type] 
Type domain.Driver is not enhanced.

[2020-03-18 23:15:47 #4 type.registry] 
New type domain.Apuesta

[2020-03-18 23:15:47 #5 type.registry] 
New type java.util.Vector<domain.Apuesta>

[2020-03-18 23:15:47 #6 type.registry] 
New type domain.Event

[2020-03-18 23:15:47 #7 type.registry] 
New type java.util.Vector<domain.Event>

[2020-03-18 23:15:47 #8 type] 
Type domain.Apuesta is not enhanced.

[2020-03-18 23:15:47 #9 type] 
Type domain.Event is not enhanced.

[2020-03-18 23:15:47 #10 type.registry] 
New type java.util.Vector<domain.Driver>

------------------------------------------------------------------------------------------------------------------------

[2020-03-18 23:16:14 #1 store] 
Database '/Users/ldeniz/eclipse-workspace/Races2/resources/bets.temp' is opened by 47371@MacBook-Pro-de-Leroy.local

[2020-03-18 23:16:14 #2 type.registry] 
New type domain.Driver

[2020-03-18 23:16:14 #3 type] 
Type domain.Driver is not enhanced.

[2020-03-18 23:16:14 #4 type.registry] 
New type domain.Apuesta

[2020-03-18 23:16:14 #5 type.registry] 
New type java.util.Vector<domain.Apuesta>

[2020-03-18 23:16:14 #6 type.registry] 
New type domain.Event

[2020-03-18 23:16:14 #7 type.registry] 
New type java.util.Vector<domain.Event>

[2020-03-18 23:16:14 #8 type] 
Type domain.Apuesta is not enhanced.

[2020-03-18 23:16:14 #9 type] 
Type domain.Event is not enhanced.

[2020-03-18 23:16:14 #10 type.registry] 
New type java.util.Vector<domain.Driver>

------------------------------------------------------------------------------------------------------------------------

[2020-03-18 23:17:44 #1 store] 
Database '/Users/ldeniz/eclipse-workspace/Races2/resources/bets.temp' is opened by 47382@MacBook-Pro-de-Leroy.local

[2020-03-18 23:17:44 #2 type.registry] 
New type domain.Driver

[2020-03-18 23:17:44 #3 type] 
Type domain.Driver is not enhanced.

[2020-03-18 23:17:44 #4 type.registry] 
New type domain.Apuesta

[2020-03-18 23:17:44 #5 type.registry] 
New type java.util.Vector<domain.Apuesta>

[2020-03-18 23:17:44 #6 type.registry] 
New type domain.Event

[2020-03-18 23:17:44 #7 type.registry] 
New type java.util.Vector<domain.Event>

[2020-03-18 23:17:44 #8 type] 
Type domain.Apuesta is not enhanced.

[2020-03-18 23:17:44 #9 type] 
Type domain.Event is not enhanced.

[2020-03-18 23:17:44 #10 type.registry] 
New type java.util.Vector<domain.Driver>

------------------------------------------------------------------------------------------------------------------------

[2020-03-18 23:19:27 #1 store] 
Database '/Users/ldeniz/eclipse-workspace/Races2/resources/bets.temp' is opened by 47394@MacBook-Pro-de-Leroy.local

[2020-03-18 23:19:27 #2 type.registry] 
New type domain.Driver

[2020-03-18 23:19:27 #3 type] 
Type domain.Driver is not enhanced.

[2020-03-18 23:19:27 #4 type.registry] 
New type domain.Apuesta

[2020-03-18 23:19:27 #5 type.registry] 
New type java.util.Vector<domain.Apuesta>

[2020-03-18 23:19:27 #6 type.registry] 
New type domain.Event

[2020-03-18 23:19:27 #7 type.registry] 
New type java.util.Vector<domain.Event>

[2020-03-18 23:19:27 #8 type] 
Type domain.Apuesta is not enhanced.

[2020-03-18 23:19:27 #9 type] 
Type domain.Event is not enhanced.

[2020-03-18 23:19:27 #10 type.registry] 
New type java.util.Vector<domain.Driver>

------------------------------------------------------------------------------------------------------------------------

[2020-03-18 23:20:32 #1 store] 
Database '/Users/ldeniz/eclipse-workspace/Races2/resources/bets.temp' is opened by 47402@MacBook-Pro-de-Leroy.local

[2020-03-18 23:20:33 #2 type.registry] 
New type domain.Driver

[2020-03-18 23:20:33 #3 type] 
Type domain.Driver is not enhanced.

[2020-03-18 23:20:33 #4 type.registry] 
New type domain.Apuesta

[2020-03-18 23:20:33 #5 type.registry] 
New type java.util.Vector<domain.Apuesta>

[2020-03-18 23:20:33 #6 type.registry] 
New type domain.Event

[2020-03-18 23:20:33 #7 type.registry] 
New type java.util.Vector<domain.Event>

[2020-03-18 23:20:33 #8 type] 
Type domain.Apuesta is not enhanced.

[2020-03-18 23:20:33 #9 type] 
Type domain.Event is not enhanced.

[2020-03-18 23:20:33 #10 type.registry] 
New type java.util.Vector<domain.Driver>

------------------------------------------------------------------------------------------------------------------------

[2020-03-18 23:21:34 #1 store] 
Database '/Users/ldeniz/eclipse-workspace/Races2/resources/bets.temp' is opened by 47414@MacBook-Pro-de-Leroy.local

[2020-03-18 23:21:34 #2 type.registry] 
New type domain.Driver

[2020-03-18 23:21:34 #3 type] 
Type domain.Driver is not enhanced.

[2020-03-18 23:21:34 #4 type.registry] 
New type domain.Apuesta

[2020-03-18 23:21:34 #5 type.registry] 
New type java.util.Vector<domain.Apuesta>

[2020-03-18 23:21:34 #6 type.registry] 
New type domain.Event

[2020-03-18 23:21:34 #7 type.registry] 
New type java.util.Vector<domain.Event>

[2020-03-18 23:21:34 #8 type] 
Type domain.Apuesta is not enhanced.

[2020-03-18 23:21:34 #9 type] 
Type domain.Event is not enhanced.

[2020-03-18 23:21:34 #10 type.registry] 
New type java.util.Vector<domain.Driver>

------------------------------------------------------------------------------------------------------------------------

[2020-03-18 23:22:09 #1 store] 
Database '/Users/ldeniz/eclipse-workspace/Races2/resources/bets.temp' is opened by 47418@MacBook-Pro-de-Leroy.local

[2020-03-18 23:22:09 #2 type.registry] 
New type domain.Driver

[2020-03-18 23:22:09 #3 type] 
Type domain.Driver is not enhanced.

[2020-03-18 23:22:09 #4 type.registry] 
New type domain.Apuesta

[2020-03-18 23:22:09 #5 type.registry] 
New type java.util.Vector<domain.Apuesta>

[2020-03-18 23:22:09 #6 type.registry] 
New type domain.Event

[2020-03-18 23:22:09 #7 type.registry] 
New type java.util.Vector<domain.Event>

[2020-03-18 23:22:09 #8 type] 
Type domain.Apuesta is not enhanced.

[2020-03-18 23:22:09 #9 type] 
Type domain.Event is not enhanced.

[2020-03-18 23:22:09 #10 type.registry] 
New type java.util.Vector<domain.Driver>

------------------------------------------------------------------------------------------------------------------------

[2020-03-18 23:22:17 #1 store] 
Database '/Users/ldeniz/eclipse-workspace/Races2/resources/bets.temp' is opened by 47422@MacBook-Pro-de-Leroy.local

[2020-03-18 23:22:18 #2 type.registry] 
New type domain.Driver

[2020-03-18 23:22:18 #3 type] 
Type domain.Driver is not enhanced.

[2020-03-18 23:22:18 #4 type.registry] 
New type domain.Apuesta

[2020-03-18 23:22:18 #5 type.registry] 
New type java.util.Vector<domain.Apuesta>

[2020-03-18 23:22:18 #6 type.registry] 
New type domain.Event

[2020-03-18 23:22:18 #7 type.registry] 
New type java.util.Vector<domain.Event>

[2020-03-18 23:22:18 #8 type] 
Type domain.Apuesta is not enhanced.

[2020-03-18 23:22:18 #9 type] 
Type domain.Event is not enhanced.

[2020-03-18 23:22:18 #10 type.registry] 
New type java.util.Vector<domain.Driver>

------------------------------------------------------------------------------------------------------------------------

[2020-03-18 23:23:52 #1 store] 
Database '/Users/ldeniz/eclipse-workspace/Races2/resources/bets.temp' is opened by 47433@MacBook-Pro-de-Leroy.local

[2020-03-18 23:23:52 #2 type.registry] 
New type domain.Driver

[2020-03-18 23:23:52 #3 type] 
Type domain.Driver is not enhanced.

[2020-03-18 23:23:52 #4 type.registry] 
New type domain.Apuesta

[2020-03-18 23:23:52 #5 type.registry] 
New type java.util.Vector<domain.Apuesta>

[2020-03-18 23:23:52 #6 type.registry] 
New type domain.Event

[2020-03-18 23:23:52 #7 type.registry] 
New type java.util.Vector<domain.Event>

[2020-03-18 23:23:52 #8 type] 
Type domain.Apuesta is not enhanced.

[2020-03-18 23:23:52 #9 type] 
Type domain.Event is not enhanced.

[2020-03-18 23:23:52 #10 type.registry] 
New type java.util.Vector<domain.Driver>

------------------------------------------------------------------------------------------------------------------------

[2020-03-18 23:25:41 #1 store] 
Database '/Users/ldeniz/eclipse-workspace/Races2/resources/bets.temp' is opened by 47446@MacBook-Pro-de-Leroy.local

[2020-03-18 23:25:41 #2 type.registry] 
New type domain.Driver

[2020-03-18 23:25:41 #3 type] 
Type domain.Driver is not enhanced.

[2020-03-18 23:25:41 #4 type.registry] 
New type domain.Apuesta

[2020-03-18 23:25:41 #5 type.registry] 
New type java.util.Vector<domain.Apuesta>

[2020-03-18 23:25:41 #6 type.registry] 
New type domain.Event

[2020-03-18 23:25:41 #7 type.registry] 
New type java.util.Vector<domain.Event>

[2020-03-18 23:25:41 #8 type] 
Type domain.Apuesta is not enhanced.

[2020-03-18 23:25:41 #9 type] 
Type domain.Event is not enhanced.

[2020-03-18 23:25:41 #10 type.registry] 
New type java.util.Vector<domain.Driver>

------------------------------------------------------------------------------------------------------------------------

[2020-03-18 23:27:56 #1 store] 
Database '/Users/ldeniz/eclipse-workspace/Races2/resources/bets.temp' is opened by 47462@MacBook-Pro-de-Leroy.local

------------------------------------------------------------------------------------------------------------------------

[2020-03-18 23:28:46 #1 store] 
Database '/Users/ldeniz/eclipse-workspace/Races2/resources/bets.temp' is opened by 47469@MacBook-Pro-de-Leroy.local

[2020-03-18 23:28:46 #2 type.registry] 
New type domain.Driver

[2020-03-18 23:28:46 #3 type] 
Type domain.Driver is not enhanced.

[2020-03-18 23:28:46 #4 type.registry] 
New type domain.Apuesta

[2020-03-18 23:28:46 #5 type.registry] 
New type java.util.Vector<domain.Apuesta>

[2020-03-18 23:28:46 #6 type.registry] 
New type domain.Event

[2020-03-18 23:28:46 #7 type.registry] 
New type java.util.Vector<domain.Event>

[2020-03-18 23:28:46 #8 type] 
Type domain.Apuesta is not enhanced.

[2020-03-18 23:28:46 #9 type] 
Type domain.Event is not enhanced.

[2020-03-18 23:28:46 #10 type.registry] 
New type java.util.Vector<domain.Driver>

------------------------------------------------------------------------------------------------------------------------

[2020-03-18 23:30:23 #1 store] 
Database '/Users/ldeniz/eclipse-workspace/Races2/resources/bets.temp' is opened by 47481@MacBook-Pro-de-Leroy.local

[2020-03-18 23:30:23 #2 type.registry] 
New type domain.Driver

[2020-03-18 23:30:23 #3 type] 
Type domain.Driver is not enhanced.

[2020-03-18 23:30:23 #4 type.registry] 
New type domain.Apuesta

[2020-03-18 23:30:23 #5 type.registry] 
New type java.util.Vector<domain.Apuesta>

[2020-03-18 23:30:23 #6 type.registry] 
New type domain.Event

[2020-03-18 23:30:23 #7 type.registry] 
New type java.util.Vector<domain.Event>

[2020-03-18 23:30:23 #8 type] 
Type domain.Apuesta is not enhanced.

[2020-03-18 23:30:23 #9 type] 
Type domain.Event is not enhanced.

[2020-03-18 23:30:23 #10 type.registry] 
New type java.util.Vector<domain.Driver>

------------------------------------------------------------------------------------------------------------------------

[2020-03-18 23:30:58 #1 store] 
Database '/Users/ldeniz/eclipse-workspace/Races2/resources/bets.temp' is opened by 47489@MacBook-Pro-de-Leroy.local

[2020-03-18 23:30:58 #2 type.registry] 
New type domain.Driver

[2020-03-18 23:30:58 #3 type] 
Type domain.Driver is not enhanced.

[2020-03-18 23:30:58 #4 type.registry] 
New type domain.Apuesta

[2020-03-18 23:30:58 #5 type.registry] 
New type java.util.Vector<domain.Apuesta>

[2020-03-18 23:30:58 #6 type.registry] 
New type domain.Event

[2020-03-18 23:30:58 #7 type.registry] 
New type java.util.Vector<domain.Event>

[2020-03-18 23:30:58 #8 type] 
Type domain.Apuesta is not enhanced.

[2020-03-18 23:30:58 #9 type] 
Type domain.Event is not enhanced.

[2020-03-18 23:30:58 #10 type.registry] 
New type java.util.Vector<domain.Driver>

------------------------------------------------------------------------------------------------------------------------

[2020-03-18 23:33:17 #1 store] 
Database '/Users/ldeniz/eclipse-workspace/Races2/resources/bets.temp' is opened by 47504@MacBook-Pro-de-Leroy.local

[2020-03-18 23:33:17 #2 type.registry] 
New type domain.Driver

[2020-03-18 23:33:17 #3 type] 
Type domain.Driver is not enhanced.

[2020-03-18 23:33:17 #4 type.registry] 
New type domain.Apuesta

[2020-03-18 23:33:17 #5 type.registry] 
New type java.util.Vector<domain.Apuesta>

[2020-03-18 23:33:17 #6 type.registry] 
New type domain.Event

[2020-03-18 23:33:17 #7 type.registry] 
New type java.util.Vector<domain.Event>

[2020-03-18 23:33:17 #8 type] 
Type domain.Apuesta is not enhanced.

[2020-03-18 23:33:17 #9 type] 
Type domain.Event is not enhanced.

[2020-03-18 23:33:17 #10 type.registry] 
New type java.util.Vector<domain.Driver>

------------------------------------------------------------------------------------------------------------------------

[2020-03-18 23:35:25 #1 store] 
Database '/Users/ldeniz/eclipse-workspace/Races2/resources/bets.temp' is opened by 47523@MacBook-Pro-de-Leroy.local

[2020-03-18 23:35:25 #2 type.registry] 
New type domain.Driver

[2020-03-18 23:35:25 #3 type] 
Type domain.Driver is not enhanced.

[2020-03-18 23:35:25 #4 type.registry] 
New type domain.Apuesta

[2020-03-18 23:35:25 #5 type.registry] 
New type java.util.Vector<domain.Apuesta>

[2020-03-18 23:35:25 #6 type.registry] 
New type domain.Event

[2020-03-18 23:35:25 #7 type.registry] 
New type java.util.Vector<domain.Event>

[2020-03-18 23:35:25 #8 type] 
Type domain.Apuesta is not enhanced.

[2020-03-18 23:35:25 #9 type] 
Type domain.Event is not enhanced.

[2020-03-18 23:35:25 #10 type.registry] 
New type java.util.Vector<domain.Driver>

------------------------------------------------------------------------------------------------------------------------

[2020-03-18 23:36:39 #1 store] 
Database '/Users/ldeniz/eclipse-workspace/Races2/resources/bets.temp' is opened by 47534@MacBook-Pro-de-Leroy.local

[2020-03-18 23:36:39 #2 type.registry] 
New type domain.Driver

[2020-03-18 23:36:39 #3 type] 
Type domain.Driver is not enhanced.

[2020-03-18 23:36:39 #4 type.registry] 
New type domain.Apuesta

[2020-03-18 23:36:39 #5 type.registry] 
New type java.util.Vector<domain.Apuesta>

[2020-03-18 23:36:39 #6 type.registry] 
New type domain.Event

[2020-03-18 23:36:39 #7 type.registry] 
New type java.util.Vector<domain.Event>

[2020-03-18 23:36:39 #8 type] 
Type domain.Apuesta is not enhanced.

[2020-03-18 23:36:39 #9 type] 
Type domain.Event is not enhanced.

[2020-03-18 23:36:39 #10 type.registry] 
New type java.util.Vector<domain.Driver>

------------------------------------------------------------------------------------------------------------------------

[2020-03-18 23:37:59 #1 store] 
Database '/Users/ldeniz/eclipse-workspace/Races2/resources/bets.temp' is opened by 47544@MacBook-Pro-de-Leroy.local

[2020-03-18 23:37:59 #2 type.registry] 
New type domain.Driver

[2020-03-18 23:37:59 #3 type] 
Type domain.Driver is not enhanced.

[2020-03-18 23:37:59 #4 type.registry] 
New type domain.Apuesta

[2020-03-18 23:37:59 #5 type.registry] 
New type java.util.Vector<domain.Apuesta>

[2020-03-18 23:37:59 #6 type.registry] 
New type domain.Event

[2020-03-18 23:37:59 #7 type.registry] 
New type java.util.Vector<domain.Event>

[2020-03-18 23:37:59 #8 type] 
Type domain.Apuesta is not enhanced.

[2020-03-18 23:37:59 #9 type] 
Type domain.Event is not enhanced.

[2020-03-18 23:37:59 #10 type.registry] 
New type java.util.Vector<domain.Driver>

------------------------------------------------------------------------------------------------------------------------

[2020-03-18 23:38:14 #1 store] 
Database '/Users/ldeniz/eclipse-workspace/Races2/resources/bets.temp' is opened by 47547@MacBook-Pro-de-Leroy.local

[2020-03-18 23:38:14 #2 type.registry] 
New type domain.Driver

[2020-03-18 23:38:14 #3 type] 
Type domain.Driver is not enhanced.

[2020-03-18 23:38:14 #4 type.registry] 
New type domain.Apuesta

[2020-03-18 23:38:14 #5 type.registry] 
New type java.util.Vector<domain.Apuesta>

[2020-03-18 23:38:15 #6 type.registry] 
New type domain.Event

[2020-03-18 23:38:15 #7 type.registry] 
New type java.util.Vector<domain.Event>

[2020-03-18 23:38:15 #8 type] 
Type domain.Apuesta is not enhanced.

[2020-03-18 23:38:15 #9 type] 
Type domain.Event is not enhanced.

[2020-03-18 23:38:15 #10 type.registry] 
New type java.util.Vector<domain.Driver>

------------------------------------------------------------------------------------------------------------------------

[2020-03-18 23:45:43 #1 store] 
Database '/Users/ldeniz/eclipse-workspace/Races2/resources/bets.temp' is opened by 47600@MacBook-Pro-de-Leroy.local

[2020-03-18 23:45:43 #2 type.registry] 
New type domain.Driver

[2020-03-18 23:45:43 #3 type] 
Type domain.Driver is not enhanced.

[2020-03-18 23:45:43 #4 type.registry] 
New type domain.Apuesta

[2020-03-18 23:45:43 #5 type.registry] 
New type java.util.Vector<domain.Apuesta>

[2020-03-18 23:45:43 #6 type.registry] 
New type domain.Event

[2020-03-18 23:45:43 #7 type.registry] 
New type java.util.Vector<domain.Event>

[2020-03-18 23:45:43 #8 type] 
Type domain.Apuesta is not enhanced.

[2020-03-18 23:45:43 #9 type] 
Type domain.Event is not enhanced.

[2020-03-18 23:45:43 #10 type.registry] 
New type java.util.Vector<domain.Driver>

------------------------------------------------------------------------------------------------------------------------

[2020-03-18 23:46:00 #1 store] 
Database '/Users/ldeniz/eclipse-workspace/Races2/resources/bets.temp' is opened by 47604@MacBook-Pro-de-Leroy.local

[2020-03-18 23:46:00 #2 type.registry] 
New type domain.Driver

[2020-03-18 23:46:00 #3 type] 
Type domain.Driver is not enhanced.

[2020-03-18 23:46:00 #4 type.registry] 
New type domain.Apuesta

[2020-03-18 23:46:00 #5 type.registry] 
New type java.util.Vector<domain.Apuesta>

[2020-03-18 23:46:00 #6 type.registry] 
New type domain.Event

[2020-03-18 23:46:00 #7 type.registry] 
New type java.util.Vector<domain.Event>

[2020-03-18 23:46:00 #8 type] 
Type domain.Apuesta is not enhanced.

[2020-03-18 23:46:00 #9 type] 
Type domain.Event is not enhanced.

[2020-03-18 23:46:00 #10 type.registry] 
New type java.util.Vector<domain.Driver>

------------------------------------------------------------------------------------------------------------------------

[2020-03-18 23:46:44 #1 store] 
Database '/Users/ldeniz/eclipse-workspace/Races2/resources/bets.temp' is opened by 47610@MacBook-Pro-de-Leroy.local

[2020-03-18 23:46:45 #2 type.registry] 
New type domain.Driver

[2020-03-18 23:46:45 #3 type] 
Type domain.Driver is not enhanced.

[2020-03-18 23:46:45 #4 type.registry] 
New type domain.Apuesta

[2020-03-18 23:46:45 #5 type.registry] 
New type java.util.Vector<domain.Apuesta>

[2020-03-18 23:46:45 #6 type.registry] 
New type domain.Event

[2020-03-18 23:46:45 #7 type.registry] 
New type java.util.Vector<domain.Event>

[2020-03-18 23:46:45 #8 type] 
Type domain.Apuesta is not enhanced.

[2020-03-18 23:46:45 #9 type] 
Type domain.Event is not enhanced.

[2020-03-18 23:46:45 #10 type.registry] 
New type java.util.Vector<domain.Driver>

------------------------------------------------------------------------------------------------------------------------

[2020-03-18 23:47:10 #1 store] 
Database '/Users/ldeniz/eclipse-workspace/Races2/resources/bets.temp' is opened by 47615@MacBook-Pro-de-Leroy.local

[2020-03-18 23:47:10 #2 type.registry] 
New type domain.Driver

[2020-03-18 23:47:10 #3 type] 
Type domain.Driver is not enhanced.

[2020-03-18 23:47:10 #4 type.registry] 
New type domain.Apuesta

[2020-03-18 23:47:10 #5 type.registry] 
New type java.util.Vector<domain.Apuesta>

[2020-03-18 23:47:10 #6 type.registry] 
New type domain.Event

[2020-03-18 23:47:10 #7 type.registry] 
New type java.util.Vector<domain.Event>

[2020-03-18 23:47:10 #8 type] 
Type domain.Apuesta is not enhanced.

[2020-03-18 23:47:10 #9 type] 
Type domain.Event is not enhanced.

[2020-03-18 23:47:10 #10 type.registry] 
New type java.util.Vector<domain.Driver>

------------------------------------------------------------------------------------------------------------------------

[2020-03-18 23:48:39 #1 store] 
Database '/Users/ldeniz/eclipse-workspace/Races2/resources/bets.temp' is opened by 47628@MacBook-Pro-de-Leroy.local

[2020-03-18 23:48:39 #2 type.registry] 
New type domain.Driver

[2020-03-18 23:48:39 #3 type] 
Type domain.Driver is not enhanced.

[2020-03-18 23:48:39 #4 type.registry] 
New type domain.Apuesta

[2020-03-18 23:48:39 #5 type.registry] 
New type java.util.Vector<domain.Apuesta>

[2020-03-18 23:48:39 #6 type.registry] 
New type domain.Event

[2020-03-18 23:48:39 #7 type.registry] 
New type java.util.Vector<domain.Event>

[2020-03-18 23:48:39 #8 type] 
Type domain.Apuesta is not enhanced.

[2020-03-18 23:48:39 #9 type] 
Type domain.Event is not enhanced.

[2020-03-18 23:48:39 #10 type.registry] 
New type java.util.Vector<domain.Driver>

------------------------------------------------------------------------------------------------------------------------

[2020-03-18 23:51:30 #1 store] 
Database '/Users/ldeniz/eclipse-workspace/Races2/resources/bets.temp' is opened by 47647@MacBook-Pro-de-Leroy.local

[2020-03-18 23:51:31 #2 type.registry] 
New type domain.Driver

[2020-03-18 23:51:31 #3 type] 
Type domain.Driver is not enhanced.

[2020-03-18 23:51:31 #4 type.registry] 
New type domain.Apuesta

[2020-03-18 23:51:31 #5 type.registry] 
New type java.util.Vector<domain.Apuesta>

[2020-03-18 23:51:31 #6 type.registry] 
New type domain.Event

[2020-03-18 23:51:31 #7 type.registry] 
New type java.util.Vector<domain.Event>

[2020-03-18 23:51:31 #8 type] 
Type domain.Apuesta is not enhanced.

[2020-03-18 23:51:31 #9 type] 
Type domain.Event is not enhanced.

[2020-03-18 23:51:31 #10 type.registry] 
New type java.util.Vector<domain.Driver>

------------------------------------------------------------------------------------------------------------------------

[2020-03-18 23:59:02 #1 store] 
Database '/Users/ldeniz/eclipse-workspace/Races2/resources/bets.temp' is opened by 47733@MacBook-Pro-de-Leroy.local

[2020-03-18 23:59:02 #2 type.registry] 
New type domain.Driver

[2020-03-18 23:59:02 #3 type] 
Type domain.Driver is not enhanced.

[2020-03-18 23:59:02 #4 type.registry] 
New type domain.Apuesta

[2020-03-18 23:59:02 #5 type.registry] 
New type java.util.Vector<domain.Apuesta>

[2020-03-18 23:59:02 #6 type.registry] 
New type domain.Event

[2020-03-18 23:59:02 #7 type.registry] 
New type java.util.Vector<domain.Event>

[2020-03-18 23:59:02 #8 type] 
Type domain.Apuesta is not enhanced.

[2020-03-18 23:59:02 #9 type] 
Type domain.Event is not enhanced.

[2020-03-18 23:59:02 #10 type.registry] 
New type java.util.Vector<domain.Driver>

------------------------------------------------------------------------------------------------------------------------

[2020-03-18 23:59:42 #1 store] 
Database '/Users/ldeniz/eclipse-workspace/Races2/resources/bets.temp' is opened by 47741@MacBook-Pro-de-Leroy.local

[2020-03-18 23:59:42 #2 type.registry] 
New type domain.Driver

[2020-03-18 23:59:42 #3 type] 
Type domain.Driver is not enhanced.

[2020-03-18 23:59:42 #4 type.registry] 
New type domain.Apuesta

[2020-03-18 23:59:42 #5 type.registry] 
New type java.util.Vector<domain.Apuesta>

[2020-03-18 23:59:42 #6 type.registry] 
New type domain.Event

[2020-03-18 23:59:42 #7 type.registry] 
New type java.util.Vector<domain.Event>

[2020-03-18 23:59:42 #8 type] 
Type domain.Apuesta is not enhanced.

[2020-03-18 23:59:42 #9 type] 
Type domain.Event is not enhanced.

[2020-03-18 23:59:42 #10 type.registry] 
New type java.util.Vector<domain.Driver>

