------------------------------------------------------------------------------------------------------------------------

[2020-03-23 00:04:31 #1 store] 
Database 'C:\Users\Jorge\eclipse-workspace\IS1\Trabajo_Carreras\Races2\resources\bets.temp' is opened by 2668@LAPTOP-CAMHNDK2

[2020-03-23 00:04:31 #2 type.registry] 
New type domain.Carrera

[2020-03-23 00:04:31 #3 type] 
Type domain.Carrera is not enhanced.

[2020-03-23 00:04:31 #4 type.registry] 
New type domain.ParrillaDeSalida

[2020-03-23 00:04:31 #5 type.registry] 
New type java.util.ArrayList<domain.ParrillaDeSalida>

[2020-03-23 00:04:31 #6 type] 
Type domain.ParrillaDeSalida is not enhanced.

[2020-03-23 00:04:31 #7 type.registry] 
New type domain.Apuesta

[2020-03-23 00:04:31 #8 type.registry] 
New type java.util.ArrayList<domain.Apuesta>

[2020-03-23 00:04:31 #9 type.registry] 
New type domain.Piloto

[2020-03-23 00:04:31 #10 type] 
Type domain.Apuesta is not enhanced.

[2020-03-23 00:04:31 #11 type] 
Type domain.Piloto is not enhanced.

[2020-03-23 00:04:31 #12 type.registry] 
New type domain.Escuderia

[2020-03-23 00:04:31 #13 type] 
Type domain.Escuderia is not enhanced.

[2020-03-23 00:04:31 #14 type.registry] 
New type domain.Coche

[2020-03-23 00:04:31 #15 type.registry] 
New type java.util.ArrayList<domain.Coche>

[2020-03-23 00:04:31 #16 type] 
Type domain.Coche is not enhanced.

[2020-03-23 00:04:31 #17 type.registry] 
New type java.util.ArrayList<java.lang.Object>

------------------------------------------------------------------------------------------------------------------------

[2020-03-23 00:05:04 #1 store] 
Database 'C:\Users\Jorge\eclipse-workspace\IS1\Trabajo_Carreras\Races2\resources\bets.temp' is opened by 1268@LAPTOP-CAMHNDK2

[2020-03-23 00:05:05 #2 type.registry] 
New type domain.Carrera

[2020-03-23 00:05:05 #3 type] 
Type domain.Carrera is not enhanced.

[2020-03-23 00:05:05 #4 type.registry] 
New type domain.ParrillaDeSalida

[2020-03-23 00:05:05 #5 type.registry] 
New type java.util.ArrayList<domain.ParrillaDeSalida>

[2020-03-23 00:05:05 #6 type] 
Type domain.ParrillaDeSalida is not enhanced.

[2020-03-23 00:05:05 #7 type.registry] 
New type domain.Apuesta

[2020-03-23 00:05:05 #8 type.registry] 
New type java.util.ArrayList<domain.Apuesta>

[2020-03-23 00:05:05 #9 type.registry] 
New type domain.Piloto

[2020-03-23 00:05:05 #10 type] 
Type domain.Apuesta is not enhanced.

[2020-03-23 00:05:05 #11 type] 
Type domain.Piloto is not enhanced.

[2020-03-23 00:05:05 #12 type.registry] 
New type domain.Escuderia

[2020-03-23 00:05:05 #13 type] 
Type domain.Escuderia is not enhanced.

[2020-03-23 00:05:05 #14 type.registry] 
New type domain.Coche

[2020-03-23 00:05:05 #15 type.registry] 
New type java.util.ArrayList<domain.Coche>

[2020-03-23 00:05:05 #16 type] 
Type domain.Coche is not enhanced.

[2020-03-23 00:05:05 #17 type.registry] 
New type java.util.ArrayList<java.lang.Object>

------------------------------------------------------------------------------------------------------------------------

[2020-03-23 00:06:04 #1 store] 
Database 'C:\Users\Jorge\eclipse-workspace\IS1\Trabajo_Carreras\Races2\resources\bets.temp' is opened by 16720@LAPTOP-CAMHNDK2

[2020-03-23 00:06:04 #2 type.registry] 
New type domain.Carrera

[2020-03-23 00:06:04 #3 type] 
Type domain.Carrera is not enhanced.

[2020-03-23 00:06:04 #4 type.registry] 
New type domain.ParrillaDeSalida

[2020-03-23 00:06:04 #5 type.registry] 
New type java.util.ArrayList<domain.ParrillaDeSalida>

[2020-03-23 00:06:04 #6 type] 
Type domain.ParrillaDeSalida is not enhanced.

[2020-03-23 00:06:04 #7 type.registry] 
New type domain.Apuesta

[2020-03-23 00:06:04 #8 type.registry] 
New type java.util.ArrayList<domain.Apuesta>

[2020-03-23 00:06:04 #9 type.registry] 
New type domain.Piloto

[2020-03-23 00:06:04 #10 type] 
Type domain.Apuesta is not enhanced.

[2020-03-23 00:06:04 #11 type] 
Type domain.Piloto is not enhanced.

[2020-03-23 00:06:04 #12 type.registry] 
New type domain.Escuderia

[2020-03-23 00:06:04 #13 type] 
Type domain.Escuderia is not enhanced.

[2020-03-23 00:06:04 #14 type.registry] 
New type domain.Coche

[2020-03-23 00:06:04 #15 type.registry] 
New type java.util.ArrayList<domain.Coche>

[2020-03-23 00:06:04 #16 type] 
Type domain.Coche is not enhanced.

[2020-03-23 00:06:04 #17 type.registry] 
New type java.util.ArrayList<java.lang.Object>

------------------------------------------------------------------------------------------------------------------------

[2020-03-23 00:07:36 #1 store] 
Database 'C:\Users\Jorge\eclipse-workspace\IS1\Trabajo_Carreras\Races2\resources\bets.temp' is opened by 6616@LAPTOP-CAMHNDK2

[2020-03-23 00:07:36 #2 type.registry] 
New type domain.Carrera

[2020-03-23 00:07:36 #3 type] 
Type domain.Carrera is not enhanced.

[2020-03-23 00:07:36 #4 type.registry] 
New type domain.ParrillaDeSalida

[2020-03-23 00:07:36 #5 type.registry] 
New type java.util.ArrayList<domain.ParrillaDeSalida>

[2020-03-23 00:07:36 #6 type] 
Type domain.ParrillaDeSalida is not enhanced.

[2020-03-23 00:07:36 #7 type.registry] 
New type domain.Apuesta

[2020-03-23 00:07:36 #8 type.registry] 
New type java.util.ArrayList<domain.Apuesta>

[2020-03-23 00:07:36 #9 type.registry] 
New type domain.Piloto

[2020-03-23 00:07:36 #10 type] 
Type domain.Apuesta is not enhanced.

[2020-03-23 00:07:36 #11 type] 
Type domain.Piloto is not enhanced.

[2020-03-23 00:07:36 #12 type.registry] 
New type domain.Escuderia

[2020-03-23 00:07:36 #13 type] 
Type domain.Escuderia is not enhanced.

[2020-03-23 00:07:36 #14 type.registry] 
New type domain.Coche

[2020-03-23 00:07:36 #15 type.registry] 
New type java.util.ArrayList<domain.Coche>

[2020-03-23 00:07:36 #16 type] 
Type domain.Coche is not enhanced.

[2020-03-23 00:07:36 #17 type.registry] 
New type java.util.ArrayList<java.lang.Object>

------------------------------------------------------------------------------------------------------------------------

[2020-03-23 00:13:19 #1 store] 
Database 'C:\Users\Jorge\eclipse-workspace\IS1\Trabajo_Carreras\Races2\resources\bets.temp' is opened by 19812@LAPTOP-CAMHNDK2

[2020-03-23 00:13:20 #2 type.registry] 
New type domain.Carrera

[2020-03-23 00:13:20 #3 type] 
Type domain.Carrera is not enhanced.

[2020-03-23 00:13:20 #4 type.registry] 
New type domain.ParrillaDeSalida

[2020-03-23 00:13:20 #5 type.registry] 
New type java.util.ArrayList<domain.ParrillaDeSalida>

[2020-03-23 00:13:20 #6 type] 
Type domain.ParrillaDeSalida is not enhanced.

[2020-03-23 00:13:20 #7 type.registry] 
New type domain.Apuesta

[2020-03-23 00:13:20 #8 type.registry] 
New type java.util.ArrayList<domain.Apuesta>

[2020-03-23 00:13:20 #9 type.registry] 
New type domain.Piloto

[2020-03-23 00:13:20 #10 type] 
Type domain.Apuesta is not enhanced.

[2020-03-23 00:13:20 #11 type] 
Type domain.Piloto is not enhanced.

[2020-03-23 00:13:20 #12 type.registry] 
New type domain.Escuderia

[2020-03-23 00:13:20 #13 type] 
Type domain.Escuderia is not enhanced.

[2020-03-23 00:13:20 #14 type.registry] 
New type domain.Coche

[2020-03-23 00:13:20 #15 type.registry] 
New type java.util.ArrayList<domain.Coche>

[2020-03-23 00:13:20 #16 type] 
Type domain.Coche is not enhanced.

[2020-03-23 00:13:20 #17 type.registry] 
New type java.util.ArrayList<java.lang.Object>

------------------------------------------------------------------------------------------------------------------------

[2020-03-23 03:08:25 #1 store] 
Database 'C:\Users\Jorge\eclipse-workspace\IS1\Trabajo_Carreras\Races2\resources\bets.temp' is opened by 12376@LAPTOP-CAMHNDK2

[2020-03-23 03:08:25 #2 type.registry] 
New type domain.Carrera

[2020-03-23 03:08:25 #3 type] 
Type domain.Carrera is not enhanced.

[2020-03-23 03:08:25 #4 type.registry] 
New type domain.ParrillaDeSalida

[2020-03-23 03:08:25 #5 type.registry] 
New type java.util.ArrayList<domain.ParrillaDeSalida>

[2020-03-23 03:08:25 #6 type] 
Type domain.ParrillaDeSalida is not enhanced.

[2020-03-23 03:08:25 #7 type.registry] 
New type domain.Apuesta

[2020-03-23 03:08:25 #8 type.registry] 
New type java.util.ArrayList<domain.Apuesta>

[2020-03-23 03:08:25 #9 type.registry] 
New type domain.Piloto

[2020-03-23 03:08:25 #10 type] 
Type domain.Apuesta is not enhanced.

[2020-03-23 03:08:25 #11 type] 
Type domain.Piloto is not enhanced.

[2020-03-23 03:08:25 #12 type.registry] 
New type domain.Escuderia

[2020-03-23 03:08:25 #13 type] 
Type domain.Escuderia is not enhanced.

[2020-03-23 03:08:25 #14 type.registry] 
New type domain.Coche

[2020-03-23 03:08:25 #15 type.registry] 
New type java.util.ArrayList<domain.Coche>

[2020-03-23 03:08:25 #16 type] 
Type domain.Coche is not enhanced.

[2020-03-23 03:08:25 #17 type.registry] 
New type java.util.ArrayList<java.lang.Object>

------------------------------------------------------------------------------------------------------------------------

[2020-03-23 03:13:30 #1 store] 
Database 'C:\Users\Jorge\eclipse-workspace\IS1\Trabajo_Carreras\Races2\resources\bets.temp' is opened by 19392@LAPTOP-CAMHNDK2

[2020-03-23 03:13:30 #2 type.registry] 
New type domain.Carrera

[2020-03-23 03:13:30 #3 type] 
Type domain.Carrera is not enhanced.

[2020-03-23 03:13:30 #4 type.registry] 
New type domain.ParrillaDeSalida

[2020-03-23 03:13:30 #5 type.registry] 
New type java.util.ArrayList<domain.ParrillaDeSalida>

[2020-03-23 03:13:30 #6 type] 
Type domain.ParrillaDeSalida is not enhanced.

[2020-03-23 03:13:30 #7 type.registry] 
New type domain.Apuesta

[2020-03-23 03:13:30 #8 type.registry] 
New type java.util.ArrayList<domain.Apuesta>

[2020-03-23 03:13:30 #9 type.registry] 
New type domain.Piloto

[2020-03-23 03:13:30 #10 type] 
Type domain.Apuesta is not enhanced.

[2020-03-23 03:13:30 #11 type] 
Type domain.Piloto is not enhanced.

[2020-03-23 03:13:30 #12 type.registry] 
New type domain.Escuderia

[2020-03-23 03:13:30 #13 type] 
Type domain.Escuderia is not enhanced.

[2020-03-23 03:13:30 #14 type.registry] 
New type domain.Coche

[2020-03-23 03:13:30 #15 type.registry] 
New type java.util.ArrayList<domain.Coche>

[2020-03-23 03:13:30 #16 type] 
Type domain.Coche is not enhanced.

[2020-03-23 03:13:30 #17 type.registry] 
New type java.util.ArrayList<java.lang.Object>

------------------------------------------------------------------------------------------------------------------------

[2020-03-23 03:14:12 #1 store] 
Database 'C:\Users\Jorge\eclipse-workspace\IS1\Trabajo_Carreras\Races2\resources\bets.temp' is opened by 8232@LAPTOP-CAMHNDK2

[2020-03-23 03:14:12 #2 type.registry] 
New type domain.Carrera

[2020-03-23 03:14:12 #3 type] 
Type domain.Carrera is not enhanced.

[2020-03-23 03:14:12 #4 type.registry] 
New type domain.ParrillaDeSalida

[2020-03-23 03:14:12 #5 type.registry] 
New type java.util.ArrayList<domain.ParrillaDeSalida>

[2020-03-23 03:14:12 #6 type] 
Type domain.ParrillaDeSalida is not enhanced.

[2020-03-23 03:14:12 #7 type.registry] 
New type domain.Apuesta

[2020-03-23 03:14:12 #8 type.registry] 
New type java.util.ArrayList<domain.Apuesta>

[2020-03-23 03:14:12 #9 type.registry] 
New type domain.Piloto

[2020-03-23 03:14:12 #10 type] 
Type domain.Apuesta is not enhanced.

[2020-03-23 03:14:12 #11 type] 
Type domain.Piloto is not enhanced.

[2020-03-23 03:14:12 #12 type.registry] 
New type domain.Escuderia

[2020-03-23 03:14:12 #13 type] 
Type domain.Escuderia is not enhanced.

[2020-03-23 03:14:12 #14 type.registry] 
New type domain.Coche

[2020-03-23 03:14:12 #15 type.registry] 
New type java.util.ArrayList<domain.Coche>

[2020-03-23 03:14:12 #16 type] 
Type domain.Coche is not enhanced.

[2020-03-23 03:14:12 #17 type.registry] 
New type java.util.ArrayList<java.lang.Object>

------------------------------------------------------------------------------------------------------------------------

[2020-03-23 03:15:47 #1 store] 
Database 'C:\Users\Jorge\eclipse-workspace\IS1\Trabajo_Carreras\Races2\resources\bets.temp' is opened by 22296@LAPTOP-CAMHNDK2

[2020-03-23 03:15:47 #2 type.registry] 
New type domain.Carrera

[2020-03-23 03:15:47 #3 type] 
Type domain.Carrera is not enhanced.

[2020-03-23 03:15:47 #4 type.registry] 
New type domain.ParrillaDeSalida

[2020-03-23 03:15:47 #5 type.registry] 
New type java.util.ArrayList<domain.ParrillaDeSalida>

[2020-03-23 03:15:47 #6 type] 
Type domain.ParrillaDeSalida is not enhanced.

[2020-03-23 03:15:47 #7 type.registry] 
New type domain.Apuesta

[2020-03-23 03:15:47 #8 type.registry] 
New type java.util.ArrayList<domain.Apuesta>

[2020-03-23 03:15:47 #9 type.registry] 
New type domain.Piloto

[2020-03-23 03:15:47 #10 type] 
Type domain.Apuesta is not enhanced.

[2020-03-23 03:15:47 #11 type] 
Type domain.Piloto is not enhanced.

[2020-03-23 03:15:47 #12 type.registry] 
New type domain.Escuderia

[2020-03-23 03:15:47 #13 type] 
Type domain.Escuderia is not enhanced.

[2020-03-23 03:15:47 #14 type.registry] 
New type domain.Coche

[2020-03-23 03:15:47 #15 type.registry] 
New type java.util.ArrayList<domain.Coche>

[2020-03-23 03:15:47 #16 type] 
Type domain.Coche is not enhanced.

[2020-03-23 03:15:47 #17 type.registry] 
New type java.util.ArrayList<java.lang.Object>

------------------------------------------------------------------------------------------------------------------------

[2020-03-23 03:16:35 #1 store] 
Database 'C:\Users\Jorge\eclipse-workspace\IS1\Trabajo_Carreras\Races2\resources\bets.temp' is opened by 12284@LAPTOP-CAMHNDK2

[2020-03-23 03:16:35 #2 type.registry] 
New type domain.Carrera

[2020-03-23 03:16:35 #3 type] 
Type domain.Carrera is not enhanced.

[2020-03-23 03:16:35 #4 type.registry] 
New type domain.ParrillaDeSalida

[2020-03-23 03:16:35 #5 type.registry] 
New type java.util.ArrayList<domain.ParrillaDeSalida>

[2020-03-23 03:16:35 #6 type] 
Type domain.ParrillaDeSalida is not enhanced.

[2020-03-23 03:16:35 #7 type.registry] 
New type domain.Apuesta

[2020-03-23 03:16:35 #8 type.registry] 
New type java.util.ArrayList<domain.Apuesta>

[2020-03-23 03:16:35 #9 type.registry] 
New type domain.Piloto

[2020-03-23 03:16:35 #10 type] 
Type domain.Apuesta is not enhanced.

[2020-03-23 03:16:35 #11 type] 
Type domain.Piloto is not enhanced.

[2020-03-23 03:16:35 #12 type.registry] 
New type domain.Escuderia

[2020-03-23 03:16:35 #13 type] 
Type domain.Escuderia is not enhanced.

[2020-03-23 03:16:35 #14 type.registry] 
New type domain.Coche

[2020-03-23 03:16:35 #15 type.registry] 
New type java.util.ArrayList<domain.Coche>

[2020-03-23 03:16:35 #16 type] 
Type domain.Coche is not enhanced.

[2020-03-23 03:16:35 #17 type.registry] 
New type java.util.ArrayList<java.lang.Object>

------------------------------------------------------------------------------------------------------------------------

[2020-03-23 03:16:47 #1 store] 
Database 'C:\Users\Jorge\eclipse-workspace\IS1\Trabajo_Carreras\Races2\resources\bets.temp' is opened by 8340@LAPTOP-CAMHNDK2

[2020-03-23 03:16:47 #2 type.registry] 
New type domain.Carrera

[2020-03-23 03:16:47 #3 type] 
Type domain.Carrera is not enhanced.

[2020-03-23 03:16:47 #4 type.registry] 
New type domain.ParrillaDeSalida

[2020-03-23 03:16:47 #5 type.registry] 
New type java.util.ArrayList<domain.ParrillaDeSalida>

[2020-03-23 03:16:47 #6 type] 
Type domain.ParrillaDeSalida is not enhanced.

[2020-03-23 03:16:47 #7 type.registry] 
New type domain.Apuesta

[2020-03-23 03:16:47 #8 type.registry] 
New type java.util.ArrayList<domain.Apuesta>

[2020-03-23 03:16:47 #9 type.registry] 
New type domain.Piloto

[2020-03-23 03:16:47 #10 type] 
Type domain.Apuesta is not enhanced.

[2020-03-23 03:16:47 #11 type] 
Type domain.Piloto is not enhanced.

[2020-03-23 03:16:47 #12 type.registry] 
New type domain.Escuderia

[2020-03-23 03:16:47 #13 type] 
Type domain.Escuderia is not enhanced.

[2020-03-23 03:16:47 #14 type.registry] 
New type domain.Coche

[2020-03-23 03:16:47 #15 type.registry] 
New type java.util.ArrayList<domain.Coche>

[2020-03-23 03:16:47 #16 type] 
Type domain.Coche is not enhanced.

[2020-03-23 03:16:47 #17 type.registry] 
New type java.util.ArrayList<java.lang.Object>

------------------------------------------------------------------------------------------------------------------------

[2020-03-23 03:17:45 #1 store] 
Database 'C:\Users\Jorge\eclipse-workspace\IS1\Trabajo_Carreras\Races2\resources\bets.temp' is opened by 1260@LAPTOP-CAMHNDK2

[2020-03-23 03:17:45 #2 type.registry] 
New type domain.Carrera

[2020-03-23 03:17:45 #3 type] 
Type domain.Carrera is not enhanced.

[2020-03-23 03:17:45 #4 type.registry] 
New type domain.ParrillaDeSalida

[2020-03-23 03:17:45 #5 type.registry] 
New type java.util.ArrayList<domain.ParrillaDeSalida>

[2020-03-23 03:17:45 #6 type] 
Type domain.ParrillaDeSalida is not enhanced.

[2020-03-23 03:17:45 #7 type.registry] 
New type domain.Apuesta

[2020-03-23 03:17:45 #8 type.registry] 
New type java.util.ArrayList<domain.Apuesta>

[2020-03-23 03:17:45 #9 type.registry] 
New type domain.Piloto

[2020-03-23 03:17:45 #10 type] 
Type domain.Apuesta is not enhanced.

[2020-03-23 03:17:45 #11 type] 
Type domain.Piloto is not enhanced.

[2020-03-23 03:17:45 #12 type.registry] 
New type domain.Escuderia

[2020-03-23 03:17:45 #13 type] 
Type domain.Escuderia is not enhanced.

[2020-03-23 03:17:45 #14 type.registry] 
New type domain.Coche

[2020-03-23 03:17:45 #15 type.registry] 
New type java.util.ArrayList<domain.Coche>

[2020-03-23 03:17:45 #16 type] 
Type domain.Coche is not enhanced.

[2020-03-23 03:17:45 #17 type.registry] 
New type java.util.ArrayList<java.lang.Object>

------------------------------------------------------------------------------------------------------------------------

[2020-03-23 03:18:54 #1 store] 
Database 'C:\Users\Jorge\eclipse-workspace\IS1\Trabajo_Carreras\Races2\resources\bets.temp' is opened by 628@LAPTOP-CAMHNDK2

[2020-03-23 03:18:54 #2 type.registry] 
New type domain.Carrera

[2020-03-23 03:18:54 #3 type] 
Type domain.Carrera is not enhanced.

[2020-03-23 03:18:54 #4 type.registry] 
New type domain.ParrillaDeSalida

[2020-03-23 03:18:54 #5 type.registry] 
New type java.util.ArrayList<domain.ParrillaDeSalida>

[2020-03-23 03:18:54 #6 type] 
Type domain.ParrillaDeSalida is not enhanced.

[2020-03-23 03:18:54 #7 type.registry] 
New type domain.Apuesta

[2020-03-23 03:18:54 #8 type.registry] 
New type java.util.ArrayList<domain.Apuesta>

[2020-03-23 03:18:54 #9 type.registry] 
New type domain.Piloto

[2020-03-23 03:18:54 #10 type] 
Type domain.Apuesta is not enhanced.

[2020-03-23 03:18:54 #11 type] 
Type domain.Piloto is not enhanced.

[2020-03-23 03:18:54 #12 type.registry] 
New type domain.Escuderia

[2020-03-23 03:18:54 #13 type] 
Type domain.Escuderia is not enhanced.

[2020-03-23 03:18:54 #14 type.registry] 
New type domain.Coche

[2020-03-23 03:18:54 #15 type.registry] 
New type java.util.ArrayList<domain.Coche>

[2020-03-23 03:18:54 #16 type] 
Type domain.Coche is not enhanced.

[2020-03-23 03:18:54 #17 type.registry] 
New type java.util.ArrayList<java.lang.Object>

------------------------------------------------------------------------------------------------------------------------

[2020-03-23 03:19:39 #1 store] 
Database 'C:\Users\Jorge\eclipse-workspace\IS1\Trabajo_Carreras\Races2\resources\bets.temp' is opened by 8868@LAPTOP-CAMHNDK2

[2020-03-23 03:19:39 #2 type.registry] 
New type domain.Carrera

[2020-03-23 03:19:39 #3 type] 
Type domain.Carrera is not enhanced.

[2020-03-23 03:19:39 #4 type.registry] 
New type domain.ParrillaDeSalida

[2020-03-23 03:19:39 #5 type.registry] 
New type java.util.ArrayList<domain.ParrillaDeSalida>

[2020-03-23 03:19:39 #6 type] 
Type domain.ParrillaDeSalida is not enhanced.

[2020-03-23 03:19:39 #7 type.registry] 
New type domain.Apuesta

[2020-03-23 03:19:39 #8 type.registry] 
New type java.util.ArrayList<domain.Apuesta>

[2020-03-23 03:19:39 #9 type.registry] 
New type domain.Piloto

[2020-03-23 03:19:39 #10 type] 
Type domain.Apuesta is not enhanced.

[2020-03-23 03:19:39 #11 type] 
Type domain.Piloto is not enhanced.

[2020-03-23 03:19:39 #12 type.registry] 
New type domain.Escuderia

[2020-03-23 03:19:39 #13 type] 
Type domain.Escuderia is not enhanced.

[2020-03-23 03:19:39 #14 type.registry] 
New type domain.Coche

[2020-03-23 03:19:39 #15 type.registry] 
New type java.util.ArrayList<domain.Coche>

[2020-03-23 03:19:39 #16 type] 
Type domain.Coche is not enhanced.

[2020-03-23 03:19:39 #17 type.registry] 
New type java.util.ArrayList<java.lang.Object>

------------------------------------------------------------------------------------------------------------------------

[2020-03-23 03:22:59 #1 store] 
Database 'C:\Users\Jorge\eclipse-workspace\IS1\Trabajo_Carreras\Races2\resources\bets.temp' is opened by 13284@LAPTOP-CAMHNDK2

[2020-03-23 03:22:59 #2 type.registry] 
New type domain.Carrera

[2020-03-23 03:22:59 #3 type] 
Type domain.Carrera is not enhanced.

[2020-03-23 03:22:59 #4 type.registry] 
New type domain.ParrillaDeSalida

[2020-03-23 03:22:59 #5 type.registry] 
New type java.util.ArrayList<domain.ParrillaDeSalida>

[2020-03-23 03:22:59 #6 type] 
Type domain.ParrillaDeSalida is not enhanced.

[2020-03-23 03:22:59 #7 type.registry] 
New type domain.Apuesta

[2020-03-23 03:22:59 #8 type.registry] 
New type java.util.ArrayList<domain.Apuesta>

[2020-03-23 03:22:59 #9 type.registry] 
New type domain.Piloto

[2020-03-23 03:22:59 #10 type] 
Type domain.Apuesta is not enhanced.

[2020-03-23 03:22:59 #11 type] 
Type domain.Piloto is not enhanced.

[2020-03-23 03:22:59 #12 type.registry] 
New type domain.Escuderia

[2020-03-23 03:22:59 #13 type] 
Type domain.Escuderia is not enhanced.

[2020-03-23 03:22:59 #14 type.registry] 
New type domain.Coche

[2020-03-23 03:22:59 #15 type.registry] 
New type java.util.ArrayList<domain.Coche>

[2020-03-23 03:22:59 #16 type] 
Type domain.Coche is not enhanced.

[2020-03-23 03:22:59 #17 type.registry] 
New type java.util.ArrayList<java.lang.Object>

------------------------------------------------------------------------------------------------------------------------

[2020-03-23 03:34:39 #1 store] 
Database 'C:\Users\Jorge\eclipse-workspace\IS1\Trabajo_Carreras\Races2\resources\bets.temp' is opened by 17580@LAPTOP-CAMHNDK2

------------------------------------------------------------------------------------------------------------------------

[2020-03-23 03:36:27 #1 store] 
Database 'C:\Users\Jorge\eclipse-workspace\IS1\Trabajo_Carreras\Races2\resources\bets.temp' is opened by 19864@LAPTOP-CAMHNDK2

[2020-03-23 03:36:27 #2 type.registry] 
New type domain.Carrera

[2020-03-23 03:36:27 #3 type] 
Type domain.Carrera is not enhanced.

[2020-03-23 03:36:27 #4 type.registry] 
New type domain.ParrillaDeSalida

[2020-03-23 03:36:27 #5 type.registry] 
New type java.util.ArrayList<domain.ParrillaDeSalida>

[2020-03-23 03:36:27 #6 type] 
Type domain.ParrillaDeSalida is not enhanced.

[2020-03-23 03:36:27 #7 type.registry] 
New type domain.Apuesta

[2020-03-23 03:36:27 #8 type.registry] 
New type java.util.ArrayList<domain.Apuesta>

[2020-03-23 03:36:27 #9 type.registry] 
New type domain.Piloto

[2020-03-23 03:36:27 #10 type] 
Type domain.Apuesta is not enhanced.

[2020-03-23 03:36:27 #11 type] 
Type domain.Piloto is not enhanced.

[2020-03-23 03:36:27 #12 type.registry] 
New type domain.Escuderia

[2020-03-23 03:36:27 #13 type] 
Type domain.Escuderia is not enhanced.

[2020-03-23 03:36:27 #14 type.registry] 
New type domain.Coche

[2020-03-23 03:36:27 #15 type.registry] 
New type java.util.ArrayList<domain.Coche>

[2020-03-23 03:36:27 #16 type] 
Type domain.Coche is not enhanced.

[2020-03-23 03:36:27 #17 type.registry] 
New type java.util.ArrayList<java.lang.Object>

------------------------------------------------------------------------------------------------------------------------

[2020-03-23 03:45:33 #1 store] 
Database 'C:\Users\Jorge\eclipse-workspace\IS1\Trabajo_Carreras\Races2\resources\bets.temp' is opened by 19832@LAPTOP-CAMHNDK2

[2020-03-23 03:45:33 #2 type.registry] 
New type domain.Carrera

[2020-03-23 03:45:33 #3 type] 
Type domain.Carrera is not enhanced.

[2020-03-23 03:45:33 #4 type.registry] 
New type domain.ParrillaDeSalida

[2020-03-23 03:45:33 #5 type.registry] 
New type java.util.ArrayList<domain.ParrillaDeSalida>

[2020-03-23 03:45:33 #6 type] 
Type domain.ParrillaDeSalida is not enhanced.

[2020-03-23 03:45:33 #7 type.registry] 
New type domain.Apuesta

[2020-03-23 03:45:33 #8 type.registry] 
New type java.util.ArrayList<domain.Apuesta>

[2020-03-23 03:45:33 #9 type.registry] 
New type domain.Piloto

[2020-03-23 03:45:33 #10 type] 
Type domain.Apuesta is not enhanced.

[2020-03-23 03:45:33 #11 type] 
Type domain.Piloto is not enhanced.

[2020-03-23 03:45:33 #12 type.registry] 
New type domain.Escuderia

[2020-03-23 03:45:33 #13 type] 
Type domain.Escuderia is not enhanced.

[2020-03-23 03:45:33 #14 type.registry] 
New type java.util.ArrayList<domain.Piloto>

[2020-03-23 03:45:33 #15 type.registry] 
New type domain.Coche

[2020-03-23 03:45:33 #16 type.registry] 
New type java.util.ArrayList<domain.Coche>

[2020-03-23 03:45:33 #17 type] 
Type domain.Coche is not enhanced.

[2020-03-23 03:45:34 #18 type.registry] 
New type java.util.ArrayList<java.lang.Object>

------------------------------------------------------------------------------------------------------------------------

[2020-03-23 04:43:00 #1 store] 
Database 'C:\Users\Jorge\eclipse-workspace\IS1\Trabajo_Carreras\Races2\resources\bets.temp' is opened by 3120@LAPTOP-CAMHNDK2

[2020-03-23 04:43:01 #2 type.registry] 
New type domain.Carrera

[2020-03-23 04:43:01 #3 type] 
Type domain.Carrera is not enhanced.

[2020-03-23 04:43:01 #4 type.registry] 
New type domain.ParrillaDeSalida

[2020-03-23 04:43:01 #5 type.registry] 
New type java.util.ArrayList<domain.ParrillaDeSalida>

[2020-03-23 04:43:01 #6 type] 
Type domain.ParrillaDeSalida is not enhanced.

[2020-03-23 04:43:01 #7 type.registry] 
New type domain.Apuesta

[2020-03-23 04:43:01 #8 type.registry] 
New type java.util.ArrayList<domain.Apuesta>

[2020-03-23 04:43:01 #9 type.registry] 
New type domain.Piloto

[2020-03-23 04:43:01 #10 type] 
Type domain.Apuesta is not enhanced.

[2020-03-23 04:43:01 #11 type] 
Type domain.Piloto is not enhanced.

[2020-03-23 04:43:01 #12 type.registry] 
New type domain.Escuderia

[2020-03-23 04:43:01 #13 type] 
Type domain.Escuderia is not enhanced.

[2020-03-23 04:43:01 #14 type.registry] 
New type java.util.ArrayList<domain.Piloto>

[2020-03-23 04:43:01 #15 type.registry] 
New type domain.Coche

[2020-03-23 04:43:01 #16 type.registry] 
New type java.util.ArrayList<domain.Coche>

[2020-03-23 04:43:01 #17 type] 
Type domain.Coche is not enhanced.

[2020-03-23 04:43:01 #18 type.registry] 
New type java.util.ArrayList<java.lang.Object>

------------------------------------------------------------------------------------------------------------------------

[2020-03-23 04:45:28 #1 store] 
Database 'C:\Users\Jorge\eclipse-workspace\IS1\Trabajo_Carreras\Races2\resources\bets.temp' is opened by 13096@LAPTOP-CAMHNDK2

[2020-03-23 04:45:28 #2 type.registry] 
New type domain.Carrera

[2020-03-23 04:45:28 #3 type] 
Type domain.Carrera is not enhanced.

[2020-03-23 04:45:28 #4 type.registry] 
New type domain.ParrillaDeSalida

[2020-03-23 04:45:28 #5 type.registry] 
New type java.util.ArrayList<domain.ParrillaDeSalida>

[2020-03-23 04:45:28 #6 type] 
Type domain.ParrillaDeSalida is not enhanced.

[2020-03-23 04:45:28 #7 type.registry] 
New type domain.Apuesta

[2020-03-23 04:45:28 #8 type.registry] 
New type java.util.ArrayList<domain.Apuesta>

[2020-03-23 04:45:28 #9 type.registry] 
New type domain.Piloto

[2020-03-23 04:45:28 #10 type] 
Type domain.Apuesta is not enhanced.

[2020-03-23 04:45:28 #11 type] 
Type domain.Piloto is not enhanced.

[2020-03-23 04:45:28 #12 type.registry] 
New type domain.Escuderia

[2020-03-23 04:45:28 #13 type] 
Type domain.Escuderia is not enhanced.

[2020-03-23 04:45:28 #14 type.registry] 
New type java.util.ArrayList<domain.Piloto>

[2020-03-23 04:45:28 #15 type.registry] 
New type domain.Coche

[2020-03-23 04:45:28 #16 type.registry] 
New type java.util.ArrayList<domain.Coche>

[2020-03-23 04:45:28 #17 type] 
Type domain.Coche is not enhanced.

[2020-03-23 04:45:28 #18 type.registry] 
New type java.util.ArrayList<java.lang.Object>

------------------------------------------------------------------------------------------------------------------------

[2020-03-23 04:47:11 #1 store] 
Database 'C:\Users\Jorge\eclipse-workspace\IS1\Trabajo_Carreras\Races2\resources\bets.temp' is opened by 9788@LAPTOP-CAMHNDK2

[2020-03-23 04:47:11 #2 type.registry] 
New type domain.Carrera

[2020-03-23 04:47:11 #3 type] 
Type domain.Carrera is not enhanced.

[2020-03-23 04:47:11 #4 type.registry] 
New type domain.ParrillaDeSalida

[2020-03-23 04:47:11 #5 type.registry] 
New type java.util.ArrayList<domain.ParrillaDeSalida>

[2020-03-23 04:47:11 #6 type] 
Type domain.ParrillaDeSalida is not enhanced.

[2020-03-23 04:47:11 #7 type.registry] 
New type domain.Apuesta

[2020-03-23 04:47:11 #8 type.registry] 
New type java.util.ArrayList<domain.Apuesta>

[2020-03-23 04:47:11 #9 type.registry] 
New type domain.Piloto

[2020-03-23 04:47:11 #10 type] 
Type domain.Apuesta is not enhanced.

[2020-03-23 04:47:11 #11 type] 
Type domain.Piloto is not enhanced.

[2020-03-23 04:47:11 #12 type.registry] 
New type domain.Escuderia

[2020-03-23 04:47:11 #13 type] 
Type domain.Escuderia is not enhanced.

[2020-03-23 04:47:11 #14 type.registry] 
New type java.util.ArrayList<domain.Piloto>

[2020-03-23 04:47:11 #15 type.registry] 
New type domain.Coche

[2020-03-23 04:47:11 #16 type.registry] 
New type java.util.ArrayList<domain.Coche>

[2020-03-23 04:47:11 #17 type] 
Type domain.Coche is not enhanced.

[2020-03-23 04:47:11 #18 type.registry] 
New type java.util.ArrayList<java.lang.Object>

------------------------------------------------------------------------------------------------------------------------

[2020-03-23 04:52:49 #1 store] 
Database 'C:\Users\Jorge\eclipse-workspace\IS1\Trabajo_Carreras\Races2\resources\bets.temp' is opened by 1768@LAPTOP-CAMHNDK2

[2020-03-23 04:52:49 #2 type.registry] 
New type domain.Carrera

[2020-03-23 04:52:49 #3 type] 
Type domain.Carrera is not enhanced.

[2020-03-23 04:52:49 #4 type.registry] 
New type domain.ParrillaDeSalida

[2020-03-23 04:52:49 #5 type.registry] 
New type java.util.ArrayList<domain.ParrillaDeSalida>

[2020-03-23 04:52:49 #6 type] 
Type domain.ParrillaDeSalida is not enhanced.

[2020-03-23 04:52:49 #7 type.registry] 
New type domain.Apuesta

[2020-03-23 04:52:49 #8 type.registry] 
New type java.util.ArrayList<domain.Apuesta>

[2020-03-23 04:52:49 #9 type.registry] 
New type domain.Piloto

[2020-03-23 04:52:49 #10 type] 
Type domain.Apuesta is not enhanced.

[2020-03-23 04:52:49 #11 type] 
Type domain.Piloto is not enhanced.

[2020-03-23 04:52:49 #12 type.registry] 
New type domain.Escuderia

[2020-03-23 04:52:49 #13 type] 
Type domain.Escuderia is not enhanced.

[2020-03-23 04:52:49 #14 type.registry] 
New type java.util.ArrayList<domain.Piloto>

[2020-03-23 04:52:49 #15 type.registry] 
New type domain.Coche

[2020-03-23 04:52:49 #16 type.registry] 
New type java.util.ArrayList<domain.Coche>

[2020-03-23 04:52:49 #17 type] 
Type domain.Coche is not enhanced.

[2020-03-23 04:52:49 #18 type.registry] 
New type java.util.ArrayList<java.lang.Object>

------------------------------------------------------------------------------------------------------------------------

[2020-03-23 04:58:48 #1 store] 
Database 'C:\Users\Jorge\eclipse-workspace\IS1\Trabajo_Carreras\Races2\resources\bets.temp' is opened by 17692@LAPTOP-CAMHNDK2

[2020-03-23 04:58:48 #2 type.registry] 
New type domain.Carrera

[2020-03-23 04:58:48 #3 type] 
Type domain.Carrera is not enhanced.

[2020-03-23 04:58:48 #4 type.registry] 
New type domain.ParrillaDeSalida

[2020-03-23 04:58:48 #5 type.registry] 
New type java.util.ArrayList<domain.ParrillaDeSalida>

[2020-03-23 04:58:48 #6 type] 
Type domain.ParrillaDeSalida is not enhanced.

[2020-03-23 04:58:48 #7 type.registry] 
New type domain.Apuesta

[2020-03-23 04:58:48 #8 type.registry] 
New type java.util.ArrayList<domain.Apuesta>

[2020-03-23 04:58:48 #9 type.registry] 
New type domain.Piloto

[2020-03-23 04:58:48 #10 type] 
Type domain.Apuesta is not enhanced.

[2020-03-23 04:58:48 #11 type] 
Type domain.Piloto is not enhanced.

[2020-03-23 04:58:48 #12 type.registry] 
New type domain.Escuderia

[2020-03-23 04:58:48 #13 type] 
Type domain.Escuderia is not enhanced.

[2020-03-23 04:58:48 #14 type.registry] 
New type java.util.ArrayList<domain.Piloto>

[2020-03-23 04:58:48 #15 type.registry] 
New type domain.Coche

[2020-03-23 04:58:48 #16 type.registry] 
New type java.util.ArrayList<domain.Coche>

[2020-03-23 04:58:48 #17 type] 
Type domain.Coche is not enhanced.

[2020-03-23 04:58:48 #18 type.registry] 
New type java.util.ArrayList<java.lang.Object>

------------------------------------------------------------------------------------------------------------------------

[2020-03-23 05:00:16 #1 store] 
Database 'C:\Users\Jorge\eclipse-workspace\IS1\Trabajo_Carreras\Races2\resources\bets.temp' is opened by 16504@LAPTOP-CAMHNDK2

[2020-03-23 05:00:16 #2 type.registry] 
New type domain.Carrera

[2020-03-23 05:00:16 #3 type] 
Type domain.Carrera is not enhanced.

[2020-03-23 05:00:16 #4 type.registry] 
New type domain.ParrillaDeSalida

[2020-03-23 05:00:17 #5 type.registry] 
New type java.util.ArrayList<domain.ParrillaDeSalida>

[2020-03-23 05:00:17 #6 type] 
Type domain.ParrillaDeSalida is not enhanced.

[2020-03-23 05:00:17 #7 type.registry] 
New type domain.Apuesta

[2020-03-23 05:00:17 #8 type.registry] 
New type java.util.ArrayList<domain.Apuesta>

[2020-03-23 05:00:17 #9 type.registry] 
New type domain.Piloto

[2020-03-23 05:00:17 #10 type] 
Type domain.Apuesta is not enhanced.

[2020-03-23 05:00:17 #11 type] 
Type domain.Piloto is not enhanced.

[2020-03-23 05:00:17 #12 type.registry] 
New type domain.Escuderia

[2020-03-23 05:00:17 #13 type] 
Type domain.Escuderia is not enhanced.

[2020-03-23 05:00:17 #14 type.registry] 
New type java.util.ArrayList<domain.Piloto>

[2020-03-23 05:00:17 #15 type.registry] 
New type domain.Coche

[2020-03-23 05:00:17 #16 type.registry] 
New type java.util.ArrayList<domain.Coche>

[2020-03-23 05:00:17 #17 type] 
Type domain.Coche is not enhanced.

[2020-03-23 05:00:17 #18 type.registry] 
New type java.util.ArrayList<java.lang.Object>

------------------------------------------------------------------------------------------------------------------------

[2020-03-23 05:00:56 #1 store] 
Database 'C:\Users\Jorge\eclipse-workspace\IS1\Trabajo_Carreras\Races2\resources\bets.temp' is opened by 7708@LAPTOP-CAMHNDK2

[2020-03-23 05:00:57 #2 type.registry] 
New type domain.Carrera

[2020-03-23 05:00:57 #3 type] 
Type domain.Carrera is not enhanced.

[2020-03-23 05:00:57 #4 type.registry] 
New type domain.ParrillaDeSalida

[2020-03-23 05:00:57 #5 type.registry] 
New type java.util.ArrayList<domain.ParrillaDeSalida>

[2020-03-23 05:00:57 #6 type] 
Type domain.ParrillaDeSalida is not enhanced.

[2020-03-23 05:00:57 #7 type.registry] 
New type domain.Apuesta

[2020-03-23 05:00:57 #8 type.registry] 
New type java.util.ArrayList<domain.Apuesta>

[2020-03-23 05:00:57 #9 type.registry] 
New type domain.Piloto

[2020-03-23 05:00:57 #10 type] 
Type domain.Apuesta is not enhanced.

[2020-03-23 05:00:57 #11 type] 
Type domain.Piloto is not enhanced.

[2020-03-23 05:00:57 #12 type.registry] 
New type domain.Escuderia

[2020-03-23 05:00:57 #13 type] 
Type domain.Escuderia is not enhanced.

[2020-03-23 05:00:57 #14 type.registry] 
New type java.util.ArrayList<domain.Piloto>

[2020-03-23 05:00:57 #15 type.registry] 
New type domain.Coche

[2020-03-23 05:00:57 #16 type.registry] 
New type java.util.ArrayList<domain.Coche>

[2020-03-23 05:00:57 #17 type] 
Type domain.Coche is not enhanced.

[2020-03-23 05:00:57 #18 type.registry] 
New type java.util.ArrayList<java.lang.Object>

------------------------------------------------------------------------------------------------------------------------

[2020-03-23 05:01:57 #1 store] 
Database 'C:\Users\Jorge\eclipse-workspace\IS1\Trabajo_Carreras\Races2\resources\bets.temp' is opened by 14428@LAPTOP-CAMHNDK2

[2020-03-23 05:01:57 #2 type.registry] 
New type domain.Carrera

[2020-03-23 05:01:57 #3 type] 
Type domain.Carrera is not enhanced.

[2020-03-23 05:01:57 #4 type.registry] 
New type domain.ParrillaDeSalida

[2020-03-23 05:01:57 #5 type.registry] 
New type java.util.ArrayList<domain.ParrillaDeSalida>

[2020-03-23 05:01:57 #6 type] 
Type domain.ParrillaDeSalida is not enhanced.

[2020-03-23 05:01:57 #7 type.registry] 
New type domain.Apuesta

[2020-03-23 05:01:57 #8 type.registry] 
New type java.util.ArrayList<domain.Apuesta>

[2020-03-23 05:01:57 #9 type.registry] 
New type domain.Piloto

[2020-03-23 05:01:57 #10 type] 
Type domain.Apuesta is not enhanced.

[2020-03-23 05:01:57 #11 type] 
Type domain.Piloto is not enhanced.

[2020-03-23 05:01:57 #12 type.registry] 
New type domain.Escuderia

[2020-03-23 05:01:57 #13 type] 
Type domain.Escuderia is not enhanced.

[2020-03-23 05:01:57 #14 type.registry] 
New type java.util.ArrayList<domain.Piloto>

[2020-03-23 05:01:57 #15 type.registry] 
New type domain.Coche

[2020-03-23 05:01:57 #16 type.registry] 
New type java.util.ArrayList<domain.Coche>

[2020-03-23 05:01:57 #17 type] 
Type domain.Coche is not enhanced.

[2020-03-23 05:01:57 #18 type.registry] 
New type java.util.ArrayList<java.lang.Object>

------------------------------------------------------------------------------------------------------------------------

[2020-03-23 05:13:09 #1 store] 
Database 'C:\Users\Jorge\eclipse-workspace\IS1\Trabajo_Carreras\Races2\resources\bets.temp' is opened by 21340@LAPTOP-CAMHNDK2

[2020-03-23 05:13:09 #2 type.registry] 
New type domain.Carrera

[2020-03-23 05:13:09 #3 type] 
Type domain.Carrera is not enhanced.

[2020-03-23 05:13:09 #4 type.registry] 
New type domain.ParrillaDeSalida

[2020-03-23 05:13:09 #5 type.registry] 
New type java.util.ArrayList<domain.ParrillaDeSalida>

[2020-03-23 05:13:09 #6 type] 
Type domain.ParrillaDeSalida is not enhanced.

[2020-03-23 05:13:09 #7 type.registry] 
New type domain.Apuesta

[2020-03-23 05:13:09 #8 type.registry] 
New type java.util.ArrayList<domain.Apuesta>

[2020-03-23 05:13:09 #9 type.registry] 
New type domain.Piloto

[2020-03-23 05:13:09 #10 type] 
Type domain.Apuesta is not enhanced.

[2020-03-23 05:13:09 #11 type] 
Type domain.Piloto is not enhanced.

[2020-03-23 05:13:09 #12 type.registry] 
New type domain.Escuderia

[2020-03-23 05:13:09 #13 type] 
Type domain.Escuderia is not enhanced.

[2020-03-23 05:13:09 #14 type.registry] 
New type java.util.ArrayList<domain.Piloto>

[2020-03-23 05:13:09 #15 type.registry] 
New type domain.Coche

[2020-03-23 05:13:09 #16 type.registry] 
New type java.util.ArrayList<domain.Coche>

[2020-03-23 05:13:09 #17 type] 
Type domain.Coche is not enhanced.

[2020-03-23 05:13:09 #18 type.registry] 
New type java.util.ArrayList<java.lang.Object>

------------------------------------------------------------------------------------------------------------------------

[2020-03-23 05:13:18 #1 store] 
Database 'C:\Users\Jorge\eclipse-workspace\IS1\Trabajo_Carreras\Races2\resources\bets.temp' is opened by 5580@LAPTOP-CAMHNDK2

[2020-03-23 05:13:18 #2 type.registry] 
New type domain.Carrera

[2020-03-23 05:13:18 #3 type] 
Type domain.Carrera is not enhanced.

[2020-03-23 05:13:18 #4 type.registry] 
New type domain.ParrillaDeSalida

[2020-03-23 05:13:18 #5 type.registry] 
New type java.util.ArrayList<domain.ParrillaDeSalida>

[2020-03-23 05:13:18 #6 type] 
Type domain.ParrillaDeSalida is not enhanced.

[2020-03-23 05:13:18 #7 type.registry] 
New type domain.Apuesta

[2020-03-23 05:13:18 #8 type.registry] 
New type java.util.ArrayList<domain.Apuesta>

[2020-03-23 05:13:18 #9 type.registry] 
New type domain.Piloto

[2020-03-23 05:13:18 #10 type] 
Type domain.Apuesta is not enhanced.

[2020-03-23 05:13:18 #11 type] 
Type domain.Piloto is not enhanced.

[2020-03-23 05:13:18 #12 type.registry] 
New type domain.Escuderia

[2020-03-23 05:13:18 #13 type] 
Type domain.Escuderia is not enhanced.

[2020-03-23 05:13:18 #14 type.registry] 
New type java.util.ArrayList<domain.Piloto>

[2020-03-23 05:13:18 #15 type.registry] 
New type domain.Coche

[2020-03-23 05:13:18 #16 type.registry] 
New type java.util.ArrayList<domain.Coche>

[2020-03-23 05:13:18 #17 type] 
Type domain.Coche is not enhanced.

[2020-03-23 05:13:18 #18 type.registry] 
New type java.util.ArrayList<java.lang.Object>

------------------------------------------------------------------------------------------------------------------------

[2020-03-23 05:19:37 #1 store] 
Database 'C:\Users\Jorge\eclipse-workspace\IS1\Trabajo_Carreras\Races2\resources\bets.temp' is opened by 22484@LAPTOP-CAMHNDK2

[2020-03-23 05:19:37 #2 type.registry] 
New type domain.Carrera

[2020-03-23 05:19:37 #3 type] 
Type domain.Carrera is not enhanced.

[2020-03-23 05:19:37 #4 type.registry] 
New type domain.ParrillaDeSalida

[2020-03-23 05:19:37 #5 type.registry] 
New type java.util.ArrayList<domain.ParrillaDeSalida>

[2020-03-23 05:19:37 #6 type] 
Type domain.ParrillaDeSalida is not enhanced.

[2020-03-23 05:19:37 #7 type.registry] 
New type domain.Apuesta

[2020-03-23 05:19:37 #8 type.registry] 
New type java.util.ArrayList<domain.Apuesta>

[2020-03-23 05:19:37 #9 type.registry] 
New type domain.Piloto

[2020-03-23 05:19:37 #10 type] 
Type domain.Apuesta is not enhanced.

[2020-03-23 05:19:37 #11 type] 
Type domain.Piloto is not enhanced.

[2020-03-23 05:19:37 #12 type.registry] 
New type domain.Escuderia

[2020-03-23 05:19:37 #13 type] 
Type domain.Escuderia is not enhanced.

[2020-03-23 05:19:37 #14 type.registry] 
New type java.util.ArrayList<domain.Piloto>

[2020-03-23 05:19:37 #15 type.registry] 
New type domain.Coche

[2020-03-23 05:19:37 #16 type.registry] 
New type java.util.ArrayList<domain.Coche>

[2020-03-23 05:19:37 #17 type] 
Type domain.Coche is not enhanced.

[2020-03-23 05:19:37 #18 type.registry] 
New type java.util.ArrayList<java.lang.Object>

------------------------------------------------------------------------------------------------------------------------

[2020-03-23 05:20:29 #1 store] 
Database 'C:\Users\Jorge\eclipse-workspace\IS1\Trabajo_Carreras\Races2\resources\bets.temp' is opened by 13956@LAPTOP-CAMHNDK2

[2020-03-23 05:20:29 #2 type.registry] 
New type domain.Carrera

[2020-03-23 05:20:29 #3 type] 
Type domain.Carrera is not enhanced.

[2020-03-23 05:20:29 #4 type.registry] 
New type domain.ParrillaDeSalida

[2020-03-23 05:20:29 #5 type.registry] 
New type java.util.ArrayList<domain.ParrillaDeSalida>

[2020-03-23 05:20:29 #6 type] 
Type domain.ParrillaDeSalida is not enhanced.

[2020-03-23 05:20:29 #7 type.registry] 
New type domain.Apuesta

[2020-03-23 05:20:29 #8 type.registry] 
New type java.util.ArrayList<domain.Apuesta>

[2020-03-23 05:20:29 #9 type.registry] 
New type domain.Piloto

[2020-03-23 05:20:29 #10 type] 
Type domain.Apuesta is not enhanced.

[2020-03-23 05:20:29 #11 type] 
Type domain.Piloto is not enhanced.

[2020-03-23 05:20:29 #12 type.registry] 
New type domain.Escuderia

[2020-03-23 05:20:29 #13 type] 
Type domain.Escuderia is not enhanced.

[2020-03-23 05:20:29 #14 type.registry] 
New type java.util.ArrayList<domain.Piloto>

[2020-03-23 05:20:29 #15 type.registry] 
New type domain.Coche

[2020-03-23 05:20:29 #16 type.registry] 
New type java.util.ArrayList<domain.Coche>

[2020-03-23 05:20:29 #17 type] 
Type domain.Coche is not enhanced.

[2020-03-23 05:20:29 #18 type.registry] 
New type java.util.ArrayList<java.lang.Object>

------------------------------------------------------------------------------------------------------------------------

[2020-03-23 08:00:50 #1 store] 
Database 'C:\Users\Jorge\eclipse-workspace\IS1\Trabajo_Carreras\Races2\resources\bets.temp' is opened by 20488@LAPTOP-CAMHNDK2

[2020-03-23 08:00:50 #2 type.registry] 
New type domain.Carrera

[2020-03-23 08:00:50 #3 type] 
Type domain.Carrera is not enhanced.

[2020-03-23 08:00:50 #4 type.registry] 
New type domain.ParrillaDeSalida

[2020-03-23 08:00:50 #5 type.registry] 
New type java.util.ArrayList<domain.ParrillaDeSalida>

[2020-03-23 08:00:50 #6 type] 
Type domain.ParrillaDeSalida is not enhanced.

[2020-03-23 08:00:50 #7 type.registry] 
New type domain.Apuesta

[2020-03-23 08:00:50 #8 type.registry] 
New type java.util.ArrayList<domain.Apuesta>

[2020-03-23 08:00:50 #9 type.registry] 
New type domain.Piloto

[2020-03-23 08:00:50 #10 type] 
Type domain.Apuesta is not enhanced.

[2020-03-23 08:00:50 #11 type] 
Type domain.Piloto is not enhanced.

[2020-03-23 08:00:50 #12 type.registry] 
New type domain.Escuderia

[2020-03-23 08:00:50 #13 type] 
Type domain.Escuderia is not enhanced.

[2020-03-23 08:00:50 #14 type.registry] 
New type java.util.ArrayList<domain.Piloto>

[2020-03-23 08:00:50 #15 type.registry] 
New type domain.Coche

[2020-03-23 08:00:50 #16 type.registry] 
New type java.util.ArrayList<domain.Coche>

[2020-03-23 08:00:50 #17 type] 
Type domain.Coche is not enhanced.

[2020-03-23 08:00:50 #18 type.registry] 
New type java.util.ArrayList<java.lang.Object>

------------------------------------------------------------------------------------------------------------------------

[2020-03-23 08:18:47 #1 store] 
Database 'C:\Users\Jorge\eclipse-workspace\IS1\Trabajo_Carreras\Races2\resources\bets.temp' is opened by 3440@LAPTOP-CAMHNDK2

[2020-03-23 08:18:48 #2 type.registry] 
New type domain.Carrera

[2020-03-23 08:18:48 #3 type] 
Type domain.Carrera is not enhanced.

[2020-03-23 08:18:48 #4 type.registry] 
New type domain.ParrillaDeSalida

[2020-03-23 08:18:48 #5 type.registry] 
New type java.util.ArrayList<domain.ParrillaDeSalida>

[2020-03-23 08:18:48 #6 type] 
Type domain.ParrillaDeSalida is not enhanced.

[2020-03-23 08:18:48 #7 type.registry] 
New type domain.Apuesta

[2020-03-23 08:18:48 #8 type.registry] 
New type java.util.ArrayList<domain.Apuesta>

[2020-03-23 08:18:48 #9 type.registry] 
New type domain.Piloto

[2020-03-23 08:18:48 #10 type] 
Type domain.Apuesta is not enhanced.

[2020-03-23 08:18:48 #11 type] 
Type domain.Piloto is not enhanced.

[2020-03-23 08:18:48 #12 type.registry] 
New type domain.Escuderia

[2020-03-23 08:18:48 #13 type] 
Type domain.Escuderia is not enhanced.

[2020-03-23 08:18:48 #14 type.registry] 
New type java.util.ArrayList<domain.Piloto>

[2020-03-23 08:18:48 #15 type.registry] 
New type domain.Coche

[2020-03-23 08:18:48 #16 type.registry] 
New type java.util.ArrayList<domain.Coche>

[2020-03-23 08:18:48 #17 type] 
Type domain.Coche is not enhanced.

[2020-03-23 08:18:48 #18 type.registry] 
New type java.util.ArrayList<java.lang.Object>

------------------------------------------------------------------------------------------------------------------------

[2020-03-23 08:19:44 #1 store] 
Database 'C:\Users\Jorge\eclipse-workspace\IS1\Trabajo_Carreras\Races2\resources\bets.temp' is opened by 4944@LAPTOP-CAMHNDK2

[2020-03-23 08:19:44 #2 type.registry] 
New type domain.Carrera

[2020-03-23 08:19:44 #3 type] 
Type domain.Carrera is not enhanced.

[2020-03-23 08:19:44 #4 type.registry] 
New type domain.ParrillaDeSalida

[2020-03-23 08:19:44 #5 type.registry] 
New type java.util.ArrayList<domain.ParrillaDeSalida>

[2020-03-23 08:19:44 #6 type] 
Type domain.ParrillaDeSalida is not enhanced.

[2020-03-23 08:19:44 #7 type.registry] 
New type domain.Apuesta

[2020-03-23 08:19:44 #8 type.registry] 
New type java.util.ArrayList<domain.Apuesta>

[2020-03-23 08:19:44 #9 type.registry] 
New type domain.Piloto

[2020-03-23 08:19:44 #10 type] 
Type domain.Apuesta is not enhanced.

[2020-03-23 08:19:44 #11 type] 
Type domain.Piloto is not enhanced.

[2020-03-23 08:19:44 #12 type.registry] 
New type domain.Escuderia

[2020-03-23 08:19:44 #13 type] 
Type domain.Escuderia is not enhanced.

[2020-03-23 08:19:44 #14 type.registry] 
New type java.util.ArrayList<domain.Piloto>

[2020-03-23 08:19:44 #15 type.registry] 
New type domain.Coche

[2020-03-23 08:19:44 #16 type.registry] 
New type java.util.ArrayList<domain.Coche>

[2020-03-23 08:19:44 #17 type] 
Type domain.Coche is not enhanced.

[2020-03-23 08:19:44 #18 type.registry] 
New type java.util.ArrayList<java.lang.Object>

------------------------------------------------------------------------------------------------------------------------

[2020-03-23 12:37:40 #1 store] 
Database 'C:\Users\Jorge\eclipse-workspace\IS1\Trabajo_Carreras\Races2\resources\bets.temp' is opened by 21944@LAPTOP-CAMHNDK2

[2020-03-23 12:37:40 #2 type.registry] 
New type domain.Carrera

[2020-03-23 12:37:40 #3 type] 
Type domain.Carrera is not enhanced.

[2020-03-23 12:37:40 #4 type.registry] 
New type domain.ParrillaDeSalida

[2020-03-23 12:37:40 #5 type.registry] 
New type java.util.ArrayList<domain.ParrillaDeSalida>

[2020-03-23 12:37:41 #6 type] 
Type domain.ParrillaDeSalida is not enhanced.

[2020-03-23 12:37:41 #7 type.registry] 
New type domain.Apuesta

[2020-03-23 12:37:41 #8 type.registry] 
New type java.util.ArrayList<domain.Apuesta>

[2020-03-23 12:37:41 #9 type.registry] 
New type domain.Piloto

[2020-03-23 12:37:41 #10 type] 
Type domain.Apuesta is not enhanced.

[2020-03-23 12:37:41 #11 type] 
Type domain.Piloto is not enhanced.

[2020-03-23 12:37:41 #12 type.registry] 
New type domain.Escuderia

[2020-03-23 12:37:41 #13 type] 
Type domain.Escuderia is not enhanced.

[2020-03-23 12:37:41 #14 type.registry] 
New type java.util.ArrayList<domain.Piloto>

[2020-03-23 12:37:41 #15 type.registry] 
New type domain.Coche

[2020-03-23 12:37:41 #16 type.registry] 
New type java.util.ArrayList<domain.Coche>

[2020-03-23 12:37:41 #17 type] 
Type domain.Coche is not enhanced.

[2020-03-23 12:37:41 #18 type.registry] 
New type java.util.ArrayList<java.lang.Object>

------------------------------------------------------------------------------------------------------------------------

[2020-03-23 12:38:22 #1 store] 
Database 'C:\Users\Jorge\eclipse-workspace\IS1\Trabajo_Carreras\Races2\resources\bets.temp' is opened by 9904@LAPTOP-CAMHNDK2

[2020-03-23 12:38:22 #2 type.registry] 
New type domain.Carrera

[2020-03-23 12:38:22 #3 type] 
Type domain.Carrera is not enhanced.

[2020-03-23 12:38:22 #4 type.registry] 
New type domain.ParrillaDeSalida

[2020-03-23 12:38:22 #5 type.registry] 
New type java.util.ArrayList<domain.ParrillaDeSalida>

[2020-03-23 12:38:22 #6 type] 
Type domain.ParrillaDeSalida is not enhanced.

[2020-03-23 12:38:22 #7 type.registry] 
New type domain.Apuesta

[2020-03-23 12:38:22 #8 type.registry] 
New type java.util.ArrayList<domain.Apuesta>

[2020-03-23 12:38:22 #9 type.registry] 
New type domain.Piloto

[2020-03-23 12:38:22 #10 type] 
Type domain.Apuesta is not enhanced.

[2020-03-23 12:38:22 #11 type] 
Type domain.Piloto is not enhanced.

[2020-03-23 12:38:22 #12 type.registry] 
New type domain.Escuderia

[2020-03-23 12:38:22 #13 type] 
Type domain.Escuderia is not enhanced.

[2020-03-23 12:38:22 #14 type.registry] 
New type java.util.ArrayList<domain.Piloto>

[2020-03-23 12:38:22 #15 type.registry] 
New type domain.Coche

[2020-03-23 12:38:22 #16 type.registry] 
New type java.util.ArrayList<domain.Coche>

[2020-03-23 12:38:22 #17 type] 
Type domain.Coche is not enhanced.

[2020-03-23 12:38:22 #18 type.registry] 
New type java.util.ArrayList<java.lang.Object>

------------------------------------------------------------------------------------------------------------------------

[2020-03-23 12:52:33 #1 store] 
Database 'C:\Users\Jorge\eclipse-workspace\IS1\Trabajo_Carreras\Races2\resources\bets.temp' is opened by 14656@LAPTOP-CAMHNDK2

[2020-03-23 12:52:33 #2 type.registry] 
New type domain.Carrera

[2020-03-23 12:52:33 #3 type] 
Type domain.Carrera is not enhanced.

[2020-03-23 12:52:33 #4 type.registry] 
New type domain.ParrillaDeSalida

[2020-03-23 12:52:34 #5 type.registry] 
New type java.util.ArrayList<domain.ParrillaDeSalida>

[2020-03-23 12:52:34 #6 type] 
Type domain.ParrillaDeSalida is not enhanced.

[2020-03-23 12:52:34 #7 type.registry] 
New type domain.Apuesta

[2020-03-23 12:52:34 #8 type.registry] 
New type java.util.ArrayList<domain.Apuesta>

[2020-03-23 12:52:34 #9 type.registry] 
New type domain.Piloto

[2020-03-23 12:52:34 #10 type] 
Type domain.Apuesta is not enhanced.

[2020-03-23 12:52:34 #11 type] 
Type domain.Piloto is not enhanced.

[2020-03-23 12:52:34 #12 type.registry] 
New type domain.Escuderia

[2020-03-23 12:52:34 #13 type] 
Type domain.Escuderia is not enhanced.

[2020-03-23 12:52:34 #14 type.registry] 
New type java.util.ArrayList<domain.Piloto>

[2020-03-23 12:52:34 #15 type.registry] 
New type domain.Coche

[2020-03-23 12:52:34 #16 type.registry] 
New type java.util.ArrayList<domain.Coche>

[2020-03-23 12:52:34 #17 type] 
Type domain.Coche is not enhanced.

[2020-03-23 12:52:34 #18 type.registry] 
New type java.util.ArrayList<java.lang.Object>

------------------------------------------------------------------------------------------------------------------------

[2020-03-23 13:19:17 #1 store] 
Database 'C:\Users\Jorge\eclipse-workspace\IS1\Trabajo_Carreras\Races2\resources\bets.temp' is opened by 5304@LAPTOP-CAMHNDK2

[2020-03-23 13:19:17 #2 type.registry] 
New type domain.Carrera

[2020-03-23 13:19:17 #3 type] 
Type domain.Carrera is not enhanced.

[2020-03-23 13:19:17 #4 type.registry] 
New type domain.ParrillaDeSalida

[2020-03-23 13:19:17 #5 type.registry] 
New type java.util.ArrayList<domain.ParrillaDeSalida>

[2020-03-23 13:19:17 #6 type] 
Type domain.ParrillaDeSalida is not enhanced.

[2020-03-23 13:19:17 #7 type.registry] 
New type domain.Apuesta

[2020-03-23 13:19:17 #8 type.registry] 
New type java.util.ArrayList<domain.Apuesta>

[2020-03-23 13:19:17 #9 type.registry] 
New type domain.Piloto

[2020-03-23 13:19:17 #10 type] 
Type domain.Apuesta is not enhanced.

[2020-03-23 13:19:17 #11 type] 
Type domain.Piloto is not enhanced.

[2020-03-23 13:19:17 #12 type.registry] 
New type domain.Escuderia

[2020-03-23 13:19:17 #13 type] 
Type domain.Escuderia is not enhanced.

[2020-03-23 13:19:17 #14 type.registry] 
New type java.util.ArrayList<domain.Piloto>

[2020-03-23 13:19:17 #15 type.registry] 
New type domain.Coche

[2020-03-23 13:19:17 #16 type.registry] 
New type java.util.ArrayList<domain.Coche>

[2020-03-23 13:19:17 #17 type] 
Type domain.Coche is not enhanced.

[2020-03-23 13:19:17 #18 type.registry] 
New type java.util.ArrayList<java.lang.Object>

------------------------------------------------------------------------------------------------------------------------

[2020-03-23 14:35:56 #1 store] 
Database 'C:\Users\Jorge\eclipse-workspace\IS1\Trabajo_Carreras\Races2\resources\bets.temp' is opened by 21072@LAPTOP-CAMHNDK2

[2020-03-23 14:35:57 #2 type.registry] 
New type domain.Carrera

[2020-03-23 14:35:57 #3 type] 
Type domain.Carrera is not enhanced.

[2020-03-23 14:35:57 #4 type.registry] 
New type domain.ParrillaDeSalida

[2020-03-23 14:35:57 #5 type.registry] 
New type java.util.ArrayList<domain.ParrillaDeSalida>

[2020-03-23 14:35:57 #6 type] 
Type domain.ParrillaDeSalida is not enhanced.

[2020-03-23 14:35:57 #7 type.registry] 
New type domain.Apuesta

[2020-03-23 14:35:57 #8 type.registry] 
New type java.util.ArrayList<domain.Apuesta>

[2020-03-23 14:35:57 #9 type.registry] 
New type domain.Piloto

[2020-03-23 14:35:57 #10 type] 
Type domain.Apuesta is not enhanced.

[2020-03-23 14:35:57 #11 type] 
Type domain.Piloto is not enhanced.

[2020-03-23 14:35:57 #12 type.registry] 
New type domain.Escuderia

[2020-03-23 14:35:57 #13 type] 
Type domain.Escuderia is not enhanced.

[2020-03-23 14:35:57 #14 type.registry] 
New type java.util.ArrayList<domain.Piloto>

[2020-03-23 14:35:57 #15 type.registry] 
New type domain.Coche

[2020-03-23 14:35:57 #16 type.registry] 
New type java.util.ArrayList<domain.Coche>

[2020-03-23 14:35:57 #17 type] 
Type domain.Coche is not enhanced.

[2020-03-23 14:35:57 #18 type.registry] 
New type java.util.ArrayList<java.lang.Object>

------------------------------------------------------------------------------------------------------------------------

[2020-03-23 14:36:36 #1 store] 
Database 'C:\Users\Jorge\eclipse-workspace\IS1\Trabajo_Carreras\Races2\resources\bets.temp' is opened by 18228@LAPTOP-CAMHNDK2

[2020-03-23 14:36:36 #2 type.registry] 
New type domain.Carrera

[2020-03-23 14:36:36 #3 type] 
Type domain.Carrera is not enhanced.

[2020-03-23 14:36:36 #4 type.registry] 
New type domain.ParrillaDeSalida

[2020-03-23 14:36:36 #5 type.registry] 
New type java.util.ArrayList<domain.ParrillaDeSalida>

[2020-03-23 14:36:36 #6 type] 
Type domain.ParrillaDeSalida is not enhanced.

[2020-03-23 14:36:36 #7 type.registry] 
New type domain.Apuesta

[2020-03-23 14:36:36 #8 type.registry] 
New type java.util.ArrayList<domain.Apuesta>

[2020-03-23 14:36:36 #9 type.registry] 
New type domain.Piloto

[2020-03-23 14:36:36 #10 type] 
Type domain.Apuesta is not enhanced.

[2020-03-23 14:36:36 #11 type] 
Type domain.Piloto is not enhanced.

[2020-03-23 14:36:36 #12 type.registry] 
New type domain.Escuderia

[2020-03-23 14:36:36 #13 type] 
Type domain.Escuderia is not enhanced.

[2020-03-23 14:36:36 #14 type.registry] 
New type java.util.ArrayList<domain.Piloto>

[2020-03-23 14:36:36 #15 type.registry] 
New type domain.Coche

[2020-03-23 14:36:36 #16 type.registry] 
New type java.util.ArrayList<domain.Coche>

[2020-03-23 14:36:36 #17 type] 
Type domain.Coche is not enhanced.

[2020-03-23 14:36:36 #18 type.registry] 
New type java.util.ArrayList<java.lang.Object>

------------------------------------------------------------------------------------------------------------------------

[2020-03-23 14:49:20 #1 store] 
Database 'C:\Users\Jorge\eclipse-workspace\IS1\Trabajo_Carreras\Races2\resources\bets.temp' is opened by 15028@LAPTOP-CAMHNDK2

[2020-03-23 14:49:21 #2 type.registry] 
New type domain.Carrera

[2020-03-23 14:49:21 #3 type] 
Type domain.Carrera is not enhanced.

[2020-03-23 14:49:21 #4 type.registry] 
New type domain.ParrillaDeSalida

[2020-03-23 14:49:21 #5 type.registry] 
New type java.util.ArrayList<domain.ParrillaDeSalida>

[2020-03-23 14:49:21 #6 type] 
Type domain.ParrillaDeSalida is not enhanced.

[2020-03-23 14:49:21 #7 type.registry] 
New type domain.Apuesta

[2020-03-23 14:49:21 #8 type.registry] 
New type java.util.ArrayList<domain.Apuesta>

[2020-03-23 14:49:21 #9 type.registry] 
New type domain.Piloto

[2020-03-23 14:49:21 #10 type] 
Type domain.Apuesta is not enhanced.

[2020-03-23 14:49:21 #11 type] 
Type domain.Piloto is not enhanced.

[2020-03-23 14:49:21 #12 type.registry] 
New type domain.Escuderia

[2020-03-23 14:49:21 #13 type] 
Type domain.Escuderia is not enhanced.

[2020-03-23 14:49:21 #14 type.registry] 
New type java.util.ArrayList<domain.Piloto>

[2020-03-23 14:49:21 #15 type.registry] 
New type domain.Coche

[2020-03-23 14:49:21 #16 type.registry] 
New type java.util.ArrayList<domain.Coche>

[2020-03-23 14:49:21 #17 type] 
Type domain.Coche is not enhanced.

[2020-03-23 14:49:21 #18 type.registry] 
New type java.util.ArrayList<java.lang.Object>

------------------------------------------------------------------------------------------------------------------------

[2020-03-23 14:54:55 #1 store] 
Database 'C:\Users\Jorge\eclipse-workspace\IS1\Trabajo_Carreras\Races2\resources\bets.temp' is opened by 684@LAPTOP-CAMHNDK2

[2020-03-23 14:54:55 #2 type.registry] 
New type domain.Carrera

[2020-03-23 14:54:55 #3 type] 
Type domain.Carrera is not enhanced.

[2020-03-23 14:54:55 #4 type.registry] 
New type domain.ParrillaDeSalida

[2020-03-23 14:54:55 #5 type.registry] 
New type java.util.ArrayList<domain.ParrillaDeSalida>

[2020-03-23 14:54:55 #6 type] 
Type domain.ParrillaDeSalida is not enhanced.

[2020-03-23 14:54:55 #7 type.registry] 
New type domain.Apuesta

[2020-03-23 14:54:55 #8 type.registry] 
New type java.util.ArrayList<domain.Apuesta>

[2020-03-23 14:54:55 #9 type.registry] 
New type domain.Piloto

[2020-03-23 14:54:55 #10 type] 
Type domain.Apuesta is not enhanced.

[2020-03-23 14:54:55 #11 type] 
Type domain.Piloto is not enhanced.

[2020-03-23 14:54:55 #12 type.registry] 
New type domain.Escuderia

[2020-03-23 14:54:55 #13 type] 
Type domain.Escuderia is not enhanced.

[2020-03-23 14:54:55 #14 type.registry] 
New type java.util.ArrayList<domain.Piloto>

[2020-03-23 14:54:55 #15 type.registry] 
New type domain.Coche

[2020-03-23 14:54:55 #16 type.registry] 
New type java.util.ArrayList<domain.Coche>

[2020-03-23 14:54:55 #17 type] 
Type domain.Coche is not enhanced.

[2020-03-23 14:54:55 #18 type.registry] 
New type java.util.ArrayList<java.lang.Object>

------------------------------------------------------------------------------------------------------------------------

[2020-03-23 14:58:33 #1 store] 
Database 'C:\Users\Jorge\eclipse-workspace\IS1\Trabajo_Carreras\Races2\resources\bets.temp' is opened by 4692@LAPTOP-CAMHNDK2

[2020-03-23 14:58:33 #2 type.registry] 
New type domain.Carrera

[2020-03-23 14:58:33 #3 type] 
Type domain.Carrera is not enhanced.

[2020-03-23 14:58:33 #4 type.registry] 
New type domain.ParrillaDeSalida

[2020-03-23 14:58:33 #5 type.registry] 
New type java.util.ArrayList<domain.ParrillaDeSalida>

[2020-03-23 14:58:33 #6 type] 
Type domain.ParrillaDeSalida is not enhanced.

[2020-03-23 14:58:33 #7 type.registry] 
New type domain.Apuesta

[2020-03-23 14:58:33 #8 type.registry] 
New type java.util.ArrayList<domain.Apuesta>

[2020-03-23 14:58:33 #9 type.registry] 
New type domain.Piloto

[2020-03-23 14:58:33 #10 type] 
Type domain.Apuesta is not enhanced.

[2020-03-23 14:58:33 #11 type] 
Type domain.Piloto is not enhanced.

[2020-03-23 14:58:33 #12 type.registry] 
New type domain.Escuderia

[2020-03-23 14:58:33 #13 type] 
Type domain.Escuderia is not enhanced.

[2020-03-23 14:58:33 #14 type.registry] 
New type java.util.ArrayList<domain.Piloto>

[2020-03-23 14:58:33 #15 type.registry] 
New type domain.Coche

[2020-03-23 14:58:33 #16 type.registry] 
New type java.util.ArrayList<domain.Coche>

[2020-03-23 14:58:33 #17 type] 
Type domain.Coche is not enhanced.

[2020-03-23 14:58:33 #18 type.registry] 
New type java.util.ArrayList<java.lang.Object>

------------------------------------------------------------------------------------------------------------------------

[2020-03-23 15:00:40 #1 store] 
Database 'C:\Users\Jorge\eclipse-workspace\IS1\Trabajo_Carreras\Races2\resources\bets.temp' is opened by 3340@LAPTOP-CAMHNDK2

[2020-03-23 15:00:41 #2 type.registry] 
New type domain.Carrera

[2020-03-23 15:00:41 #3 type] 
Type domain.Carrera is not enhanced.

[2020-03-23 15:00:41 #4 type.registry] 
New type domain.ParrillaDeSalida

[2020-03-23 15:00:41 #5 type.registry] 
New type java.util.ArrayList<domain.ParrillaDeSalida>

[2020-03-23 15:00:41 #6 type] 
Type domain.ParrillaDeSalida is not enhanced.

[2020-03-23 15:00:41 #7 type.registry] 
New type domain.Apuesta

[2020-03-23 15:00:41 #8 type.registry] 
New type java.util.ArrayList<domain.Apuesta>

[2020-03-23 15:00:41 #9 type.registry] 
New type domain.Piloto

[2020-03-23 15:00:41 #10 type] 
Type domain.Apuesta is not enhanced.

[2020-03-23 15:00:41 #11 type] 
Type domain.Piloto is not enhanced.

[2020-03-23 15:00:41 #12 type.registry] 
New type domain.Escuderia

[2020-03-23 15:00:41 #13 type] 
Type domain.Escuderia is not enhanced.

[2020-03-23 15:00:41 #14 type.registry] 
New type java.util.ArrayList<domain.Piloto>

[2020-03-23 15:00:41 #15 type.registry] 
New type domain.Coche

[2020-03-23 15:00:41 #16 type.registry] 
New type java.util.ArrayList<domain.Coche>

[2020-03-23 15:00:41 #17 type] 
Type domain.Coche is not enhanced.

[2020-03-23 15:00:41 #18 type.registry] 
New type java.util.ArrayList<java.lang.Object>

------------------------------------------------------------------------------------------------------------------------

[2020-03-23 15:01:43 #1 store] 
Database 'C:\Users\Jorge\eclipse-workspace\IS1\Trabajo_Carreras\Races2\resources\bets.temp' is opened by 13452@LAPTOP-CAMHNDK2

[2020-03-23 15:01:43 #2 type.registry] 
New type domain.Carrera

[2020-03-23 15:01:43 #3 type] 
Type domain.Carrera is not enhanced.

[2020-03-23 15:01:43 #4 type.registry] 
New type domain.ParrillaDeSalida

[2020-03-23 15:01:43 #5 type.registry] 
New type java.util.ArrayList<domain.ParrillaDeSalida>

[2020-03-23 15:01:43 #6 type] 
Type domain.ParrillaDeSalida is not enhanced.

[2020-03-23 15:01:43 #7 type.registry] 
New type domain.Apuesta

[2020-03-23 15:01:43 #8 type.registry] 
New type java.util.ArrayList<domain.Apuesta>

[2020-03-23 15:01:43 #9 type.registry] 
New type domain.Piloto

[2020-03-23 15:01:43 #10 type] 
Type domain.Apuesta is not enhanced.

[2020-03-23 15:01:43 #11 type] 
Type domain.Piloto is not enhanced.

[2020-03-23 15:01:43 #12 type.registry] 
New type domain.Escuderia

[2020-03-23 15:01:43 #13 type] 
Type domain.Escuderia is not enhanced.

[2020-03-23 15:01:43 #14 type.registry] 
New type java.util.ArrayList<domain.Piloto>

[2020-03-23 15:01:43 #15 type.registry] 
New type domain.Coche

[2020-03-23 15:01:43 #16 type.registry] 
New type java.util.ArrayList<domain.Coche>

[2020-03-23 15:01:43 #17 type] 
Type domain.Coche is not enhanced.

[2020-03-23 15:01:43 #18 type.registry] 
New type java.util.ArrayList<java.lang.Object>

------------------------------------------------------------------------------------------------------------------------

[2020-03-23 15:04:12 #1 store] 
Database 'C:\Users\Jorge\eclipse-workspace\IS1\Trabajo_Carreras\Races2\resources\bets.temp' is opened by 7908@LAPTOP-CAMHNDK2

[2020-03-23 15:04:13 #2 type.registry] 
New type domain.Carrera

[2020-03-23 15:04:13 #3 type] 
Type domain.Carrera is not enhanced.

[2020-03-23 15:04:13 #4 type.registry] 
New type domain.ParrillaDeSalida

[2020-03-23 15:04:13 #5 type.registry] 
New type java.util.ArrayList<domain.ParrillaDeSalida>

[2020-03-23 15:04:13 #6 type] 
Type domain.ParrillaDeSalida is not enhanced.

[2020-03-23 15:04:13 #7 type.registry] 
New type domain.Apuesta

[2020-03-23 15:04:13 #8 type.registry] 
New type java.util.ArrayList<domain.Apuesta>

[2020-03-23 15:04:13 #9 type.registry] 
New type domain.Piloto

[2020-03-23 15:04:13 #10 type] 
Type domain.Apuesta is not enhanced.

[2020-03-23 15:04:13 #11 type] 
Type domain.Piloto is not enhanced.

[2020-03-23 15:04:13 #12 type.registry] 
New type domain.Escuderia

[2020-03-23 15:04:13 #13 type] 
Type domain.Escuderia is not enhanced.

[2020-03-23 15:04:13 #14 type.registry] 
New type java.util.ArrayList<domain.Piloto>

[2020-03-23 15:04:13 #15 type.registry] 
New type domain.Coche

[2020-03-23 15:04:13 #16 type.registry] 
New type java.util.ArrayList<domain.Coche>

[2020-03-23 15:04:13 #17 type] 
Type domain.Coche is not enhanced.

[2020-03-23 15:04:13 #18 type.registry] 
New type java.util.ArrayList<java.lang.Object>

------------------------------------------------------------------------------------------------------------------------

[2020-03-23 15:06:07 #1 store] 
Database 'C:\Users\Jorge\eclipse-workspace\IS1\Trabajo_Carreras\Races2\resources\bets.temp' is opened by 4812@LAPTOP-CAMHNDK2

[2020-03-23 15:06:07 #2 type.registry] 
New type domain.Carrera

[2020-03-23 15:06:07 #3 type] 
Type domain.Carrera is not enhanced.

[2020-03-23 15:06:07 #4 type.registry] 
New type domain.ParrillaDeSalida

[2020-03-23 15:06:07 #5 type.registry] 
New type java.util.ArrayList<domain.ParrillaDeSalida>

[2020-03-23 15:06:07 #6 type] 
Type domain.ParrillaDeSalida is not enhanced.

[2020-03-23 15:06:07 #7 type.registry] 
New type domain.Apuesta

[2020-03-23 15:06:07 #8 type.registry] 
New type java.util.ArrayList<domain.Apuesta>

[2020-03-23 15:06:07 #9 type.registry] 
New type domain.Piloto

[2020-03-23 15:06:07 #10 type] 
Type domain.Apuesta is not enhanced.

[2020-03-23 15:06:07 #11 type] 
Type domain.Piloto is not enhanced.

[2020-03-23 15:06:07 #12 type.registry] 
New type domain.Escuderia

[2020-03-23 15:06:07 #13 type] 
Type domain.Escuderia is not enhanced.

[2020-03-23 15:06:07 #14 type.registry] 
New type java.util.ArrayList<domain.Piloto>

[2020-03-23 15:06:07 #15 type.registry] 
New type domain.Coche

[2020-03-23 15:06:07 #16 type.registry] 
New type java.util.ArrayList<domain.Coche>

[2020-03-23 15:06:07 #17 type] 
Type domain.Coche is not enhanced.

[2020-03-23 15:06:07 #18 type.registry] 
New type java.util.ArrayList<java.lang.Object>

------------------------------------------------------------------------------------------------------------------------

[2020-03-23 15:06:47 #1 store] 
Database 'C:\Users\Jorge\eclipse-workspace\IS1\Trabajo_Carreras\Races2\resources\bets.temp' is opened by 1368@LAPTOP-CAMHNDK2

[2020-03-23 15:06:47 #2 type.registry] 
New type domain.Carrera

[2020-03-23 15:06:47 #3 type] 
Type domain.Carrera is not enhanced.

[2020-03-23 15:06:47 #4 type.registry] 
New type domain.ParrillaDeSalida

[2020-03-23 15:06:47 #5 type.registry] 
New type java.util.ArrayList<domain.ParrillaDeSalida>

[2020-03-23 15:06:47 #6 type] 
Type domain.ParrillaDeSalida is not enhanced.

[2020-03-23 15:06:47 #7 type.registry] 
New type domain.Apuesta

[2020-03-23 15:06:47 #8 type.registry] 
New type java.util.ArrayList<domain.Apuesta>

[2020-03-23 15:06:47 #9 type.registry] 
New type domain.Piloto

[2020-03-23 15:06:47 #10 type] 
Type domain.Apuesta is not enhanced.

[2020-03-23 15:06:47 #11 type] 
Type domain.Piloto is not enhanced.

[2020-03-23 15:06:47 #12 type.registry] 
New type domain.Escuderia

[2020-03-23 15:06:47 #13 type] 
Type domain.Escuderia is not enhanced.

[2020-03-23 15:06:47 #14 type.registry] 
New type java.util.ArrayList<domain.Piloto>

[2020-03-23 15:06:47 #15 type.registry] 
New type domain.Coche

[2020-03-23 15:06:47 #16 type.registry] 
New type java.util.ArrayList<domain.Coche>

[2020-03-23 15:06:47 #17 type] 
Type domain.Coche is not enhanced.

[2020-03-23 15:06:47 #18 type.registry] 
New type java.util.ArrayList<java.lang.Object>

------------------------------------------------------------------------------------------------------------------------

[2020-03-23 15:09:02 #1 store] 
Database 'C:\Users\Jorge\eclipse-workspace\IS1\Trabajo_Carreras\Races2\resources\bets.temp' is opened by 2000@LAPTOP-CAMHNDK2

[2020-03-23 15:09:02 #2 type.registry] 
New type domain.Carrera

[2020-03-23 15:09:02 #3 type] 
Type domain.Carrera is not enhanced.

[2020-03-23 15:09:02 #4 type.registry] 
New type domain.ParrillaDeSalida

[2020-03-23 15:09:02 #5 type.registry] 
New type java.util.ArrayList<domain.ParrillaDeSalida>

[2020-03-23 15:09:02 #6 type] 
Type domain.ParrillaDeSalida is not enhanced.

[2020-03-23 15:09:02 #7 type.registry] 
New type domain.Apuesta

[2020-03-23 15:09:02 #8 type.registry] 
New type java.util.ArrayList<domain.Apuesta>

[2020-03-23 15:09:02 #9 type.registry] 
New type domain.Piloto

[2020-03-23 15:09:02 #10 type] 
Type domain.Apuesta is not enhanced.

[2020-03-23 15:09:02 #11 type] 
Type domain.Piloto is not enhanced.

[2020-03-23 15:09:02 #12 type.registry] 
New type domain.Escuderia

[2020-03-23 15:09:02 #13 type] 
Type domain.Escuderia is not enhanced.

[2020-03-23 15:09:02 #14 type.registry] 
New type java.util.ArrayList<domain.Piloto>

[2020-03-23 15:09:02 #15 type.registry] 
New type domain.Coche

[2020-03-23 15:09:02 #16 type.registry] 
New type java.util.ArrayList<domain.Coche>

[2020-03-23 15:09:02 #17 type] 
Type domain.Coche is not enhanced.

[2020-03-23 15:09:02 #18 type.registry] 
New type java.util.ArrayList<java.lang.Object>

------------------------------------------------------------------------------------------------------------------------

[2020-03-23 15:09:30 #1 store] 
Database 'C:\Users\Jorge\eclipse-workspace\IS1\Trabajo_Carreras\Races2\resources\bets.temp' is opened by 6520@LAPTOP-CAMHNDK2

[2020-03-23 15:09:31 #2 type.registry] 
New type domain.Carrera

[2020-03-23 15:09:31 #3 type] 
Type domain.Carrera is not enhanced.

[2020-03-23 15:09:31 #4 type.registry] 
New type domain.ParrillaDeSalida

[2020-03-23 15:09:31 #5 type.registry] 
New type java.util.ArrayList<domain.ParrillaDeSalida>

[2020-03-23 15:09:31 #6 type] 
Type domain.ParrillaDeSalida is not enhanced.

[2020-03-23 15:09:31 #7 type.registry] 
New type domain.Apuesta

[2020-03-23 15:09:31 #8 type.registry] 
New type java.util.ArrayList<domain.Apuesta>

[2020-03-23 15:09:31 #9 type.registry] 
New type domain.Piloto

[2020-03-23 15:09:31 #10 type] 
Type domain.Apuesta is not enhanced.

[2020-03-23 15:09:31 #11 type] 
Type domain.Piloto is not enhanced.

[2020-03-23 15:09:31 #12 type.registry] 
New type domain.Escuderia

[2020-03-23 15:09:31 #13 type] 
Type domain.Escuderia is not enhanced.

[2020-03-23 15:09:31 #14 type.registry] 
New type java.util.ArrayList<domain.Piloto>

[2020-03-23 15:09:31 #15 type.registry] 
New type domain.Coche

[2020-03-23 15:09:31 #16 type.registry] 
New type java.util.ArrayList<domain.Coche>

[2020-03-23 15:09:31 #17 type] 
Type domain.Coche is not enhanced.

[2020-03-23 15:09:31 #18 type.registry] 
New type java.util.ArrayList<java.lang.Object>

------------------------------------------------------------------------------------------------------------------------

[2020-03-23 15:30:41 #1 store] 
Database 'C:\Users\Jorge\eclipse-workspace\IS1\Trabajo_Carreras\Races2\resources\bets.temp' is opened by 7932@LAPTOP-CAMHNDK2

[2020-03-23 15:30:41 #2 type.registry] 
New type domain.Carrera

[2020-03-23 15:30:41 #3 type] 
Type domain.Carrera is not enhanced.

[2020-03-23 15:30:41 #4 type.registry] 
New type domain.ParrillaDeSalida

[2020-03-23 15:30:41 #5 type.registry] 
New type java.util.ArrayList<domain.ParrillaDeSalida>

[2020-03-23 15:30:41 #6 type] 
Type domain.ParrillaDeSalida is not enhanced.

[2020-03-23 15:30:41 #7 type.registry] 
New type domain.Apuesta

[2020-03-23 15:30:41 #8 type.registry] 
New type java.util.ArrayList<domain.Apuesta>

[2020-03-23 15:30:41 #9 type.registry] 
New type domain.Piloto

[2020-03-23 15:30:41 #10 type] 
Type domain.Apuesta is not enhanced.

[2020-03-23 15:30:41 #11 type] 
Type domain.Piloto is not enhanced.

[2020-03-23 15:30:41 #12 type.registry] 
New type domain.Escuderia

[2020-03-23 15:30:41 #13 type] 
Type domain.Escuderia is not enhanced.

[2020-03-23 15:30:41 #14 type.registry] 
New type java.util.ArrayList<domain.Piloto>

[2020-03-23 15:30:41 #15 type.registry] 
New type domain.Coche

[2020-03-23 15:30:41 #16 type.registry] 
New type java.util.ArrayList<domain.Coche>

[2020-03-23 15:30:41 #17 type] 
Type domain.Coche is not enhanced.

[2020-03-23 15:30:41 #18 type.registry] 
New type java.util.ArrayList<java.lang.Object>

------------------------------------------------------------------------------------------------------------------------

[2020-03-23 15:34:50 #1 store] 
Database 'C:\Users\Jorge\eclipse-workspace\IS1\Trabajo_Carreras\Races2\resources\bets.temp' is opened by 1740@LAPTOP-CAMHNDK2

[2020-03-23 15:34:50 #2 type.registry] 
New type domain.Carrera

[2020-03-23 15:34:50 #3 type] 
Type domain.Carrera is not enhanced.

[2020-03-23 15:34:50 #4 type.registry] 
New type domain.ParrillaDeSalida

[2020-03-23 15:34:50 #5 type.registry] 
New type java.util.ArrayList<domain.ParrillaDeSalida>

[2020-03-23 15:34:50 #6 type] 
Type domain.ParrillaDeSalida is not enhanced.

[2020-03-23 15:34:50 #7 type.registry] 
New type domain.Apuesta

[2020-03-23 15:34:50 #8 type.registry] 
New type java.util.ArrayList<domain.Apuesta>

[2020-03-23 15:34:50 #9 type.registry] 
New type domain.Piloto

[2020-03-23 15:34:50 #10 type] 
Type domain.Apuesta is not enhanced.

[2020-03-23 15:34:50 #11 type] 
Type domain.Piloto is not enhanced.

[2020-03-23 15:34:50 #12 type.registry] 
New type domain.Escuderia

[2020-03-23 15:34:50 #13 type] 
Type domain.Escuderia is not enhanced.

[2020-03-23 15:34:50 #14 type.registry] 
New type java.util.ArrayList<domain.Piloto>

[2020-03-23 15:34:50 #15 type.registry] 
New type domain.Coche

[2020-03-23 15:34:50 #16 type.registry] 
New type java.util.ArrayList<domain.Coche>

[2020-03-23 15:34:50 #17 type] 
Type domain.Coche is not enhanced.

[2020-03-23 15:34:50 #18 type.registry] 
New type java.util.ArrayList<java.lang.Object>

------------------------------------------------------------------------------------------------------------------------

[2020-03-23 15:40:59 #1 store] 
Database 'C:\Users\Jorge\eclipse-workspace\IS1\Trabajo_Carreras\Races2\resources\bets.temp' is opened by 8648@LAPTOP-CAMHNDK2

[2020-03-23 15:40:59 #2 type.registry] 
New type domain.Carrera

[2020-03-23 15:40:59 #3 type] 
Type domain.Carrera is not enhanced.

[2020-03-23 15:40:59 #4 type.registry] 
New type domain.ParrillaDeSalida

[2020-03-23 15:40:59 #5 type.registry] 
New type java.util.ArrayList<domain.ParrillaDeSalida>

[2020-03-23 15:40:59 #6 type] 
Type domain.ParrillaDeSalida is not enhanced.

[2020-03-23 15:40:59 #7 type.registry] 
New type domain.Apuesta

[2020-03-23 15:40:59 #8 type.registry] 
New type java.util.ArrayList<domain.Apuesta>

[2020-03-23 15:40:59 #9 type.registry] 
New type domain.Piloto

[2020-03-23 15:40:59 #10 type] 
Type domain.Apuesta is not enhanced.

[2020-03-23 15:40:59 #11 type] 
Type domain.Piloto is not enhanced.

[2020-03-23 15:40:59 #12 type.registry] 
New type domain.Escuderia

[2020-03-23 15:40:59 #13 type] 
Type domain.Escuderia is not enhanced.

[2020-03-23 15:40:59 #14 type.registry] 
New type java.util.ArrayList<domain.Piloto>

[2020-03-23 15:40:59 #15 type.registry] 
New type domain.Coche

[2020-03-23 15:40:59 #16 type.registry] 
New type java.util.ArrayList<domain.Coche>

[2020-03-23 15:40:59 #17 type] 
Type domain.Coche is not enhanced.

[2020-03-23 15:40:59 #18 type.registry] 
New type java.util.ArrayList<java.lang.Object>

------------------------------------------------------------------------------------------------------------------------

[2020-03-23 15:41:49 #1 store] 
Database 'C:\Users\Jorge\eclipse-workspace\IS1\Trabajo_Carreras\Races2\resources\bets.temp' is opened by 15924@LAPTOP-CAMHNDK2

[2020-03-23 15:41:49 #2 type.registry] 
New type domain.Carrera

[2020-03-23 15:41:49 #3 type] 
Type domain.Carrera is not enhanced.

[2020-03-23 15:41:49 #4 type.registry] 
New type domain.ParrillaDeSalida

[2020-03-23 15:41:49 #5 type.registry] 
New type java.util.ArrayList<domain.ParrillaDeSalida>

[2020-03-23 15:41:49 #6 type] 
Type domain.ParrillaDeSalida is not enhanced.

[2020-03-23 15:41:49 #7 type.registry] 
New type domain.Apuesta

[2020-03-23 15:41:49 #8 type.registry] 
New type java.util.ArrayList<domain.Apuesta>

[2020-03-23 15:41:49 #9 type.registry] 
New type domain.Piloto

[2020-03-23 15:41:49 #10 type] 
Type domain.Apuesta is not enhanced.

[2020-03-23 15:41:49 #11 type] 
Type domain.Piloto is not enhanced.

[2020-03-23 15:41:49 #12 type.registry] 
New type domain.Escuderia

[2020-03-23 15:41:49 #13 type] 
Type domain.Escuderia is not enhanced.

[2020-03-23 15:41:49 #14 type.registry] 
New type java.util.ArrayList<domain.Piloto>

[2020-03-23 15:41:49 #15 type.registry] 
New type domain.Coche

[2020-03-23 15:41:49 #16 type.registry] 
New type java.util.ArrayList<domain.Coche>

[2020-03-23 15:41:49 #17 type] 
Type domain.Coche is not enhanced.

[2020-03-23 15:41:49 #18 type.registry] 
New type java.util.ArrayList<java.lang.Object>

------------------------------------------------------------------------------------------------------------------------

[2020-03-23 15:43:09 #1 store] 
Database 'C:\Users\Jorge\eclipse-workspace\IS1\Trabajo_Carreras\Races2\resources\bets.temp' is opened by 21408@LAPTOP-CAMHNDK2

[2020-03-23 15:43:10 #2 type.registry] 
New type domain.Carrera

[2020-03-23 15:43:10 #3 type] 
Type domain.Carrera is not enhanced.

[2020-03-23 15:43:10 #4 type.registry] 
New type domain.ParrillaDeSalida

[2020-03-23 15:43:10 #5 type.registry] 
New type java.util.ArrayList<domain.ParrillaDeSalida>

[2020-03-23 15:43:10 #6 type] 
Type domain.ParrillaDeSalida is not enhanced.

[2020-03-23 15:43:10 #7 type.registry] 
New type domain.Apuesta

[2020-03-23 15:43:10 #8 type.registry] 
New type java.util.ArrayList<domain.Apuesta>

[2020-03-23 15:43:10 #9 type.registry] 
New type domain.Piloto

[2020-03-23 15:43:10 #10 type] 
Type domain.Apuesta is not enhanced.

[2020-03-23 15:43:10 #11 type] 
Type domain.Piloto is not enhanced.

[2020-03-23 15:43:10 #12 type.registry] 
New type domain.Escuderia

[2020-03-23 15:43:10 #13 type] 
Type domain.Escuderia is not enhanced.

[2020-03-23 15:43:10 #14 type.registry] 
New type java.util.ArrayList<domain.Piloto>

[2020-03-23 15:43:10 #15 type.registry] 
New type domain.Coche

[2020-03-23 15:43:10 #16 type.registry] 
New type java.util.ArrayList<domain.Coche>

[2020-03-23 15:43:10 #17 type] 
Type domain.Coche is not enhanced.

[2020-03-23 15:43:10 #18 type.registry] 
New type java.util.ArrayList<java.lang.Object>

