------------------------------------------------------------------------------------------------------------------------

[2020-03-24 07:35:26 #1 store] 
Database 'C:\Users\Jorge\eclipse-workspace\IS1\Trabajo_Carreras\Races2\resources\bets.temp' is opened by 20860@LAPTOP-CAMHNDK2

[2020-03-24 07:35:26 #2 type.registry] 
New type domain.Carrera

[2020-03-24 07:35:26 #3 type] 
Type domain.Carrera is not enhanced.

[2020-03-24 07:35:26 #4 type.registry] 
New type domain.ParrillaDeSalida

[2020-03-24 07:35:26 #5 type.registry] 
New type java.util.ArrayList<domain.ParrillaDeSalida>

[2020-03-24 07:35:26 #6 type] 
Type domain.ParrillaDeSalida is not enhanced.

[2020-03-24 07:35:26 #7 type.registry] 
New type domain.Apuesta

[2020-03-24 07:35:26 #8 type.registry] 
New type java.util.ArrayList<domain.Apuesta>

[2020-03-24 07:35:26 #9 type.registry] 
New type domain.Piloto

[2020-03-24 07:35:26 #10 type] 
Type domain.Apuesta is not enhanced.

[2020-03-24 07:35:26 #11 type] 
Type domain.Piloto is not enhanced.

[2020-03-24 07:35:26 #12 type.registry] 
New type domain.Escuderia

[2020-03-24 07:35:26 #13 type] 
Type domain.Escuderia is not enhanced.

[2020-03-24 07:35:26 #14 type.registry] 
New type java.util.ArrayList<domain.Piloto>

[2020-03-24 07:35:26 #15 type.registry] 
New type domain.Coche

[2020-03-24 07:35:26 #16 type.registry] 
New type java.util.ArrayList<domain.Coche>

[2020-03-24 07:35:26 #17 type] 
Type domain.Coche is not enhanced.

[2020-03-24 07:35:26 #18 type.registry] 
New type java.util.ArrayList<java.lang.Object>

------------------------------------------------------------------------------------------------------------------------

[2020-03-24 07:38:20 #1 store] 
Database 'C:\Users\Jorge\eclipse-workspace\IS1\Trabajo_Carreras\Races2\resources\bets.temp' is opened by 11620@LAPTOP-CAMHNDK2

[2020-03-24 07:38:20 #2 type.registry] 
New type domain.Carrera

[2020-03-24 07:38:20 #3 type] 
Type domain.Carrera is not enhanced.

[2020-03-24 07:38:20 #4 type.registry] 
New type domain.ParrillaDeSalida

[2020-03-24 07:38:20 #5 type.registry] 
New type java.util.ArrayList<domain.ParrillaDeSalida>

[2020-03-24 07:38:20 #6 type] 
Type domain.ParrillaDeSalida is not enhanced.

[2020-03-24 07:38:20 #7 type.registry] 
New type domain.Apuesta

[2020-03-24 07:38:20 #8 type.registry] 
New type java.util.ArrayList<domain.Apuesta>

[2020-03-24 07:38:20 #9 type.registry] 
New type domain.Piloto

[2020-03-24 07:38:20 #10 type] 
Type domain.Apuesta is not enhanced.

[2020-03-24 07:38:20 #11 type] 
Type domain.Piloto is not enhanced.

[2020-03-24 07:38:20 #12 type.registry] 
New type domain.Escuderia

[2020-03-24 07:38:20 #13 type] 
Type domain.Escuderia is not enhanced.

[2020-03-24 07:38:20 #14 type.registry] 
New type java.util.ArrayList<domain.Piloto>

[2020-03-24 07:38:20 #15 type.registry] 
New type domain.Coche

[2020-03-24 07:38:20 #16 type.registry] 
New type java.util.ArrayList<domain.Coche>

[2020-03-24 07:38:20 #17 type] 
Type domain.Coche is not enhanced.

[2020-03-24 07:38:20 #18 type.registry] 
New type java.util.ArrayList<java.lang.Object>

------------------------------------------------------------------------------------------------------------------------

[2020-03-24 07:40:37 #1 store] 
Database 'C:\Users\Jorge\eclipse-workspace\IS1\Trabajo_Carreras\Races2\resources\bets.temp' is opened by 21932@LAPTOP-CAMHNDK2

[2020-03-24 07:40:37 #2 type.registry] 
New type domain.Carrera

[2020-03-24 07:40:37 #3 type] 
Type domain.Carrera is not enhanced.

[2020-03-24 07:40:37 #4 type.registry] 
New type domain.ParrillaDeSalida

[2020-03-24 07:40:37 #5 type.registry] 
New type java.util.ArrayList<domain.ParrillaDeSalida>

[2020-03-24 07:40:37 #6 type] 
Type domain.ParrillaDeSalida is not enhanced.

[2020-03-24 07:40:37 #7 type.registry] 
New type domain.Apuesta

[2020-03-24 07:40:37 #8 type.registry] 
New type java.util.ArrayList<domain.Apuesta>

[2020-03-24 07:40:37 #9 type.registry] 
New type domain.Piloto

[2020-03-24 07:40:37 #10 type] 
Type domain.Apuesta is not enhanced.

[2020-03-24 07:40:37 #11 type] 
Type domain.Piloto is not enhanced.

[2020-03-24 07:40:37 #12 type.registry] 
New type domain.Escuderia

[2020-03-24 07:40:37 #13 type] 
Type domain.Escuderia is not enhanced.

[2020-03-24 07:40:37 #14 type.registry] 
New type java.util.ArrayList<domain.Piloto>

[2020-03-24 07:40:37 #15 type.registry] 
New type domain.Coche

[2020-03-24 07:40:37 #16 type.registry] 
New type java.util.ArrayList<domain.Coche>

[2020-03-24 07:40:37 #17 type] 
Type domain.Coche is not enhanced.

[2020-03-24 07:40:37 #18 type.registry] 
New type java.util.ArrayList<java.lang.Object>

------------------------------------------------------------------------------------------------------------------------

[2020-03-24 07:41:56 #1 store] 
Database 'C:\Users\Jorge\eclipse-workspace\IS1\Trabajo_Carreras\Races2\resources\bets.temp' is opened by 11912@LAPTOP-CAMHNDK2

[2020-03-24 07:41:56 #2 type.registry] 
New type domain.Carrera

[2020-03-24 07:41:56 #3 type] 
Type domain.Carrera is not enhanced.

[2020-03-24 07:41:56 #4 type.registry] 
New type domain.ParrillaDeSalida

[2020-03-24 07:41:56 #5 type.registry] 
New type java.util.ArrayList<domain.ParrillaDeSalida>

[2020-03-24 07:41:56 #6 type] 
Type domain.ParrillaDeSalida is not enhanced.

[2020-03-24 07:41:56 #7 type.registry] 
New type domain.Apuesta

[2020-03-24 07:41:56 #8 type.registry] 
New type java.util.ArrayList<domain.Apuesta>

[2020-03-24 07:41:56 #9 type.registry] 
New type domain.Piloto

[2020-03-24 07:41:56 #10 type] 
Type domain.Apuesta is not enhanced.

[2020-03-24 07:41:56 #11 type] 
Type domain.Piloto is not enhanced.

[2020-03-24 07:41:56 #12 type.registry] 
New type domain.Escuderia

[2020-03-24 07:41:56 #13 type] 
Type domain.Escuderia is not enhanced.

[2020-03-24 07:41:56 #14 type.registry] 
New type java.util.ArrayList<domain.Piloto>

[2020-03-24 07:41:56 #15 type.registry] 
New type domain.Coche

[2020-03-24 07:41:56 #16 type.registry] 
New type java.util.ArrayList<domain.Coche>

[2020-03-24 07:41:56 #17 type] 
Type domain.Coche is not enhanced.

[2020-03-24 07:41:56 #18 type.registry] 
New type java.util.ArrayList<java.lang.Object>

------------------------------------------------------------------------------------------------------------------------

[2020-03-24 07:42:37 #1 store] 
Database 'C:\Users\Jorge\eclipse-workspace\IS1\Trabajo_Carreras\Races2\resources\bets.temp' is opened by 20920@LAPTOP-CAMHNDK2

[2020-03-24 07:42:37 #2 type.registry] 
New type domain.Carrera

[2020-03-24 07:42:37 #3 type] 
Type domain.Carrera is not enhanced.

[2020-03-24 07:42:37 #4 type.registry] 
New type domain.ParrillaDeSalida

[2020-03-24 07:42:37 #5 type.registry] 
New type java.util.ArrayList<domain.ParrillaDeSalida>

[2020-03-24 07:42:37 #6 type] 
Type domain.ParrillaDeSalida is not enhanced.

[2020-03-24 07:42:37 #7 type.registry] 
New type domain.Apuesta

[2020-03-24 07:42:37 #8 type.registry] 
New type java.util.ArrayList<domain.Apuesta>

[2020-03-24 07:42:37 #9 type.registry] 
New type domain.Piloto

[2020-03-24 07:42:37 #10 type] 
Type domain.Apuesta is not enhanced.

[2020-03-24 07:42:37 #11 type] 
Type domain.Piloto is not enhanced.

[2020-03-24 07:42:37 #12 type.registry] 
New type domain.Escuderia

[2020-03-24 07:42:37 #13 type] 
Type domain.Escuderia is not enhanced.

[2020-03-24 07:42:37 #14 type.registry] 
New type java.util.ArrayList<domain.Piloto>

[2020-03-24 07:42:37 #15 type.registry] 
New type domain.Coche

[2020-03-24 07:42:37 #16 type.registry] 
New type java.util.ArrayList<domain.Coche>

[2020-03-24 07:42:37 #17 type] 
Type domain.Coche is not enhanced.

[2020-03-24 07:42:37 #18 type.registry] 
New type java.util.ArrayList<java.lang.Object>

------------------------------------------------------------------------------------------------------------------------

[2020-03-24 07:44:10 #1 store] 
Database 'C:\Users\Jorge\eclipse-workspace\IS1\Trabajo_Carreras\Races2\resources\bets.temp' is opened by 8928@LAPTOP-CAMHNDK2

[2020-03-24 07:44:10 #2 type.registry] 
New type domain.Carrera

[2020-03-24 07:44:10 #3 type] 
Type domain.Carrera is not enhanced.

[2020-03-24 07:44:10 #4 type.registry] 
New type domain.ParrillaDeSalida

[2020-03-24 07:44:10 #5 type.registry] 
New type java.util.ArrayList<domain.ParrillaDeSalida>

[2020-03-24 07:44:10 #6 type] 
Type domain.ParrillaDeSalida is not enhanced.

[2020-03-24 07:44:10 #7 type.registry] 
New type domain.Apuesta

[2020-03-24 07:44:10 #8 type.registry] 
New type java.util.ArrayList<domain.Apuesta>

[2020-03-24 07:44:10 #9 type.registry] 
New type domain.Piloto

[2020-03-24 07:44:10 #10 type] 
Type domain.Apuesta is not enhanced.

[2020-03-24 07:44:10 #11 type] 
Type domain.Piloto is not enhanced.

[2020-03-24 07:44:10 #12 type.registry] 
New type domain.Escuderia

[2020-03-24 07:44:10 #13 type] 
Type domain.Escuderia is not enhanced.

[2020-03-24 07:44:10 #14 type.registry] 
New type java.util.ArrayList<domain.Piloto>

[2020-03-24 07:44:10 #15 type.registry] 
New type domain.Coche

[2020-03-24 07:44:10 #16 type.registry] 
New type java.util.ArrayList<domain.Coche>

[2020-03-24 07:44:10 #17 type] 
Type domain.Coche is not enhanced.

[2020-03-24 07:44:10 #18 type.registry] 
New type java.util.ArrayList<java.lang.Object>

------------------------------------------------------------------------------------------------------------------------

[2020-03-24 07:44:33 #1 store] 
Database 'C:\Users\Jorge\eclipse-workspace\IS1\Trabajo_Carreras\Races2\resources\bets.temp' is opened by 21784@LAPTOP-CAMHNDK2

[2020-03-24 07:44:33 #2 type.registry] 
New type domain.Carrera

[2020-03-24 07:44:33 #3 type] 
Type domain.Carrera is not enhanced.

[2020-03-24 07:44:33 #4 type.registry] 
New type domain.ParrillaDeSalida

[2020-03-24 07:44:33 #5 type.registry] 
New type java.util.ArrayList<domain.ParrillaDeSalida>

[2020-03-24 07:44:33 #6 type] 
Type domain.ParrillaDeSalida is not enhanced.

[2020-03-24 07:44:33 #7 type.registry] 
New type domain.Apuesta

[2020-03-24 07:44:33 #8 type.registry] 
New type java.util.ArrayList<domain.Apuesta>

[2020-03-24 07:44:33 #9 type.registry] 
New type domain.Piloto

[2020-03-24 07:44:33 #10 type] 
Type domain.Apuesta is not enhanced.

[2020-03-24 07:44:33 #11 type] 
Type domain.Piloto is not enhanced.

[2020-03-24 07:44:33 #12 type.registry] 
New type domain.Escuderia

[2020-03-24 07:44:33 #13 type] 
Type domain.Escuderia is not enhanced.

[2020-03-24 07:44:33 #14 type.registry] 
New type java.util.ArrayList<domain.Piloto>

[2020-03-24 07:44:33 #15 type.registry] 
New type domain.Coche

[2020-03-24 07:44:33 #16 type.registry] 
New type java.util.ArrayList<domain.Coche>

[2020-03-24 07:44:33 #17 type] 
Type domain.Coche is not enhanced.

[2020-03-24 07:44:33 #18 type.registry] 
New type java.util.ArrayList<java.lang.Object>

------------------------------------------------------------------------------------------------------------------------

[2020-03-24 07:56:01 #1 store] 
Database 'C:\Users\Jorge\eclipse-workspace\IS1\Trabajo_Carreras\Races2\resources\bets.temp' is opened by 804@LAPTOP-CAMHNDK2

[2020-03-24 07:56:01 #2 type.registry] 
New type domain.Carrera

[2020-03-24 07:56:01 #3 type] 
Type domain.Carrera is not enhanced.

[2020-03-24 07:56:01 #4 type.registry] 
New type domain.ParrillaDeSalida

[2020-03-24 07:56:01 #5 type.registry] 
New type java.util.ArrayList<domain.ParrillaDeSalida>

[2020-03-24 07:56:01 #6 type] 
Type domain.ParrillaDeSalida is not enhanced.

[2020-03-24 07:56:01 #7 type.registry] 
New type domain.Apuesta

[2020-03-24 07:56:01 #8 type.registry] 
New type java.util.ArrayList<domain.Apuesta>

[2020-03-24 07:56:01 #9 type.registry] 
New type domain.Piloto

[2020-03-24 07:56:01 #10 type] 
Type domain.Apuesta is not enhanced.

[2020-03-24 07:56:01 #11 type] 
Type domain.Piloto is not enhanced.

[2020-03-24 07:56:01 #12 type.registry] 
New type domain.Escuderia

[2020-03-24 07:56:01 #13 type] 
Type domain.Escuderia is not enhanced.

[2020-03-24 07:56:01 #14 type.registry] 
New type java.util.ArrayList<domain.Piloto>

[2020-03-24 07:56:01 #15 type.registry] 
New type domain.Coche

[2020-03-24 07:56:01 #16 type.registry] 
New type java.util.ArrayList<domain.Coche>

[2020-03-24 07:56:01 #17 type] 
Type domain.Coche is not enhanced.

[2020-03-24 07:56:01 #18 type.registry] 
New type java.util.ArrayList<java.lang.Object>

