------------------------------------------------------------------------------------------------------------------------

[2020-03-25 17:16:15 #1 store] 
Database 'C:\Users\Jorge\eclipse-workspace\IS1\Trabajo_Carreras\Races2\resources\bets.temp' is opened by 9708@LAPTOP-CAMHNDK2

[2020-03-25 17:16:15 #2 type.registry] 
New type domain.Carrera

[2020-03-25 17:16:15 #3 type] 
Type domain.Carrera is not enhanced.

[2020-03-25 17:16:15 #4 type.registry] 
New type domain.ParrillaDeSalida

[2020-03-25 17:16:15 #5 type.registry] 
New type java.util.ArrayList<domain.ParrillaDeSalida>

[2020-03-25 17:16:15 #6 type] 
Type domain.ParrillaDeSalida is not enhanced.

[2020-03-25 17:16:15 #7 type.registry] 
New type domain.Apuesta

[2020-03-25 17:16:15 #8 type.registry] 
New type java.util.ArrayList<domain.Apuesta>

[2020-03-25 17:16:15 #9 type.registry] 
New type domain.Piloto

[2020-03-25 17:16:15 #10 type] 
Type domain.Apuesta is not enhanced.

[2020-03-25 17:16:15 #11 type] 
Type domain.Piloto is not enhanced.

[2020-03-25 17:16:15 #12 type.registry] 
New type domain.Escuderia

[2020-03-25 17:16:15 #13 type] 
Type domain.Escuderia is not enhanced.

[2020-03-25 17:16:15 #14 type.registry] 
New type java.util.ArrayList<domain.Piloto>

[2020-03-25 17:16:15 #15 type.registry] 
New type domain.Coche

[2020-03-25 17:16:15 #16 type.registry] 
New type java.util.ArrayList<domain.Coche>

[2020-03-25 17:16:15 #17 type] 
Type domain.Coche is not enhanced.

[2020-03-25 17:16:15 #18 type.registry] 
New type java.util.ArrayList<java.lang.Object>

------------------------------------------------------------------------------------------------------------------------

[2020-03-25 17:18:12 #1 store] 
Database 'C:\Users\Jorge\eclipse-workspace\IS1\Trabajo_Carreras\Races2\resources\bets.temp' is opened by 9028@LAPTOP-CAMHNDK2

[2020-03-25 17:18:12 #2 type.registry] 
New type domain.Carrera

[2020-03-25 17:18:12 #3 type] 
Type domain.Carrera is not enhanced.

[2020-03-25 17:18:12 #4 type.registry] 
New type domain.ParrillaDeSalida

[2020-03-25 17:18:12 #5 type.registry] 
New type java.util.ArrayList<domain.ParrillaDeSalida>

[2020-03-25 17:18:12 #6 type] 
Type domain.ParrillaDeSalida is not enhanced.

[2020-03-25 17:18:12 #7 type.registry] 
New type domain.Apuesta

[2020-03-25 17:18:12 #8 type.registry] 
New type java.util.ArrayList<domain.Apuesta>

[2020-03-25 17:18:12 #9 type.registry] 
New type domain.Piloto

[2020-03-25 17:18:12 #10 type] 
Type domain.Apuesta is not enhanced.

[2020-03-25 17:18:12 #11 type] 
Type domain.Piloto is not enhanced.

[2020-03-25 17:18:12 #12 type.registry] 
New type domain.Escuderia

[2020-03-25 17:18:12 #13 type] 
Type domain.Escuderia is not enhanced.

[2020-03-25 17:18:12 #14 type.registry] 
New type java.util.ArrayList<domain.Piloto>

[2020-03-25 17:18:12 #15 type.registry] 
New type domain.Coche

[2020-03-25 17:18:12 #16 type.registry] 
New type java.util.ArrayList<domain.Coche>

[2020-03-25 17:18:12 #17 type] 
Type domain.Coche is not enhanced.

[2020-03-25 17:18:12 #18 type.registry] 
New type java.util.ArrayList<java.lang.Object>

------------------------------------------------------------------------------------------------------------------------

[2020-03-25 17:18:39 #1 store] 
Database 'C:\Users\Jorge\eclipse-workspace\IS1\Trabajo_Carreras\Races2\resources\bets.temp' is opened by 10176@LAPTOP-CAMHNDK2

[2020-03-25 17:18:40 #2 type.registry] 
New type domain.Carrera

[2020-03-25 17:18:40 #3 type] 
Type domain.Carrera is not enhanced.

[2020-03-25 17:18:40 #4 type.registry] 
New type domain.ParrillaDeSalida

[2020-03-25 17:18:40 #5 type.registry] 
New type java.util.ArrayList<domain.ParrillaDeSalida>

[2020-03-25 17:18:40 #6 type] 
Type domain.ParrillaDeSalida is not enhanced.

[2020-03-25 17:18:40 #7 type.registry] 
New type domain.Apuesta

[2020-03-25 17:18:40 #8 type.registry] 
New type java.util.ArrayList<domain.Apuesta>

[2020-03-25 17:18:40 #9 type.registry] 
New type domain.Piloto

[2020-03-25 17:18:40 #10 type] 
Type domain.Apuesta is not enhanced.

[2020-03-25 17:18:40 #11 type] 
Type domain.Piloto is not enhanced.

[2020-03-25 17:18:40 #12 type.registry] 
New type domain.Escuderia

[2020-03-25 17:18:40 #13 type] 
Type domain.Escuderia is not enhanced.

[2020-03-25 17:18:40 #14 type.registry] 
New type java.util.ArrayList<domain.Piloto>

[2020-03-25 17:18:40 #15 type.registry] 
New type domain.Coche

[2020-03-25 17:18:40 #16 type.registry] 
New type java.util.ArrayList<domain.Coche>

[2020-03-25 17:18:40 #17 type] 
Type domain.Coche is not enhanced.

[2020-03-25 17:18:40 #18 type.registry] 
New type java.util.ArrayList<java.lang.Object>

------------------------------------------------------------------------------------------------------------------------

[2020-03-25 17:19:14 #1 store] 
Database 'C:\Users\Jorge\eclipse-workspace\IS1\Trabajo_Carreras\Races2\resources\bets.temp' is opened by 18964@LAPTOP-CAMHNDK2

[2020-03-25 17:19:15 #2 type.registry] 
New type domain.Carrera

[2020-03-25 17:19:15 #3 type] 
Type domain.Carrera is not enhanced.

[2020-03-25 17:19:15 #4 type.registry] 
New type domain.ParrillaDeSalida

[2020-03-25 17:19:15 #5 type.registry] 
New type java.util.ArrayList<domain.ParrillaDeSalida>

[2020-03-25 17:19:15 #6 type] 
Type domain.ParrillaDeSalida is not enhanced.

[2020-03-25 17:19:15 #7 type.registry] 
New type domain.Apuesta

[2020-03-25 17:19:15 #8 type.registry] 
New type java.util.ArrayList<domain.Apuesta>

[2020-03-25 17:19:15 #9 type.registry] 
New type domain.Piloto

[2020-03-25 17:19:15 #10 type] 
Type domain.Apuesta is not enhanced.

[2020-03-25 17:19:15 #11 type] 
Type domain.Piloto is not enhanced.

[2020-03-25 17:19:15 #12 type.registry] 
New type domain.Escuderia

[2020-03-25 17:19:15 #13 type] 
Type domain.Escuderia is not enhanced.

[2020-03-25 17:19:15 #14 type.registry] 
New type java.util.ArrayList<domain.Piloto>

[2020-03-25 17:19:15 #15 type.registry] 
New type domain.Coche

[2020-03-25 17:19:15 #16 type.registry] 
New type java.util.ArrayList<domain.Coche>

[2020-03-25 17:19:15 #17 type] 
Type domain.Coche is not enhanced.

[2020-03-25 17:19:15 #18 type.registry] 
New type java.util.ArrayList<java.lang.Object>

------------------------------------------------------------------------------------------------------------------------

[2020-03-25 17:29:02 #1 store] 
Database 'C:\Users\Jorge\eclipse-workspace\IS1\Trabajo_Carreras\Races2\resources\bets.temp' is opened by 11972@LAPTOP-CAMHNDK2

[2020-03-25 17:29:02 #2 type.registry] 
New type domain.Carrera

[2020-03-25 17:29:02 #3 type] 
Type domain.Carrera is not enhanced.

[2020-03-25 17:29:02 #4 type.registry] 
New type domain.ParrillaDeSalida

[2020-03-25 17:29:02 #5 type.registry] 
New type java.util.ArrayList<domain.ParrillaDeSalida>

[2020-03-25 17:29:02 #6 type] 
Type domain.ParrillaDeSalida is not enhanced.

[2020-03-25 17:29:02 #7 type.registry] 
New type domain.Apuesta

[2020-03-25 17:29:02 #8 type.registry] 
New type java.util.ArrayList<domain.Apuesta>

[2020-03-25 17:29:02 #9 type.registry] 
New type domain.Piloto

[2020-03-25 17:29:02 #10 type] 
Type domain.Apuesta is not enhanced.

[2020-03-25 17:29:02 #11 type] 
Type domain.Piloto is not enhanced.

[2020-03-25 17:29:02 #12 type.registry] 
New type domain.Escuderia

[2020-03-25 17:29:02 #13 type] 
Type domain.Escuderia is not enhanced.

[2020-03-25 17:29:02 #14 type.registry] 
New type java.util.ArrayList<domain.Piloto>

[2020-03-25 17:29:02 #15 type.registry] 
New type domain.Coche

[2020-03-25 17:29:02 #16 type.registry] 
New type java.util.ArrayList<domain.Coche>

[2020-03-25 17:29:02 #17 type] 
Type domain.Coche is not enhanced.

[2020-03-25 17:29:02 #18 type.registry] 
New type java.util.ArrayList<java.lang.Object>

------------------------------------------------------------------------------------------------------------------------

[2020-03-25 17:29:45 #1 store] 
Database 'C:\Users\Jorge\eclipse-workspace\IS1\Trabajo_Carreras\Races2\resources\bets.temp' is opened by 14648@LAPTOP-CAMHNDK2

[2020-03-25 17:29:45 #2 type.registry] 
New type domain.Carrera

[2020-03-25 17:29:45 #3 type] 
Type domain.Carrera is not enhanced.

[2020-03-25 17:29:45 #4 type.registry] 
New type domain.ParrillaDeSalida

[2020-03-25 17:29:45 #5 type.registry] 
New type java.util.ArrayList<domain.ParrillaDeSalida>

[2020-03-25 17:29:45 #6 type] 
Type domain.ParrillaDeSalida is not enhanced.

[2020-03-25 17:29:45 #7 type.registry] 
New type domain.Apuesta

[2020-03-25 17:29:45 #8 type.registry] 
New type java.util.ArrayList<domain.Apuesta>

[2020-03-25 17:29:45 #9 type.registry] 
New type domain.Piloto

[2020-03-25 17:29:45 #10 type] 
Type domain.Apuesta is not enhanced.

[2020-03-25 17:29:45 #11 type] 
Type domain.Piloto is not enhanced.

[2020-03-25 17:29:45 #12 type.registry] 
New type domain.Escuderia

[2020-03-25 17:29:45 #13 type] 
Type domain.Escuderia is not enhanced.

[2020-03-25 17:29:45 #14 type.registry] 
New type java.util.ArrayList<domain.Piloto>

[2020-03-25 17:29:45 #15 type.registry] 
New type domain.Coche

[2020-03-25 17:29:45 #16 type.registry] 
New type java.util.ArrayList<domain.Coche>

[2020-03-25 17:29:45 #17 type] 
Type domain.Coche is not enhanced.

[2020-03-25 17:29:45 #18 type.registry] 
New type java.util.ArrayList<java.lang.Object>

------------------------------------------------------------------------------------------------------------------------

[2020-03-25 17:31:17 #1 store] 
Database 'C:\Users\Jorge\eclipse-workspace\IS1\Trabajo_Carreras\Races2\resources\bets.temp' is opened by 22444@LAPTOP-CAMHNDK2

[2020-03-25 17:31:17 #2 type.registry] 
New type domain.Carrera

[2020-03-25 17:31:17 #3 type] 
Type domain.Carrera is not enhanced.

[2020-03-25 17:31:17 #4 type.registry] 
New type domain.ParrillaDeSalida

[2020-03-25 17:31:18 #5 type.registry] 
New type java.util.ArrayList<domain.ParrillaDeSalida>

[2020-03-25 17:31:18 #6 type] 
Type domain.ParrillaDeSalida is not enhanced.

[2020-03-25 17:31:18 #7 type.registry] 
New type domain.Apuesta

[2020-03-25 17:31:18 #8 type.registry] 
New type java.util.ArrayList<domain.Apuesta>

[2020-03-25 17:31:18 #9 type.registry] 
New type domain.Piloto

[2020-03-25 17:31:18 #10 type] 
Type domain.Apuesta is not enhanced.

[2020-03-25 17:31:18 #11 type] 
Type domain.Piloto is not enhanced.

[2020-03-25 17:31:18 #12 type.registry] 
New type domain.Escuderia

[2020-03-25 17:31:18 #13 type] 
Type domain.Escuderia is not enhanced.

[2020-03-25 17:31:18 #14 type.registry] 
New type java.util.ArrayList<domain.Piloto>

[2020-03-25 17:31:18 #15 type.registry] 
New type domain.Coche

[2020-03-25 17:31:18 #16 type.registry] 
New type java.util.ArrayList<domain.Coche>

[2020-03-25 17:31:18 #17 type] 
Type domain.Coche is not enhanced.

[2020-03-25 17:31:18 #18 type.registry] 
New type java.util.ArrayList<java.lang.Object>

------------------------------------------------------------------------------------------------------------------------

[2020-03-25 17:37:56 #1 store] 
Database 'C:\Users\Jorge\eclipse-workspace\IS1\Trabajo_Carreras\Races2\resources\bets.temp' is opened by 17868@LAPTOP-CAMHNDK2

[2020-03-25 17:37:56 #2 type.registry] 
New type domain.Carrera

[2020-03-25 17:37:56 #3 type] 
Type domain.Carrera is not enhanced.

[2020-03-25 17:37:56 #4 type.registry] 
New type domain.ParrillaDeSalida

[2020-03-25 17:37:56 #5 type.registry] 
New type java.util.ArrayList<domain.ParrillaDeSalida>

[2020-03-25 17:37:56 #6 type] 
Type domain.ParrillaDeSalida is not enhanced.

[2020-03-25 17:37:56 #7 type.registry] 
New type domain.Apuesta

[2020-03-25 17:37:56 #8 type.registry] 
New type java.util.ArrayList<domain.Apuesta>

[2020-03-25 17:37:56 #9 type.registry] 
New type domain.Piloto

[2020-03-25 17:37:56 #10 type] 
Type domain.Apuesta is not enhanced.

[2020-03-25 17:37:56 #11 type] 
Type domain.Piloto is not enhanced.

[2020-03-25 17:37:56 #12 type.registry] 
New type domain.Escuderia

[2020-03-25 17:37:56 #13 type] 
Type domain.Escuderia is not enhanced.

[2020-03-25 17:37:56 #14 type.registry] 
New type java.util.ArrayList<domain.Piloto>

[2020-03-25 17:37:56 #15 type.registry] 
New type domain.Coche

[2020-03-25 17:37:56 #16 type.registry] 
New type java.util.ArrayList<domain.Coche>

[2020-03-25 17:37:56 #17 type] 
Type domain.Coche is not enhanced.

[2020-03-25 17:37:56 #18 type.registry] 
New type java.util.ArrayList<java.lang.Object>

------------------------------------------------------------------------------------------------------------------------

[2020-03-25 17:39:32 #1 store] 
Database 'C:\Users\Jorge\eclipse-workspace\IS1\Trabajo_Carreras\Races2\resources\bets.temp' is opened by 19448@LAPTOP-CAMHNDK2

[2020-03-25 17:39:33 #2 type.registry] 
New type domain.Carrera

[2020-03-25 17:39:33 #3 type] 
Type domain.Carrera is not enhanced.

[2020-03-25 17:39:33 #4 type.registry] 
New type domain.ParrillaDeSalida

[2020-03-25 17:39:33 #5 type.registry] 
New type java.util.ArrayList<domain.ParrillaDeSalida>

[2020-03-25 17:39:33 #6 type] 
Type domain.ParrillaDeSalida is not enhanced.

[2020-03-25 17:39:33 #7 type.registry] 
New type domain.Apuesta

[2020-03-25 17:39:33 #8 type.registry] 
New type java.util.ArrayList<domain.Apuesta>

[2020-03-25 17:39:33 #9 type.registry] 
New type domain.Piloto

[2020-03-25 17:39:33 #10 type] 
Type domain.Apuesta is not enhanced.

[2020-03-25 17:39:33 #11 type] 
Type domain.Piloto is not enhanced.

[2020-03-25 17:39:33 #12 type.registry] 
New type domain.Escuderia

[2020-03-25 17:39:33 #13 type] 
Type domain.Escuderia is not enhanced.

[2020-03-25 17:39:33 #14 type.registry] 
New type java.util.ArrayList<domain.Piloto>

[2020-03-25 17:39:33 #15 type.registry] 
New type domain.Coche

[2020-03-25 17:39:33 #16 type.registry] 
New type java.util.ArrayList<domain.Coche>

[2020-03-25 17:39:33 #17 type] 
Type domain.Coche is not enhanced.

[2020-03-25 17:39:33 #18 type.registry] 
New type java.util.ArrayList<java.lang.Object>

------------------------------------------------------------------------------------------------------------------------

[2020-03-25 17:41:35 #1 store] 
Database 'C:\Users\Jorge\eclipse-workspace\IS1\Trabajo_Carreras\Races2\resources\bets.temp' is opened by 17680@LAPTOP-CAMHNDK2

[2020-03-25 17:41:35 #2 type.registry] 
New type domain.Carrera

[2020-03-25 17:41:35 #3 type] 
Type domain.Carrera is not enhanced.

[2020-03-25 17:41:35 #4 type.registry] 
New type domain.ParrillaDeSalida

[2020-03-25 17:41:35 #5 type.registry] 
New type java.util.ArrayList<domain.ParrillaDeSalida>

[2020-03-25 17:41:35 #6 type] 
Type domain.ParrillaDeSalida is not enhanced.

[2020-03-25 17:41:35 #7 type.registry] 
New type domain.Apuesta

[2020-03-25 17:41:35 #8 type.registry] 
New type java.util.ArrayList<domain.Apuesta>

[2020-03-25 17:41:35 #9 type.registry] 
New type domain.Piloto

[2020-03-25 17:41:35 #10 type] 
Type domain.Apuesta is not enhanced.

[2020-03-25 17:41:35 #11 type] 
Type domain.Piloto is not enhanced.

[2020-03-25 17:41:35 #12 type.registry] 
New type domain.Escuderia

[2020-03-25 17:41:35 #13 type] 
Type domain.Escuderia is not enhanced.

[2020-03-25 17:41:35 #14 type.registry] 
New type java.util.ArrayList<domain.Piloto>

[2020-03-25 17:41:35 #15 type.registry] 
New type domain.Coche

[2020-03-25 17:41:35 #16 type.registry] 
New type java.util.ArrayList<domain.Coche>

[2020-03-25 17:41:35 #17 type] 
Type domain.Coche is not enhanced.

[2020-03-25 17:41:35 #18 type.registry] 
New type java.util.ArrayList<java.lang.Object>

------------------------------------------------------------------------------------------------------------------------

[2020-03-25 17:47:59 #1 store] 
Database 'C:\Users\Jorge\eclipse-workspace\IS1\Trabajo_Carreras\Races2\resources\bets.temp' is opened by 13572@LAPTOP-CAMHNDK2

[2020-03-25 17:48:00 #2 type.registry] 
New type domain.Carrera

[2020-03-25 17:48:00 #3 type] 
Type domain.Carrera is not enhanced.

[2020-03-25 17:48:00 #4 type.registry] 
New type domain.ParrillaDeSalida

[2020-03-25 17:48:00 #5 type.registry] 
New type java.util.ArrayList<domain.ParrillaDeSalida>

[2020-03-25 17:48:00 #6 type] 
Type domain.ParrillaDeSalida is not enhanced.

[2020-03-25 17:48:00 #7 type.registry] 
New type domain.Apuesta

[2020-03-25 17:48:00 #8 type.registry] 
New type java.util.ArrayList<domain.Apuesta>

[2020-03-25 17:48:00 #9 type.registry] 
New type domain.Piloto

[2020-03-25 17:48:00 #10 type] 
Type domain.Apuesta is not enhanced.

[2020-03-25 17:48:00 #11 type] 
Type domain.Piloto is not enhanced.

[2020-03-25 17:48:00 #12 type.registry] 
New type domain.Escuderia

[2020-03-25 17:48:00 #13 type] 
Type domain.Escuderia is not enhanced.

[2020-03-25 17:48:00 #14 type.registry] 
New type java.util.ArrayList<domain.Piloto>

[2020-03-25 17:48:00 #15 type.registry] 
New type domain.Coche

[2020-03-25 17:48:00 #16 type.registry] 
New type java.util.ArrayList<domain.Coche>

[2020-03-25 17:48:00 #17 type] 
Type domain.Coche is not enhanced.

[2020-03-25 17:48:00 #18 type.registry] 
New type java.util.ArrayList<java.lang.Object>

------------------------------------------------------------------------------------------------------------------------

[2020-03-25 17:50:04 #1 store] 
Database 'C:\Users\Jorge\eclipse-workspace\IS1\Trabajo_Carreras\Races2\resources\bets.temp' is opened by 16924@LAPTOP-CAMHNDK2

[2020-03-25 17:50:04 #2 type.registry] 
New type domain.Carrera

[2020-03-25 17:50:04 #3 type] 
Type domain.Carrera is not enhanced.

[2020-03-25 17:50:04 #4 type.registry] 
New type domain.ParrillaDeSalida

[2020-03-25 17:50:04 #5 type.registry] 
New type java.util.ArrayList<domain.ParrillaDeSalida>

[2020-03-25 17:50:04 #6 type] 
Type domain.ParrillaDeSalida is not enhanced.

[2020-03-25 17:50:04 #7 type.registry] 
New type domain.Apuesta

[2020-03-25 17:50:04 #8 type.registry] 
New type java.util.ArrayList<domain.Apuesta>

[2020-03-25 17:50:04 #9 type.registry] 
New type domain.Piloto

[2020-03-25 17:50:04 #10 type] 
Type domain.Apuesta is not enhanced.

[2020-03-25 17:50:04 #11 type] 
Type domain.Piloto is not enhanced.

[2020-03-25 17:50:04 #12 type.registry] 
New type domain.Escuderia

[2020-03-25 17:50:04 #13 type] 
Type domain.Escuderia is not enhanced.

[2020-03-25 17:50:04 #14 type.registry] 
New type java.util.ArrayList<domain.Piloto>

[2020-03-25 17:50:04 #15 type.registry] 
New type domain.Coche

[2020-03-25 17:50:04 #16 type.registry] 
New type java.util.ArrayList<domain.Coche>

[2020-03-25 17:50:04 #17 type] 
Type domain.Coche is not enhanced.

[2020-03-25 17:50:04 #18 type.registry] 
New type java.util.ArrayList<java.lang.Object>

------------------------------------------------------------------------------------------------------------------------

[2020-03-25 18:03:45 #1 store] 
Database 'C:\Users\Jorge\eclipse-workspace\IS1\Trabajo_Carreras\Races2\resources\bets.temp' is opened by 22896@LAPTOP-CAMHNDK2

[2020-03-25 18:03:45 #2 type.registry] 
New type domain.Carrera

[2020-03-25 18:03:45 #3 type] 
Type domain.Carrera is not enhanced.

[2020-03-25 18:03:45 #4 type.registry] 
New type domain.ParrillaDeSalida

[2020-03-25 18:03:45 #5 type.registry] 
New type java.util.ArrayList<domain.ParrillaDeSalida>

[2020-03-25 18:03:45 #6 type] 
Type domain.ParrillaDeSalida is not enhanced.

[2020-03-25 18:03:45 #7 type.registry] 
New type domain.Apuesta

[2020-03-25 18:03:45 #8 type.registry] 
New type java.util.ArrayList<domain.Apuesta>

[2020-03-25 18:03:45 #9 type.registry] 
New type domain.Piloto

[2020-03-25 18:03:45 #10 type] 
Type domain.Apuesta is not enhanced.

[2020-03-25 18:03:45 #11 type] 
Type domain.Piloto is not enhanced.

[2020-03-25 18:03:45 #12 type.registry] 
New type domain.Escuderia

[2020-03-25 18:03:45 #13 type] 
Type domain.Escuderia is not enhanced.

[2020-03-25 18:03:45 #14 type.registry] 
New type java.util.ArrayList<domain.Piloto>

[2020-03-25 18:03:45 #15 type.registry] 
New type domain.Coche

[2020-03-25 18:03:45 #16 type.registry] 
New type java.util.ArrayList<domain.Coche>

[2020-03-25 18:03:45 #17 type] 
Type domain.Coche is not enhanced.

[2020-03-25 18:03:45 #18 type.registry] 
New type java.util.ArrayList<java.lang.Object>

------------------------------------------------------------------------------------------------------------------------

[2020-03-25 18:06:30 #1 store] 
Database 'C:\Users\Jorge\eclipse-workspace\IS1\Trabajo_Carreras\Races2\resources\bets.temp' is opened by 22232@LAPTOP-CAMHNDK2

[2020-03-25 18:06:30 #2 type.registry] 
New type domain.Carrera

[2020-03-25 18:06:30 #3 type] 
Type domain.Carrera is not enhanced.

[2020-03-25 18:06:30 #4 type.registry] 
New type domain.ParrillaDeSalida

[2020-03-25 18:06:30 #5 type.registry] 
New type java.util.ArrayList<domain.ParrillaDeSalida>

[2020-03-25 18:06:30 #6 type] 
Type domain.ParrillaDeSalida is not enhanced.

[2020-03-25 18:06:30 #7 type.registry] 
New type domain.Apuesta

[2020-03-25 18:06:30 #8 type.registry] 
New type java.util.ArrayList<domain.Apuesta>

[2020-03-25 18:06:30 #9 type.registry] 
New type domain.Piloto

[2020-03-25 18:06:30 #10 type] 
Type domain.Apuesta is not enhanced.

[2020-03-25 18:06:30 #11 type] 
Type domain.Piloto is not enhanced.

[2020-03-25 18:06:30 #12 type.registry] 
New type domain.Escuderia

[2020-03-25 18:06:30 #13 type] 
Type domain.Escuderia is not enhanced.

[2020-03-25 18:06:30 #14 type.registry] 
New type java.util.ArrayList<domain.Piloto>

[2020-03-25 18:06:30 #15 type.registry] 
New type domain.Coche

[2020-03-25 18:06:30 #16 type.registry] 
New type java.util.ArrayList<domain.Coche>

[2020-03-25 18:06:30 #17 type] 
Type domain.Coche is not enhanced.

[2020-03-25 18:06:30 #18 type.registry] 
New type java.util.ArrayList<java.lang.Object>

------------------------------------------------------------------------------------------------------------------------

[2020-03-25 18:07:12 #1 store] 
Database 'C:\Users\Jorge\eclipse-workspace\IS1\Trabajo_Carreras\Races2\resources\bets.temp' is opened by 22772@LAPTOP-CAMHNDK2

[2020-03-25 18:07:12 #2 type.registry] 
New type domain.Carrera

[2020-03-25 18:07:12 #3 type] 
Type domain.Carrera is not enhanced.

[2020-03-25 18:07:12 #4 type.registry] 
New type domain.ParrillaDeSalida

[2020-03-25 18:07:12 #5 type.registry] 
New type java.util.ArrayList<domain.ParrillaDeSalida>

[2020-03-25 18:07:12 #6 type] 
Type domain.ParrillaDeSalida is not enhanced.

[2020-03-25 18:07:12 #7 type.registry] 
New type domain.Apuesta

[2020-03-25 18:07:12 #8 type.registry] 
New type java.util.ArrayList<domain.Apuesta>

[2020-03-25 18:07:12 #9 type.registry] 
New type domain.Piloto

[2020-03-25 18:07:12 #10 type] 
Type domain.Apuesta is not enhanced.

[2020-03-25 18:07:12 #11 type] 
Type domain.Piloto is not enhanced.

[2020-03-25 18:07:12 #12 type.registry] 
New type domain.Escuderia

[2020-03-25 18:07:12 #13 type] 
Type domain.Escuderia is not enhanced.

[2020-03-25 18:07:12 #14 type.registry] 
New type java.util.ArrayList<domain.Piloto>

[2020-03-25 18:07:12 #15 type.registry] 
New type domain.Coche

[2020-03-25 18:07:12 #16 type.registry] 
New type java.util.ArrayList<domain.Coche>

[2020-03-25 18:07:12 #17 type] 
Type domain.Coche is not enhanced.

[2020-03-25 18:07:12 #18 type.registry] 
New type java.util.ArrayList<java.lang.Object>

------------------------------------------------------------------------------------------------------------------------

[2020-03-25 18:09:06 #1 store] 
Database 'C:\Users\Jorge\eclipse-workspace\IS1\Trabajo_Carreras\Races2\resources\bets.temp' is opened by 3264@LAPTOP-CAMHNDK2

[2020-03-25 18:09:07 #2 type.registry] 
New type domain.Carrera

[2020-03-25 18:09:07 #3 type] 
Type domain.Carrera is not enhanced.

[2020-03-25 18:09:07 #4 type.registry] 
New type domain.ParrillaDeSalida

[2020-03-25 18:09:07 #5 type.registry] 
New type java.util.ArrayList<domain.ParrillaDeSalida>

[2020-03-25 18:09:07 #6 type] 
Type domain.ParrillaDeSalida is not enhanced.

[2020-03-25 18:09:07 #7 type.registry] 
New type domain.Apuesta

[2020-03-25 18:09:07 #8 type.registry] 
New type java.util.ArrayList<domain.Apuesta>

[2020-03-25 18:09:07 #9 type.registry] 
New type domain.Piloto

[2020-03-25 18:09:07 #10 type] 
Type domain.Apuesta is not enhanced.

[2020-03-25 18:09:07 #11 type] 
Type domain.Piloto is not enhanced.

[2020-03-25 18:09:07 #12 type.registry] 
New type domain.Escuderia

[2020-03-25 18:09:07 #13 type] 
Type domain.Escuderia is not enhanced.

[2020-03-25 18:09:07 #14 type.registry] 
New type java.util.ArrayList<domain.Piloto>

[2020-03-25 18:09:07 #15 type.registry] 
New type domain.Coche

[2020-03-25 18:09:07 #16 type.registry] 
New type java.util.ArrayList<domain.Coche>

[2020-03-25 18:09:07 #17 type] 
Type domain.Coche is not enhanced.

[2020-03-25 18:09:07 #18 type.registry] 
New type java.util.ArrayList<java.lang.Object>

------------------------------------------------------------------------------------------------------------------------

[2020-03-25 18:10:39 #1 store] 
Database 'C:\Users\Jorge\eclipse-workspace\IS1\Trabajo_Carreras\Races2\resources\bets.temp' is opened by 23772@LAPTOP-CAMHNDK2

[2020-03-25 18:10:39 #2 type.registry] 
New type domain.Carrera

[2020-03-25 18:10:39 #3 type] 
Type domain.Carrera is not enhanced.

[2020-03-25 18:10:39 #4 type.registry] 
New type domain.ParrillaDeSalida

[2020-03-25 18:10:39 #5 type.registry] 
New type java.util.ArrayList<domain.ParrillaDeSalida>

[2020-03-25 18:10:39 #6 type] 
Type domain.ParrillaDeSalida is not enhanced.

[2020-03-25 18:10:39 #7 type.registry] 
New type domain.Apuesta

[2020-03-25 18:10:39 #8 type.registry] 
New type java.util.ArrayList<domain.Apuesta>

[2020-03-25 18:10:39 #9 type.registry] 
New type domain.Piloto

[2020-03-25 18:10:39 #10 type] 
Type domain.Apuesta is not enhanced.

[2020-03-25 18:10:39 #11 type] 
Type domain.Piloto is not enhanced.

[2020-03-25 18:10:39 #12 type.registry] 
New type domain.Escuderia

[2020-03-25 18:10:39 #13 type] 
Type domain.Escuderia is not enhanced.

[2020-03-25 18:10:39 #14 type.registry] 
New type java.util.ArrayList<domain.Piloto>

[2020-03-25 18:10:39 #15 type.registry] 
New type domain.Coche

[2020-03-25 18:10:39 #16 type.registry] 
New type java.util.ArrayList<domain.Coche>

[2020-03-25 18:10:39 #17 type] 
Type domain.Coche is not enhanced.

[2020-03-25 18:10:39 #18 type.registry] 
New type java.util.ArrayList<java.lang.Object>

------------------------------------------------------------------------------------------------------------------------

[2020-03-25 18:11:48 #1 store] 
Database 'C:\Users\Jorge\eclipse-workspace\IS1\Trabajo_Carreras\Races2\resources\bets.temp' is opened by 15124@LAPTOP-CAMHNDK2

[2020-03-25 18:11:48 #2 type.registry] 
New type domain.Carrera

[2020-03-25 18:11:48 #3 type] 
Type domain.Carrera is not enhanced.

[2020-03-25 18:11:48 #4 type.registry] 
New type domain.ParrillaDeSalida

[2020-03-25 18:11:48 #5 type.registry] 
New type java.util.ArrayList<domain.ParrillaDeSalida>

[2020-03-25 18:11:48 #6 type] 
Type domain.ParrillaDeSalida is not enhanced.

[2020-03-25 18:11:48 #7 type.registry] 
New type domain.Apuesta

[2020-03-25 18:11:48 #8 type.registry] 
New type java.util.ArrayList<domain.Apuesta>

[2020-03-25 18:11:48 #9 type.registry] 
New type domain.Piloto

[2020-03-25 18:11:48 #10 type] 
Type domain.Apuesta is not enhanced.

[2020-03-25 18:11:48 #11 type] 
Type domain.Piloto is not enhanced.

[2020-03-25 18:11:48 #12 type.registry] 
New type domain.Escuderia

[2020-03-25 18:11:48 #13 type] 
Type domain.Escuderia is not enhanced.

[2020-03-25 18:11:48 #14 type.registry] 
New type java.util.ArrayList<domain.Piloto>

[2020-03-25 18:11:48 #15 type.registry] 
New type domain.Coche

[2020-03-25 18:11:48 #16 type.registry] 
New type java.util.ArrayList<domain.Coche>

[2020-03-25 18:11:48 #17 type] 
Type domain.Coche is not enhanced.

[2020-03-25 18:11:48 #18 type.registry] 
New type java.util.ArrayList<java.lang.Object>

------------------------------------------------------------------------------------------------------------------------

[2020-03-25 18:14:59 #1 store] 
Database 'C:\Users\Jorge\eclipse-workspace\IS1\Trabajo_Carreras\Races2\resources\bets.temp' is opened by 22884@LAPTOP-CAMHNDK2

[2020-03-25 18:14:59 #2 type.registry] 
New type domain.Carrera

[2020-03-25 18:14:59 #3 type] 
Type domain.Carrera is not enhanced.

[2020-03-25 18:14:59 #4 type.registry] 
New type domain.ParrillaDeSalida

[2020-03-25 18:14:59 #5 type.registry] 
New type java.util.ArrayList<domain.ParrillaDeSalida>

[2020-03-25 18:14:59 #6 type] 
Type domain.ParrillaDeSalida is not enhanced.

[2020-03-25 18:14:59 #7 type.registry] 
New type domain.Apuesta

[2020-03-25 18:14:59 #8 type.registry] 
New type java.util.ArrayList<domain.Apuesta>

[2020-03-25 18:14:59 #9 type.registry] 
New type domain.Piloto

[2020-03-25 18:14:59 #10 type] 
Type domain.Apuesta is not enhanced.

[2020-03-25 18:14:59 #11 type] 
Type domain.Piloto is not enhanced.

[2020-03-25 18:14:59 #12 type.registry] 
New type domain.Escuderia

[2020-03-25 18:14:59 #13 type] 
Type domain.Escuderia is not enhanced.

[2020-03-25 18:14:59 #14 type.registry] 
New type java.util.ArrayList<domain.Piloto>

[2020-03-25 18:14:59 #15 type.registry] 
New type domain.Coche

[2020-03-25 18:14:59 #16 type.registry] 
New type java.util.ArrayList<domain.Coche>

[2020-03-25 18:14:59 #17 type] 
Type domain.Coche is not enhanced.

[2020-03-25 18:14:59 #18 type.registry] 
New type java.util.ArrayList<java.lang.Object>

------------------------------------------------------------------------------------------------------------------------

[2020-03-25 18:15:04 #1 store] 
Database 'C:\Users\Jorge\eclipse-workspace\IS1\Trabajo_Carreras\Races2\resources\bets.temp' is opened by 12784@LAPTOP-CAMHNDK2

[2020-03-25 18:15:04 #2 type.registry] 
New type domain.Carrera

[2020-03-25 18:15:04 #3 type] 
Type domain.Carrera is not enhanced.

[2020-03-25 18:15:04 #4 type.registry] 
New type domain.ParrillaDeSalida

[2020-03-25 18:15:04 #5 type.registry] 
New type java.util.ArrayList<domain.ParrillaDeSalida>

[2020-03-25 18:15:04 #6 type] 
Type domain.ParrillaDeSalida is not enhanced.

[2020-03-25 18:15:04 #7 type.registry] 
New type domain.Apuesta

[2020-03-25 18:15:04 #8 type.registry] 
New type java.util.ArrayList<domain.Apuesta>

[2020-03-25 18:15:04 #9 type.registry] 
New type domain.Piloto

[2020-03-25 18:15:04 #10 type] 
Type domain.Apuesta is not enhanced.

[2020-03-25 18:15:04 #11 type] 
Type domain.Piloto is not enhanced.

[2020-03-25 18:15:04 #12 type.registry] 
New type domain.Escuderia

[2020-03-25 18:15:04 #13 type] 
Type domain.Escuderia is not enhanced.

[2020-03-25 18:15:04 #14 type.registry] 
New type java.util.ArrayList<domain.Piloto>

[2020-03-25 18:15:04 #15 type.registry] 
New type domain.Coche

[2020-03-25 18:15:04 #16 type.registry] 
New type java.util.ArrayList<domain.Coche>

[2020-03-25 18:15:04 #17 type] 
Type domain.Coche is not enhanced.

[2020-03-25 18:15:04 #18 type.registry] 
New type java.util.ArrayList<java.lang.Object>

------------------------------------------------------------------------------------------------------------------------

[2020-03-25 18:17:22 #1 store] 
Database 'C:\Users\Jorge\eclipse-workspace\IS1\Trabajo_Carreras\Races2\resources\bets.temp' is opened by 17632@LAPTOP-CAMHNDK2

[2020-03-25 18:17:23 #2 type.registry] 
New type domain.Carrera

[2020-03-25 18:17:23 #3 type] 
Type domain.Carrera is not enhanced.

[2020-03-25 18:17:23 #4 type.registry] 
New type domain.ParrillaDeSalida

[2020-03-25 18:17:23 #5 type.registry] 
New type java.util.ArrayList<domain.ParrillaDeSalida>

[2020-03-25 18:17:23 #6 type] 
Type domain.ParrillaDeSalida is not enhanced.

[2020-03-25 18:17:23 #7 type.registry] 
New type domain.Apuesta

[2020-03-25 18:17:23 #8 type.registry] 
New type java.util.ArrayList<domain.Apuesta>

[2020-03-25 18:17:23 #9 type.registry] 
New type domain.Piloto

[2020-03-25 18:17:23 #10 type] 
Type domain.Apuesta is not enhanced.

[2020-03-25 18:17:23 #11 type] 
Type domain.Piloto is not enhanced.

[2020-03-25 18:17:23 #12 type.registry] 
New type domain.Escuderia

[2020-03-25 18:17:23 #13 type] 
Type domain.Escuderia is not enhanced.

[2020-03-25 18:17:23 #14 type.registry] 
New type java.util.ArrayList<domain.Piloto>

[2020-03-25 18:17:23 #15 type.registry] 
New type domain.Coche

[2020-03-25 18:17:23 #16 type.registry] 
New type java.util.ArrayList<domain.Coche>

[2020-03-25 18:17:23 #17 type] 
Type domain.Coche is not enhanced.

[2020-03-25 18:17:23 #18 type.registry] 
New type java.util.ArrayList<java.lang.Object>

------------------------------------------------------------------------------------------------------------------------

[2020-03-25 18:24:56 #1 store] 
Database 'C:\Users\Jorge\eclipse-workspace\IS1\Trabajo_Carreras\Races2\resources\bets.temp' is opened by 6748@LAPTOP-CAMHNDK2

[2020-03-25 18:24:56 #2 type.registry] 
New type domain.Carrera

[2020-03-25 18:24:56 #3 type] 
Type domain.Carrera is not enhanced.

[2020-03-25 18:24:56 #4 type.registry] 
New type domain.ParrillaDeSalida

[2020-03-25 18:24:56 #5 type.registry] 
New type java.util.ArrayList<domain.ParrillaDeSalida>

[2020-03-25 18:24:56 #6 type] 
Type domain.ParrillaDeSalida is not enhanced.

[2020-03-25 18:24:56 #7 type.registry] 
New type domain.Apuesta

[2020-03-25 18:24:56 #8 type.registry] 
New type java.util.ArrayList<domain.Apuesta>

[2020-03-25 18:24:56 #9 type.registry] 
New type domain.Piloto

[2020-03-25 18:24:56 #10 type] 
Type domain.Apuesta is not enhanced.

[2020-03-25 18:24:56 #11 type] 
Type domain.Piloto is not enhanced.

[2020-03-25 18:24:56 #12 type.registry] 
New type domain.Escuderia

[2020-03-25 18:24:56 #13 type] 
Type domain.Escuderia is not enhanced.

[2020-03-25 18:24:56 #14 type.registry] 
New type java.util.ArrayList<domain.Piloto>

[2020-03-25 18:24:56 #15 type.registry] 
New type domain.Coche

[2020-03-25 18:24:56 #16 type.registry] 
New type java.util.ArrayList<domain.Coche>

[2020-03-25 18:24:56 #17 type] 
Type domain.Coche is not enhanced.

[2020-03-25 18:24:56 #18 type.registry] 
New type java.util.ArrayList<java.lang.Object>

------------------------------------------------------------------------------------------------------------------------

[2020-03-25 18:26:23 #1 store] 
Database 'C:\Users\Jorge\eclipse-workspace\IS1\Trabajo_Carreras\Races2\resources\bets.temp' is opened by 16840@LAPTOP-CAMHNDK2

[2020-03-25 18:26:24 #2 type.registry] 
New type domain.Carrera

[2020-03-25 18:26:24 #3 type] 
Type domain.Carrera is not enhanced.

[2020-03-25 18:26:24 #4 type.registry] 
New type domain.ParrillaDeSalida

[2020-03-25 18:26:24 #5 type.registry] 
New type java.util.ArrayList<domain.ParrillaDeSalida>

[2020-03-25 18:26:24 #6 type] 
Type domain.ParrillaDeSalida is not enhanced.

[2020-03-25 18:26:24 #7 type.registry] 
New type domain.Apuesta

[2020-03-25 18:26:24 #8 type.registry] 
New type java.util.ArrayList<domain.Apuesta>

[2020-03-25 18:26:24 #9 type.registry] 
New type domain.Piloto

[2020-03-25 18:26:24 #10 type] 
Type domain.Apuesta is not enhanced.

[2020-03-25 18:26:24 #11 type] 
Type domain.Piloto is not enhanced.

[2020-03-25 18:26:24 #12 type.registry] 
New type domain.Escuderia

[2020-03-25 18:26:24 #13 type] 
Type domain.Escuderia is not enhanced.

[2020-03-25 18:26:24 #14 type.registry] 
New type java.util.ArrayList<domain.Piloto>

[2020-03-25 18:26:24 #15 type.registry] 
New type domain.Coche

[2020-03-25 18:26:24 #16 type.registry] 
New type java.util.ArrayList<domain.Coche>

[2020-03-25 18:26:24 #17 type] 
Type domain.Coche is not enhanced.

[2020-03-25 18:26:24 #18 type.registry] 
New type java.util.ArrayList<java.lang.Object>

------------------------------------------------------------------------------------------------------------------------

[2020-03-25 18:27:20 #1 store] 
Database 'C:\Users\Jorge\eclipse-workspace\IS1\Trabajo_Carreras\Races2\resources\bets.temp' is opened by 19872@LAPTOP-CAMHNDK2

[2020-03-25 18:27:20 #2 type.registry] 
New type domain.Carrera

[2020-03-25 18:27:20 #3 type] 
Type domain.Carrera is not enhanced.

[2020-03-25 18:27:20 #4 type.registry] 
New type domain.ParrillaDeSalida

[2020-03-25 18:27:20 #5 type.registry] 
New type java.util.ArrayList<domain.ParrillaDeSalida>

[2020-03-25 18:27:20 #6 type] 
Type domain.ParrillaDeSalida is not enhanced.

[2020-03-25 18:27:20 #7 type.registry] 
New type domain.Apuesta

[2020-03-25 18:27:20 #8 type.registry] 
New type java.util.ArrayList<domain.Apuesta>

[2020-03-25 18:27:20 #9 type.registry] 
New type domain.Piloto

[2020-03-25 18:27:20 #10 type] 
Type domain.Apuesta is not enhanced.

[2020-03-25 18:27:20 #11 type] 
Type domain.Piloto is not enhanced.

[2020-03-25 18:27:20 #12 type.registry] 
New type domain.Escuderia

[2020-03-25 18:27:20 #13 type] 
Type domain.Escuderia is not enhanced.

[2020-03-25 18:27:20 #14 type.registry] 
New type java.util.ArrayList<domain.Piloto>

[2020-03-25 18:27:20 #15 type.registry] 
New type domain.Coche

[2020-03-25 18:27:20 #16 type.registry] 
New type java.util.ArrayList<domain.Coche>

[2020-03-25 18:27:20 #17 type] 
Type domain.Coche is not enhanced.

[2020-03-25 18:27:20 #18 type.registry] 
New type java.util.ArrayList<java.lang.Object>

------------------------------------------------------------------------------------------------------------------------

[2020-03-25 18:28:11 #1 store] 
Database 'C:\Users\Jorge\eclipse-workspace\IS1\Trabajo_Carreras\Races2\resources\bets.temp' is opened by 7064@LAPTOP-CAMHNDK2

[2020-03-25 18:28:11 #2 type.registry] 
New type domain.Carrera

[2020-03-25 18:28:11 #3 type] 
Type domain.Carrera is not enhanced.

[2020-03-25 18:28:11 #4 type.registry] 
New type domain.ParrillaDeSalida

[2020-03-25 18:28:11 #5 type.registry] 
New type java.util.ArrayList<domain.ParrillaDeSalida>

[2020-03-25 18:28:11 #6 type] 
Type domain.ParrillaDeSalida is not enhanced.

[2020-03-25 18:28:11 #7 type.registry] 
New type domain.Apuesta

[2020-03-25 18:28:11 #8 type.registry] 
New type java.util.ArrayList<domain.Apuesta>

[2020-03-25 18:28:11 #9 type.registry] 
New type domain.Piloto

[2020-03-25 18:28:11 #10 type] 
Type domain.Apuesta is not enhanced.

[2020-03-25 18:28:11 #11 type] 
Type domain.Piloto is not enhanced.

[2020-03-25 18:28:11 #12 type.registry] 
New type domain.Escuderia

[2020-03-25 18:28:11 #13 type] 
Type domain.Escuderia is not enhanced.

[2020-03-25 18:28:11 #14 type.registry] 
New type java.util.ArrayList<domain.Piloto>

[2020-03-25 18:28:11 #15 type.registry] 
New type domain.Coche

[2020-03-25 18:28:11 #16 type.registry] 
New type java.util.ArrayList<domain.Coche>

[2020-03-25 18:28:11 #17 type] 
Type domain.Coche is not enhanced.

[2020-03-25 18:28:11 #18 type.registry] 
New type java.util.ArrayList<java.lang.Object>

------------------------------------------------------------------------------------------------------------------------

[2020-03-25 18:28:30 #1 store] 
Database 'C:\Users\Jorge\eclipse-workspace\IS1\Trabajo_Carreras\Races2\resources\bets.temp' is opened by 3488@LAPTOP-CAMHNDK2

[2020-03-25 18:28:30 #2 type.registry] 
New type domain.Carrera

[2020-03-25 18:28:30 #3 type] 
Type domain.Carrera is not enhanced.

[2020-03-25 18:28:30 #4 type.registry] 
New type domain.ParrillaDeSalida

[2020-03-25 18:28:30 #5 type.registry] 
New type java.util.ArrayList<domain.ParrillaDeSalida>

[2020-03-25 18:28:30 #6 type] 
Type domain.ParrillaDeSalida is not enhanced.

[2020-03-25 18:28:30 #7 type.registry] 
New type domain.Apuesta

[2020-03-25 18:28:30 #8 type.registry] 
New type java.util.ArrayList<domain.Apuesta>

[2020-03-25 18:28:30 #9 type.registry] 
New type domain.Piloto

[2020-03-25 18:28:30 #10 type] 
Type domain.Apuesta is not enhanced.

[2020-03-25 18:28:30 #11 type] 
Type domain.Piloto is not enhanced.

------------------------------------------------------------------------------------------------------------------------

[2020-03-25 18:28:43 #1 store] 
Database 'C:\Users\Jorge\eclipse-workspace\IS1\Trabajo_Carreras\Races2\resources\bets.temp' is opened by 7728@LAPTOP-CAMHNDK2

[2020-03-25 18:28:43 #2 type.registry] 
New type domain.Carrera

[2020-03-25 18:28:43 #3 type] 
Type domain.Carrera is not enhanced.

[2020-03-25 18:28:43 #4 type.registry] 
New type domain.ParrillaDeSalida

[2020-03-25 18:28:43 #5 type.registry] 
New type java.util.ArrayList<domain.ParrillaDeSalida>

[2020-03-25 18:28:43 #6 type] 
Type domain.ParrillaDeSalida is not enhanced.

[2020-03-25 18:28:43 #7 type.registry] 
New type domain.Apuesta

[2020-03-25 18:28:43 #8 type.registry] 
New type java.util.ArrayList<domain.Apuesta>

[2020-03-25 18:28:43 #9 type.registry] 
New type domain.Piloto

[2020-03-25 18:28:43 #10 type] 
Type domain.Apuesta is not enhanced.

[2020-03-25 18:28:43 #11 type] 
Type domain.Piloto is not enhanced.

------------------------------------------------------------------------------------------------------------------------

[2020-03-25 18:30:06 #1 store] 
Database 'C:\Users\Jorge\eclipse-workspace\IS1\Trabajo_Carreras\Races2\resources\bets.temp' is opened by 20164@LAPTOP-CAMHNDK2

[2020-03-25 18:30:06 #2 type.registry] 
New type domain.Carrera

[2020-03-25 18:30:06 #3 type] 
Type domain.Carrera is not enhanced.

[2020-03-25 18:30:06 #4 type.registry] 
New type domain.ParrillaDeSalida

[2020-03-25 18:30:06 #5 type.registry] 
New type java.util.ArrayList<domain.ParrillaDeSalida>

[2020-03-25 18:30:06 #6 type] 
Type domain.ParrillaDeSalida is not enhanced.

[2020-03-25 18:30:06 #7 type.registry] 
New type domain.Apuesta

[2020-03-25 18:30:06 #8 type.registry] 
New type java.util.ArrayList<domain.Apuesta>

[2020-03-25 18:30:06 #9 type.registry] 
New type domain.Piloto

[2020-03-25 18:30:06 #10 type] 
Type domain.Apuesta is not enhanced.

[2020-03-25 18:30:06 #11 type] 
Type domain.Piloto is not enhanced.

[2020-03-25 18:30:06 #12 type.registry] 
New type domain.Escuderia

[2020-03-25 18:30:06 #13 type] 
Type domain.Escuderia is not enhanced.

[2020-03-25 18:30:06 #14 type.registry] 
New type java.util.ArrayList<domain.Piloto>

[2020-03-25 18:30:06 #15 type.registry] 
New type domain.Coche

[2020-03-25 18:30:06 #16 type.registry] 
New type java.util.ArrayList<domain.Coche>

[2020-03-25 18:30:06 #17 type] 
Type domain.Coche is not enhanced.

[2020-03-25 18:30:06 #18 type.registry] 
New type java.util.ArrayList<java.lang.Object>

------------------------------------------------------------------------------------------------------------------------

[2020-03-25 18:35:25 #1 store] 
Database 'C:\Users\Jorge\eclipse-workspace\IS1\Trabajo_Carreras\Races2\resources\bets.temp' is opened by 12776@LAPTOP-CAMHNDK2

[2020-03-25 18:35:25 #2 type.registry] 
New type domain.Carrera

[2020-03-25 18:35:25 #3 type] 
Type domain.Carrera is not enhanced.

[2020-03-25 18:35:25 #4 type.registry] 
New type domain.ParrillaDeSalida

[2020-03-25 18:35:25 #5 type.registry] 
New type java.util.ArrayList<domain.ParrillaDeSalida>

[2020-03-25 18:35:25 #6 type] 
Type domain.ParrillaDeSalida is not enhanced.

[2020-03-25 18:35:25 #7 type.registry] 
New type domain.Apuesta

[2020-03-25 18:35:25 #8 type.registry] 
New type java.util.ArrayList<domain.Apuesta>

[2020-03-25 18:35:25 #9 type.registry] 
New type domain.Piloto

[2020-03-25 18:35:25 #10 type] 
Type domain.Apuesta is not enhanced.

[2020-03-25 18:35:25 #11 type] 
Type domain.Piloto is not enhanced.

[2020-03-25 18:35:25 #12 type.registry] 
New type domain.Escuderia

[2020-03-25 18:35:25 #13 type] 
Type domain.Escuderia is not enhanced.

[2020-03-25 18:35:25 #14 type.registry] 
New type java.util.ArrayList<domain.Piloto>

[2020-03-25 18:35:25 #15 type.registry] 
New type domain.Coche

[2020-03-25 18:35:25 #16 type.registry] 
New type java.util.ArrayList<domain.Coche>

[2020-03-25 18:35:25 #17 type] 
Type domain.Coche is not enhanced.

[2020-03-25 18:35:25 #18 type.registry] 
New type java.util.ArrayList<java.lang.Object>

------------------------------------------------------------------------------------------------------------------------

[2020-03-25 18:37:50 #1 store] 
Database 'C:\Users\Jorge\eclipse-workspace\IS1\Trabajo_Carreras\Races2\resources\bets.temp' is opened by 1596@LAPTOP-CAMHNDK2

[2020-03-25 18:37:50 #2 type.registry] 
New type domain.Carrera

[2020-03-25 18:37:50 #3 type] 
Type domain.Carrera is not enhanced.

[2020-03-25 18:37:50 #4 type.registry] 
New type domain.ParrillaDeSalida

[2020-03-25 18:37:50 #5 type.registry] 
New type java.util.ArrayList<domain.ParrillaDeSalida>

[2020-03-25 18:37:50 #6 type] 
Type domain.ParrillaDeSalida is not enhanced.

[2020-03-25 18:37:50 #7 type.registry] 
New type domain.Apuesta

[2020-03-25 18:37:50 #8 type.registry] 
New type java.util.ArrayList<domain.Apuesta>

[2020-03-25 18:37:50 #9 type.registry] 
New type domain.Piloto

[2020-03-25 18:37:50 #10 type] 
Type domain.Apuesta is not enhanced.

[2020-03-25 18:37:50 #11 type] 
Type domain.Piloto is not enhanced.

------------------------------------------------------------------------------------------------------------------------

[2020-03-25 18:38:39 #1 store] 
Database 'C:\Users\Jorge\eclipse-workspace\IS1\Trabajo_Carreras\Races2\resources\bets.temp' is opened by 17476@LAPTOP-CAMHNDK2

[2020-03-25 18:38:40 #2 type.registry] 
New type domain.Carrera

[2020-03-25 18:38:40 #3 type] 
Type domain.Carrera is not enhanced.

[2020-03-25 18:38:40 #4 type.registry] 
New type domain.ParrillaDeSalida

[2020-03-25 18:38:40 #5 type.registry] 
New type java.util.ArrayList<domain.ParrillaDeSalida>

[2020-03-25 18:38:40 #6 type] 
Type domain.ParrillaDeSalida is not enhanced.

[2020-03-25 18:38:40 #7 type.registry] 
New type domain.Apuesta

[2020-03-25 18:38:40 #8 type.registry] 
New type java.util.ArrayList<domain.Apuesta>

[2020-03-25 18:38:40 #9 type.registry] 
New type domain.Piloto

[2020-03-25 18:38:40 #10 type] 
Type domain.Apuesta is not enhanced.

[2020-03-25 18:38:40 #11 type] 
Type domain.Piloto is not enhanced.

------------------------------------------------------------------------------------------------------------------------

[2020-03-25 18:40:22 #1 store] 
Database 'C:\Users\Jorge\eclipse-workspace\IS1\Trabajo_Carreras\Races2\resources\bets.temp' is opened by 15472@LAPTOP-CAMHNDK2

[2020-03-25 18:40:23 #2 type.registry] 
New type domain.Carrera

[2020-03-25 18:40:23 #3 type] 
Type domain.Carrera is not enhanced.

[2020-03-25 18:40:23 #4 type.registry] 
New type domain.ParrillaDeSalida

[2020-03-25 18:40:23 #5 type.registry] 
New type java.util.ArrayList<domain.ParrillaDeSalida>

[2020-03-25 18:40:23 #6 type] 
Type domain.ParrillaDeSalida is not enhanced.

[2020-03-25 18:40:23 #7 type.registry] 
New type domain.Apuesta

[2020-03-25 18:40:23 #8 type.registry] 
New type java.util.ArrayList<domain.Apuesta>

[2020-03-25 18:40:23 #9 type.registry] 
New type domain.Piloto

[2020-03-25 18:40:23 #10 type] 
Type domain.Apuesta is not enhanced.

[2020-03-25 18:40:23 #11 type] 
Type domain.Piloto is not enhanced.

[2020-03-25 18:40:23 #12 type.registry] 
New type domain.Escuderia

[2020-03-25 18:40:23 #13 type] 
Type domain.Escuderia is not enhanced.

[2020-03-25 18:40:23 #14 type.registry] 
New type java.util.ArrayList<domain.Piloto>

[2020-03-25 18:40:23 #15 type.registry] 
New type domain.Coche

[2020-03-25 18:40:23 #16 type.registry] 
New type java.util.ArrayList<domain.Coche>

[2020-03-25 18:40:23 #17 type] 
Type domain.Coche is not enhanced.

[2020-03-25 18:40:23 #18 type.registry] 
New type java.util.ArrayList<java.lang.Object>

------------------------------------------------------------------------------------------------------------------------

[2020-03-25 18:44:48 #1 store] 
Database 'C:\Users\Jorge\eclipse-workspace\IS1\Trabajo_Carreras\Races2\resources\bets.temp' is opened by 2788@LAPTOP-CAMHNDK2

[2020-03-25 18:44:49 #2 type.registry] 
New type domain.Carrera

[2020-03-25 18:44:49 #3 type] 
Type domain.Carrera is not enhanced.

[2020-03-25 18:44:49 #4 type.registry] 
New type domain.ParrillaDeSalida

[2020-03-25 18:44:49 #5 type.registry] 
New type java.util.ArrayList<domain.ParrillaDeSalida>

[2020-03-25 18:44:49 #6 type] 
Type domain.ParrillaDeSalida is not enhanced.

[2020-03-25 18:44:49 #7 type.registry] 
New type domain.Apuesta

[2020-03-25 18:44:49 #8 type.registry] 
New type java.util.ArrayList<domain.Apuesta>

[2020-03-25 18:44:49 #9 type.registry] 
New type domain.Piloto

[2020-03-25 18:44:49 #10 type] 
Type domain.Apuesta is not enhanced.

[2020-03-25 18:44:49 #11 type] 
Type domain.Piloto is not enhanced.

[2020-03-25 18:44:49 #12 type.registry] 
New type domain.Escuderia

[2020-03-25 18:44:49 #13 type] 
Type domain.Escuderia is not enhanced.

[2020-03-25 18:44:49 #14 type.registry] 
New type java.util.ArrayList<domain.Piloto>

[2020-03-25 18:44:49 #15 type.registry] 
New type domain.Coche

[2020-03-25 18:44:49 #16 type.registry] 
New type java.util.ArrayList<domain.Coche>

[2020-03-25 18:44:49 #17 type] 
Type domain.Coche is not enhanced.

[2020-03-25 18:44:49 #18 type.registry] 
New type java.util.ArrayList<java.lang.Object>

------------------------------------------------------------------------------------------------------------------------

[2020-03-25 18:45:27 #1 store] 
Database 'C:\Users\Jorge\eclipse-workspace\IS1\Trabajo_Carreras\Races2\resources\bets.temp' is opened by 9880@LAPTOP-CAMHNDK2

[2020-03-25 18:45:27 #2 type.registry] 
New type domain.Carrera

[2020-03-25 18:45:27 #3 type] 
Type domain.Carrera is not enhanced.

[2020-03-25 18:45:27 #4 type.registry] 
New type domain.ParrillaDeSalida

[2020-03-25 18:45:27 #5 type.registry] 
New type java.util.ArrayList<domain.ParrillaDeSalida>

[2020-03-25 18:45:27 #6 type] 
Type domain.ParrillaDeSalida is not enhanced.

[2020-03-25 18:45:27 #7 type.registry] 
New type domain.Apuesta

[2020-03-25 18:45:27 #8 type.registry] 
New type java.util.ArrayList<domain.Apuesta>

[2020-03-25 18:45:27 #9 type.registry] 
New type domain.Piloto

[2020-03-25 18:45:27 #10 type] 
Type domain.Apuesta is not enhanced.

[2020-03-25 18:45:27 #11 type] 
Type domain.Piloto is not enhanced.

[2020-03-25 18:45:27 #12 type.registry] 
New type domain.Escuderia

[2020-03-25 18:45:27 #13 type] 
Type domain.Escuderia is not enhanced.

[2020-03-25 18:45:27 #14 type.registry] 
New type java.util.ArrayList<domain.Piloto>

[2020-03-25 18:45:27 #15 type.registry] 
New type domain.Coche

[2020-03-25 18:45:27 #16 type.registry] 
New type java.util.ArrayList<domain.Coche>

[2020-03-25 18:45:27 #17 type] 
Type domain.Coche is not enhanced.

[2020-03-25 18:45:27 #18 type.registry] 
New type java.util.ArrayList<java.lang.Object>

------------------------------------------------------------------------------------------------------------------------

[2020-03-25 18:46:45 #1 store] 
Database 'C:\Users\Jorge\eclipse-workspace\IS1\Trabajo_Carreras\Races2\resources\bets.temp' is opened by 16144@LAPTOP-CAMHNDK2

[2020-03-25 18:46:45 #2 type.registry] 
New type domain.Carrera

[2020-03-25 18:46:45 #3 type] 
Type domain.Carrera is not enhanced.

[2020-03-25 18:46:45 #4 type.registry] 
New type domain.ParrillaDeSalida

[2020-03-25 18:46:45 #5 type.registry] 
New type java.util.ArrayList<domain.ParrillaDeSalida>

[2020-03-25 18:46:45 #6 type] 
Type domain.ParrillaDeSalida is not enhanced.

[2020-03-25 18:46:45 #7 type.registry] 
New type domain.Apuesta

[2020-03-25 18:46:45 #8 type.registry] 
New type java.util.ArrayList<domain.Apuesta>

[2020-03-25 18:46:45 #9 type.registry] 
New type domain.Piloto

[2020-03-25 18:46:45 #10 type] 
Type domain.Apuesta is not enhanced.

[2020-03-25 18:46:45 #11 type] 
Type domain.Piloto is not enhanced.

[2020-03-25 18:46:45 #12 type.registry] 
New type domain.Escuderia

[2020-03-25 18:46:45 #13 type] 
Type domain.Escuderia is not enhanced.

[2020-03-25 18:46:45 #14 type.registry] 
New type java.util.ArrayList<domain.Piloto>

[2020-03-25 18:46:45 #15 type.registry] 
New type domain.Coche

[2020-03-25 18:46:45 #16 type.registry] 
New type java.util.ArrayList<domain.Coche>

[2020-03-25 18:46:45 #17 type] 
Type domain.Coche is not enhanced.

[2020-03-25 18:46:45 #18 type.registry] 
New type java.util.ArrayList<java.lang.Object>

------------------------------------------------------------------------------------------------------------------------

[2020-03-25 18:49:02 #1 store] 
Database 'C:\Users\Jorge\eclipse-workspace\IS1\Trabajo_Carreras\Races2\resources\bets.temp' is opened by 8480@LAPTOP-CAMHNDK2

[2020-03-25 18:49:02 #2 type.registry] 
New type domain.Carrera

[2020-03-25 18:49:02 #3 type] 
Type domain.Carrera is not enhanced.

[2020-03-25 18:49:02 #4 type.registry] 
New type domain.ParrillaDeSalida

[2020-03-25 18:49:02 #5 type.registry] 
New type java.util.ArrayList<domain.ParrillaDeSalida>

[2020-03-25 18:49:02 #6 type] 
Type domain.ParrillaDeSalida is not enhanced.

[2020-03-25 18:49:02 #7 type.registry] 
New type domain.Apuesta

[2020-03-25 18:49:02 #8 type.registry] 
New type java.util.ArrayList<domain.Apuesta>

[2020-03-25 18:49:02 #9 type.registry] 
New type domain.Piloto

[2020-03-25 18:49:02 #10 type] 
Type domain.Apuesta is not enhanced.

[2020-03-25 18:49:02 #11 type] 
Type domain.Piloto is not enhanced.

[2020-03-25 18:49:02 #12 type.registry] 
New type domain.Escuderia

[2020-03-25 18:49:02 #13 type] 
Type domain.Escuderia is not enhanced.

[2020-03-25 18:49:02 #14 type.registry] 
New type java.util.ArrayList<domain.Piloto>

[2020-03-25 18:49:02 #15 type.registry] 
New type domain.Coche

[2020-03-25 18:49:02 #16 type.registry] 
New type java.util.ArrayList<domain.Coche>

[2020-03-25 18:49:02 #17 type] 
Type domain.Coche is not enhanced.

[2020-03-25 18:49:02 #18 type.registry] 
New type java.util.ArrayList<java.lang.Object>

------------------------------------------------------------------------------------------------------------------------

[2020-03-25 18:49:18 #1 store] 
Database 'C:\Users\Jorge\eclipse-workspace\IS1\Trabajo_Carreras\Races2\resources\bets.temp' is opened by 23724@LAPTOP-CAMHNDK2

[2020-03-25 18:49:18 #2 type.registry] 
New type domain.Carrera

[2020-03-25 18:49:18 #3 type] 
Type domain.Carrera is not enhanced.

[2020-03-25 18:49:18 #4 type.registry] 
New type domain.ParrillaDeSalida

[2020-03-25 18:49:18 #5 type.registry] 
New type java.util.ArrayList<domain.ParrillaDeSalida>

[2020-03-25 18:49:18 #6 type] 
Type domain.ParrillaDeSalida is not enhanced.

[2020-03-25 18:49:18 #7 type.registry] 
New type domain.Apuesta

[2020-03-25 18:49:18 #8 type.registry] 
New type java.util.ArrayList<domain.Apuesta>

[2020-03-25 18:49:18 #9 type.registry] 
New type domain.Piloto

[2020-03-25 18:49:18 #10 type] 
Type domain.Apuesta is not enhanced.

[2020-03-25 18:49:18 #11 type] 
Type domain.Piloto is not enhanced.

[2020-03-25 18:49:18 #12 type.registry] 
New type domain.Escuderia

[2020-03-25 18:49:18 #13 type] 
Type domain.Escuderia is not enhanced.

[2020-03-25 18:49:18 #14 type.registry] 
New type java.util.ArrayList<domain.Piloto>

[2020-03-25 18:49:18 #15 type.registry] 
New type domain.Coche

[2020-03-25 18:49:18 #16 type.registry] 
New type java.util.ArrayList<domain.Coche>

[2020-03-25 18:49:18 #17 type] 
Type domain.Coche is not enhanced.

[2020-03-25 18:49:18 #18 type.registry] 
New type java.util.ArrayList<java.lang.Object>

------------------------------------------------------------------------------------------------------------------------

[2020-03-25 18:53:16 #1 store] 
Database 'C:\Users\Jorge\eclipse-workspace\IS1\Trabajo_Carreras\Races2\resources\bets.temp' is opened by 11992@LAPTOP-CAMHNDK2

[2020-03-25 18:53:16 #2 type.registry] 
New type domain.Carrera

[2020-03-25 18:53:16 #3 type] 
Type domain.Carrera is not enhanced.

[2020-03-25 18:53:16 #4 type.registry] 
New type domain.ParrillaDeSalida

[2020-03-25 18:53:16 #5 type.registry] 
New type java.util.ArrayList<domain.ParrillaDeSalida>

[2020-03-25 18:53:16 #6 type] 
Type domain.ParrillaDeSalida is not enhanced.

[2020-03-25 18:53:16 #7 type.registry] 
New type domain.Apuesta

[2020-03-25 18:53:16 #8 type.registry] 
New type java.util.ArrayList<domain.Apuesta>

[2020-03-25 18:53:16 #9 type.registry] 
New type domain.Piloto

[2020-03-25 18:53:16 #10 type] 
Type domain.Apuesta is not enhanced.

[2020-03-25 18:53:16 #11 type] 
Type domain.Piloto is not enhanced.

[2020-03-25 18:53:16 #12 type.registry] 
New type domain.Escuderia

[2020-03-25 18:53:16 #13 type] 
Type domain.Escuderia is not enhanced.

[2020-03-25 18:53:16 #14 type.registry] 
New type java.util.ArrayList<domain.Piloto>

[2020-03-25 18:53:16 #15 type.registry] 
New type domain.Coche

[2020-03-25 18:53:16 #16 type.registry] 
New type java.util.ArrayList<domain.Coche>

[2020-03-25 18:53:16 #17 type] 
Type domain.Coche is not enhanced.

[2020-03-25 18:53:16 #18 type.registry] 
New type java.util.ArrayList<java.lang.Object>

------------------------------------------------------------------------------------------------------------------------

[2020-03-25 18:54:21 #1 store] 
Database 'C:\Users\Jorge\eclipse-workspace\IS1\Trabajo_Carreras\Races2\resources\bets.temp' is opened by 6520@LAPTOP-CAMHNDK2

[2020-03-25 18:54:21 #2 type.registry] 
New type domain.Carrera

[2020-03-25 18:54:21 #3 type] 
Type domain.Carrera is not enhanced.

[2020-03-25 18:54:21 #4 type.registry] 
New type domain.ParrillaDeSalida

[2020-03-25 18:54:21 #5 type.registry] 
New type java.util.ArrayList<domain.ParrillaDeSalida>

[2020-03-25 18:54:21 #6 type] 
Type domain.ParrillaDeSalida is not enhanced.

[2020-03-25 18:54:21 #7 type.registry] 
New type domain.Apuesta

[2020-03-25 18:54:21 #8 type.registry] 
New type java.util.ArrayList<domain.Apuesta>

[2020-03-25 18:54:21 #9 type.registry] 
New type domain.Piloto

[2020-03-25 18:54:21 #10 type] 
Type domain.Apuesta is not enhanced.

[2020-03-25 18:54:21 #11 type] 
Type domain.Piloto is not enhanced.

[2020-03-25 18:54:21 #12 type.registry] 
New type domain.Escuderia

[2020-03-25 18:54:21 #13 type] 
Type domain.Escuderia is not enhanced.

[2020-03-25 18:54:21 #14 type.registry] 
New type java.util.ArrayList<domain.Piloto>

[2020-03-25 18:54:21 #15 type.registry] 
New type domain.Coche

[2020-03-25 18:54:21 #16 type.registry] 
New type java.util.ArrayList<domain.Coche>

[2020-03-25 18:54:21 #17 type] 
Type domain.Coche is not enhanced.

[2020-03-25 18:54:21 #18 type.registry] 
New type java.util.ArrayList<java.lang.Object>

------------------------------------------------------------------------------------------------------------------------

[2020-03-25 18:55:46 #1 store] 
Database 'C:\Users\Jorge\eclipse-workspace\IS1\Trabajo_Carreras\Races2\resources\bets.temp' is opened by 20888@LAPTOP-CAMHNDK2

[2020-03-25 18:55:46 #2 type.registry] 
New type domain.Carrera

[2020-03-25 18:55:46 #3 type] 
Type domain.Carrera is not enhanced.

[2020-03-25 18:55:46 #4 type.registry] 
New type domain.ParrillaDeSalida

[2020-03-25 18:55:46 #5 type.registry] 
New type java.util.ArrayList<domain.ParrillaDeSalida>

[2020-03-25 18:55:46 #6 type] 
Type domain.ParrillaDeSalida is not enhanced.

[2020-03-25 18:55:46 #7 type.registry] 
New type domain.Apuesta

[2020-03-25 18:55:46 #8 type.registry] 
New type java.util.ArrayList<domain.Apuesta>

[2020-03-25 18:55:46 #9 type.registry] 
New type domain.Piloto

[2020-03-25 18:55:46 #10 type] 
Type domain.Apuesta is not enhanced.

[2020-03-25 18:55:46 #11 type] 
Type domain.Piloto is not enhanced.

[2020-03-25 18:55:46 #12 type.registry] 
New type domain.Escuderia

[2020-03-25 18:55:46 #13 type] 
Type domain.Escuderia is not enhanced.

[2020-03-25 18:55:46 #14 type.registry] 
New type java.util.ArrayList<domain.Piloto>

[2020-03-25 18:55:46 #15 type.registry] 
New type domain.Coche

[2020-03-25 18:55:46 #16 type.registry] 
New type java.util.ArrayList<domain.Coche>

[2020-03-25 18:55:46 #17 type] 
Type domain.Coche is not enhanced.

[2020-03-25 18:55:46 #18 type.registry] 
New type java.util.ArrayList<java.lang.Object>

------------------------------------------------------------------------------------------------------------------------

[2020-03-25 18:56:13 #1 store] 
Database 'C:\Users\Jorge\eclipse-workspace\IS1\Trabajo_Carreras\Races2\resources\bets.temp' is opened by 22416@LAPTOP-CAMHNDK2

[2020-03-25 18:56:13 #2 type.registry] 
New type domain.Carrera

[2020-03-25 18:56:13 #3 type] 
Type domain.Carrera is not enhanced.

[2020-03-25 18:56:13 #4 type.registry] 
New type domain.ParrillaDeSalida

[2020-03-25 18:56:13 #5 type.registry] 
New type java.util.ArrayList<domain.ParrillaDeSalida>

[2020-03-25 18:56:13 #6 type] 
Type domain.ParrillaDeSalida is not enhanced.

[2020-03-25 18:56:13 #7 type.registry] 
New type domain.Apuesta

[2020-03-25 18:56:13 #8 type.registry] 
New type java.util.ArrayList<domain.Apuesta>

[2020-03-25 18:56:13 #9 type.registry] 
New type domain.Piloto

[2020-03-25 18:56:13 #10 type] 
Type domain.Apuesta is not enhanced.

[2020-03-25 18:56:13 #11 type] 
Type domain.Piloto is not enhanced.

[2020-03-25 18:56:13 #12 type.registry] 
New type domain.Escuderia

[2020-03-25 18:56:13 #13 type] 
Type domain.Escuderia is not enhanced.

[2020-03-25 18:56:13 #14 type.registry] 
New type java.util.ArrayList<domain.Piloto>

[2020-03-25 18:56:13 #15 type.registry] 
New type domain.Coche

[2020-03-25 18:56:13 #16 type.registry] 
New type java.util.ArrayList<domain.Coche>

[2020-03-25 18:56:13 #17 type] 
Type domain.Coche is not enhanced.

[2020-03-25 18:56:13 #18 type.registry] 
New type java.util.ArrayList<java.lang.Object>

------------------------------------------------------------------------------------------------------------------------

[2020-03-25 18:56:59 #1 store] 
Database 'C:\Users\Jorge\eclipse-workspace\IS1\Trabajo_Carreras\Races2\resources\bets.temp' is opened by 16608@LAPTOP-CAMHNDK2

[2020-03-25 18:56:59 #2 type.registry] 
New type domain.Carrera

[2020-03-25 18:56:59 #3 type] 
Type domain.Carrera is not enhanced.

[2020-03-25 18:56:59 #4 type.registry] 
New type domain.ParrillaDeSalida

[2020-03-25 18:56:59 #5 type.registry] 
New type java.util.ArrayList<domain.ParrillaDeSalida>

[2020-03-25 18:56:59 #6 type] 
Type domain.ParrillaDeSalida is not enhanced.

[2020-03-25 18:56:59 #7 type.registry] 
New type domain.Apuesta

[2020-03-25 18:56:59 #8 type.registry] 
New type java.util.ArrayList<domain.Apuesta>

[2020-03-25 18:56:59 #9 type.registry] 
New type domain.Piloto

[2020-03-25 18:56:59 #10 type] 
Type domain.Apuesta is not enhanced.

[2020-03-25 18:56:59 #11 type] 
Type domain.Piloto is not enhanced.

[2020-03-25 18:56:59 #12 type.registry] 
New type domain.Escuderia

[2020-03-25 18:56:59 #13 type] 
Type domain.Escuderia is not enhanced.

[2020-03-25 18:56:59 #14 type.registry] 
New type java.util.ArrayList<domain.Piloto>

[2020-03-25 18:56:59 #15 type.registry] 
New type domain.Coche

[2020-03-25 18:56:59 #16 type.registry] 
New type java.util.ArrayList<domain.Coche>

[2020-03-25 18:56:59 #17 type] 
Type domain.Coche is not enhanced.

[2020-03-25 18:56:59 #18 type.registry] 
New type java.util.ArrayList<java.lang.Object>

------------------------------------------------------------------------------------------------------------------------

[2020-03-25 18:58:24 #1 store] 
Database 'C:\Users\Jorge\eclipse-workspace\IS1\Trabajo_Carreras\Races2\resources\bets.temp' is opened by 18096@LAPTOP-CAMHNDK2

[2020-03-25 18:58:25 #2 type.registry] 
New type domain.Carrera

[2020-03-25 18:58:25 #3 type] 
Type domain.Carrera is not enhanced.

[2020-03-25 18:58:25 #4 type.registry] 
New type domain.ParrillaDeSalida

[2020-03-25 18:58:25 #5 type.registry] 
New type java.util.ArrayList<domain.ParrillaDeSalida>

[2020-03-25 18:58:25 #6 type] 
Type domain.ParrillaDeSalida is not enhanced.

[2020-03-25 18:58:25 #7 type.registry] 
New type domain.Apuesta

[2020-03-25 18:58:25 #8 type.registry] 
New type java.util.ArrayList<domain.Apuesta>

[2020-03-25 18:58:25 #9 type.registry] 
New type domain.Piloto

[2020-03-25 18:58:25 #10 type] 
Type domain.Apuesta is not enhanced.

[2020-03-25 18:58:25 #11 type] 
Type domain.Piloto is not enhanced.

[2020-03-25 18:58:25 #12 type.registry] 
New type domain.Escuderia

[2020-03-25 18:58:25 #13 type] 
Type domain.Escuderia is not enhanced.

[2020-03-25 18:58:25 #14 type.registry] 
New type java.util.ArrayList<domain.Piloto>

[2020-03-25 18:58:25 #15 type.registry] 
New type domain.Coche

[2020-03-25 18:58:25 #16 type.registry] 
New type java.util.ArrayList<domain.Coche>

[2020-03-25 18:58:25 #17 type] 
Type domain.Coche is not enhanced.

[2020-03-25 18:58:25 #18 type.registry] 
New type java.util.ArrayList<java.lang.Object>

------------------------------------------------------------------------------------------------------------------------

[2020-03-25 19:01:31 #1 store] 
Database 'C:\Users\Jorge\eclipse-workspace\IS1\Trabajo_Carreras\Races2\resources\bets.temp' is opened by 13968@LAPTOP-CAMHNDK2

[2020-03-25 19:01:31 #2 type.registry] 
New type domain.Carrera

[2020-03-25 19:01:31 #3 type] 
Type domain.Carrera is not enhanced.

[2020-03-25 19:01:31 #4 type.registry] 
New type domain.ParrillaDeSalida

[2020-03-25 19:01:31 #5 type.registry] 
New type java.util.ArrayList<domain.ParrillaDeSalida>

[2020-03-25 19:01:31 #6 type] 
Type domain.ParrillaDeSalida is not enhanced.

[2020-03-25 19:01:31 #7 type.registry] 
New type domain.Apuesta

[2020-03-25 19:01:31 #8 type.registry] 
New type java.util.ArrayList<domain.Apuesta>

[2020-03-25 19:01:31 #9 type.registry] 
New type domain.Piloto

[2020-03-25 19:01:31 #10 type] 
Type domain.Apuesta is not enhanced.

[2020-03-25 19:01:31 #11 type] 
Type domain.Piloto is not enhanced.

[2020-03-25 19:01:31 #12 type.registry] 
New type domain.Escuderia

[2020-03-25 19:01:31 #13 type] 
Type domain.Escuderia is not enhanced.

[2020-03-25 19:01:31 #14 type.registry] 
New type java.util.ArrayList<domain.Piloto>

[2020-03-25 19:01:31 #15 type.registry] 
New type domain.Coche

[2020-03-25 19:01:31 #16 type.registry] 
New type java.util.ArrayList<domain.Coche>

[2020-03-25 19:01:31 #17 type] 
Type domain.Coche is not enhanced.

[2020-03-25 19:01:31 #18 type.registry] 
New type java.util.ArrayList<java.lang.Object>

------------------------------------------------------------------------------------------------------------------------

[2020-03-25 19:04:11 #1 store] 
Database 'C:\Users\Jorge\eclipse-workspace\IS1\Trabajo_Carreras\Races2\resources\bets.temp' is opened by 16724@LAPTOP-CAMHNDK2

[2020-03-25 19:04:11 #2 type.registry] 
New type domain.Carrera

[2020-03-25 19:04:11 #3 type] 
Type domain.Carrera is not enhanced.

[2020-03-25 19:04:11 #4 type.registry] 
New type domain.ParrillaDeSalida

[2020-03-25 19:04:11 #5 type.registry] 
New type java.util.ArrayList<domain.ParrillaDeSalida>

[2020-03-25 19:04:11 #6 type] 
Type domain.ParrillaDeSalida is not enhanced.

[2020-03-25 19:04:11 #7 type.registry] 
New type domain.Apuesta

[2020-03-25 19:04:11 #8 type.registry] 
New type java.util.ArrayList<domain.Apuesta>

[2020-03-25 19:04:11 #9 type.registry] 
New type domain.Piloto

[2020-03-25 19:04:11 #10 type] 
Type domain.Apuesta is not enhanced.

[2020-03-25 19:04:11 #11 type] 
Type domain.Piloto is not enhanced.

[2020-03-25 19:04:11 #12 type.registry] 
New type domain.Escuderia

[2020-03-25 19:04:11 #13 type] 
Type domain.Escuderia is not enhanced.

[2020-03-25 19:04:11 #14 type.registry] 
New type java.util.ArrayList<domain.Piloto>

[2020-03-25 19:04:11 #15 type.registry] 
New type domain.Coche

[2020-03-25 19:04:11 #16 type.registry] 
New type java.util.ArrayList<domain.Coche>

[2020-03-25 19:04:11 #17 type] 
Type domain.Coche is not enhanced.

[2020-03-25 19:04:11 #18 type.registry] 
New type java.util.ArrayList<java.lang.Object>

------------------------------------------------------------------------------------------------------------------------

[2020-03-25 19:05:56 #1 store] 
Database 'C:\Users\Jorge\eclipse-workspace\IS1\Trabajo_Carreras\Races2\resources\bets.temp' is opened by 12880@LAPTOP-CAMHNDK2

[2020-03-25 19:05:56 #2 type.registry] 
New type domain.Carrera

[2020-03-25 19:05:56 #3 type] 
Type domain.Carrera is not enhanced.

[2020-03-25 19:05:56 #4 type.registry] 
New type domain.ParrillaDeSalida

[2020-03-25 19:05:56 #5 type.registry] 
New type java.util.ArrayList<domain.ParrillaDeSalida>

[2020-03-25 19:05:56 #6 type] 
Type domain.ParrillaDeSalida is not enhanced.

[2020-03-25 19:05:56 #7 type.registry] 
New type domain.Apuesta

[2020-03-25 19:05:56 #8 type.registry] 
New type java.util.ArrayList<domain.Apuesta>

[2020-03-25 19:05:56 #9 type.registry] 
New type domain.Piloto

[2020-03-25 19:05:56 #10 type] 
Type domain.Apuesta is not enhanced.

[2020-03-25 19:05:56 #11 type] 
Type domain.Piloto is not enhanced.

[2020-03-25 19:05:56 #12 type.registry] 
New type domain.Escuderia

[2020-03-25 19:05:56 #13 type] 
Type domain.Escuderia is not enhanced.

[2020-03-25 19:05:56 #14 type.registry] 
New type java.util.ArrayList<domain.Piloto>

[2020-03-25 19:05:56 #15 type.registry] 
New type domain.Coche

[2020-03-25 19:05:56 #16 type.registry] 
New type java.util.ArrayList<domain.Coche>

[2020-03-25 19:05:56 #17 type] 
Type domain.Coche is not enhanced.

[2020-03-25 19:05:56 #18 type.registry] 
New type java.util.ArrayList<java.lang.Object>

------------------------------------------------------------------------------------------------------------------------

[2020-03-25 19:06:43 #1 store] 
Database 'C:\Users\Jorge\eclipse-workspace\IS1\Trabajo_Carreras\Races2\resources\bets.temp' is opened by 5140@LAPTOP-CAMHNDK2

[2020-03-25 19:06:43 #2 type.registry] 
New type domain.Carrera

[2020-03-25 19:06:43 #3 type] 
Type domain.Carrera is not enhanced.

[2020-03-25 19:06:43 #4 type.registry] 
New type domain.ParrillaDeSalida

[2020-03-25 19:06:43 #5 type.registry] 
New type java.util.ArrayList<domain.ParrillaDeSalida>

[2020-03-25 19:06:43 #6 type] 
Type domain.ParrillaDeSalida is not enhanced.

[2020-03-25 19:06:43 #7 type.registry] 
New type domain.Apuesta

[2020-03-25 19:06:43 #8 type.registry] 
New type java.util.ArrayList<domain.Apuesta>

[2020-03-25 19:06:43 #9 type.registry] 
New type domain.Piloto

[2020-03-25 19:06:43 #10 type] 
Type domain.Apuesta is not enhanced.

[2020-03-25 19:06:43 #11 type] 
Type domain.Piloto is not enhanced.

[2020-03-25 19:06:43 #12 type.registry] 
New type domain.Escuderia

[2020-03-25 19:06:43 #13 type] 
Type domain.Escuderia is not enhanced.

[2020-03-25 19:06:43 #14 type.registry] 
New type java.util.ArrayList<domain.Piloto>

[2020-03-25 19:06:43 #15 type.registry] 
New type domain.Coche

[2020-03-25 19:06:43 #16 type.registry] 
New type java.util.ArrayList<domain.Coche>

[2020-03-25 19:06:43 #17 type] 
Type domain.Coche is not enhanced.

[2020-03-25 19:06:43 #18 type.registry] 
New type java.util.ArrayList<java.lang.Object>

------------------------------------------------------------------------------------------------------------------------

[2020-03-25 19:07:36 #1 store] 
Database 'C:\Users\Jorge\eclipse-workspace\IS1\Trabajo_Carreras\Races2\resources\bets.temp' is opened by 22504@LAPTOP-CAMHNDK2

[2020-03-25 19:07:36 #2 type.registry] 
New type domain.Carrera

[2020-03-25 19:07:36 #3 type] 
Type domain.Carrera is not enhanced.

[2020-03-25 19:07:36 #4 type.registry] 
New type domain.ParrillaDeSalida

[2020-03-25 19:07:36 #5 type.registry] 
New type java.util.ArrayList<domain.ParrillaDeSalida>

[2020-03-25 19:07:36 #6 type] 
Type domain.ParrillaDeSalida is not enhanced.

[2020-03-25 19:07:36 #7 type.registry] 
New type domain.Apuesta

[2020-03-25 19:07:36 #8 type.registry] 
New type java.util.ArrayList<domain.Apuesta>

[2020-03-25 19:07:36 #9 type.registry] 
New type domain.Piloto

[2020-03-25 19:07:36 #10 type] 
Type domain.Apuesta is not enhanced.

[2020-03-25 19:07:36 #11 type] 
Type domain.Piloto is not enhanced.

[2020-03-25 19:07:36 #12 type.registry] 
New type domain.Escuderia

[2020-03-25 19:07:36 #13 type] 
Type domain.Escuderia is not enhanced.

[2020-03-25 19:07:36 #14 type.registry] 
New type java.util.ArrayList<domain.Piloto>

[2020-03-25 19:07:36 #15 type.registry] 
New type domain.Coche

[2020-03-25 19:07:36 #16 type.registry] 
New type java.util.ArrayList<domain.Coche>

[2020-03-25 19:07:36 #17 type] 
Type domain.Coche is not enhanced.

[2020-03-25 19:07:36 #18 type.registry] 
New type java.util.ArrayList<java.lang.Object>

------------------------------------------------------------------------------------------------------------------------

[2020-03-25 19:43:16 #1 store] 
Database 'C:\Users\Jorge\eclipse-workspace\IS1\Trabajo_Carreras\Races2\resources\bets.temp' is opened by 23440@LAPTOP-CAMHNDK2

[2020-03-25 19:43:16 #2 type.registry] 
New type domain.Carrera

[2020-03-25 19:43:16 #3 type] 
Type domain.Carrera is not enhanced.

[2020-03-25 19:43:16 #4 type.registry] 
New type domain.ParrillaDeSalida

[2020-03-25 19:43:16 #5 type.registry] 
New type java.util.ArrayList<domain.ParrillaDeSalida>

[2020-03-25 19:43:16 #6 type] 
Type domain.ParrillaDeSalida is not enhanced.

[2020-03-25 19:43:16 #7 type.registry] 
New type domain.Apuesta

[2020-03-25 19:43:16 #8 type.registry] 
New type java.util.ArrayList<domain.Apuesta>

[2020-03-25 19:43:16 #9 type.registry] 
New type domain.Piloto

[2020-03-25 19:43:16 #10 type] 
Type domain.Apuesta is not enhanced.

[2020-03-25 19:43:16 #11 type] 
Type domain.Piloto is not enhanced.

[2020-03-25 19:43:16 #12 type.registry] 
New type domain.Escuderia

[2020-03-25 19:43:16 #13 type] 
Type domain.Escuderia is not enhanced.

[2020-03-25 19:43:16 #14 type.registry] 
New type java.util.ArrayList<domain.Piloto>

[2020-03-25 19:43:16 #15 type.registry] 
New type domain.Coche

[2020-03-25 19:43:16 #16 type.registry] 
New type java.util.ArrayList<domain.Coche>

[2020-03-25 19:43:16 #17 type] 
Type domain.Coche is not enhanced.

[2020-03-25 19:43:16 #18 type.registry] 
New type java.util.ArrayList<java.lang.Object>

------------------------------------------------------------------------------------------------------------------------

[2020-03-25 20:29:18 #1 store] 
Database 'C:\Users\Jorge\eclipse-workspace\IS1\Trabajo_Carreras\Races2\resources\bets.temp' is opened by 2452@LAPTOP-CAMHNDK2

[2020-03-25 20:29:18 #2 type.registry] 
New type domain.Carrera

[2020-03-25 20:29:18 #3 type] 
Type domain.Carrera is not enhanced.

[2020-03-25 20:29:18 #4 type.registry] 
New type domain.ParrillaDeSalida

[2020-03-25 20:29:18 #5 type.registry] 
New type java.util.ArrayList<domain.ParrillaDeSalida>

[2020-03-25 20:29:18 #6 type] 
Type domain.ParrillaDeSalida is not enhanced.

[2020-03-25 20:29:18 #7 type.registry] 
New type domain.Apuesta

[2020-03-25 20:29:18 #8 type.registry] 
New type java.util.ArrayList<domain.Apuesta>

[2020-03-25 20:29:18 #9 type.registry] 
New type domain.Piloto

[2020-03-25 20:29:18 #10 type] 
Type domain.Apuesta is not enhanced.

[2020-03-25 20:29:18 #11 type] 
Type domain.Piloto is not enhanced.

[2020-03-25 20:29:18 #12 type.registry] 
New type domain.Escuderia

[2020-03-25 20:29:18 #13 type] 
Type domain.Escuderia is not enhanced.

[2020-03-25 20:29:18 #14 type.registry] 
New type java.util.ArrayList<domain.Piloto>

[2020-03-25 20:29:18 #15 type.registry] 
New type domain.Coche

[2020-03-25 20:29:18 #16 type.registry] 
New type java.util.ArrayList<domain.Coche>

[2020-03-25 20:29:18 #17 type] 
Type domain.Coche is not enhanced.

[2020-03-25 20:29:19 #18 type.registry] 
New type java.util.ArrayList<java.lang.Object>

------------------------------------------------------------------------------------------------------------------------

[2020-03-25 20:36:49 #1 store] 
Database 'C:\Users\Jorge\eclipse-workspace\IS1\Trabajo_Carreras\Races2\resources\bets.temp' is opened by 18108@LAPTOP-CAMHNDK2

[2020-03-25 20:36:49 #2 type.registry] 
New type domain.Carrera

[2020-03-25 20:36:49 #3 type] 
Type domain.Carrera is not enhanced.

[2020-03-25 20:36:49 #4 type.registry] 
New type domain.ParrillaDeSalida

[2020-03-25 20:36:49 #5 type.registry] 
New type java.util.ArrayList<domain.ParrillaDeSalida>

[2020-03-25 20:36:49 #6 type] 
Type domain.ParrillaDeSalida is not enhanced.

[2020-03-25 20:36:49 #7 type.registry] 
New type domain.Apuesta

[2020-03-25 20:36:49 #8 type.registry] 
New type java.util.ArrayList<domain.Apuesta>

[2020-03-25 20:36:49 #9 type.registry] 
New type domain.Piloto

[2020-03-25 20:36:49 #10 type] 
Type domain.Apuesta is not enhanced.

[2020-03-25 20:36:49 #11 type] 
Type domain.Piloto is not enhanced.

[2020-03-25 20:36:49 #12 type.registry] 
New type domain.Escuderia

[2020-03-25 20:36:49 #13 type] 
Type domain.Escuderia is not enhanced.

[2020-03-25 20:36:49 #14 type.registry] 
New type java.util.ArrayList<domain.Piloto>

[2020-03-25 20:36:49 #15 type.registry] 
New type domain.Coche

[2020-03-25 20:36:49 #16 type.registry] 
New type java.util.ArrayList<domain.Coche>

[2020-03-25 20:36:49 #17 type] 
Type domain.Coche is not enhanced.

[2020-03-25 20:36:49 #18 type.registry] 
New type java.util.ArrayList<java.lang.Object>

------------------------------------------------------------------------------------------------------------------------

[2020-03-25 20:38:24 #1 store] 
Database 'C:\Users\Jorge\eclipse-workspace\IS1\Trabajo_Carreras\Races2\resources\bets.temp' is opened by 8148@LAPTOP-CAMHNDK2

[2020-03-25 20:38:24 #2 type.registry] 
New type domain.Carrera

[2020-03-25 20:38:24 #3 type] 
Type domain.Carrera is not enhanced.

[2020-03-25 20:38:24 #4 type.registry] 
New type domain.ParrillaDeSalida

[2020-03-25 20:38:24 #5 type.registry] 
New type java.util.ArrayList<domain.ParrillaDeSalida>

[2020-03-25 20:38:24 #6 type] 
Type domain.ParrillaDeSalida is not enhanced.

[2020-03-25 20:38:24 #7 type.registry] 
New type domain.Apuesta

[2020-03-25 20:38:24 #8 type.registry] 
New type java.util.ArrayList<domain.Apuesta>

[2020-03-25 20:38:24 #9 type.registry] 
New type domain.Piloto

[2020-03-25 20:38:24 #10 type] 
Type domain.Apuesta is not enhanced.

[2020-03-25 20:38:24 #11 type] 
Type domain.Piloto is not enhanced.

[2020-03-25 20:38:24 #12 type.registry] 
New type domain.Escuderia

[2020-03-25 20:38:24 #13 type] 
Type domain.Escuderia is not enhanced.

[2020-03-25 20:38:24 #14 type.registry] 
New type java.util.ArrayList<domain.Piloto>

[2020-03-25 20:38:24 #15 type.registry] 
New type domain.Coche

[2020-03-25 20:38:24 #16 type.registry] 
New type java.util.ArrayList<domain.Coche>

[2020-03-25 20:38:24 #17 type] 
Type domain.Coche is not enhanced.

[2020-03-25 20:38:24 #18 type.registry] 
New type java.util.ArrayList<java.lang.Object>

------------------------------------------------------------------------------------------------------------------------

[2020-03-25 20:42:27 #1 store] 
Database 'C:\Users\Jorge\eclipse-workspace\IS1\Trabajo_Carreras\Races2\resources\bets.temp' is opened by 19644@LAPTOP-CAMHNDK2

[2020-03-25 20:42:27 #2 type.registry] 
New type domain.Carrera

[2020-03-25 20:42:27 #3 type] 
Type domain.Carrera is not enhanced.

[2020-03-25 20:42:27 #4 type.registry] 
New type domain.ParrillaDeSalida

[2020-03-25 20:42:27 #5 type.registry] 
New type java.util.ArrayList<domain.ParrillaDeSalida>

[2020-03-25 20:42:27 #6 type] 
Type domain.ParrillaDeSalida is not enhanced.

[2020-03-25 20:42:27 #7 type.registry] 
New type domain.Apuesta

[2020-03-25 20:42:27 #8 type.registry] 
New type java.util.ArrayList<domain.Apuesta>

[2020-03-25 20:42:27 #9 type.registry] 
New type domain.Piloto

[2020-03-25 20:42:27 #10 type] 
Type domain.Apuesta is not enhanced.

[2020-03-25 20:42:27 #11 type] 
Type domain.Piloto is not enhanced.

[2020-03-25 20:42:27 #12 type.registry] 
New type domain.Escuderia

[2020-03-25 20:42:27 #13 type] 
Type domain.Escuderia is not enhanced.

[2020-03-25 20:42:27 #14 type.registry] 
New type java.util.ArrayList<domain.Piloto>

[2020-03-25 20:42:27 #15 type.registry] 
New type domain.Coche

[2020-03-25 20:42:27 #16 type.registry] 
New type java.util.ArrayList<domain.Coche>

[2020-03-25 20:42:27 #17 type] 
Type domain.Coche is not enhanced.

[2020-03-25 20:42:27 #18 type.registry] 
New type java.util.ArrayList<java.lang.Object>

------------------------------------------------------------------------------------------------------------------------

[2020-03-25 20:42:34 #1 store] 
Database 'C:\Users\Jorge\eclipse-workspace\IS1\Trabajo_Carreras\Races2\resources\bets.temp' is opened by 1836@LAPTOP-CAMHNDK2

[2020-03-25 20:42:35 #2 type.registry] 
New type domain.Carrera

[2020-03-25 20:42:35 #3 type] 
Type domain.Carrera is not enhanced.

[2020-03-25 20:42:35 #4 type.registry] 
New type domain.ParrillaDeSalida

[2020-03-25 20:42:35 #5 type.registry] 
New type java.util.ArrayList<domain.ParrillaDeSalida>

[2020-03-25 20:42:35 #6 type] 
Type domain.ParrillaDeSalida is not enhanced.

[2020-03-25 20:42:35 #7 type.registry] 
New type domain.Apuesta

[2020-03-25 20:42:35 #8 type.registry] 
New type java.util.ArrayList<domain.Apuesta>

[2020-03-25 20:42:35 #9 type.registry] 
New type domain.Piloto

[2020-03-25 20:42:35 #10 type] 
Type domain.Apuesta is not enhanced.

[2020-03-25 20:42:35 #11 type] 
Type domain.Piloto is not enhanced.

[2020-03-25 20:42:35 #12 type.registry] 
New type domain.Escuderia

[2020-03-25 20:42:35 #13 type] 
Type domain.Escuderia is not enhanced.

[2020-03-25 20:42:35 #14 type.registry] 
New type java.util.ArrayList<domain.Piloto>

[2020-03-25 20:42:35 #15 type.registry] 
New type domain.Coche

[2020-03-25 20:42:35 #16 type.registry] 
New type java.util.ArrayList<domain.Coche>

[2020-03-25 20:42:35 #17 type] 
Type domain.Coche is not enhanced.

[2020-03-25 20:42:35 #18 type.registry] 
New type java.util.ArrayList<java.lang.Object>

------------------------------------------------------------------------------------------------------------------------

[2020-03-25 20:46:32 #1 store] 
Database 'C:\Users\Jorge\eclipse-workspace\IS1\Trabajo_Carreras\Races2\resources\bets.temp' is opened by 5536@LAPTOP-CAMHNDK2

[2020-03-25 20:46:32 #2 type.registry] 
New type domain.Carrera

[2020-03-25 20:46:32 #3 type] 
Type domain.Carrera is not enhanced.

[2020-03-25 20:46:32 #4 type.registry] 
New type domain.ParrillaDeSalida

[2020-03-25 20:46:32 #5 type.registry] 
New type java.util.ArrayList<domain.ParrillaDeSalida>

[2020-03-25 20:46:32 #6 type] 
Type domain.ParrillaDeSalida is not enhanced.

[2020-03-25 20:46:32 #7 type.registry] 
New type domain.Apuesta

[2020-03-25 20:46:32 #8 type.registry] 
New type java.util.ArrayList<domain.Apuesta>

[2020-03-25 20:46:32 #9 type.registry] 
New type domain.Piloto

[2020-03-25 20:46:32 #10 type] 
Type domain.Apuesta is not enhanced.

[2020-03-25 20:46:32 #11 type] 
Type domain.Piloto is not enhanced.

[2020-03-25 20:46:32 #12 type.registry] 
New type domain.Escuderia

[2020-03-25 20:46:32 #13 type] 
Type domain.Escuderia is not enhanced.

[2020-03-25 20:46:32 #14 type.registry] 
New type java.util.ArrayList<domain.Piloto>

[2020-03-25 20:46:32 #15 type.registry] 
New type domain.Coche

[2020-03-25 20:46:32 #16 type.registry] 
New type java.util.ArrayList<domain.Coche>

[2020-03-25 20:46:32 #17 type] 
Type domain.Coche is not enhanced.

[2020-03-25 20:46:32 #18 type.registry] 
New type java.util.ArrayList<java.lang.Object>

------------------------------------------------------------------------------------------------------------------------

[2020-03-25 20:51:48 #1 store] 
Database 'C:\Users\Jorge\eclipse-workspace\IS1\Trabajo_Carreras\Races2\resources\bets.temp' is opened by 5596@LAPTOP-CAMHNDK2

[2020-03-25 20:51:48 #2 type.registry] 
New type domain.Carrera

[2020-03-25 20:51:48 #3 type] 
Type domain.Carrera is not enhanced.

[2020-03-25 20:51:48 #4 type.registry] 
New type domain.ParrillaDeSalida

[2020-03-25 20:51:49 #5 type.registry] 
New type java.util.ArrayList<domain.ParrillaDeSalida>

[2020-03-25 20:51:49 #6 type] 
Type domain.ParrillaDeSalida is not enhanced.

[2020-03-25 20:51:49 #7 type.registry] 
New type domain.Apuesta

[2020-03-25 20:51:49 #8 type.registry] 
New type java.util.ArrayList<domain.Apuesta>

[2020-03-25 20:51:49 #9 type.registry] 
New type domain.Piloto

[2020-03-25 20:51:49 #10 type] 
Type domain.Apuesta is not enhanced.

[2020-03-25 20:51:49 #11 type] 
Type domain.Piloto is not enhanced.

[2020-03-25 20:51:49 #12 type.registry] 
New type domain.Escuderia

[2020-03-25 20:51:49 #13 type] 
Type domain.Escuderia is not enhanced.

[2020-03-25 20:51:49 #14 type.registry] 
New type java.util.ArrayList<domain.Piloto>

[2020-03-25 20:51:49 #15 type.registry] 
New type domain.Coche

[2020-03-25 20:51:49 #16 type.registry] 
New type java.util.ArrayList<domain.Coche>

[2020-03-25 20:51:49 #17 type] 
Type domain.Coche is not enhanced.

[2020-03-25 20:51:49 #18 type.registry] 
New type java.util.ArrayList<java.lang.Object>

------------------------------------------------------------------------------------------------------------------------

[2020-03-25 20:53:37 #1 store] 
Database 'C:\Users\Jorge\eclipse-workspace\IS1\Trabajo_Carreras\Races2\resources\bets.temp' is opened by 14372@LAPTOP-CAMHNDK2

[2020-03-25 20:53:37 #2 type.registry] 
New type domain.Carrera

[2020-03-25 20:53:37 #3 type] 
Type domain.Carrera is not enhanced.

[2020-03-25 20:53:37 #4 type.registry] 
New type domain.ParrillaDeSalida

[2020-03-25 20:53:37 #5 type.registry] 
New type java.util.ArrayList<domain.ParrillaDeSalida>

[2020-03-25 20:53:37 #6 type] 
Type domain.ParrillaDeSalida is not enhanced.

[2020-03-25 20:53:37 #7 type.registry] 
New type domain.Apuesta

[2020-03-25 20:53:37 #8 type.registry] 
New type java.util.ArrayList<domain.Apuesta>

[2020-03-25 20:53:37 #9 type.registry] 
New type domain.Piloto

[2020-03-25 20:53:37 #10 type] 
Type domain.Apuesta is not enhanced.

[2020-03-25 20:53:37 #11 type] 
Type domain.Piloto is not enhanced.

[2020-03-25 20:53:37 #12 type.registry] 
New type domain.Escuderia

[2020-03-25 20:53:37 #13 type] 
Type domain.Escuderia is not enhanced.

[2020-03-25 20:53:37 #14 type.registry] 
New type java.util.ArrayList<domain.Piloto>

[2020-03-25 20:53:37 #15 type.registry] 
New type domain.Coche

[2020-03-25 20:53:37 #16 type.registry] 
New type java.util.ArrayList<domain.Coche>

[2020-03-25 20:53:37 #17 type] 
Type domain.Coche is not enhanced.

[2020-03-25 20:53:37 #18 type.registry] 
New type java.util.ArrayList<java.lang.Object>

------------------------------------------------------------------------------------------------------------------------

[2020-03-25 20:56:04 #1 store] 
Database 'C:\Users\Jorge\eclipse-workspace\IS1\Trabajo_Carreras\Races2\resources\bets.temp' is opened by 3744@LAPTOP-CAMHNDK2

[2020-03-25 20:56:05 #2 type.registry] 
New type domain.Carrera

[2020-03-25 20:56:05 #3 type] 
Type domain.Carrera is not enhanced.

[2020-03-25 20:56:05 #4 type.registry] 
New type domain.ParrillaDeSalida

[2020-03-25 20:56:05 #5 type.registry] 
New type java.util.ArrayList<domain.ParrillaDeSalida>

[2020-03-25 20:56:05 #6 type] 
Type domain.ParrillaDeSalida is not enhanced.

[2020-03-25 20:56:05 #7 type.registry] 
New type domain.Apuesta

[2020-03-25 20:56:05 #8 type.registry] 
New type java.util.ArrayList<domain.Apuesta>

[2020-03-25 20:56:05 #9 type.registry] 
New type domain.Piloto

[2020-03-25 20:56:05 #10 type] 
Type domain.Apuesta is not enhanced.

[2020-03-25 20:56:05 #11 type] 
Type domain.Piloto is not enhanced.

[2020-03-25 20:56:05 #12 type.registry] 
New type domain.Escuderia

[2020-03-25 20:56:05 #13 type] 
Type domain.Escuderia is not enhanced.

[2020-03-25 20:56:05 #14 type.registry] 
New type java.util.ArrayList<domain.Piloto>

[2020-03-25 20:56:05 #15 type.registry] 
New type domain.Coche

[2020-03-25 20:56:05 #16 type.registry] 
New type java.util.ArrayList<domain.Coche>

[2020-03-25 20:56:05 #17 type] 
Type domain.Coche is not enhanced.

[2020-03-25 20:56:05 #18 type.registry] 
New type java.util.ArrayList<java.lang.Object>

------------------------------------------------------------------------------------------------------------------------

[2020-03-25 20:56:09 #1 store] 
Database 'C:\Users\Jorge\eclipse-workspace\IS1\Trabajo_Carreras\Races2\resources\bets.temp' is opened by 17912@LAPTOP-CAMHNDK2

[2020-03-25 20:56:09 #2 type.registry] 
New type domain.Carrera

[2020-03-25 20:56:09 #3 type] 
Type domain.Carrera is not enhanced.

[2020-03-25 20:56:09 #4 type.registry] 
New type domain.ParrillaDeSalida

[2020-03-25 20:56:09 #5 type.registry] 
New type java.util.ArrayList<domain.ParrillaDeSalida>

[2020-03-25 20:56:09 #6 type] 
Type domain.ParrillaDeSalida is not enhanced.

[2020-03-25 20:56:09 #7 type.registry] 
New type domain.Apuesta

[2020-03-25 20:56:09 #8 type.registry] 
New type java.util.ArrayList<domain.Apuesta>

[2020-03-25 20:56:09 #9 type.registry] 
New type domain.Piloto

[2020-03-25 20:56:09 #10 type] 
Type domain.Apuesta is not enhanced.

[2020-03-25 20:56:09 #11 type] 
Type domain.Piloto is not enhanced.

[2020-03-25 20:56:09 #12 type.registry] 
New type domain.Escuderia

[2020-03-25 20:56:09 #13 type] 
Type domain.Escuderia is not enhanced.

[2020-03-25 20:56:09 #14 type.registry] 
New type java.util.ArrayList<domain.Piloto>

[2020-03-25 20:56:09 #15 type.registry] 
New type domain.Coche

[2020-03-25 20:56:09 #16 type.registry] 
New type java.util.ArrayList<domain.Coche>

[2020-03-25 20:56:09 #17 type] 
Type domain.Coche is not enhanced.

[2020-03-25 20:56:09 #18 type.registry] 
New type java.util.ArrayList<java.lang.Object>

------------------------------------------------------------------------------------------------------------------------

[2020-03-25 20:58:35 #1 store] 
Database 'C:\Users\Jorge\eclipse-workspace\IS1\Trabajo_Carreras\Races2\resources\bets.temp' is opened by 9160@LAPTOP-CAMHNDK2

[2020-03-25 20:58:35 #2 type.registry] 
New type domain.Carrera

[2020-03-25 20:58:35 #3 type] 
Type domain.Carrera is not enhanced.

[2020-03-25 20:58:35 #4 type.registry] 
New type domain.ParrillaDeSalida

[2020-03-25 20:58:35 #5 type.registry] 
New type java.util.ArrayList<domain.ParrillaDeSalida>

[2020-03-25 20:58:35 #6 type] 
Type domain.ParrillaDeSalida is not enhanced.

[2020-03-25 20:58:35 #7 type.registry] 
New type domain.Apuesta

[2020-03-25 20:58:35 #8 type.registry] 
New type java.util.ArrayList<domain.Apuesta>

[2020-03-25 20:58:35 #9 type.registry] 
New type domain.Piloto

[2020-03-25 20:58:35 #10 type] 
Type domain.Apuesta is not enhanced.

[2020-03-25 20:58:35 #11 type] 
Type domain.Piloto is not enhanced.

[2020-03-25 20:58:35 #12 type.registry] 
New type domain.Escuderia

[2020-03-25 20:58:35 #13 type] 
Type domain.Escuderia is not enhanced.

[2020-03-25 20:58:35 #14 type.registry] 
New type java.util.ArrayList<domain.Piloto>

[2020-03-25 20:58:35 #15 type.registry] 
New type domain.Coche

[2020-03-25 20:58:35 #16 type.registry] 
New type java.util.ArrayList<domain.Coche>

[2020-03-25 20:58:35 #17 type] 
Type domain.Coche is not enhanced.

[2020-03-25 20:58:35 #18 type.registry] 
New type java.util.ArrayList<java.lang.Object>

