------------------------------------------------------------------------------------------------------------------------

[2020-03-14 02:06:24 #1 store] 
Database 'C:\Users\Jorge\eclipse-workspace\IS1\Trabajo_Carreras\Races\resources\bets.temp' is opened by 13308@LAPTOP-CAMHNDK2

[2020-03-14 02:06:24 #2 type.registry] 
New type domain.Pilot

[2020-03-14 02:06:24 #3 type] 
Type domain.Pilot is not enhanced.

[2020-03-14 02:06:24 #4 type.registry] 
New type domain.Event

[2020-03-14 02:06:24 #5 type] 
Type domain.Event is not enhanced.

[2020-03-14 02:06:24 #6 type.registry] 
New type java.util.Vector<domain.Pilot>

[2020-03-14 02:06:24 #7 type.registry] 
New type java.util.Vector<java.lang.Object>

------------------------------------------------------------------------------------------------------------------------

[2020-03-14 02:31:56 #1 store] 
Database 'C:\Users\Jorge\eclipse-workspace\IS1\Trabajo_Carreras\Races\resources\bets.temp' is opened by 5596@LAPTOP-CAMHNDK2

[2020-03-14 02:31:56 #2 type.registry] 
New type domain.Pilot

[2020-03-14 02:31:56 #3 type] 
Type domain.Pilot is not enhanced.

[2020-03-14 02:31:56 #4 type.registry] 
New type domain.Event

[2020-03-14 02:31:56 #5 type] 
Type domain.Event is not enhanced.

[2020-03-14 02:31:56 #6 type.registry] 
New type java.util.Vector<domain.Pilot>

[2020-03-14 02:31:56 #7 type.registry] 
New type java.util.Vector<java.lang.Object>

------------------------------------------------------------------------------------------------------------------------

[2020-03-14 02:51:16 #1 store] 
Database 'C:\Users\Jorge\eclipse-workspace\IS1\Trabajo_Carreras\Races\resources\bets.temp' is opened by 5880@LAPTOP-CAMHNDK2

[2020-03-14 02:51:16 #2 type.registry] 
New type domain.Pilot

[2020-03-14 02:51:16 #3 type] 
Type domain.Pilot is not enhanced.

[2020-03-14 02:51:16 #4 type.registry] 
New type domain.Event

[2020-03-14 02:51:16 #5 type] 
Type domain.Event is not enhanced.

[2020-03-14 02:51:16 #6 type.registry] 
New type java.util.Vector<domain.Pilot>

[2020-03-14 02:51:16 #7 type.registry] 
New type java.util.Vector<java.lang.Object>

------------------------------------------------------------------------------------------------------------------------

[2020-03-14 02:53:38 #1 store] 
Database 'C:\Users\Jorge\eclipse-workspace\IS1\Trabajo_Carreras\Races\resources\bets.temp' is opened by 1880@LAPTOP-CAMHNDK2

[2020-03-14 02:53:38 #2 type.registry] 
New type domain.Pilot

[2020-03-14 02:53:38 #3 type] 
Type domain.Pilot is not enhanced.

[2020-03-14 02:53:38 #4 type.registry] 
New type domain.Event

[2020-03-14 02:53:38 #5 type] 
Type domain.Event is not enhanced.

[2020-03-14 02:53:39 #6 type.registry] 
New type java.util.Vector<domain.Pilot>

[2020-03-14 02:53:39 #7 type.registry] 
New type java.util.Vector<java.lang.Object>

------------------------------------------------------------------------------------------------------------------------

[2020-03-14 02:54:24 #1 store] 
Database 'C:\Users\Jorge\eclipse-workspace\IS1\Trabajo_Carreras\Races\resources\bets.temp' is opened by 15328@LAPTOP-CAMHNDK2

[2020-03-14 02:54:24 #2 type.registry] 
New type domain.Pilot

[2020-03-14 02:54:24 #3 type] 
Type domain.Pilot is not enhanced.

[2020-03-14 02:54:24 #4 type.registry] 
New type domain.Event

[2020-03-14 02:54:24 #5 type] 
Type domain.Event is not enhanced.

[2020-03-14 02:54:24 #6 type.registry] 
New type java.util.Vector<domain.Pilot>

[2020-03-14 02:54:24 #7 type.registry] 
New type java.util.Vector<java.lang.Object>

------------------------------------------------------------------------------------------------------------------------

[2020-03-14 02:54:56 #1 store] 
Database 'C:\Users\Jorge\eclipse-workspace\IS1\Trabajo_Carreras\Races\resources\bets.temp' is opened by 14152@LAPTOP-CAMHNDK2

[2020-03-14 02:54:56 #2 type.registry] 
New type domain.Pilot

[2020-03-14 02:54:56 #3 type] 
Type domain.Pilot is not enhanced.

[2020-03-14 02:54:56 #4 type.registry] 
New type domain.Event

[2020-03-14 02:54:56 #5 type] 
Type domain.Event is not enhanced.

[2020-03-14 02:54:56 #6 type.registry] 
New type java.util.Vector<domain.Pilot>

[2020-03-14 02:54:56 #7 type.registry] 
New type java.util.Vector<java.lang.Object>

------------------------------------------------------------------------------------------------------------------------

[2020-03-14 02:55:30 #1 store] 
Database 'C:\Users\Jorge\eclipse-workspace\IS1\Trabajo_Carreras\Races\resources\bets.temp' is opened by 5628@LAPTOP-CAMHNDK2

[2020-03-14 02:55:30 #2 type.registry] 
New type domain.Pilot

[2020-03-14 02:55:30 #3 type] 
Type domain.Pilot is not enhanced.

[2020-03-14 02:55:30 #4 type.registry] 
New type domain.Event

[2020-03-14 02:55:30 #5 type] 
Type domain.Event is not enhanced.

[2020-03-14 02:55:30 #6 type.registry] 
New type java.util.Vector<domain.Pilot>

[2020-03-14 02:55:30 #7 type.registry] 
New type java.util.Vector<java.lang.Object>

------------------------------------------------------------------------------------------------------------------------

[2020-03-14 03:24:15 #1 store] 
Database 'C:\Users\Jorge\eclipse-workspace\IS1\Trabajo_Carreras\Races\resources\bets.temp' is opened by 10748@LAPTOP-CAMHNDK2

[2020-03-14 03:24:15 #2 type.registry] 
New type domain.Pilot

[2020-03-14 03:24:15 #3 type] 
Type domain.Pilot is not enhanced.

[2020-03-14 03:24:15 #4 type.registry] 
New type domain.Event

[2020-03-14 03:24:15 #5 type] 
Type domain.Event is not enhanced.

[2020-03-14 03:24:15 #6 type.registry] 
New type java.util.Vector<domain.Pilot>

[2020-03-14 03:24:15 #7 type.registry] 
New type java.util.Vector<java.lang.Object>

------------------------------------------------------------------------------------------------------------------------

[2020-03-14 03:26:42 #1 store] 
Database 'C:\Users\Jorge\eclipse-workspace\IS1\Trabajo_Carreras\Races\resources\bets.temp' is opened by 15652@LAPTOP-CAMHNDK2

[2020-03-14 03:26:42 #2 type.registry] 
New type domain.Pilot

[2020-03-14 03:26:42 #3 type] 
Type domain.Pilot is not enhanced.

[2020-03-14 03:26:42 #4 type.registry] 
New type domain.Event

[2020-03-14 03:26:42 #5 type] 
Type domain.Event is not enhanced.

[2020-03-14 03:26:42 #6 type.registry] 
New type java.util.Vector<domain.Pilot>

[2020-03-14 03:26:42 #7 type.registry] 
New type java.util.Vector<java.lang.Object>

------------------------------------------------------------------------------------------------------------------------

[2020-03-14 03:38:45 #1 store] 
Database 'C:\Users\Jorge\eclipse-workspace\IS1\Trabajo_Carreras\Races\resources\bets.temp' is opened by 16440@LAPTOP-CAMHNDK2

[2020-03-14 03:38:45 #2 type.registry] 
New type domain.Pilot

[2020-03-14 03:38:45 #3 type] 
Type domain.Pilot is not enhanced.

[2020-03-14 03:38:45 #4 type.registry] 
New type domain.Event

[2020-03-14 03:38:45 #5 type] 
Type domain.Event is not enhanced.

[2020-03-14 03:38:45 #6 type.registry] 
New type java.util.Vector<domain.Pilot>

[2020-03-14 03:38:45 #7 type.registry] 
New type java.util.Vector<java.lang.Object>

------------------------------------------------------------------------------------------------------------------------

[2020-03-14 17:25:58 #1 store] 
Database 'C:\Users\Jorge\eclipse-workspace\IS1\Trabajo_Carreras\Races\resources\bets.temp' is opened by 7840@LAPTOP-CAMHNDK2

[2020-03-14 17:25:59 #2 type.registry] 
New type domain.Pilot

[2020-03-14 17:25:59 #3 type] 
Type domain.Pilot is not enhanced.

[2020-03-14 17:25:59 #4 type.registry] 
New type domain.Event

[2020-03-14 17:25:59 #5 type] 
Type domain.Event is not enhanced.

[2020-03-14 17:25:59 #6 type.registry] 
New type java.util.Vector<domain.Pilot>

[2020-03-14 17:25:59 #7 type.registry] 
New type java.util.Vector<java.lang.Object>

------------------------------------------------------------------------------------------------------------------------

[2020-03-14 17:37:21 #1 store] 
Database 'C:\Users\Jorge\eclipse-workspace\IS1\Trabajo_Carreras\Races\resources\bets.temp' is opened by 15644@LAPTOP-CAMHNDK2

[2020-03-14 17:37:21 #2 type.registry] 
New type domain.Pilot

[2020-03-14 17:37:21 #3 type] 
Type domain.Pilot is not enhanced.

[2020-03-14 17:37:21 #4 type.registry] 
New type domain.Event

[2020-03-14 17:37:21 #5 type] 
Type domain.Event is not enhanced.

[2020-03-14 17:37:21 #6 type.registry] 
New type java.util.Vector<domain.Pilot>

[2020-03-14 17:37:21 #7 type.registry] 
New type java.util.Vector<java.lang.Object>

------------------------------------------------------------------------------------------------------------------------

[2020-03-14 18:29:55 #1 store] 
Database 'C:\Users\Jorge\eclipse-workspace\IS1\Trabajo_Carreras\Races\resources\bets.temp' is opened by 12560@LAPTOP-CAMHNDK2

[2020-03-14 18:29:55 #2 type.registry] 
New type domain.Driver

[2020-03-14 18:29:55 #3 type] 
Type domain.Driver is not enhanced.

[2020-03-14 18:29:55 #4 type.registry] 
New type domain.Event

[2020-03-14 18:29:55 #5 type] 
Type domain.Event is not enhanced.

[2020-03-14 18:29:55 #6 type.registry] 
New type java.util.Vector<domain.Driver>

[2020-03-14 18:29:55 #7 type.registry] 
New type java.util.Vector<java.lang.Object>

------------------------------------------------------------------------------------------------------------------------

[2020-03-14 18:30:12 #1 store] 
Database 'C:\Users\Jorge\eclipse-workspace\IS1\Trabajo_Carreras\Races\resources\bets.temp' is opened by 10464@LAPTOP-CAMHNDK2

[2020-03-14 18:30:12 #2 type.registry] 
New type domain.Driver

[2020-03-14 18:30:12 #3 type] 
Type domain.Driver is not enhanced.

[2020-03-14 18:30:12 #4 type.registry] 
New type domain.Event

[2020-03-14 18:30:12 #5 type] 
Type domain.Event is not enhanced.

[2020-03-14 18:30:12 #6 type.registry] 
New type java.util.Vector<domain.Driver>

[2020-03-14 18:30:12 #7 type.registry] 
New type java.util.Vector<java.lang.Object>

------------------------------------------------------------------------------------------------------------------------

[2020-03-14 18:31:18 #1 store] 
Database 'C:\Users\Jorge\eclipse-workspace\IS1\Trabajo_Carreras\Races\resources\bets.temp' is opened by 2480@LAPTOP-CAMHNDK2

[2020-03-14 18:31:18 #2 type.registry] 
New type domain.Driver

[2020-03-14 18:31:18 #3 type] 
Type domain.Driver is not enhanced.

[2020-03-14 18:31:18 #4 type.registry] 
New type domain.Event

[2020-03-14 18:31:18 #5 type] 
Type domain.Event is not enhanced.

[2020-03-14 18:31:18 #6 type.registry] 
New type java.util.Vector<domain.Driver>

[2020-03-14 18:31:18 #7 type.registry] 
New type java.util.Vector<java.lang.Object>

------------------------------------------------------------------------------------------------------------------------

[2020-03-14 18:32:43 #1 store] 
Database 'C:\Users\Jorge\eclipse-workspace\IS1\Trabajo_Carreras\Races\resources\bets.temp' is opened by 16944@LAPTOP-CAMHNDK2

[2020-03-14 18:32:43 #2 type.registry] 
New type domain.Driver

[2020-03-14 18:32:43 #3 type] 
Type domain.Driver is not enhanced.

[2020-03-14 18:32:43 #4 type.registry] 
New type domain.Event

[2020-03-14 18:32:43 #5 type] 
Type domain.Event is not enhanced.

[2020-03-14 18:32:43 #6 type.registry] 
New type java.util.Vector<domain.Driver>

[2020-03-14 18:32:43 #7 type.registry] 
New type java.util.Vector<java.lang.Object>

------------------------------------------------------------------------------------------------------------------------

[2020-03-14 18:45:02 #1 store] 
Database 'C:\Users\Jorge\eclipse-workspace\IS1\Trabajo_Carreras\Races\resources\bets.temp' is opened by 6404@LAPTOP-CAMHNDK2

[2020-03-14 18:45:02 #2 type.registry] 
New type domain.Driver

[2020-03-14 18:45:02 #3 type] 
Type domain.Driver is not enhanced.

[2020-03-14 18:45:02 #4 type.registry] 
New type domain.Event

[2020-03-14 18:45:02 #5 type] 
Type domain.Event is not enhanced.

[2020-03-14 18:45:02 #6 type.registry] 
New type java.util.Vector<domain.Driver>

[2020-03-14 18:45:02 #7 type.registry] 
New type java.util.Vector<java.lang.Object>

------------------------------------------------------------------------------------------------------------------------

[2020-03-14 18:46:37 #1 store] 
Database 'C:\Users\Jorge\eclipse-workspace\IS1\Trabajo_Carreras\Races\resources\bets.temp' is opened by 8024@LAPTOP-CAMHNDK2

[2020-03-14 18:46:37 #2 type.registry] 
New type domain.Driver

[2020-03-14 18:46:37 #3 type] 
Type domain.Driver is not enhanced.

[2020-03-14 18:46:37 #4 type.registry] 
New type domain.Event

[2020-03-14 18:46:37 #5 type] 
Type domain.Event is not enhanced.

[2020-03-14 18:46:37 #6 type.registry] 
New type java.util.Vector<domain.Driver>

[2020-03-14 18:46:37 #7 type.registry] 
New type java.util.Vector<java.lang.Object>

------------------------------------------------------------------------------------------------------------------------

[2020-03-14 18:47:44 #1 store] 
Database 'C:\Users\Jorge\eclipse-workspace\IS1\Trabajo_Carreras\Races\resources\bets.temp' is opened by 4684@LAPTOP-CAMHNDK2

[2020-03-14 18:47:45 #2 type.registry] 
New type domain.Driver

[2020-03-14 18:47:45 #3 type] 
Type domain.Driver is not enhanced.

[2020-03-14 18:47:45 #4 type.registry] 
New type domain.Event

[2020-03-14 18:47:45 #5 type] 
Type domain.Event is not enhanced.

[2020-03-14 18:47:45 #6 type.registry] 
New type java.util.Vector<domain.Driver>

[2020-03-14 18:47:45 #7 type.registry] 
New type java.util.Vector<java.lang.Object>

------------------------------------------------------------------------------------------------------------------------

[2020-03-14 18:49:58 #1 store] 
Database 'C:\Users\Jorge\eclipse-workspace\IS1\Trabajo_Carreras\Races\resources\bets.temp' is opened by 16808@LAPTOP-CAMHNDK2

[2020-03-14 18:49:58 #2 type.registry] 
New type domain.Driver

[2020-03-14 18:49:58 #3 type] 
Type domain.Driver is not enhanced.

[2020-03-14 18:49:58 #4 type.registry] 
New type domain.Event

[2020-03-14 18:49:58 #5 type] 
Type domain.Event is not enhanced.

[2020-03-14 18:49:58 #6 type.registry] 
New type java.util.Vector<domain.Driver>

[2020-03-14 18:49:58 #7 type.registry] 
New type java.util.Vector<java.lang.Object>

------------------------------------------------------------------------------------------------------------------------

[2020-03-14 18:56:30 #1 store] 
Database 'C:\Users\Jorge\eclipse-workspace\IS1\Trabajo_Carreras\Races\resources\bets.temp' is opened by 1992@LAPTOP-CAMHNDK2

[2020-03-14 18:56:30 #2 type.registry] 
New type domain.Driver

[2020-03-14 18:56:30 #3 type] 
Type domain.Driver is not enhanced.

[2020-03-14 18:56:30 #4 type.registry] 
New type domain.Event

[2020-03-14 18:56:30 #5 type] 
Type domain.Event is not enhanced.

[2020-03-14 18:56:30 #6 type.registry] 
New type java.util.Vector<domain.Driver>

[2020-03-14 18:56:30 #7 type.registry] 
New type java.util.Vector<java.lang.Object>

------------------------------------------------------------------------------------------------------------------------

[2020-03-14 18:56:54 #1 store] 
Database 'C:\Users\Jorge\eclipse-workspace\IS1\Trabajo_Carreras\Races\resources\bets.temp' is opened by 17176@LAPTOP-CAMHNDK2

[2020-03-14 18:56:55 #2 type.registry] 
New type domain.Driver

[2020-03-14 18:56:55 #3 type] 
Type domain.Driver is not enhanced.

[2020-03-14 18:56:55 #4 type.registry] 
New type domain.Event

[2020-03-14 18:56:55 #5 type] 
Type domain.Event is not enhanced.

[2020-03-14 18:56:55 #6 type.registry] 
New type java.util.Vector<domain.Driver>

[2020-03-14 18:56:55 #7 type.registry] 
New type java.util.Vector<java.lang.Object>

------------------------------------------------------------------------------------------------------------------------

[2020-03-14 19:02:01 #1 store] 
Database 'C:\Users\Jorge\eclipse-workspace\IS1\Trabajo_Carreras\Races\resources\bets.temp' is opened by 7996@LAPTOP-CAMHNDK2

[2020-03-14 19:02:01 #2 type.registry] 
New type domain.Driver

[2020-03-14 19:02:01 #3 type] 
Type domain.Driver is not enhanced.

[2020-03-14 19:02:01 #4 type.registry] 
New type domain.Event

[2020-03-14 19:02:01 #5 type] 
Type domain.Event is not enhanced.

[2020-03-14 19:02:01 #6 type.registry] 
New type java.util.Vector<domain.Driver>

[2020-03-14 19:02:01 #7 type.registry] 
New type java.util.Vector<java.lang.Object>

------------------------------------------------------------------------------------------------------------------------

[2020-03-14 19:04:57 #1 store] 
Database 'C:\Users\Jorge\eclipse-workspace\IS1\Trabajo_Carreras\Races\resources\bets.temp' is opened by 796@LAPTOP-CAMHNDK2

[2020-03-14 19:04:57 #2 type.registry] 
New type domain.Driver

[2020-03-14 19:04:57 #3 type] 
Type domain.Driver is not enhanced.

[2020-03-14 19:04:57 #4 type.registry] 
New type domain.Event

[2020-03-14 19:04:57 #5 type] 
Type domain.Event is not enhanced.

[2020-03-14 19:04:58 #6 type.registry] 
New type java.util.Vector<domain.Driver>

[2020-03-14 19:04:58 #7 type.registry] 
New type java.util.Vector<java.lang.Object>

------------------------------------------------------------------------------------------------------------------------

[2020-03-14 19:05:22 #1 store] 
Database 'C:\Users\Jorge\eclipse-workspace\IS1\Trabajo_Carreras\Races\resources\bets.temp' is opened by 17340@LAPTOP-CAMHNDK2

[2020-03-14 19:05:22 #2 type.registry] 
New type domain.Driver

[2020-03-14 19:05:22 #3 type] 
Type domain.Driver is not enhanced.

[2020-03-14 19:05:22 #4 type.registry] 
New type domain.Event

[2020-03-14 19:05:22 #5 type] 
Type domain.Event is not enhanced.

[2020-03-14 19:05:23 #6 type.registry] 
New type java.util.Vector<domain.Driver>

[2020-03-14 19:05:23 #7 type.registry] 
New type java.util.Vector<java.lang.Object>

------------------------------------------------------------------------------------------------------------------------

[2020-03-14 19:08:55 #1 store] 
Database 'C:\Users\Jorge\eclipse-workspace\IS1\Trabajo_Carreras\Races\resources\bets.temp' is opened by 5104@LAPTOP-CAMHNDK2

[2020-03-14 19:08:55 #2 type.registry] 
New type domain.Driver

[2020-03-14 19:08:55 #3 type] 
Type domain.Driver is not enhanced.

[2020-03-14 19:08:55 #4 type.registry] 
New type domain.Event

[2020-03-14 19:08:55 #5 type] 
Type domain.Event is not enhanced.

[2020-03-14 19:08:55 #6 type.registry] 
New type java.util.Vector<domain.Driver>

[2020-03-14 19:08:55 #7 type.registry] 
New type java.util.Vector<java.lang.Object>

------------------------------------------------------------------------------------------------------------------------

[2020-03-14 19:09:41 #1 store] 
Database 'C:\Users\Jorge\eclipse-workspace\IS1\Trabajo_Carreras\Races\resources\bets.temp' is opened by 14052@LAPTOP-CAMHNDK2

[2020-03-14 19:09:41 #2 type.registry] 
New type domain.Driver

[2020-03-14 19:09:41 #3 type] 
Type domain.Driver is not enhanced.

[2020-03-14 19:09:41 #4 type.registry] 
New type domain.Event

[2020-03-14 19:09:41 #5 type] 
Type domain.Event is not enhanced.

[2020-03-14 19:09:41 #6 type.registry] 
New type java.util.Vector<domain.Driver>

[2020-03-14 19:09:41 #7 type.registry] 
New type java.util.Vector<java.lang.Object>

------------------------------------------------------------------------------------------------------------------------

[2020-03-14 19:10:02 #1 store] 
Database 'C:\Users\Jorge\eclipse-workspace\IS1\Trabajo_Carreras\Races\resources\bets.temp' is opened by 17040@LAPTOP-CAMHNDK2

[2020-03-14 19:10:02 #2 type.registry] 
New type domain.Driver

[2020-03-14 19:10:02 #3 type] 
Type domain.Driver is not enhanced.

[2020-03-14 19:10:02 #4 type.registry] 
New type domain.Event

[2020-03-14 19:10:02 #5 type] 
Type domain.Event is not enhanced.

[2020-03-14 19:10:02 #6 type.registry] 
New type java.util.Vector<domain.Driver>

[2020-03-14 19:10:02 #7 type.registry] 
New type java.util.Vector<java.lang.Object>

------------------------------------------------------------------------------------------------------------------------

[2020-03-14 19:11:05 #1 store] 
Database 'C:\Users\Jorge\eclipse-workspace\IS1\Trabajo_Carreras\Races\resources\bets.temp' is opened by 8532@LAPTOP-CAMHNDK2

[2020-03-14 19:11:06 #2 type.registry] 
New type domain.Driver

[2020-03-14 19:11:06 #3 type] 
Type domain.Driver is not enhanced.

[2020-03-14 19:11:06 #4 type.registry] 
New type domain.Event

[2020-03-14 19:11:06 #5 type] 
Type domain.Event is not enhanced.

[2020-03-14 19:11:06 #6 type.registry] 
New type java.util.Vector<domain.Driver>

[2020-03-14 19:11:06 #7 type.registry] 
New type java.util.Vector<java.lang.Object>

------------------------------------------------------------------------------------------------------------------------

[2020-03-14 19:12:01 #1 store] 
Database 'C:\Users\Jorge\eclipse-workspace\IS1\Trabajo_Carreras\Races\resources\bets.temp' is opened by 13408@LAPTOP-CAMHNDK2

[2020-03-14 19:12:01 #2 type.registry] 
New type domain.Driver

[2020-03-14 19:12:01 #3 type] 
Type domain.Driver is not enhanced.

[2020-03-14 19:12:01 #4 type.registry] 
New type domain.Event

[2020-03-14 19:12:01 #5 type] 
Type domain.Event is not enhanced.

[2020-03-14 19:12:01 #6 type.registry] 
New type java.util.Vector<domain.Driver>

[2020-03-14 19:12:01 #7 type.registry] 
New type java.util.Vector<java.lang.Object>

------------------------------------------------------------------------------------------------------------------------

[2020-03-14 19:14:39 #1 store] 
Database 'C:\Users\Jorge\eclipse-workspace\IS1\Trabajo_Carreras\Races\resources\bets.temp' is opened by 13012@LAPTOP-CAMHNDK2

[2020-03-14 19:14:39 #2 type.registry] 
New type domain.Driver

[2020-03-14 19:14:39 #3 type] 
Type domain.Driver is not enhanced.

[2020-03-14 19:14:39 #4 type.registry] 
New type domain.Event

[2020-03-14 19:14:39 #5 type] 
Type domain.Event is not enhanced.

[2020-03-14 19:14:39 #6 type.registry] 
New type java.util.Vector<domain.Driver>

[2020-03-14 19:14:39 #7 type.registry] 
New type java.util.Vector<java.lang.Object>

------------------------------------------------------------------------------------------------------------------------

[2020-03-14 19:16:57 #1 store] 
Database 'C:\Users\Jorge\eclipse-workspace\IS1\Trabajo_Carreras\Races\resources\bets.temp' is opened by 8@LAPTOP-CAMHNDK2

[2020-03-14 19:16:57 #2 type.registry] 
New type domain.Driver

[2020-03-14 19:16:57 #3 type] 
Type domain.Driver is not enhanced.

[2020-03-14 19:16:57 #4 type.registry] 
New type domain.Event

[2020-03-14 19:16:57 #5 type] 
Type domain.Event is not enhanced.

[2020-03-14 19:16:57 #6 type.registry] 
New type java.util.Vector<domain.Driver>

[2020-03-14 19:16:57 #7 type.registry] 
New type java.util.Vector<java.lang.Object>

------------------------------------------------------------------------------------------------------------------------

[2020-03-14 19:19:13 #1 store] 
Database 'C:\Users\Jorge\eclipse-workspace\IS1\Trabajo_Carreras\Races\resources\bets.temp' is opened by 12088@LAPTOP-CAMHNDK2

[2020-03-14 19:19:13 #2 type.registry] 
New type domain.Driver

[2020-03-14 19:19:13 #3 type] 
Type domain.Driver is not enhanced.

[2020-03-14 19:19:13 #4 type.registry] 
New type domain.Event

[2020-03-14 19:19:13 #5 type] 
Type domain.Event is not enhanced.

[2020-03-14 19:19:13 #6 type.registry] 
New type java.util.Vector<domain.Driver>

[2020-03-14 19:19:13 #7 type.registry] 
New type java.util.Vector<java.lang.Object>

------------------------------------------------------------------------------------------------------------------------

[2020-03-14 19:19:49 #1 store] 
Database 'C:\Users\Jorge\eclipse-workspace\IS1\Trabajo_Carreras\Races\resources\bets.temp' is opened by 14512@LAPTOP-CAMHNDK2

[2020-03-14 19:19:49 #2 type.registry] 
New type domain.Driver

[2020-03-14 19:19:49 #3 type] 
Type domain.Driver is not enhanced.

[2020-03-14 19:19:49 #4 type.registry] 
New type domain.Event

[2020-03-14 19:19:49 #5 type] 
Type domain.Event is not enhanced.

[2020-03-14 19:19:49 #6 type.registry] 
New type java.util.Vector<domain.Driver>

[2020-03-14 19:19:49 #7 type.registry] 
New type java.util.Vector<java.lang.Object>

------------------------------------------------------------------------------------------------------------------------

[2020-03-14 19:21:52 #1 store] 
Database 'C:\Users\Jorge\eclipse-workspace\IS1\Trabajo_Carreras\Races\resources\bets.temp' is opened by 7688@LAPTOP-CAMHNDK2

[2020-03-14 19:21:52 #2 type.registry] 
New type domain.Driver

[2020-03-14 19:21:52 #3 type] 
Type domain.Driver is not enhanced.

[2020-03-14 19:21:52 #4 type.registry] 
New type domain.Event

[2020-03-14 19:21:52 #5 type] 
Type domain.Event is not enhanced.

[2020-03-14 19:21:52 #6 type.registry] 
New type java.util.Vector<domain.Driver>

[2020-03-14 19:21:52 #7 type.registry] 
New type java.util.Vector<java.lang.Object>

------------------------------------------------------------------------------------------------------------------------

[2020-03-14 19:22:28 #1 store] 
Database 'C:\Users\Jorge\eclipse-workspace\IS1\Trabajo_Carreras\Races\resources\bets.temp' is opened by 15220@LAPTOP-CAMHNDK2

[2020-03-14 19:22:28 #2 type.registry] 
New type domain.Driver

[2020-03-14 19:22:28 #3 type] 
Type domain.Driver is not enhanced.

[2020-03-14 19:22:28 #4 type.registry] 
New type domain.Event

[2020-03-14 19:22:28 #5 type] 
Type domain.Event is not enhanced.

[2020-03-14 19:22:28 #6 type.registry] 
New type java.util.Vector<domain.Driver>

[2020-03-14 19:22:28 #7 type.registry] 
New type java.util.Vector<java.lang.Object>

------------------------------------------------------------------------------------------------------------------------

[2020-03-14 19:29:05 #1 store] 
Database 'C:\Users\Jorge\eclipse-workspace\IS1\Trabajo_Carreras\Races\resources\bets.temp' is opened by 2476@LAPTOP-CAMHNDK2

[2020-03-14 19:29:05 #2 type.registry] 
New type domain.Driver

[2020-03-14 19:29:05 #3 type] 
Type domain.Driver is not enhanced.

[2020-03-14 19:29:05 #4 type.registry] 
New type domain.Event

[2020-03-14 19:29:05 #5 type] 
Type domain.Event is not enhanced.

[2020-03-14 19:29:05 #6 type.registry] 
New type java.util.Vector<domain.Driver>

[2020-03-14 19:29:05 #7 type.registry] 
New type java.util.Vector<java.lang.Object>

------------------------------------------------------------------------------------------------------------------------

[2020-03-14 19:29:42 #1 store] 
Database 'C:\Users\Jorge\eclipse-workspace\IS1\Trabajo_Carreras\Races\resources\bets.temp' is opened by 13816@LAPTOP-CAMHNDK2

[2020-03-14 19:29:43 #2 type.registry] 
New type domain.Driver

[2020-03-14 19:29:43 #3 type] 
Type domain.Driver is not enhanced.

[2020-03-14 19:29:43 #4 type.registry] 
New type domain.Event

[2020-03-14 19:29:43 #5 type] 
Type domain.Event is not enhanced.

[2020-03-14 19:29:43 #6 type.registry] 
New type java.util.Vector<domain.Driver>

[2020-03-14 19:29:43 #7 type.registry] 
New type java.util.Vector<java.lang.Object>

------------------------------------------------------------------------------------------------------------------------

[2020-03-14 19:33:14 #1 store] 
Database 'C:\Users\Jorge\eclipse-workspace\IS1\Trabajo_Carreras\Races\resources\bets.temp' is opened by 17076@LAPTOP-CAMHNDK2

[2020-03-14 19:33:14 #2 type.registry] 
New type domain.Driver

[2020-03-14 19:33:14 #3 type] 
Type domain.Driver is not enhanced.

[2020-03-14 19:33:14 #4 type.registry] 
New type domain.Event

[2020-03-14 19:33:14 #5 type] 
Type domain.Event is not enhanced.

[2020-03-14 19:33:15 #6 type.registry] 
New type java.util.Vector<domain.Driver>

[2020-03-14 19:33:15 #7 type.registry] 
New type java.util.Vector<java.lang.Object>

------------------------------------------------------------------------------------------------------------------------

[2020-03-14 19:35:19 #1 store] 
Database 'C:\Users\Jorge\eclipse-workspace\IS1\Trabajo_Carreras\Races\resources\bets.temp' is opened by 15780@LAPTOP-CAMHNDK2

[2020-03-14 19:35:19 #2 type.registry] 
New type domain.Driver

[2020-03-14 19:35:19 #3 type] 
Type domain.Driver is not enhanced.

[2020-03-14 19:35:19 #4 type.registry] 
New type domain.Event

[2020-03-14 19:35:19 #5 type] 
Type domain.Event is not enhanced.

[2020-03-14 19:35:19 #6 type.registry] 
New type java.util.Vector<domain.Driver>

[2020-03-14 19:35:19 #7 type.registry] 
New type java.util.Vector<java.lang.Object>

------------------------------------------------------------------------------------------------------------------------

[2020-03-14 22:20:17 #1 store] 
Database 'C:\Users\Jorge\eclipse-workspace\IS1\Trabajo_Carreras\Races\resources\bets.temp' is opened by 1096@LAPTOP-CAMHNDK2

[2020-03-14 22:20:17 #2 type.registry] 
New type domain.Driver

[2020-03-14 22:20:17 #3 type] 
Type domain.Driver is not enhanced.

[2020-03-14 22:20:17 #4 type.registry] 
New type domain.Event

[2020-03-14 22:20:17 #5 type] 
Type domain.Event is not enhanced.

[2020-03-14 22:20:17 #6 type.registry] 
New type java.util.Vector<domain.Driver>

[2020-03-14 22:20:17 #7 type.registry] 
New type java.util.Vector<java.lang.Object>

------------------------------------------------------------------------------------------------------------------------

[2020-03-14 22:25:28 #1 store] 
Database 'C:\Users\Jorge\eclipse-workspace\IS1\Trabajo_Carreras\Races\resources\bets.temp' is opened by 12976@LAPTOP-CAMHNDK2

[2020-03-14 22:25:28 #2 type.registry] 
New type domain.Driver

[2020-03-14 22:25:28 #3 type] 
Type domain.Driver is not enhanced.

[2020-03-14 22:25:28 #4 type.registry] 
New type domain.Event

[2020-03-14 22:25:29 #5 type] 
Type domain.Event is not enhanced.

[2020-03-14 22:25:29 #6 type.registry] 
New type java.util.Vector<domain.Driver>

[2020-03-14 22:25:29 #7 type.registry] 
New type java.util.Vector<java.lang.Object>

------------------------------------------------------------------------------------------------------------------------

[2020-03-14 22:38:58 #1 store] 
Database 'C:\Users\Jorge\eclipse-workspace\IS1\Trabajo_Carreras\Races\resources\bets.temp' is opened by 3584@LAPTOP-CAMHNDK2

[2020-03-14 22:38:58 #2 type.registry] 
New type domain.Driver

[2020-03-14 22:38:58 #3 type] 
Type domain.Driver is not enhanced.

[2020-03-14 22:38:58 #4 type.registry] 
New type domain.Event

[2020-03-14 22:38:58 #5 type] 
Type domain.Event is not enhanced.

[2020-03-14 22:38:58 #6 type.registry] 
New type java.util.Vector<domain.Driver>

[2020-03-14 22:38:58 #7 type.registry] 
New type java.util.Vector<java.lang.Object>

------------------------------------------------------------------------------------------------------------------------

[2020-03-14 22:40:15 #1 store] 
Database 'C:\Users\Jorge\eclipse-workspace\IS1\Trabajo_Carreras\Races\resources\bets.temp' is opened by 16872@LAPTOP-CAMHNDK2

[2020-03-14 22:40:15 #2 type.registry] 
New type domain.Driver

[2020-03-14 22:40:15 #3 type] 
Type domain.Driver is not enhanced.

[2020-03-14 22:40:15 #4 type.registry] 
New type domain.Event

[2020-03-14 22:40:15 #5 type] 
Type domain.Event is not enhanced.

[2020-03-14 22:40:15 #6 type.registry] 
New type java.util.Vector<domain.Driver>

[2020-03-14 22:40:15 #7 type.registry] 
New type java.util.Vector<java.lang.Object>

------------------------------------------------------------------------------------------------------------------------

[2020-03-14 22:41:24 #1 store] 
Database 'C:\Users\Jorge\eclipse-workspace\IS1\Trabajo_Carreras\Races\resources\bets.temp' is opened by 9352@LAPTOP-CAMHNDK2

[2020-03-14 22:41:24 #2 type.registry] 
New type domain.Driver

[2020-03-14 22:41:24 #3 type] 
Type domain.Driver is not enhanced.

[2020-03-14 22:41:24 #4 type.registry] 
New type domain.Event

[2020-03-14 22:41:24 #5 type] 
Type domain.Event is not enhanced.

[2020-03-14 22:41:24 #6 type.registry] 
New type java.util.Vector<domain.Driver>

[2020-03-14 22:41:24 #7 type.registry] 
New type java.util.Vector<java.lang.Object>

------------------------------------------------------------------------------------------------------------------------

[2020-03-14 22:42:32 #1 store] 
Database 'C:\Users\Jorge\eclipse-workspace\IS1\Trabajo_Carreras\Races\resources\bets.temp' is opened by 5636@LAPTOP-CAMHNDK2

[2020-03-14 22:42:32 #2 type.registry] 
New type domain.Driver

[2020-03-14 22:42:32 #3 type] 
Type domain.Driver is not enhanced.

[2020-03-14 22:42:32 #4 type.registry] 
New type domain.Event

[2020-03-14 22:42:32 #5 type] 
Type domain.Event is not enhanced.

[2020-03-14 22:42:32 #6 type.registry] 
New type java.util.Vector<domain.Driver>

[2020-03-14 22:42:32 #7 type.registry] 
New type java.util.Vector<java.lang.Object>

------------------------------------------------------------------------------------------------------------------------

[2020-03-14 22:43:06 #1 store] 
Database 'C:\Users\Jorge\eclipse-workspace\IS1\Trabajo_Carreras\Races\resources\bets.temp' is opened by 14876@LAPTOP-CAMHNDK2

[2020-03-14 22:43:06 #2 type.registry] 
New type domain.Driver

[2020-03-14 22:43:06 #3 type] 
Type domain.Driver is not enhanced.

[2020-03-14 22:43:06 #4 type.registry] 
New type domain.Event

[2020-03-14 22:43:06 #5 type] 
Type domain.Event is not enhanced.

[2020-03-14 22:43:06 #6 type.registry] 
New type java.util.Vector<domain.Driver>

[2020-03-14 22:43:06 #7 type.registry] 
New type java.util.Vector<java.lang.Object>

------------------------------------------------------------------------------------------------------------------------

[2020-03-14 22:43:26 #1 store] 
Database 'C:\Users\Jorge\eclipse-workspace\IS1\Trabajo_Carreras\Races\resources\bets.temp' is opened by 3152@LAPTOP-CAMHNDK2

[2020-03-14 22:43:26 #2 type.registry] 
New type domain.Driver

[2020-03-14 22:43:26 #3 type] 
Type domain.Driver is not enhanced.

[2020-03-14 22:43:26 #4 type.registry] 
New type domain.Event

[2020-03-14 22:43:26 #5 type] 
Type domain.Event is not enhanced.

[2020-03-14 22:43:26 #6 type.registry] 
New type java.util.Vector<domain.Driver>

[2020-03-14 22:43:26 #7 type.registry] 
New type java.util.Vector<java.lang.Object>

------------------------------------------------------------------------------------------------------------------------

[2020-03-14 23:03:39 #1 store] 
Database 'C:\Users\Jorge\eclipse-workspace\IS1\Trabajo_Carreras\Races\resources\bets.temp' is opened by 18260@LAPTOP-CAMHNDK2

[2020-03-14 23:03:39 #2 type.registry] 
New type domain.Driver

[2020-03-14 23:03:39 #3 type] 
Type domain.Driver is not enhanced.

[2020-03-14 23:03:39 #4 type.registry] 
New type domain.Event

[2020-03-14 23:03:40 #5 type] 
Type domain.Event is not enhanced.

[2020-03-14 23:03:40 #6 type.registry] 
New type java.util.Vector<domain.Driver>

[2020-03-14 23:03:40 #7 type.registry] 
New type java.util.Vector<java.lang.Object>

------------------------------------------------------------------------------------------------------------------------

[2020-03-14 23:06:19 #1 store] 
Database 'C:\Users\Jorge\eclipse-workspace\IS1\Trabajo_Carreras\Races\resources\bets.temp' is opened by 10532@LAPTOP-CAMHNDK2

[2020-03-14 23:06:19 #2 type.registry] 
New type domain.Driver

[2020-03-14 23:06:19 #3 type] 
Type domain.Driver is not enhanced.

[2020-03-14 23:06:19 #4 type.registry] 
New type domain.Event

[2020-03-14 23:06:19 #5 type] 
Type domain.Event is not enhanced.

[2020-03-14 23:06:19 #6 type.registry] 
New type java.util.Vector<domain.Driver>

[2020-03-14 23:06:19 #7 type.registry] 
New type java.util.Vector<java.lang.Object>

------------------------------------------------------------------------------------------------------------------------

[2020-03-14 23:08:12 #1 store] 
Database 'C:\Users\Jorge\eclipse-workspace\IS1\Trabajo_Carreras\Races\resources\bets.temp' is opened by 9072@LAPTOP-CAMHNDK2

[2020-03-14 23:08:12 #2 type.registry] 
New type domain.Driver

[2020-03-14 23:08:12 #3 type] 
Type domain.Driver is not enhanced.

[2020-03-14 23:08:12 #4 type.registry] 
New type domain.Event

[2020-03-14 23:08:12 #5 type] 
Type domain.Event is not enhanced.

[2020-03-14 23:08:12 #6 type.registry] 
New type java.util.Vector<domain.Driver>

[2020-03-14 23:08:12 #7 type.registry] 
New type java.util.Vector<java.lang.Object>

------------------------------------------------------------------------------------------------------------------------

[2020-03-14 23:15:13 #1 store] 
Database 'C:\Users\Jorge\eclipse-workspace\IS1\Trabajo_Carreras\Races\resources\bets.temp' is opened by 14428@LAPTOP-CAMHNDK2

[2020-03-14 23:15:14 #2 type.registry] 
New type domain.Driver

[2020-03-14 23:15:14 #3 type] 
Type domain.Driver is not enhanced.

[2020-03-14 23:15:14 #4 type.registry] 
New type domain.Event

[2020-03-14 23:15:14 #5 type] 
Type domain.Event is not enhanced.

[2020-03-14 23:15:14 #6 type.registry] 
New type java.util.Vector<domain.Driver>

[2020-03-14 23:15:14 #7 type.registry] 
New type java.util.Vector<java.lang.Object>

------------------------------------------------------------------------------------------------------------------------

[2020-03-14 23:16:02 #1 store] 
Database 'C:\Users\Jorge\eclipse-workspace\IS1\Trabajo_Carreras\Races\resources\bets.temp' is opened by 11232@LAPTOP-CAMHNDK2

[2020-03-14 23:16:02 #2 type.registry] 
New type domain.Driver

[2020-03-14 23:16:02 #3 type] 
Type domain.Driver is not enhanced.

[2020-03-14 23:16:02 #4 type.registry] 
New type domain.Event

[2020-03-14 23:16:02 #5 type] 
Type domain.Event is not enhanced.

[2020-03-14 23:16:02 #6 type.registry] 
New type java.util.Vector<domain.Driver>

[2020-03-14 23:16:02 #7 type.registry] 
New type java.util.Vector<java.lang.Object>

------------------------------------------------------------------------------------------------------------------------

[2020-03-14 23:16:57 #1 store] 
Database 'C:\Users\Jorge\eclipse-workspace\IS1\Trabajo_Carreras\Races\resources\bets.temp' is opened by 15868@LAPTOP-CAMHNDK2

[2020-03-14 23:16:57 #2 type.registry] 
New type domain.Driver

[2020-03-14 23:16:57 #3 type] 
Type domain.Driver is not enhanced.

[2020-03-14 23:16:57 #4 type.registry] 
New type domain.Event

[2020-03-14 23:16:57 #5 type] 
Type domain.Event is not enhanced.

[2020-03-14 23:16:57 #6 type.registry] 
New type java.util.Vector<domain.Driver>

[2020-03-14 23:16:57 #7 type.registry] 
New type java.util.Vector<java.lang.Object>

------------------------------------------------------------------------------------------------------------------------

[2020-03-14 23:17:41 #1 store] 
Database 'C:\Users\Jorge\eclipse-workspace\IS1\Trabajo_Carreras\Races\resources\bets.temp' is opened by 5680@LAPTOP-CAMHNDK2

[2020-03-14 23:17:41 #2 type.registry] 
New type domain.Driver

[2020-03-14 23:17:41 #3 type] 
Type domain.Driver is not enhanced.

[2020-03-14 23:17:41 #4 type.registry] 
New type domain.Event

[2020-03-14 23:17:41 #5 type] 
Type domain.Event is not enhanced.

[2020-03-14 23:17:41 #6 type.registry] 
New type java.util.Vector<domain.Driver>

[2020-03-14 23:17:41 #7 type.registry] 
New type java.util.Vector<java.lang.Object>

------------------------------------------------------------------------------------------------------------------------

[2020-03-14 23:49:31 #1 store] 
Database 'C:\Users\Jorge\eclipse-workspace\IS1\Trabajo_Carreras\Races\resources\bets.temp' is opened by 7720@LAPTOP-CAMHNDK2

[2020-03-14 23:49:31 #2 type.registry] 
New type domain.Driver

[2020-03-14 23:49:31 #3 type] 
Type domain.Driver is not enhanced.

[2020-03-14 23:49:31 #4 type.registry] 
New type domain.Event

[2020-03-14 23:49:31 #5 type] 
Type domain.Event is not enhanced.

[2020-03-14 23:49:31 #6 type.registry] 
New type java.util.Vector<domain.Driver>

[2020-03-14 23:49:31 #7 type.registry] 
New type java.util.Vector<java.lang.Object>

------------------------------------------------------------------------------------------------------------------------

[2020-03-14 23:50:45 #1 store] 
Database 'C:\Users\Jorge\eclipse-workspace\IS1\Trabajo_Carreras\Races\resources\bets.temp' is opened by 18308@LAPTOP-CAMHNDK2

[2020-03-14 23:50:45 #2 type.registry] 
New type domain.Driver

[2020-03-14 23:50:45 #3 type] 
Type domain.Driver is not enhanced.

[2020-03-14 23:50:45 #4 type.registry] 
New type domain.Event

[2020-03-14 23:50:45 #5 type] 
Type domain.Event is not enhanced.

[2020-03-14 23:50:46 #6 type.registry] 
New type java.util.Vector<domain.Driver>

[2020-03-14 23:50:46 #7 type.registry] 
New type java.util.Vector<java.lang.Object>

------------------------------------------------------------------------------------------------------------------------

[2020-03-14 23:51:18 #1 store] 
Database 'C:\Users\Jorge\eclipse-workspace\IS1\Trabajo_Carreras\Races\resources\bets.temp' is opened by 5384@LAPTOP-CAMHNDK2

[2020-03-14 23:51:18 #2 type.registry] 
New type domain.Driver

[2020-03-14 23:51:18 #3 type] 
Type domain.Driver is not enhanced.

[2020-03-14 23:51:18 #4 type.registry] 
New type domain.Event

[2020-03-14 23:51:18 #5 type] 
Type domain.Event is not enhanced.

[2020-03-14 23:51:18 #6 type.registry] 
New type java.util.Vector<domain.Driver>

[2020-03-14 23:51:18 #7 type.registry] 
New type java.util.Vector<java.lang.Object>

------------------------------------------------------------------------------------------------------------------------

[2020-03-14 23:51:34 #1 store] 
Database 'C:\Users\Jorge\eclipse-workspace\IS1\Trabajo_Carreras\Races\resources\bets.temp' is opened by 14380@LAPTOP-CAMHNDK2

[2020-03-14 23:51:35 #2 type.registry] 
New type domain.Driver

[2020-03-14 23:51:35 #3 type] 
Type domain.Driver is not enhanced.

[2020-03-14 23:51:35 #4 type.registry] 
New type domain.Event

[2020-03-14 23:51:35 #5 type] 
Type domain.Event is not enhanced.

[2020-03-14 23:51:35 #6 type.registry] 
New type java.util.Vector<domain.Driver>

[2020-03-14 23:51:35 #7 type.registry] 
New type java.util.Vector<java.lang.Object>

